Change Component Designator: Old Designator=C19 New Designator=C53
Change Component Designator: Old Designator=C20 New Designator=C54
Change Component Designator: Old Designator=C21 New Designator=C55
Change Component Designator: Old Designator=C22 New Designator=C56
Change Component Designator: Old Designator=C23 New Designator=C57
Change Component Designator: Old Designator=C24 New Designator=C58
Change Component Designator: Old Designator=C25 New Designator=C59
Change Component Designator: Old Designator=C26 New Designator=C60
Change Component Designator: Old Designator=C27 New Designator=C61
Change Component Designator: Old Designator=C28 New Designator=C62
Change Component Designator: Old Designator=C29 New Designator=C63
Change Component Designator: Old Designator=C30 New Designator=C64
Change Component Designator: Old Designator=D2 New Designator=D8
Change Component Designator: Old Designator=R17 New Designator=R100
Change Component Designator: Old Designator=R18 New Designator=R101
Change Component Designator: Old Designator=R19 New Designator=R102
Change Component Designator: Old Designator=R20 New Designator=R103
Change Component Designator: Old Designator=R21 New Designator=R104
Change Component Designator: Old Designator=R22 New Designator=R105
Change Component Designator: Old Designator=R23 New Designator=R106
Change Component Designator: Old Designator=R24 New Designator=R107
Change Component Designator: Old Designator=R25 New Designator=R108
Change Component Designator: Old Designator=R26 New Designator=R109
Change Component Designator: Old Designator=R27 New Designator=R110
Change Component Designator: Old Designator=R28 New Designator=R111
Change Component Designator: Old Designator=R29 New Designator=R112
Change Component Designator: Old Designator=R30 New Designator=R113
Change Component Designator: Old Designator=R31 New Designator=R114
Change Component Designator: Old Designator=R32 New Designator=R115
Change Component Designator: Old Designator=R33 New Designator=R116
Change Component Designator: Old Designator=R34 New Designator=R117
Change Component Designator: Old Designator=R35 New Designator=R118
Change Component Designator: Old Designator=R36 New Designator=R119
Change Component Designator: Old Designator=R37 New Designator=R120
Change Component Designator: Old Designator=R38 New Designator=R121
Change Component Designator: Old Designator=R39 New Designator=R122
Change Component Designator: Old Designator=R40 New Designator=R123
Change Component Designator: Old Designator=R41 New Designator=R124
Change Component Designator: Old Designator=R42 New Designator=R125
Change Component Designator: Old Designator=R43 New Designator=R126
Change Component Designator: Old Designator=R44 New Designator=R127
Change Component Designator: Old Designator=R45 New Designator=R128
Change Component Designator: Old Designator=R46 New Designator=R129
Change Component Designator: Old Designator=R47 New Designator=R130
Change Component Designator: Old Designator=R48 New Designator=R131
Change Component Designator: Old Designator=R49 New Designator=R132
Change Component Designator: Old Designator=R50 New Designator=R133
Change Component Designator: Old Designator=T5 New Designator=T12
Change Component Designator: Old Designator=T6 New Designator=T13
Change Component Designator: Old Designator=U6 New Designator=U14
Change Component Designator: Old Designator=U7 New Designator=U15
