Change Component Designator: Old Designator=C53 New Designator=C?
Change Component Designator: Old Designator=C54 New Designator=C?
Change Component Designator: Old Designator=C55 New Designator=C?
Change Component Designator: Old Designator=C56 New Designator=C?
Change Component Designator: Old Designator=C57 New Designator=C?
Change Component Designator: Old Designator=C58 New Designator=C?
Change Component Designator: Old Designator=C59 New Designator=C?
Change Component Designator: Old Designator=C60 New Designator=C?
Change Component Designator: Old Designator=C61 New Designator=C?
Change Component Designator: Old Designator=C62 New Designator=C?
Change Component Designator: Old Designator=C63 New Designator=C?
Change Component Designator: Old Designator=C64 New Designator=C?
Change Component Designator: Old Designator=D8 New Designator=D?
Change Component Designator: Old Designator=R100 New Designator=R?
Change Component Designator: Old Designator=R101 New Designator=R?
Change Component Designator: Old Designator=R102 New Designator=R?
Change Component Designator: Old Designator=R103 New Designator=R?
Change Component Designator: Old Designator=R104 New Designator=R?
Change Component Designator: Old Designator=R105 New Designator=R?
Change Component Designator: Old Designator=R106 New Designator=R?
Change Component Designator: Old Designator=R107 New Designator=R?
Change Component Designator: Old Designator=R108 New Designator=R?
Change Component Designator: Old Designator=R109 New Designator=R?
Change Component Designator: Old Designator=R110 New Designator=R?
Change Component Designator: Old Designator=R111 New Designator=R?
Change Component Designator: Old Designator=R112 New Designator=R?
Change Component Designator: Old Designator=R113 New Designator=R?
Change Component Designator: Old Designator=R114 New Designator=R?
Change Component Designator: Old Designator=R115 New Designator=R?
Change Component Designator: Old Designator=R116 New Designator=R?
Change Component Designator: Old Designator=R117 New Designator=R?
Change Component Designator: Old Designator=R118 New Designator=R?
Change Component Designator: Old Designator=R119 New Designator=R?
Change Component Designator: Old Designator=R120 New Designator=R?
Change Component Designator: Old Designator=R121 New Designator=R?
Change Component Designator: Old Designator=R122 New Designator=R?
Change Component Designator: Old Designator=R123 New Designator=R?
Change Component Designator: Old Designator=R124 New Designator=R?
Change Component Designator: Old Designator=R125 New Designator=R?
Change Component Designator: Old Designator=R126 New Designator=R?
Change Component Designator: Old Designator=R127 New Designator=R?
Change Component Designator: Old Designator=R128 New Designator=R?
Change Component Designator: Old Designator=R129 New Designator=R?
Change Component Designator: Old Designator=R130 New Designator=R?
Change Component Designator: Old Designator=R131 New Designator=R?
Change Component Designator: Old Designator=R132 New Designator=R?
Change Component Designator: Old Designator=R133 New Designator=R?
Change Component Designator: Old Designator=T12 New Designator=T?
Change Component Designator: Old Designator=T13 New Designator=T?
Change Component Designator: Old Designator=U14 New Designator=U?
Change Component Designator: Old Designator=U15 New Designator=U?
