Replace Part D4 LED_R in C:\Users\Kace\Desktop\Pi Zero Avionics Rev3\ESP32.SchDoc with LED_R from AvionicsParts.SchLib
Replace Part R20 Res3 in C:\Users\Kace\Desktop\Pi Zero Avionics Rev3\ESP32.SchDoc with Res3 from Miscellaneous Devices.IntLib
Replace Part R30 Res3 in C:\Users\Kace\Desktop\Pi Zero Avionics Rev3\ESP32.SchDoc with Res3 from Miscellaneous Devices.IntLib
Replace Part R31 Res3 in C:\Users\Kace\Desktop\Pi Zero Avionics Rev3\ESP32.SchDoc with Res3 from Miscellaneous Devices.IntLib
Replace Part R32 Res3 in C:\Users\Kace\Desktop\Pi Zero Avionics Rev3\ESP32.SchDoc with Res3 from Miscellaneous Devices.IntLib
Replace Part R33 Res3 in C:\Users\Kace\Desktop\Pi Zero Avionics Rev3\ESP32.SchDoc with Res3 from Miscellaneous Devices.IntLib
Replace Part R34 Res3 in C:\Users\Kace\Desktop\Pi Zero Avionics Rev3\ESP32.SchDoc with Res3 from Miscellaneous Devices.IntLib
Replace Part R35 Res3 in C:\Users\Kace\Desktop\Pi Zero Avionics Rev3\ESP32.SchDoc with Res3 from Miscellaneous Devices.IntLib
Replace Part R36 Res3 in C:\Users\Kace\Desktop\Pi Zero Avionics Rev3\ESP32.SchDoc with Res3 from Miscellaneous Devices.IntLib
Replace Part R37 Res3 in C:\Users\Kace\Desktop\Pi Zero Avionics Rev3\ESP32.SchDoc with Res3 from Miscellaneous Devices.IntLib
Replace Part R38 Res3 in C:\Users\Kace\Desktop\Pi Zero Avionics Rev3\ESP32.SchDoc with Res3 from Miscellaneous Devices.IntLib
Replace Part R39 Res3 in C:\Users\Kace\Desktop\Pi Zero Avionics Rev3\ESP32.SchDoc with Res3 from Miscellaneous Devices.IntLib
Replace Part R40 Res3 in C:\Users\Kace\Desktop\Pi Zero Avionics Rev3\ESP32.SchDoc with Res3 from Miscellaneous Devices.IntLib
Replace Part R41 Res3 in C:\Users\Kace\Desktop\Pi Zero Avionics Rev3\ESP32.SchDoc with Res3 from Miscellaneous Devices.IntLib
Replace Part R42 Res3 in C:\Users\Kace\Desktop\Pi Zero Avionics Rev3\ESP32.SchDoc with Res3 from Miscellaneous Devices.IntLib
Replace Part R43 Res3 in C:\Users\Kace\Desktop\Pi Zero Avionics Rev3\ESP32.SchDoc with Res3 from Miscellaneous Devices.IntLib
Replace Part R44 Res3 in C:\Users\Kace\Desktop\Pi Zero Avionics Rev3\ESP32.SchDoc with Res3 from Miscellaneous Devices.IntLib
Replace Part R45 Res3 in C:\Users\Kace\Desktop\Pi Zero Avionics Rev3\ESP32.SchDoc with Res3 from Miscellaneous Devices.IntLib
Replace Part R46 Res3 in C:\Users\Kace\Desktop\Pi Zero Avionics Rev3\ESP32.SchDoc with Res3 from Miscellaneous Devices.IntLib
Replace Part R47 Res3 in C:\Users\Kace\Desktop\Pi Zero Avionics Rev3\ESP32.SchDoc with Res3 from Miscellaneous Devices.IntLib
Replace Part R48 Res3 in C:\Users\Kace\Desktop\Pi Zero Avionics Rev3\ESP32.SchDoc with Res3 from Miscellaneous Devices.IntLib
Replace Part R49 Res3 in C:\Users\Kace\Desktop\Pi Zero Avionics Rev3\ESP32.SchDoc with Res3 from Miscellaneous Devices.IntLib
Replace Part R50 Res3 in C:\Users\Kace\Desktop\Pi Zero Avionics Rev3\ESP32.SchDoc with Res3 from Miscellaneous Devices.IntLib
Replace Part R51 Res3 in C:\Users\Kace\Desktop\Pi Zero Avionics Rev3\ESP32.SchDoc with Res3 from Miscellaneous Devices.IntLib
Replace Part R52 Res3 in C:\Users\Kace\Desktop\Pi Zero Avionics Rev3\ESP32.SchDoc with Res3 from Miscellaneous Devices.IntLib
Replace Part R53 Res3 in C:\Users\Kace\Desktop\Pi Zero Avionics Rev3\ESP32.SchDoc with Res3 from Miscellaneous Devices.IntLib
Replace Part R54 Res3 in C:\Users\Kace\Desktop\Pi Zero Avionics Rev3\ESP32.SchDoc with Res3 from Miscellaneous Devices.IntLib
Replace Part R55 Res3 in C:\Users\Kace\Desktop\Pi Zero Avionics Rev3\ESP32.SchDoc with Res3 from Miscellaneous Devices.IntLib
Replace Part R58 Res3 in C:\Users\Kace\Desktop\Pi Zero Avionics Rev3\ESP32.SchDoc with Res3 from Miscellaneous Devices.IntLib
Replace Part R59 Res3 in C:\Users\Kace\Desktop\Pi Zero Avionics Rev3\ESP32.SchDoc with Res3 from Miscellaneous Devices.IntLib
Replace Part R60 Res3 in C:\Users\Kace\Desktop\Pi Zero Avionics Rev3\ESP32.SchDoc with Res3 from Miscellaneous Devices.IntLib
Replace Part R92 Res3 in C:\Users\Kace\Desktop\Pi Zero Avionics Rev3\ESP32.SchDoc with Res3 from Miscellaneous Devices.IntLib
Replace Part T3 BJT NPN in C:\Users\Kace\Desktop\Pi Zero Avionics Rev3\ESP32.SchDoc with BJT NPN from AvionicsParts.SchLib
Replace Part U6 3-3VReg in C:\Users\Kace\Desktop\Pi Zero Avionics Rev3\ESP32.SchDoc with 3-3VReg from AvionicsParts.SchLib
Replace Part U7 ESP32-WROOM-32D in C:\Users\Kace\Desktop\Pi Zero Avionics Rev3\ESP32.SchDoc with ESP32-WROOM-32D from AvionicsParts.SchLib
