Replace Part C? Cap in C:\Users\Kace\Desktop\Pi Zero Avionics Rev3\ESP32.SchDoc with Cap from Miscellaneous Devices.IntLib
Replace Part C? Cap in C:\Users\Kace\Desktop\Pi Zero Avionics Rev3\ESP32.SchDoc with Cap from Miscellaneous Devices.IntLib
Replace Part J? SD Card in C:\Users\Kace\Desktop\Pi Zero Avionics Rev3\ESP32.SchDoc with SD Card from AvionicsParts.SchLib
Replace Part R? Res3 in C:\Users\Kace\Desktop\Pi Zero Avionics Rev3\ESP32.SchDoc with Res3 from Miscellaneous Devices.IntLib
Replace Part R? Res3 in C:\Users\Kace\Desktop\Pi Zero Avionics Rev3\ESP32.SchDoc with Res3 from Miscellaneous Devices.IntLib
Replace Part R? Res3 in C:\Users\Kace\Desktop\Pi Zero Avionics Rev3\ESP32.SchDoc with Res3 from Miscellaneous Devices.IntLib
Replace Part R? Res3 in C:\Users\Kace\Desktop\Pi Zero Avionics Rev3\ESP32.SchDoc with Res3 from Miscellaneous Devices.IntLib
Replace Part R? Res3 in C:\Users\Kace\Desktop\Pi Zero Avionics Rev3\ESP32.SchDoc with Res3 from Miscellaneous Devices.IntLib
Replace Part R? Res3 in C:\Users\Kace\Desktop\Pi Zero Avionics Rev3\ESP32.SchDoc with Res3 from Miscellaneous Devices.IntLib
Replace Part R? Res3 in C:\Users\Kace\Desktop\Pi Zero Avionics Rev3\ESP32.SchDoc with Res3 from Miscellaneous Devices.IntLib
Replace Part R? Res3 in C:\Users\Kace\Desktop\Pi Zero Avionics Rev3\ESP32.SchDoc with Res3 from Miscellaneous Devices.IntLib
Replace Part R? Res3 in C:\Users\Kace\Desktop\Pi Zero Avionics Rev3\ESP32.SchDoc with Res3 from Miscellaneous Devices.IntLib
Replace Part R? Res3 in C:\Users\Kace\Desktop\Pi Zero Avionics Rev3\ESP32.SchDoc with Res3 from Miscellaneous Devices.IntLib
Replace Part R? Res3 in C:\Users\Kace\Desktop\Pi Zero Avionics Rev3\ESP32.SchDoc with Res3 from Miscellaneous Devices.IntLib
Replace Part R? Res3 in C:\Users\Kace\Desktop\Pi Zero Avionics Rev3\ESP32.SchDoc with Res3 from Miscellaneous Devices.IntLib
Replace Part R? Res3 in C:\Users\Kace\Desktop\Pi Zero Avionics Rev3\ESP32.SchDoc with Res3 from Miscellaneous Devices.IntLib
Replace Part R? Res3 in C:\Users\Kace\Desktop\Pi Zero Avionics Rev3\ESP32.SchDoc with Res3 from Miscellaneous Devices.IntLib
Replace Part R? Res3 in C:\Users\Kace\Desktop\Pi Zero Avionics Rev3\ESP32.SchDoc with Res3 from Miscellaneous Devices.IntLib
Replace Part R? Res3 in C:\Users\Kace\Desktop\Pi Zero Avionics Rev3\ESP32.SchDoc with Res3 from Miscellaneous Devices.IntLib
Replace Part R? Res3 in C:\Users\Kace\Desktop\Pi Zero Avionics Rev3\ESP32.SchDoc with Res3 from Miscellaneous Devices.IntLib
Replace Part R? Res3 in C:\Users\Kace\Desktop\Pi Zero Avionics Rev3\ESP32.SchDoc with Res3 from Miscellaneous Devices.IntLib
Replace Part R? Res3 in C:\Users\Kace\Desktop\Pi Zero Avionics Rev3\ESP32.SchDoc with Res3 from Miscellaneous Devices.IntLib
Replace Part R? Res3 in C:\Users\Kace\Desktop\Pi Zero Avionics Rev3\ESP32.SchDoc with Res3 from Miscellaneous Devices.IntLib
Replace Part R? Res3 in C:\Users\Kace\Desktop\Pi Zero Avionics Rev3\ESP32.SchDoc with Res3 from Miscellaneous Devices.IntLib
Replace Part R? Res3 in C:\Users\Kace\Desktop\Pi Zero Avionics Rev3\ESP32.SchDoc with Res3 from Miscellaneous Devices.IntLib
Replace Part R? Res3 in C:\Users\Kace\Desktop\Pi Zero Avionics Rev3\ESP32.SchDoc with Res3 from Miscellaneous Devices.IntLib
Replace Part U? 3-3VReg in C:\Users\Kace\Desktop\Pi Zero Avionics Rev3\ESP32.SchDoc with 3-3VReg from AvionicsParts.SchLib
Replace Part U? ESP32-WROOM-32D in C:\Users\Kace\Desktop\Pi Zero Avionics Rev3\ESP32.SchDoc with ESP32-WROOM-32D from AvionicsParts.SchLib
