Change component parameters: Designator = "C1_Main"; Footprint = "RAD-0.3"; UniqueID = "\BTMAWOEY\AIOVSXDC"
Change component parameters. Clean all parameters for all variants
Change component parameters (AddParameter): Name = "LatestRevisionDate"; Value = "17-Jul-2002"; VariantName = "[No Variations]"
Change component parameters (AddParameter): Name = "LatestRevisionNote"; Value = "Re-released for DXP Platform."; VariantName = "[No Variations]"
Change component parameters (AddParameter): Name = "PackageDescription"; Value = "Radial Cap, Thru-Hole; 2 Leads; 0.3 in Pin Spacing"; VariantName = "[No Variations]"
Change component parameters (AddParameter): Name = "PackageReference"; Value = "RAD-0.3"; VariantName = "[No Variations]"
Change component parameters (AddParameter): Name = "Published"; Value = "8-Jun-2000"; VariantName = "[No Variations]"
Change component parameters (AddParameter): Name = "Publisher"; Value = "Altium Limited"; VariantName = "[No Variations]"
Change component parameters (AddParameter): Name = "Value"; Value = "100pF"; VariantName = "[No Variations]"
Change component parameters: Designator = "C1_Sep"; Footprint = "RAD-0.3"; UniqueID = "\HEPMGWPQ\AIOVSXDC"
Change component parameters. Clean all parameters for all variants
Change component parameters (AddParameter): Name = "LatestRevisionDate"; Value = "17-Jul-2002"; VariantName = "[No Variations]"
Change component parameters (AddParameter): Name = "LatestRevisionNote"; Value = "Re-released for DXP Platform."; VariantName = "[No Variations]"
Change component parameters (AddParameter): Name = "PackageDescription"; Value = "Radial Cap, Thru-Hole; 2 Leads; 0.3 in Pin Spacing"; VariantName = "[No Variations]"
Change component parameters (AddParameter): Name = "PackageReference"; Value = "RAD-0.3"; VariantName = "[No Variations]"
Change component parameters (AddParameter): Name = "Published"; Value = "8-Jun-2000"; VariantName = "[No Variations]"
Change component parameters (AddParameter): Name = "Publisher"; Value = "Altium Limited"; VariantName = "[No Variations]"
Change component parameters (AddParameter): Name = "Value"; Value = "100pF"; VariantName = "[No Variations]"
Change component parameters: Designator = "C20"; Footprint = "RAD-0.3"; UniqueID = "\ORUTFUWP\TVOIVRKG"
Change component parameters. Clean all parameters for all variants
Change component parameters (AddParameter): Name = "LatestRevisionDate"; Value = "17-Jul-2002"; VariantName = "[No Variations]"
Change component parameters (AddParameter): Name = "LatestRevisionNote"; Value = "Re-released for DXP Platform."; VariantName = "[No Variations]"
Change component parameters (AddParameter): Name = "PackageDescription"; Value = "Radial Cap, Thru-Hole; 2 Leads; 0.3 in Pin Spacing"; VariantName = "[No Variations]"
Change component parameters (AddParameter): Name = "PackageReference"; Value = "RAD-0.3"; VariantName = "[No Variations]"
Change component parameters (AddParameter): Name = "Published"; Value = "8-Jun-2000"; VariantName = "[No Variations]"
Change component parameters (AddParameter): Name = "Publisher"; Value = "Altium Limited"; VariantName = "[No Variations]"
Change component parameters (AddParameter): Name = "Value"; Value = "100pF"; VariantName = "[No Variations]"
Change component parameters: Designator = "C21"; Footprint = "RAD-0.3"; UniqueID = "\ORUTFUWP\INFPBTUW"
Change component parameters. Clean all parameters for all variants
Change component parameters (AddParameter): Name = "LatestRevisionDate"; Value = "17-Jul-2002"; VariantName = "[No Variations]"
Change component parameters (AddParameter): Name = "LatestRevisionNote"; Value = "Re-released for DXP Platform."; VariantName = "[No Variations]"
Change component parameters (AddParameter): Name = "PackageDescription"; Value = "Radial Cap, Thru-Hole; 2 Leads; 0.3 in Pin Spacing"; VariantName = "[No Variations]"
Change component parameters (AddParameter): Name = "PackageReference"; Value = "RAD-0.3"; VariantName = "[No Variations]"
Change component parameters (AddParameter): Name = "Published"; Value = "8-Jun-2000"; VariantName = "[No Variations]"
Change component parameters (AddParameter): Name = "Publisher"; Value = "Altium Limited"; VariantName = "[No Variations]"
Change component parameters (AddParameter): Name = "Value"; Value = "100pF"; VariantName = "[No Variations]"
Change component parameters: Designator = "R4_Main"; Footprint = "J1-0603"; UniqueID = "\BTMAWOEY\TQLQUQMI"
Change component parameters. Clean all parameters for all variants
Change component parameters (AddParameter): Name = "LatestRevisionDate"; Value = "29-May-2009"; VariantName = "[No Variations]"
Change component parameters (AddParameter): Name = "LatestRevisionNote"; Value = "IPC-7351 Footprint Added."; VariantName = "[No Variations]"
Change component parameters (AddParameter): Name = "PackageDescription"; Value = "Chip Resistor"; VariantName = "[No Variations]"
Change component parameters (AddParameter): Name = "PackageReference"; Value = "J1-0603"; VariantName = "[No Variations]"
Change component parameters (AddParameter): Name = "Published"; Value = "8-Jun-2000"; VariantName = "[No Variations]"
Change component parameters (AddParameter): Name = "Publisher"; Value = "Altium Limited"; VariantName = "[No Variations]"
Change component parameters (AddParameter): Name = "Value"; Value = "1K"; VariantName = "[No Variations]"
Change component parameters: Designator = "R4_Sep"; Footprint = "J1-0603"; UniqueID = "\HEPMGWPQ\TQLQUQMI"
Change component parameters. Clean all parameters for all variants
Change component parameters (AddParameter): Name = "LatestRevisionDate"; Value = "29-May-2009"; VariantName = "[No Variations]"
Change component parameters (AddParameter): Name = "LatestRevisionNote"; Value = "IPC-7351 Footprint Added."; VariantName = "[No Variations]"
Change component parameters (AddParameter): Name = "PackageDescription"; Value = "Chip Resistor"; VariantName = "[No Variations]"
Change component parameters (AddParameter): Name = "PackageReference"; Value = "J1-0603"; VariantName = "[No Variations]"
Change component parameters (AddParameter): Name = "Published"; Value = "8-Jun-2000"; VariantName = "[No Variations]"
Change component parameters (AddParameter): Name = "Publisher"; Value = "Altium Limited"; VariantName = "[No Variations]"
Change component parameters (AddParameter): Name = "Value"; Value = "1K"; VariantName = "[No Variations]"
Change component parameters: Designator = "R5_Main"; Footprint = "J1-0603"; UniqueID = "\BTMAWOEY\AFOAYADI"
Change component parameters. Clean all parameters for all variants
Change component parameters (AddParameter): Name = "LatestRevisionDate"; Value = "29-May-2009"; VariantName = "[No Variations]"
Change component parameters (AddParameter): Name = "LatestRevisionNote"; Value = "IPC-7351 Footprint Added."; VariantName = "[No Variations]"
Change component parameters (AddParameter): Name = "PackageDescription"; Value = "Chip Resistor"; VariantName = "[No Variations]"
Change component parameters (AddParameter): Name = "PackageReference"; Value = "J1-0603"; VariantName = "[No Variations]"
Change component parameters (AddParameter): Name = "Published"; Value = "8-Jun-2000"; VariantName = "[No Variations]"
Change component parameters (AddParameter): Name = "Publisher"; Value = "Altium Limited"; VariantName = "[No Variations]"
Change component parameters (AddParameter): Name = "Value"; Value = "1K"; VariantName = "[No Variations]"
Change component parameters: Designator = "R5_Sep"; Footprint = "J1-0603"; UniqueID = "\HEPMGWPQ\AFOAYADI"
Change component parameters. Clean all parameters for all variants
Change component parameters (AddParameter): Name = "LatestRevisionDate"; Value = "29-May-2009"; VariantName = "[No Variations]"
Change component parameters (AddParameter): Name = "LatestRevisionNote"; Value = "IPC-7351 Footprint Added."; VariantName = "[No Variations]"
Change component parameters (AddParameter): Name = "PackageDescription"; Value = "Chip Resistor"; VariantName = "[No Variations]"
Change component parameters (AddParameter): Name = "PackageReference"; Value = "J1-0603"; VariantName = "[No Variations]"
Change component parameters (AddParameter): Name = "Published"; Value = "8-Jun-2000"; VariantName = "[No Variations]"
Change component parameters (AddParameter): Name = "Publisher"; Value = "Altium Limited"; VariantName = "[No Variations]"
Change component parameters (AddParameter): Name = "Value"; Value = "1K"; VariantName = "[No Variations]"
Added Component: Designator=D?_DD(RESC1005X40)
Add component. Clean all parameters for all variants
Added Component: Designator=D?_Ind(RESC1005X40)
Add component. Clean all parameters for all variants
Added Component: Designator=D?_Sep(RESC1005X40)
Add component. Clean all parameters for all variants
Added Component: Designator=D?_U_Indicator LED1(RESC1005X40)
Add component. Clean all parameters for all variants
Added Component: Designator=D?_U_Indicator LED2(RESC1005X40)
Add component. Clean all parameters for all variants
Added Component: Designator=D?(RESC1005X40)
Add component. Clean all parameters for all variants
Added Pin To Net: NetName=+5V Pin=D?-1
Added Pin To Net: NetName=+5V Pin=D?_DD-1
Added Pin To Net: NetName=+5V Pin=D?_Ind-1
Added Pin To Net: NetName=+5V Pin=D?_Sep-1
Added Pin To Net: NetName=+5V Pin=D?_U_Indicator LED1-1
Added Pin To Net: NetName=+5V Pin=D?_U_Indicator LED2-1
Added Pin To Net: NetName=NetD?_2 Pin=D?-2
Added Pin To Net: NetName=NetD?_2 Pin=R16-2
Added Net: Name=NetD?_2
Added Pin To Net: NetName=NetD?_DD_2 Pin=D?_DD-2
Added Pin To Net: NetName=NetD?_DD_2 Pin=R1_DD-2
Added Net: Name=NetD?_DD_2
Added Pin To Net: NetName=NetD?_Ind_2 Pin=D?_Ind-2
Added Pin To Net: NetName=NetD?_Ind_2 Pin=R1_Ind-2
Added Net: Name=NetD?_Ind_2
Added Pin To Net: NetName=NetD?_Sep_2 Pin=D?_Sep-2
Added Pin To Net: NetName=NetD?_Sep_2 Pin=R1_Sep-2
Added Net: Name=NetD?_Sep_2
Added Pin To Net: NetName=NetD?_U_Indicator LED1_2 Pin=D?_U_Indicator LED1-2
Added Pin To Net: NetName=NetD?_U_Indicator LED1_2 Pin=R1_U_Indicator LED1-2
Added Net: Name=NetD?_U_Indicator LED1_2
Added Pin To Net: NetName=NetD?_U_Indicator LED2_2 Pin=D?_U_Indicator LED2-2
Added Pin To Net: NetName=NetD?_U_Indicator LED2_2 Pin=R1_U_Indicator LED2-2
Added Net: Name=NetD?_U_Indicator LED2_2
Added Member To Class: ClassName=DD Member=Component D?_DD (D?) LED
Added Member To Class: ClassName=Ind Member=Component D?_Ind (D?) LED
Added Member To Class: ClassName=Sep Member=Component D?_Sep (D?) LED
Added Member To Class: ClassName=U_Indicator LED1 Member=Component D?_U_Indicator LED1 (D?) LED
Added Member To Class: ClassName=U_Indicator LED2 Member=Component D?_U_Indicator LED2 (D?) LED
Added Member To Class: ClassName=U_Voltage Regulation Member=Component D? LED
Change Room Name: Old Name=Main_1 New Name=Main
Change Room Name: Old Name=Sep_1 New Name=Sep
