Change Physical Footprint: Designator=3.3V Old Footprint=Screw Terminal New Footprint=Screw Terminal
Change Physical Footprint: Designator=3.3V Old Footprint=Screw Terminal New Footprint=Screw Terminal
Change Physical Footprint: Designator=3.3V Old Footprint=Screw Terminal New Footprint=Screw Terminal
Change Physical Footprint: Designator=5V Old Footprint=Screw Terminal New Footprint=Screw Terminal
Change Physical Footprint: Designator=5V Old Footprint=Screw Terminal New Footprint=Screw Terminal
Change Physical Footprint: Designator=5V_Clean Old Footprint=Screw Terminal New Footprint=Screw Terminal
Change Physical Footprint: Designator=5V_Clean Old Footprint=Screw Terminal New Footprint=Screw Terminal
Change Physical Footprint: Designator=BAT_IN1 Old Footprint=Screw Terminal New Footprint=Screw Terminal
Change Physical Footprint: Designator=MOSI/MISO1 Old Footprint=Screw Terminal New Footprint=Screw Terminal
Change Physical Footprint: Designator=SCLK/CS1 Old Footprint=Screw Terminal New Footprint=Screw Terminal
Change Physical Footprint: Designator=SQB1_Main Old Footprint=Screw Terminal New Footprint=Screw Terminal
Change Physical Footprint: Designator=SQB1_Motor Old Footprint=Screw Terminal New Footprint=Screw Terminal
Change Physical Footprint: Designator=SQB1_Sep Old Footprint=Screw Terminal New Footprint=Screw Terminal
Change Physical Footprint: Designator=SW1 Old Footprint=Screw Terminal New Footprint=Screw Terminal
Change Physical Footprint: Designator=T1_U_ADC1 Old Footprint=Screw Terminal New Footprint=Screw Terminal
Change Physical Footprint: Designator=T1_U_ADC2 Old Footprint=Screw Terminal New Footprint=Screw Terminal
Change Physical Footprint: Designator=T2_U_ADC1 Old Footprint=Screw Terminal New Footprint=Screw Terminal
Change Physical Footprint: Designator=T2_U_ADC2 Old Footprint=Screw Terminal New Footprint=Screw Terminal
Change Physical Footprint: Designator=UART1_LVLESP Old Footprint=Screw Terminal New Footprint=Screw Terminal
Change Physical Footprint: Designator=UART1_LVLPI/ESP Old Footprint=Screw Terminal New Footprint=Screw Terminal
