Removed Pin From Net: NetName=SQB_PWR Pin=Q1_Main-3
Removed Pin From Net: NetName=SQB_PWR Pin=Q1_Motor-3
Removed Pin From Net: NetName=SQB_PWR Pin=Q1_Sep-3
Removed Pin From Net: NetName=SQB_PWR Pin=R21_Main-1
Removed Pin From Net: NetName=SQB_PWR Pin=R21_Motor-1
Removed Pin From Net: NetName=SQB_PWR Pin=R21_Sep-1
Added Pin To Net: NetName=SQB_PWR- Pin=Q1_Main-3
Added Pin To Net: NetName=SQB_PWR- Pin=Q1_Motor-3
Added Pin To Net: NetName=SQB_PWR- Pin=Q1_Sep-3
Added Pin To Net: NetName=SQB_PWR- Pin=R21_Main-1
Added Pin To Net: NetName=SQB_PWR- Pin=R21_Motor-1
Added Pin To Net: NetName=SQB_PWR- Pin=R21_Sep-1
Added Room: Name=ACT_Ind1
Added Room: Name=ACT_Ind2
Added Room: Name=AIN01
Added Room: Name=AIN02
Added Room: Name=AIN11
Added Room: Name=AIN12
Added Room: Name=AIN21
Added Room: Name=AIN22
Added Room: Name=AIN31
Added Room: Name=AIN32
Added Room: Name=Bz
Added Room: Name=ERR_Ind1
Added Room: Name=ERR_Ind2
Added Room: Name=ESP
Added Room: Name=LVLESP
Added Room: Name=LVLPI/ESP
Added Room: Name=Main
Added Room: Name=Main
Added Room: Name=Main_Ind
Added Room: Name=Motor
Added Room: Name=Motor_Ind
Added Room: Name=PWR
Added Room: Name=Sep
Added Room: Name=Sep_Ind
Added Room: Name=SPI-IO
Added Room: Name=U_Accelerometer
Added Room: Name=U_ADC1
Added Room: Name=U_ADC2
Added Room: Name=U_Barometer
Added Room: Name=U_ESP power
Added Room: Name=U_Gyroscope
Added Room: Name=U_Magnetometer
Added Room: Name=U_Power IO
Added Room: Name=U_Squib_Managment
Added Room: Name=UART
Added Room: Name=Voltage_Indicator1
Added Room: Name=Voltage_Indicator2
Added Room: Name=Voltage_Indicator3
