Removed Pin From Net: NetName=NetRPi_7 Pin=U?-2
Removed Pin From Net: NetName=NetRPi_23 Pin=U?-3
Removed Pin From Net: NetName=NetRPi_19 Pin=U?-5
Removed Pin From Net: NetName=NetRPi_21 Pin=U?-6
Removed Pin From Net: NetName=+3.3 Pin=U?-8
Change Component Designator: OldDesignator=D1_U_Indicator LED1 NewDesignator=D1
Change Component Designator: OldDesignator=D1_U_Indicator LED2 NewDesignator=D1
Change Component Designator: OldDesignator=R1_U_Indicator LED1 NewDesignator=R1
Change Component Designator: OldDesignator=R1_U_Indicator LED2 NewDesignator=R1
Change Component Designator: OldDesignator=R2_U_Indicator LED1 NewDesignator=R2
Change Component Designator: OldDesignator=R2_U_Indicator LED2 NewDesignator=R2
Change Component Designator: OldDesignator=T1_U_Indicator LED1 NewDesignator=T1
Change Component Designator: OldDesignator=T1_U_Indicator LED2 NewDesignator=T1
Added Pin To Net: NetName=NetRPi_7 Pin=U?-2
Added Pin To Net: NetName=NetRPi_19 Pin=U?-2
Added Pin To Net: NetName=GND Pin=U?-3
Added Pin To Net: NetName=NetRPi_23 Pin=U?-3
Added Pin To Net: NetName=NetRPi_19 Pin=U?-5
Added Pin To Net: NetName=NetRPi_21 Pin=U?-5
Added Pin To Net: NetName=NetRPi_12 Pin=U?-6
Added Pin To Net: NetName=NetRPi_21 Pin=U?-6
Added Pin To Net: NetName=+3.3 Pin=U?-8
Added Pin To Net: NetName=GND Pin=U?-8
Change Net Name : Old Net Name=NetD1_U_Indicator LED1_2 New Net Name=NetD1_2
Change Net Name : Old Net Name=NetD1_U_Indicator LED2_2 New Net Name=NetD1_2
Change Net Name : Old Net Name=NetR1_U_Indicator LED1_1 New Net Name=NetR1_1
Change Net Name : Old Net Name=NetR1_U_Indicator LED2_1 New Net Name=NetR1_1
Change Net Name : Old Net Name=NetR2_U_Indicator LED1_1 New Net Name=NetR2_1
Change Net Name : Old Net Name=NetR2_U_Indicator LED1_2 New Net Name=NetR2_2
Change Net Name : Old Net Name=NetR2_U_Indicator LED2_1 New Net Name=NetR2_1
Change Net Name : Old Net Name=NetR2_U_Indicator LED2_2 New Net Name=NetR2_2
Change Class Name : Old Net Name=U_Indicator LED1 New Net Name=Indicator LED
Change Class Name : Old Net Name=U_Indicator LED2 New Net Name=Indicator LED
Change Room Name: Old Name=Main_1 New Name=Main
Change Room Name: Old Name=Sep_1 New Name=Sep
Added Room: Name=Indicator LED
Added Room: Name=Indicator LED
