Removed Member From Class: ClassName=SPI-IO Member=1
Removed Member From Class: ClassName=U_ADC2 Member=3
Removed Member From Class: ClassName=PWR Member=8
Removed Member From Class: ClassName=U_Magnetometer Member=C19
Removed Member From Class: ClassName=PWR Member=C38
Removed Member From Class: ClassName=PWR Member=C39
Removed Member From Class: ClassName=U_Squib_Managment Member=R52
Removed Member From Class: ClassName=ESP Member=R56
Removed Member From Class: ClassName=PWR Member=T12
Removed Member From Class: ClassName=U_Squib_Managment Member=U9
Added Member To Class: ClassName=U_ADC1 Member=Component C4_U_ADC1 (C4) Cap
Added Member To Class: ClassName=U_ADC2 Member=Component C4_U_ADC2 (C4) Cap
Added Member To Class: ClassName=U_Gyroscope Member=Component C16 Cap
Added Member To Class: ClassName=U_Magnetometer Member=Component C18 Cap
Added Member To Class: ClassName=U_Squib_Managment Member=Component R56 Res3
Added Member To Class: ClassName=PWR Member=Component U8 ACS70331EESATR-005B3
Added Member To Class: ClassName=U_Squib_Managment Member=Component U12 ACS711KEXLT-15AB-T
Added Room: Name=AIN01
Added Room: Name=AIN02
Added Room: Name=AIN11
Added Room: Name=AIN12
Added Room: Name=AIN21
Added Room: Name=AIN22
Added Room: Name=AIN31
Added Room: Name=AIN32
Added Room: Name=Bz
Added Room: Name=ESP
Added Room: Name=LVLESP
Added Room: Name=LVLPI/ESP
Added Room: Name=LVMISO
Added Room: Name=LVMOSI
Added Room: Name=LVSCLK
Added Room: Name=Main
Added Room: Name=Main
Added Room: Name=Main_Ind
Added Room: Name=Motor
Added Room: Name=Motor_Ind
Added Room: Name=PWR
Added Room: Name=Sep
Added Room: Name=Sep_Ind
Added Room: Name=SPI-IO
Added Room: Name=U_Accelerometer
Added Room: Name=U_ADC1
Added Room: Name=U_ADC2
Added Room: Name=U_Barometer
Added Room: Name=U_Blue_LED1
Added Room: Name=U_Blue_LED2
Added Room: Name=U_Blue_LED3
Added Room: Name=U_ESP power
Added Room: Name=U_Gyroscope
Added Room: Name=U_Squib_Managment
Added Room: Name=UART
