Removed Member From Class: ClassName=ESP Member=C3_ADC 1
Removed Member From Class: ClassName=Regulators Member=C3_ADC 1
Removed Member From Class: ClassName=Regulators Member=C3_ADC 2
Removed Member From Class: ClassName=Regulators Member=C4_ADC 1
Removed Member From Class: ClassName=Regulators Member=C4_ADC 2
Removed Member From Class: ClassName=PWR Member=C5_ADC 1
Removed Member From Class: ClassName=Regulators Member=C5_ADC 1
Removed Member From Class: ClassName=Regulators Member=C5_ADC 2
Removed Member From Class: ClassName=Accelerometer Member=C6_ADC 1
Removed Member From Class: ClassName=Accelerometer Member=C6_ADC 2
Removed Member From Class: ClassName=Barometer Member=C7_ADC 1
Removed Member From Class: ClassName=Barometer Member=C7_ADC 2
Removed Member From Class: ClassName=ESP Member=C11
Removed Member From Class: ClassName=ESP Member=C12
Removed Member From Class: ClassName=ESP Member=C13
Removed Member From Class: ClassName=ESP Member=C15
Removed Member From Class: ClassName=ESP Member=C16
Removed Member From Class: ClassName=Regulators Member=C29
Removed Member From Class: ClassName=Regulators Member=C30
Removed Member From Class: ClassName=PWR Member=C31_AIN01
Removed Member From Class: ClassName=Squib_Managment Member=C31_AIN02
Removed Member From Class: ClassName=PWR Member=C31_AIN11
Removed Member From Class: ClassName=ESP Member=C31_AIN12
Removed Member From Class: ClassName=PWR Member=C31_AIN12
Removed Member From Class: ClassName=PWR Member=C31_AIN21
Removed Member From Class: ClassName=Squib_Managment Member=C31_AIN22
Removed Member From Class: ClassName=PWR Member=C31_AIN31
Removed Member From Class: ClassName=PWR Member=C31_AIN32
Removed Member From Class: ClassName=Regulators Member=C40
Removed Member From Class: ClassName=ESP Member=C42
Removed Member From Class: ClassName=ESP Member=C50
Removed Member From Class: ClassName=ESP Member=D1_ACT_IndESP
Removed Member From Class: ClassName=Regulators Member=D3_Voltage_Indicator2
Removed Member From Class: ClassName=U_ESP power Member=D3_Voltage_Indicator3
Removed Member From Class: ClassName=PWR Member=D6_Motor_IND
Removed Member From Class: ClassName=SPI Output Member=J1_ADC 1
Removed Member From Class: ClassName=U_Power IO Member=J1_ADC 2
Removed Member From Class: ClassName=SPI Output Member=J2_ADC 1
Removed Member From Class: ClassName=U_Power IO Member=J2_ADC 2
Removed Member From Class: ClassName=U_Power IO Member=J3_Motor_Squib
Removed Member From Class: ClassName=U_Power IO Member=J3_Sep_Squib
Removed Member From Class: ClassName=Main Member=J4
Removed Member From Class: ClassName=U_Power IO Member=J5
Removed Member From Class: ClassName=U_Power IO Member=J15
Removed Member From Class: ClassName=Regulators Member=L1
Removed Member From Class: ClassName=PWR Member=Q1_Sep_Squib
Removed Member From Class: ClassName=PWR Member=Q2_Motor_Squib
Removed Member From Class: ClassName=Buzzer Member=R1_ADC 2
Removed Member From Class: ClassName=Buzzer Member=R3_ADC 1
Removed Member From Class: ClassName=ESP Member=R3_ADC 2
Removed Member From Class: ClassName=Main Member=R18
Removed Member From Class: ClassName=U_ESP power Member=R21
Removed Member From Class: ClassName=U_ESP power Member=R31
Removed Member From Class: ClassName=U_ESP power Member=R33
Removed Member From Class: ClassName=U_ESP power Member=R39
Removed Member From Class: ClassName=PWR Member=R51_AIN01
Removed Member From Class: ClassName=SPI Output Member=R51_AIN02
Removed Member From Class: ClassName=PWR Member=R51_AIN11
Removed Member From Class: ClassName=PWR Member=R51_AIN12
Removed Member From Class: ClassName=PWR Member=R51_AIN21
Removed Member From Class: ClassName=PWR Member=R51_AIN31
Removed Member From Class: ClassName=SPI Output Member=R51_AIN32
Removed Member From Class: ClassName=PWR Member=R52_AIN01
Removed Member From Class: ClassName=PWR Member=R52_AIN02
Removed Member From Class: ClassName=PWR Member=R52_AIN12
Removed Member From Class: ClassName=PWR Member=R52_AIN21
Removed Member From Class: ClassName=SPI Output Member=R52_AIN22
Removed Member From Class: ClassName=PWR Member=R52_AIN31
Removed Member From Class: ClassName=SPI Output Member=R52_AIN32
Removed Member From Class: ClassName=ESP Member=R53_AIN01
Removed Member From Class: ClassName=Main Member=R53_AIN01
Removed Member From Class: ClassName=Main Member=R53_AIN02
Removed Member From Class: ClassName=ESP Member=R53_AIN11
Removed Member From Class: ClassName=Main Member=R53_AIN11
Removed Member From Class: ClassName=Main Member=R53_AIN12
Removed Member From Class: ClassName=Main Member=R53_AIN21
Removed Member From Class: ClassName=Main Member=R53_AIN22
Removed Member From Class: ClassName=ESP Member=R53_AIN31
Removed Member From Class: ClassName=Main Member=R53_AIN31
Removed Member From Class: ClassName=U_ESP power Member=R53_AIN31
Removed Member From Class: ClassName=Main Member=R53_AIN32
Removed Member From Class: ClassName=ESP Member=R55_AIN01
Removed Member From Class: ClassName=Regulators Member=R55_AIN01
Removed Member From Class: ClassName=Regulators Member=R55_AIN02
Removed Member From Class: ClassName=Squib_Managment Member=R55_AIN11
Removed Member From Class: ClassName=Regulators Member=R55_AIN12
Removed Member From Class: ClassName=Regulators Member=R55_AIN21
Removed Member From Class: ClassName=ESP Member=R55_AIN22
Removed Member From Class: ClassName=Regulators Member=R55_AIN22
Removed Member From Class: ClassName=Regulators Member=R55_AIN32
Removed Member From Class: ClassName=ESP Member=R56_Voltage_Indicator1
Removed Member From Class: ClassName=ESP Member=R56_Voltage_Indicator2
Removed Member From Class: ClassName=ESP Member=R56_Voltage_Indicator3
Removed Member From Class: ClassName=ESP Member=R57_Voltage_Indicator1
Removed Member From Class: ClassName=ESP Member=R57_Voltage_Indicator2
Removed Member From Class: ClassName=ESP Member=R57_Voltage_Indicator3
Removed Member From Class: ClassName=Main Member=R79
Removed Member From Class: ClassName=ESP Member=R80_Main_IND
Removed Member From Class: ClassName=ESP Member=R80_Motor_IND
Removed Member From Class: ClassName=ESP Member=R80_Sep_IND
Removed Member From Class: ClassName=ESP Member=R81
Removed Member From Class: ClassName=ESP Member=R91
Removed Member From Class: ClassName=PWR Member=T1_Motor_Squib
Removed Member From Class: ClassName=ESP Member=T1_Sep_Squib
Removed Member From Class: ClassName=Buzzer Member=T2_Sep_Squib
Removed Member From Class: ClassName=ESP Member=T2_Sep_Squib
Removed Member From Class: ClassName=U_ESP power Member=T2_Sep_Squib
Removed Member From Class: ClassName=PWR Member=T6
Removed Member From Class: ClassName=Buzzer Member=T7_Voltage_Indicator1
Removed Member From Class: ClassName=U_ESP power Member=T7_Voltage_Indicator1
Removed Member From Class: ClassName=ESP Member=U1
Removed Member From Class: ClassName=Barometer Member=U2_ADC 1
Removed Member From Class: ClassName=PWR Member=U3
Removed Member From Class: ClassName=Regulators Member=U3
Removed Member From Class: ClassName=ESP Member=U4
Removed Member From Class: ClassName=Squib_Managment Member=U4
Removed Member From Class: ClassName=Accelerometer Member=U12
Removed Member From Class: ClassName=Regulators Member=U12
Change Component Designator: OldDesignator=C1 NewDesignator=C9
Change Component Designator: OldDesignator=C2 NewDesignator=C10
Change Component Designator: OldDesignator=C3_ADC 1 NewDesignator=C1
Change Component Designator: OldDesignator=C3_ADC 2 NewDesignator=C11
Change Component Designator: OldDesignator=C4_ADC 1 NewDesignator=C2
Change Component Designator: OldDesignator=C4_ADC 2 NewDesignator=C12
Change Component Designator: OldDesignator=C5_ADC 1 NewDesignator=C3
Change Component Designator: OldDesignator=C5_ADC 2 NewDesignator=C13
Change Component Designator: OldDesignator=C6_ADC 1 NewDesignator=C4
Change Component Designator: OldDesignator=C6_ADC 2 NewDesignator=C14
Change Component Designator: OldDesignator=C7_ADC 1 NewDesignator=C5
Change Component Designator: OldDesignator=C7_ADC 2 NewDesignator=C15
Change Component Designator: OldDesignator=C8_ADC 1 NewDesignator=C6
Change Component Designator: OldDesignator=C8_ADC 2 NewDesignator=C16
Change Component Designator: OldDesignator=C9_ADC 1 NewDesignator=C7
Change Component Designator: OldDesignator=C9_ADC 2 NewDesignator=C17
Change Component Designator: OldDesignator=C10_ADC 1 NewDesignator=C8
Change Component Designator: OldDesignator=C10_ADC 2 NewDesignator=C18
Change Component Designator: OldDesignator=C11 NewDesignator=C27
Change Component Designator: OldDesignator=C12 NewDesignator=C28
Change Component Designator: OldDesignator=C13 NewDesignator=C41
Change Component Designator: OldDesignator=C14 NewDesignator=C42
Change Component Designator: OldDesignator=C15 NewDesignator=C43
Change Component Designator: OldDesignator=C16 NewDesignator=C44
Change Component Designator: OldDesignator=C17 NewDesignator=C45
Change Component Designator: OldDesignator=C18 NewDesignator=C46
Change Component Designator: OldDesignator=C19 NewDesignator=C29
Change Component Designator: OldDesignator=C20 NewDesignator=C30
Change Component Designator: OldDesignator=C21 NewDesignator=C31
Change Component Designator: OldDesignator=C22 NewDesignator=C32
Change Component Designator: OldDesignator=C23 NewDesignator=C33
Change Component Designator: OldDesignator=C24 NewDesignator=C34
Change Component Designator: OldDesignator=C25 NewDesignator=C35
Change Component Designator: OldDesignator=C26 NewDesignator=C36
Change Component Designator: OldDesignator=C27 NewDesignator=C37
Change Component Designator: OldDesignator=C28 NewDesignator=C38
Change Component Designator: OldDesignator=C29 NewDesignator=C39
Change Component Designator: OldDesignator=C30 NewDesignator=C40
Change Component Designator: OldDesignator=C31_AIN01 NewDesignator=C20
Change Component Designator: OldDesignator=C31_AIN02 NewDesignator=C19
Change Component Designator: OldDesignator=C31_AIN11 NewDesignator=C22
Change Component Designator: OldDesignator=C31_AIN12 NewDesignator=C21
Change Component Designator: OldDesignator=C31_AIN21 NewDesignator=C24
Change Component Designator: OldDesignator=C31_AIN22 NewDesignator=C23
Change Component Designator: OldDesignator=C31_AIN31 NewDesignator=C26
Change Component Designator: OldDesignator=C31_AIN32 NewDesignator=C25
Change Component Designator: OldDesignator=C32 NewDesignator=C47
Change Component Designator: OldDesignator=C33 NewDesignator=C48
Change Component Designator: OldDesignator=C34 NewDesignator=C49
Change Component Designator: OldDesignator=C35 NewDesignator=C50
Change Component Designator: OldDesignator=C36 NewDesignator=C51
Change Component Designator: OldDesignator=C37 NewDesignator=C52
Change Component Designator: OldDesignator=C38 NewDesignator=C53
Change Component Designator: OldDesignator=C39 NewDesignator=C65
Change Component Designator: OldDesignator=C40 NewDesignator=C66
Change Component Designator: OldDesignator=C41 NewDesignator=C54
Change Component Designator: OldDesignator=C42 NewDesignator=C55
Change Component Designator: OldDesignator=C43 NewDesignator=C56
Change Component Designator: OldDesignator=C44 NewDesignator=C57
Change Component Designator: OldDesignator=C45 NewDesignator=C58
Change Component Designator: OldDesignator=C46 NewDesignator=C59
Change Component Designator: OldDesignator=C47 NewDesignator=C60
Change Component Designator: OldDesignator=C48 NewDesignator=C61
Change Component Designator: OldDesignator=C49 NewDesignator=C62
Change Component Designator: OldDesignator=C50 NewDesignator=C63
Change Component Designator: OldDesignator=C51 NewDesignator=C64
Change Component Designator: OldDesignator=D1_ACT_IndESP NewDesignator=D3
Change Component Designator: OldDesignator=D1_ERR_IndESP NewDesignator=D5
Change Component Designator: OldDesignator=D1_ERR_IndPi NewDesignator=D4
Change Component Designator: OldDesignator=D2 NewDesignator=D1
Change Component Designator: OldDesignator=D3_Voltage_Indicator1 NewDesignator=D12
Change Component Designator: OldDesignator=D3_Voltage_Indicator2 NewDesignator=D13
Change Component Designator: OldDesignator=D3_Voltage_Indicator3 NewDesignator=D14
Change Component Designator: OldDesignator=D4 NewDesignator=D10
Change Component Designator: OldDesignator=D5 NewDesignator=D2
Change Component Designator: OldDesignator=D6_ACT_IND NewDesignator=D6
Change Component Designator: OldDesignator=D6_Main_IND NewDesignator=D7
Change Component Designator: OldDesignator=D6_Motor_IND NewDesignator=D8
Change Component Designator: OldDesignator=D6_Sep_IND NewDesignator=D9
Change Component Designator: OldDesignator=D7 NewDesignator=D11
Change Component Designator: OldDesignator=J1_ADC 1 NewDesignator=J1
Change Component Designator: OldDesignator=J1_ADC 2 NewDesignator=J3
Change Component Designator: OldDesignator=J2_ADC 1 NewDesignator=J2
Change Component Designator: OldDesignator=J2_ADC 2 NewDesignator=J4
Change Component Designator: OldDesignator=J3_Main_Squib NewDesignator=J14
Change Component Designator: OldDesignator=J3_Motor_Squib NewDesignator=J15
Change Component Designator: OldDesignator=J3_Sep_Squib NewDesignator=J16
Change Component Designator: OldDesignator=J4 NewDesignator=J17
Change Component Designator: OldDesignator=J5 NewDesignator=J18
Change Component Designator: OldDesignator=J6_ESP UART Output NewDesignator=J19
Change Component Designator: OldDesignator=J6_UART EXT NewDesignator=J20
Change Component Designator: OldDesignator=J7 NewDesignator=J6
Change Component Designator: OldDesignator=J8 NewDesignator=J7
Change Component Designator: OldDesignator=J9 NewDesignator=J8
Change Component Designator: OldDesignator=J10 NewDesignator=J9
Change Component Designator: OldDesignator=J11 NewDesignator=J10
Change Component Designator: OldDesignator=J12 NewDesignator=J11
Change Component Designator: OldDesignator=J13 NewDesignator=J12
Change Component Designator: OldDesignator=J14 NewDesignator=J13
Change Component Designator: OldDesignator=J15 NewDesignator=J5
Change Component Designator: OldDesignator=Q1_Main_Squib NewDesignator=Q4
Change Component Designator: OldDesignator=Q1_Motor_Squib NewDesignator=Q6
Change Component Designator: OldDesignator=Q1_Sep_Squib NewDesignator=Q8
Change Component Designator: OldDesignator=Q2_Main_Squib NewDesignator=Q5
Change Component Designator: OldDesignator=Q2_Motor_Squib NewDesignator=Q7
Change Component Designator: OldDesignator=Q2_Sep_Squib NewDesignator=Q9
Change Component Designator: OldDesignator=Q3 NewDesignator=Q2
Change Component Designator: OldDesignator=Q4 NewDesignator=Q3
Change Component Designator: OldDesignator=Q5 NewDesignator=Q1
Change Component Designator: OldDesignator=R1_ADC 1 NewDesignator=R1
Change Component Designator: OldDesignator=R1_ADC 2 NewDesignator=R7
Change Component Designator: OldDesignator=R2_ADC 1 NewDesignator=R2
Change Component Designator: OldDesignator=R2_ADC 2 NewDesignator=R8
Change Component Designator: OldDesignator=R3_ADC 1 NewDesignator=R3
Change Component Designator: OldDesignator=R3_ADC 2 NewDesignator=R9
Change Component Designator: OldDesignator=R4_ADC 1 NewDesignator=R4
Change Component Designator: OldDesignator=R4_ADC 2 NewDesignator=R10
Change Component Designator: OldDesignator=R5_ADC 1 NewDesignator=R5
Change Component Designator: OldDesignator=R5_ADC 2 NewDesignator=R11
Change Component Designator: OldDesignator=R6_ADC 1 NewDesignator=R6
Change Component Designator: OldDesignator=R6_ADC 2 NewDesignator=R12
Change Component Designator: OldDesignator=R7_ACT_IndESP NewDesignator=R104
Change Component Designator: OldDesignator=R7_ERR_IndESP NewDesignator=R106
Change Component Designator: OldDesignator=R7_ERR_IndPi NewDesignator=R105
Change Component Designator: OldDesignator=R8_Main_Squib NewDesignator=R128
Change Component Designator: OldDesignator=R8_Motor_Squib NewDesignator=R135
Change Component Designator: OldDesignator=R8_Sep_Squib NewDesignator=R142
Change Component Designator: OldDesignator=R9_Main_Squib NewDesignator=R129
Change Component Designator: OldDesignator=R9_Motor_Squib NewDesignator=R136
Change Component Designator: OldDesignator=R9_Sep_Squib NewDesignator=R143
Change Component Designator: OldDesignator=R10_Main_Squib NewDesignator=R130
Change Component Designator: OldDesignator=R10_Motor_Squib NewDesignator=R137
Change Component Designator: OldDesignator=R10_Sep_Squib NewDesignator=R144
Change Component Designator: OldDesignator=R11_Main_Squib NewDesignator=R131
Change Component Designator: OldDesignator=R11_Motor_Squib NewDesignator=R138
Change Component Designator: OldDesignator=R11_Sep_Squib NewDesignator=R145
Change Component Designator: OldDesignator=R12_Main_Squib NewDesignator=R132
Change Component Designator: OldDesignator=R12_Motor_Squib NewDesignator=R139
Change Component Designator: OldDesignator=R12_Sep_Squib NewDesignator=R146
Change Component Designator: OldDesignator=R13_Main_Squib NewDesignator=R133
Change Component Designator: OldDesignator=R13_Motor_Squib NewDesignator=R140
Change Component Designator: OldDesignator=R13_Sep_Squib NewDesignator=R147
Change Component Designator: OldDesignator=R14_Main_Squib NewDesignator=R134
Change Component Designator: OldDesignator=R14_Motor_Squib NewDesignator=R141
Change Component Designator: OldDesignator=R14_Sep_Squib NewDesignator=R148
Change Component Designator: OldDesignator=R15 NewDesignator=R53
Change Component Designator: OldDesignator=R16 NewDesignator=R54
Change Component Designator: OldDesignator=R17 NewDesignator=R55
Change Component Designator: OldDesignator=R18 NewDesignator=R56
Change Component Designator: OldDesignator=R19 NewDesignator=R57
Change Component Designator: OldDesignator=R20 NewDesignator=R58
Change Component Designator: OldDesignator=R21 NewDesignator=R59
Change Component Designator: OldDesignator=R22 NewDesignator=R60
Change Component Designator: OldDesignator=R23 NewDesignator=R61
Change Component Designator: OldDesignator=R24 NewDesignator=R62
Change Component Designator: OldDesignator=R25 NewDesignator=R63
Change Component Designator: OldDesignator=R26 NewDesignator=R64
Change Component Designator: OldDesignator=R27 NewDesignator=R65
Change Component Designator: OldDesignator=R28 NewDesignator=R66
Change Component Designator: OldDesignator=R29 NewDesignator=R67
Change Component Designator: OldDesignator=R30 NewDesignator=R68
Change Component Designator: OldDesignator=R31 NewDesignator=R69
Change Component Designator: OldDesignator=R32 NewDesignator=R70
Change Component Designator: OldDesignator=R33 NewDesignator=R71
Change Component Designator: OldDesignator=R34 NewDesignator=R72
Change Component Designator: OldDesignator=R35 NewDesignator=R73
Change Component Designator: OldDesignator=R36 NewDesignator=R74
Change Component Designator: OldDesignator=R37 NewDesignator=R75
Change Component Designator: OldDesignator=R38 NewDesignator=R76
Change Component Designator: OldDesignator=R39 NewDesignator=R77
Change Component Designator: OldDesignator=R40 NewDesignator=R78
Change Component Designator: OldDesignator=R41 NewDesignator=R79
Change Component Designator: OldDesignator=R42 NewDesignator=R80
Change Component Designator: OldDesignator=R43 NewDesignator=R81
Change Component Designator: OldDesignator=R44 NewDesignator=R82
Change Component Designator: OldDesignator=R45 NewDesignator=R83
Change Component Designator: OldDesignator=R46 NewDesignator=R84
Change Component Designator: OldDesignator=R47 NewDesignator=R85
Change Component Designator: OldDesignator=R48 NewDesignator=R86
Change Component Designator: OldDesignator=R49 NewDesignator=R87
Change Component Designator: OldDesignator=R50 NewDesignator=R88
Change Component Designator: OldDesignator=R51_AIN01 NewDesignator=R18
Change Component Designator: OldDesignator=R51_AIN02 NewDesignator=R13
Change Component Designator: OldDesignator=R51_AIN11 NewDesignator=R28
Change Component Designator: OldDesignator=R51_AIN12 NewDesignator=R23
Change Component Designator: OldDesignator=R51_AIN21 NewDesignator=R38
Change Component Designator: OldDesignator=R51_AIN22 NewDesignator=R33
Change Component Designator: OldDesignator=R51_AIN31 NewDesignator=R48
Change Component Designator: OldDesignator=R51_AIN32 NewDesignator=R43
Change Component Designator: OldDesignator=R52_AIN01 NewDesignator=R19
Change Component Designator: OldDesignator=R52_AIN02 NewDesignator=R14
Change Component Designator: OldDesignator=R52_AIN11 NewDesignator=R29
Change Component Designator: OldDesignator=R52_AIN12 NewDesignator=R24
Change Component Designator: OldDesignator=R52_AIN21 NewDesignator=R39
Change Component Designator: OldDesignator=R52_AIN22 NewDesignator=R34
Change Component Designator: OldDesignator=R52_AIN31 NewDesignator=R49
Change Component Designator: OldDesignator=R52_AIN32 NewDesignator=R44
Change Component Designator: OldDesignator=R53_AIN01 NewDesignator=R20
Change Component Designator: OldDesignator=R53_AIN02 NewDesignator=R15
Change Component Designator: OldDesignator=R53_AIN11 NewDesignator=R30
Change Component Designator: OldDesignator=R53_AIN12 NewDesignator=R25
Change Component Designator: OldDesignator=R53_AIN21 NewDesignator=R40
Change Component Designator: OldDesignator=R53_AIN22 NewDesignator=R35
Change Component Designator: OldDesignator=R53_AIN31 NewDesignator=R50
Change Component Designator: OldDesignator=R53_AIN32 NewDesignator=R45
Change Component Designator: OldDesignator=R54_AIN01 NewDesignator=R21
Change Component Designator: OldDesignator=R54_AIN02 NewDesignator=R16
Change Component Designator: OldDesignator=R54_AIN11 NewDesignator=R31
Change Component Designator: OldDesignator=R54_AIN12 NewDesignator=R26
Change Component Designator: OldDesignator=R54_AIN21 NewDesignator=R41
Change Component Designator: OldDesignator=R54_AIN22 NewDesignator=R36
Change Component Designator: OldDesignator=R54_AIN31 NewDesignator=R51
Change Component Designator: OldDesignator=R54_AIN32 NewDesignator=R46
Change Component Designator: OldDesignator=R55_AIN01 NewDesignator=R22
Change Component Designator: OldDesignator=R55_AIN02 NewDesignator=R17
Change Component Designator: OldDesignator=R55_AIN11 NewDesignator=R32
Change Component Designator: OldDesignator=R55_AIN12 NewDesignator=R27
Change Component Designator: OldDesignator=R55_AIN21 NewDesignator=R42
Change Component Designator: OldDesignator=R55_AIN22 NewDesignator=R37
Change Component Designator: OldDesignator=R55_AIN31 NewDesignator=R52
Change Component Designator: OldDesignator=R55_AIN32 NewDesignator=R47
Change Component Designator: OldDesignator=R56_Voltage_Indicator1 NewDesignator=R149
Change Component Designator: OldDesignator=R56_Voltage_Indicator2 NewDesignator=R151
Change Component Designator: OldDesignator=R56_Voltage_Indicator3 NewDesignator=R153
Change Component Designator: OldDesignator=R57_Voltage_Indicator1 NewDesignator=R150
Change Component Designator: OldDesignator=R57_Voltage_Indicator2 NewDesignator=R152
Change Component Designator: OldDesignator=R57_Voltage_Indicator3 NewDesignator=R154
Change Component Designator: OldDesignator=R58 NewDesignator=R111
Change Component Designator: OldDesignator=R59 NewDesignator=R112
Change Component Designator: OldDesignator=R60 NewDesignator=R113
Change Component Designator: OldDesignator=R61 NewDesignator=R114
Change Component Designator: OldDesignator=R62 NewDesignator=R115
Change Component Designator: OldDesignator=R63 NewDesignator=R116
Change Component Designator: OldDesignator=R64 NewDesignator=R117
Change Component Designator: OldDesignator=R65 NewDesignator=R118
Change Component Designator: OldDesignator=R66 NewDesignator=R119
Change Component Designator: OldDesignator=R67 NewDesignator=R120
Change Component Designator: OldDesignator=R68 NewDesignator=R155
Change Component Designator: OldDesignator=R69 NewDesignator=R156
Change Component Designator: OldDesignator=R70 NewDesignator=R157
Change Component Designator: OldDesignator=R71 NewDesignator=R158
Change Component Designator: OldDesignator=R72_ESP UART Output NewDesignator=R159
Change Component Designator: OldDesignator=R72_UART EXT NewDesignator=R161
Change Component Designator: OldDesignator=R73_ESP UART Output NewDesignator=R160
Change Component Designator: OldDesignator=R73_UART EXT NewDesignator=R162
Change Component Designator: OldDesignator=R74 NewDesignator=R89
Change Component Designator: OldDesignator=R75 NewDesignator=R90
Change Component Designator: OldDesignator=R76 NewDesignator=R91
Change Component Designator: OldDesignator=R77 NewDesignator=R92
Change Component Designator: OldDesignator=R78 NewDesignator=R93
Change Component Designator: OldDesignator=R79 NewDesignator=R127
Change Component Designator: OldDesignator=R80_ACT_IND NewDesignator=R107
Change Component Designator: OldDesignator=R80_Main_IND NewDesignator=R108
Change Component Designator: OldDesignator=R80_Motor_IND NewDesignator=R109
Change Component Designator: OldDesignator=R80_Sep_IND NewDesignator=R110
Change Component Designator: OldDesignator=R81 NewDesignator=R121
Change Component Designator: OldDesignator=R82 NewDesignator=R122
Change Component Designator: OldDesignator=R83 NewDesignator=R123
Change Component Designator: OldDesignator=R84 NewDesignator=R124
Change Component Designator: OldDesignator=R85 NewDesignator=R125
Change Component Designator: OldDesignator=R86 NewDesignator=R126
Change Component Designator: OldDesignator=R87 NewDesignator=R94
Change Component Designator: OldDesignator=R88 NewDesignator=R95
Change Component Designator: OldDesignator=R89 NewDesignator=R96
Change Component Designator: OldDesignator=R90 NewDesignator=R97
Change Component Designator: OldDesignator=R91 NewDesignator=R98
Change Component Designator: OldDesignator=R92 NewDesignator=R99
Change Component Designator: OldDesignator=R93 NewDesignator=R100
Change Component Designator: OldDesignator=R94 NewDesignator=R101
Change Component Designator: OldDesignator=R95 NewDesignator=R102
Change Component Designator: OldDesignator=R96 NewDesignator=R103
Change Component Designator: OldDesignator=T1_Main_Squib NewDesignator=T9
Change Component Designator: OldDesignator=T1_Motor_Squib NewDesignator=T11
Change Component Designator: OldDesignator=T1_Sep_Squib NewDesignator=T13
Change Component Designator: OldDesignator=T2_Main_Squib NewDesignator=T10
Change Component Designator: OldDesignator=T2_Motor_Squib NewDesignator=T12
Change Component Designator: OldDesignator=T2_Sep_Squib NewDesignator=T14
Change Component Designator: OldDesignator=T3 NewDesignator=T1
Change Component Designator: OldDesignator=T4 NewDesignator=T2
Change Component Designator: OldDesignator=T5 NewDesignator=T3
Change Component Designator: OldDesignator=T6 NewDesignator=T4
Change Component Designator: OldDesignator=T7_Voltage_Indicator1 NewDesignator=T15
Change Component Designator: OldDesignator=T7_Voltage_Indicator2 NewDesignator=T16
Change Component Designator: OldDesignator=T7_Voltage_Indicator3 NewDesignator=T17
Change Component Designator: OldDesignator=T8 NewDesignator=T7
Change Component Designator: OldDesignator=T9 NewDesignator=T8
Change Component Designator: OldDesignator=T10 NewDesignator=T5
Change Component Designator: OldDesignator=T11 NewDesignator=T6
Change Component Designator: OldDesignator=U1 NewDesignator=U2
Change Component Designator: OldDesignator=U2_ADC 1 NewDesignator=U1
Change Component Designator: OldDesignator=U2_ADC 2 NewDesignator=U3
Change Component Designator: OldDesignator=U3 NewDesignator=U4
Change Component Designator: OldDesignator=U4 NewDesignator=U7
Change Component Designator: OldDesignator=U5 NewDesignator=U8
Change Component Designator: OldDesignator=U6 NewDesignator=U5
Change Component Designator: OldDesignator=U7 NewDesignator=U6
Change Component Designator: OldDesignator=U8 NewDesignator=U9
Change Component Designator: OldDesignator=U9 NewDesignator=U13
Change Net Name : Old Net Name=NetC3_ADC 1_1 New Net Name=NetC1_1
Change Net Name : Old Net Name=NetC3_ADC 1_2 New Net Name=NetC1_2
Change Net Name : Old Net Name=NetC3_ADC 2_1 New Net Name=NetC11_1
Change Net Name : Old Net Name=NetC3_ADC 2_2 New Net Name=NetC11_2
Change Net Name : Old Net Name=NetC4_ADC 1_2 New Net Name=NetC2_2
Change Net Name : Old Net Name=NetC4_ADC 2_2 New Net Name=NetC12_2
Change Net Name : Old Net Name=NetC5_ADC 1_1 New Net Name=NetC3_1
Change Net Name : Old Net Name=NetC5_ADC 2_1 New Net Name=NetC13_1
Change Net Name : Old Net Name=NetC6_ADC 1_1 New Net Name=NetC4_1
Change Net Name : Old Net Name=NetC6_ADC 1_2 New Net Name=NetC4_2
Change Net Name : Old Net Name=NetC6_ADC 2_1 New Net Name=NetC14_1
Change Net Name : Old Net Name=NetC6_ADC 2_2 New Net Name=NetC14_2
Change Net Name : Old Net Name=NetC13_1 New Net Name=NetC41_1
Change Net Name : Old Net Name=NetC19_2 New Net Name=NetC29_2
Change Net Name : Old Net Name=NetC20_2 New Net Name=NetC30_2
Change Net Name : Old Net Name=NetC21_2 New Net Name=NetC31_2
Change Net Name : Old Net Name=NetC23_2 New Net Name=NetC33_2
Change Net Name : Old Net Name=NetC24_2 New Net Name=NetC34_2
Change Net Name : Old Net Name=NetC25_2 New Net Name=NetC35_2
Change Net Name : Old Net Name=NetC26_2 New Net Name=NetC36_2
Change Net Name : Old Net Name=NetC27_2 New Net Name=NetC37_2
Change Net Name : Old Net Name=NetC28_2 New Net Name=NetC38_2
Change Net Name : Old Net Name=NetC29_2 New Net Name=NetC39_2
Change Net Name : Old Net Name=NetC30_2 New Net Name=NetC40_2
Change Net Name : Old Net Name=NetC33_1 New Net Name=NetC48_1
Change Net Name : Old Net Name=NetC34_1 New Net Name=NetC49_1
Change Net Name : Old Net Name=NetC38_2 New Net Name=NetC53_2
Change Net Name : Old Net Name=NetC39_2 New Net Name=NetC65_2
Change Net Name : Old Net Name=NetC48_1 New Net Name=NetC61_1
Change Net Name : Old Net Name=NetD1_ACT_IndESP_1 New Net Name=NetD3_1
Change Net Name : Old Net Name=NetD1_ACT_IndESP_2 New Net Name=NetD3_2
Change Net Name : Old Net Name=NetD1_ERR_IndESP_1 New Net Name=NetD5_1
Change Net Name : Old Net Name=NetD1_ERR_IndESP_2 New Net Name=NetD5_2
Change Net Name : Old Net Name=NetD1_ERR_IndPi_1 New Net Name=NetD4_1
Change Net Name : Old Net Name=NetD1_ERR_IndPi_2 New Net Name=NetD4_2
Change Net Name : Old Net Name=NetD2_2 New Net Name=NetD1_2
Change Net Name : Old Net Name=NetD3_Voltage_Indicator1_1 New Net Name=NetD12_1
Change Net Name : Old Net Name=NetD3_Voltage_Indicator1_2 New Net Name=NetD12_2
Change Net Name : Old Net Name=NetD3_Voltage_Indicator2_1 New Net Name=NetD13_1
Change Net Name : Old Net Name=NetD3_Voltage_Indicator2_2 New Net Name=NetD13_2
Change Net Name : Old Net Name=NetD3_Voltage_Indicator3_1 New Net Name=NetD14_1
Change Net Name : Old Net Name=NetD3_Voltage_Indicator3_2 New Net Name=NetD14_2
Change Net Name : Old Net Name=NetD4_2 New Net Name=NetD10_2
Change Net Name : Old Net Name=NetD6_ACT_IND_1 New Net Name=NetD6_1
Change Net Name : Old Net Name=NetD6_Main_IND_1 New Net Name=NetD7_1
Change Net Name : Old Net Name=NetD6_Main_IND_2 New Net Name=NetD7_2
Change Net Name : Old Net Name=NetD6_Motor_IND_1 New Net Name=NetD8_1
Change Net Name : Old Net Name=NetD6_Motor_IND_2 New Net Name=NetD8_2
Change Net Name : Old Net Name=NetD6_Sep_IND_1 New Net Name=NetD9_1
Change Net Name : Old Net Name=NetD6_Sep_IND_2 New Net Name=NetD9_2
Change Net Name : Old Net Name=NetD7_2 New Net Name=NetD11_2
Change Net Name : Old Net Name=NetJ1_ADC 1_1 New Net Name=NetJ1_1
Change Net Name : Old Net Name=NetJ1_ADC 1_2 New Net Name=NetJ1_2
Change Net Name : Old Net Name=NetJ1_ADC 2_1 New Net Name=NetJ3_1
Change Net Name : Old Net Name=NetJ1_ADC 2_2 New Net Name=NetJ3_2
Change Net Name : Old Net Name=NetJ2_ADC 1_1 New Net Name=NetJ2_1
Change Net Name : Old Net Name=NetJ2_ADC 1_2 New Net Name=NetJ2_2
Change Net Name : Old Net Name=NetJ2_ADC 2_1 New Net Name=NetJ4_1
Change Net Name : Old Net Name=NetJ2_ADC 2_2 New Net Name=NetJ4_2
Change Net Name : Old Net Name=NetJ3_Main_Squib_1 New Net Name=NetJ14_1
Change Net Name : Old Net Name=NetJ3_Motor_Squib_1 New Net Name=NetJ15_1
Change Net Name : Old Net Name=NetJ3_Sep_Squib_1 New Net Name=NetJ16_1
Change Net Name : Old Net Name=NetJ4_1 New Net Name=NetJ17_1
Change Net Name : Old Net Name=NetJ4_2 New Net Name=NetJ17_2
Change Net Name : Old Net Name=NetJ5_1 New Net Name=NetJ18_1
Change Net Name : Old Net Name=NetJ5_2 New Net Name=NetJ18_2
Change Net Name : Old Net Name=NetJ6_ESP UART Output_1 New Net Name=NetJ19_1
Change Net Name : Old Net Name=NetJ6_ESP UART Output_2 New Net Name=NetJ19_2
Change Net Name : Old Net Name=NetJ6_UART EXT_1 New Net Name=NetJ20_1
Change Net Name : Old Net Name=NetJ6_UART EXT_2 New Net Name=NetJ20_2
Change Net Name : Old Net Name=NetJ8_1 New Net Name=NetJ7_1
Change Net Name : Old Net Name=NetJ15_3 New Net Name=NetJ5_3
Change Net Name : Old Net Name=NetJ15_5 New Net Name=NetJ5_5
Change Net Name : Old Net Name=NetJ15_7 New Net Name=NetJ5_7
Change Net Name : Old Net Name=NetJ15_8 New Net Name=NetJ5_8
Change Net Name : Old Net Name=NetJ15_10 New Net Name=NetJ5_10
Change Net Name : Old Net Name=NetJ15_11 New Net Name=NetJ5_11
Change Net Name : Old Net Name=NetJ15_12 New Net Name=NetJ5_12
Change Net Name : Old Net Name=NetJ15_13 New Net Name=NetJ5_13
Change Net Name : Old Net Name=NetJ15_15 New Net Name=NetJ5_15
Change Net Name : Old Net Name=NetJ15_16 New Net Name=NetJ5_16
Change Net Name : Old Net Name=NetJ15_18 New Net Name=NetJ5_18
Change Net Name : Old Net Name=NetJ15_19 New Net Name=NetJ5_19
Change Net Name : Old Net Name=NetJ15_22 New Net Name=NetJ5_22
Change Net Name : Old Net Name=NetJ15_23 New Net Name=NetJ5_23
Change Net Name : Old Net Name=NetJ15_24 New Net Name=NetJ5_24
Change Net Name : Old Net Name=NetJ15_29 New Net Name=NetJ5_29
Change Net Name : Old Net Name=NetJ15_31 New Net Name=NetJ5_31
Change Net Name : Old Net Name=NetJ15_32 New Net Name=NetJ5_32
Change Net Name : Old Net Name=NetJ15_35 New Net Name=NetJ5_35
Change Net Name : Old Net Name=NetJ15_36 New Net Name=NetJ5_36
Change Net Name : Old Net Name=NetJ15_37 New Net Name=NetJ5_37
Change Net Name : Old Net Name=NetQ2_Main_Squib_1 New Net Name=NetQ5_1
Change Net Name : Old Net Name=NetQ2_Main_Squib_3 New Net Name=NetQ5_3
Change Net Name : Old Net Name=NetQ2_Motor_Squib_1 New Net Name=NetQ7_1
Change Net Name : Old Net Name=NetQ2_Motor_Squib_3 New Net Name=NetQ7_3
Change Net Name : Old Net Name=NetQ2_Sep_Squib_1 New Net Name=NetQ9_1
Change Net Name : Old Net Name=NetQ2_Sep_Squib_3 New Net Name=NetQ9_3
Change Net Name : Old Net Name=NetQ3_1 New Net Name=NetQ2_1
Change Net Name : Old Net Name=NetQ5_1 New Net Name=NetQ1_1
Change Net Name : Old Net Name=NetR1_ADC 1_2 New Net Name=NetR1_2
Change Net Name : Old Net Name=NetR1_ADC 2_2 New Net Name=NetR7_2
Change Net Name : Old Net Name=NetR2_ADC 1_1 New Net Name=NetR2_1
Change Net Name : Old Net Name=NetR2_ADC 1_2 New Net Name=NetR2_2
Change Net Name : Old Net Name=NetR2_ADC 2_1 New Net Name=NetR8_1
Change Net Name : Old Net Name=NetR2_ADC 2_2 New Net Name=NetR8_2
Change Net Name : Old Net Name=NetR3_ADC 1_2 New Net Name=NetR3_2
Change Net Name : Old Net Name=NetR3_ADC 2_2 New Net Name=NetR9_2
Change Net Name : Old Net Name=NetR4_ADC 1_2 New Net Name=NetR4_2
Change Net Name : Old Net Name=NetR4_ADC 2_2 New Net Name=NetR10_2
Change Net Name : Old Net Name=NetR8_Main_Squib_1 New Net Name=NetR128_1
Change Net Name : Old Net Name=NetR8_Motor_Squib_1 New Net Name=NetR135_1
Change Net Name : Old Net Name=NetR8_Sep_Squib_1 New Net Name=NetR142_1
Change Net Name : Old Net Name=NetR11_Main_Squib_2 New Net Name=NetR131_2
Change Net Name : Old Net Name=NetR11_Motor_Squib_2 New Net Name=NetR138_2
Change Net Name : Old Net Name=NetR11_Sep_Squib_2 New Net Name=NetR145_2
Change Net Name : Old Net Name=NetR12_Main_Squib_1 New Net Name=NetR132_1
Change Net Name : Old Net Name=NetR12_Motor_Squib_1 New Net Name=NetR139_1
Change Net Name : Old Net Name=NetR12_Sep_Squib_1 New Net Name=NetR146_1
Change Net Name : Old Net Name=NetR14_Main_Squib_2 New Net Name=NetR134_2
Change Net Name : Old Net Name=NetR14_Motor_Squib_2 New Net Name=NetR141_2
Change Net Name : Old Net Name=NetR14_Sep_Squib_2 New Net Name=NetR148_2
Change Net Name : Old Net Name=NetR15_2 New Net Name=NetR53_2
Change Net Name : Old Net Name=NetR16_1 New Net Name=NetR54_1
Change Net Name : Old Net Name=NetR16_2 New Net Name=NetR54_2
Change Net Name : Old Net Name=NetR18_1 New Net Name=NetR56_1
Change Net Name : Old Net Name=NetR21_2 New Net Name=NetR59_2
Change Net Name : Old Net Name=NetR22_1 New Net Name=NetR60_1
Change Net Name : Old Net Name=NetR22_2 New Net Name=NetR60_2
Change Net Name : Old Net Name=NetR24_2 New Net Name=NetR62_2
Change Net Name : Old Net Name=NetR25_2 New Net Name=NetR63_2
Change Net Name : Old Net Name=NetR27_2 New Net Name=NetR65_2
Change Net Name : Old Net Name=NetR28_1 New Net Name=NetR66_1
Change Net Name : Old Net Name=NetR28_2 New Net Name=NetR66_2
Change Net Name : Old Net Name=NetR31_1 New Net Name=NetR69_1
Change Net Name : Old Net Name=NetR31_2 New Net Name=NetR69_2
Change Net Name : Old Net Name=NetR33_1 New Net Name=NetR71_1
Change Net Name : Old Net Name=NetR33_2 New Net Name=NetR71_2
Change Net Name : Old Net Name=NetR34_2 New Net Name=NetR72_2
Change Net Name : Old Net Name=NetR37_1 New Net Name=NetR75_1
Change Net Name : Old Net Name=NetR37_2 New Net Name=NetR75_2
Change Net Name : Old Net Name=NetR40_1 New Net Name=NetR78_1
Change Net Name : Old Net Name=NetR41_1 New Net Name=NetR79_1
Change Net Name : Old Net Name=NetR41_2 New Net Name=NetR79_2
Change Net Name : Old Net Name=NetR49_1 New Net Name=NetR87_1
Change Net Name : Old Net Name=NetR57_Voltage_Indicator1_2 New Net Name=NetR150_2
Change Net Name : Old Net Name=NetR57_Voltage_Indicator2_2 New Net Name=NetR152_2
Change Net Name : Old Net Name=NetR57_Voltage_Indicator3_2 New Net Name=NetR154_2
Change Net Name : Old Net Name=NetR60_1 New Net Name=NetR113_1
Change Net Name : Old Net Name=NetR64_1 New Net Name=NetR117_1
Change Net Name : Old Net Name=NetR64_2 New Net Name=NetR117_2
Change Net Name : Old Net Name=NetR66_1 New Net Name=NetR119_1
Change Net Name : Old Net Name=NetR67_1 New Net Name=NetR120_1
Change Net Name : Old Net Name=NetR67_2 New Net Name=NetR120_2
Change Net Name : Old Net Name=NetR72_ESP UART Output_1 New Net Name=NetR159_1
Change Net Name : Old Net Name=NetR72_UART EXT_1 New Net Name=NetR161_1
Change Net Name : Old Net Name=NetR73_ESP UART Output_1 New Net Name=NetR160_1
Change Net Name : Old Net Name=NetR73_UART EXT_1 New Net Name=NetR162_1
Change Net Name : Old Net Name=NetR74_1 New Net Name=NetR89_1
Change Net Name : Old Net Name=NetR76_1 New Net Name=NetR91_1
Change Net Name : Old Net Name=NetR77_2 New Net Name=NetR92_2
Change Net Name : Old Net Name=NetR78_2 New Net Name=NetR93_2
Change Net Name : Old Net Name=NetR79_1 New Net Name=NetR127_1
Change Net Name : Old Net Name=NetR81_1 New Net Name=NetR121_1
Change Net Name : Old Net Name=NetR83_1 New Net Name=NetR123_1
Change Net Name : Old Net Name=NetR87_1 New Net Name=NetR94_1
Added Pin To Net: NetName=NetQ4_1 Pin=Q4-1
Added Pin To Net: NetName=NetQ4_1 Pin=R128-2
Added Net: Name=NetQ4_1
Added Pin To Net: NetName=NetQ6_1 Pin=Q6-1
Added Pin To Net: NetName=NetQ6_1 Pin=R135-2
Added Net: Name=NetQ6_1
Added Pin To Net: NetName=NetQ8_1 Pin=Q8-1
Added Pin To Net: NetName=NetQ8_1 Pin=R142-2
Added Net: Name=NetQ8_1
Change Class Name : Old Net Name=Magnetometer New Net Name=Regulators
Change Class Name : Old Net Name=Regulators New Net Name=Gyroscope
Added Class: Name=Magnetometer
Added Member To Class: ClassName=Accelerometer Member=Component C9 (C1) Cap
Added Member To Class: ClassName=Accelerometer Member=Component C10 (C2) Cap
Added Member To Class: ClassName=Barometer Member=Component C27 (C11) Cap
Added Member To Class: ClassName=Barometer Member=Component C28 (C12) Cap
Added Member To Class: ClassName=ESP Member=Component C30 (C20) Cap
Added Member To Class: ClassName=ESP Member=Component C31 (C21) Cap
Added Member To Class: ClassName=ESP Member=Component C33 (C23) Cap
Added Member To Class: ClassName=ESP Member=Component C34 (C24) Cap
Added Member To Class: ClassName=ESP Member=Component C35 (C25) Cap
Added Member To Class: ClassName=ESP Member=Component C36 (C26) Cap
Added Member To Class: ClassName=ESP Member=Component C37 (C27) Cap
Added Member To Class: ClassName=ESP Member=Component C38 (C28) Cap
Added Member To Class: ClassName=ESP Member=Component C40 (C30) Cap
Added Member To Class: ClassName=Gyroscope Member=Component C43 (C15) Cap
Added Member To Class: ClassName=Gyroscope Member=Component C44 (C16) Cap
Added Member To Class: ClassName=PWR Member=Component C47 (C32) Cap
Added Member To Class: ClassName=PWR Member=Component C48 (C33) Cap
Added Member To Class: ClassName=PWR Member=Component C49 (C34) Cap
Added Member To Class: ClassName=PWR Member=Component C50 (C35) Cap
Added Member To Class: ClassName=PWR Member=Component C51 (C36) Cap
Added Member To Class: ClassName=PWR Member=Component C52 (C37) Cap
Added Member To Class: ClassName=PWR Member=Component C53 (C38) Cap
Added Member To Class: ClassName=Regulators Member=Component C54 (C41) Cap
Added Member To Class: ClassName=Regulators Member=Component C55 (C42) Cap
Added Member To Class: ClassName=Regulators Member=Component C56 (C43) Cap
Added Member To Class: ClassName=Regulators Member=Component C57 (C44) Cap
Added Member To Class: ClassName=Regulators Member=Component C58 (C45) Cap
Added Member To Class: ClassName=Regulators Member=Component C59 (C46) Cap
Added Member To Class: ClassName=Regulators Member=Component C61 (C48) Cap
Added Member To Class: ClassName=Regulators Member=Component C63 (C50) Cap
Added Member To Class: ClassName=Regulators Member=Component C64 (C51) Cap
Added Member To Class: ClassName=Squib_Managment Member=Component C65 (C39) Cap
Added Member To Class: ClassName=Squib_Managment Member=Component C66 (C40) Cap
Added Member To Class: ClassName=ESP Member=Component D1 (D2) LED_R
Added Member To Class: ClassName=U_ESP power Member=Component D2 (D5) Buck Diode
Added Member To Class: ClassName=PWR Member=Component D10 (D4) LED_R
Added Member To Class: ClassName=Regulators Member=Component D11 (D7) Buck Diode
Added Member To Class: ClassName=Main Member=Component J5 (J15) PiGPIOBreakout
Added Member To Class: ClassName=U_Power IO Member=Component J6 (J7) Screw Terminal
Added Member To Class: ClassName=U_Power IO Member=Component J7 (J8) Screw Terminal
Added Member To Class: ClassName=U_Power IO Member=Component J9 (J10) Screw Terminal
Added Member To Class: ClassName=U_Power IO Member=Component J10 (J11) Screw Terminal
Added Member To Class: ClassName=U_Power IO Member=Component J11 (J12) Screw Terminal
Added Member To Class: ClassName=U_Power IO Member=Component J13 (J14) Screw Terminal
Added Member To Class: ClassName=SPI Output Member=Component J17 (J4) Screw Terminal
Added Member To Class: ClassName=SPI Output Member=Component J18 (J5) Screw Terminal
Added Member To Class: ClassName=Regulators Member=Component L1 7447709330
Added Member To Class: ClassName=PWR Member=Component Q2 (Q3) P-Channel
Added Member To Class: ClassName=PWR Member=Component Q3 (Q4) N-Channel
Added Member To Class: ClassName=Buzzer Member=Component R53 (R15) Res3
Added Member To Class: ClassName=Buzzer Member=Component R54 (R16) Res3
Added Member To Class: ClassName=ESP Member=Component R55 (R17) Res3
Added Member To Class: ClassName=ESP Member=Component R56 (R18) Res3
Added Member To Class: ClassName=ESP Member=Component R59 (R21) Res3
Added Member To Class: ClassName=ESP Member=Component R60 (R22) Res3
Added Member To Class: ClassName=ESP Member=Component R62 (R24) Res3
Added Member To Class: ClassName=ESP Member=Component R63 (R25) Res3
Added Member To Class: ClassName=ESP Member=Component R65 (R27) Res3
Added Member To Class: ClassName=ESP Member=Component R66 (R28) Res3
Added Member To Class: ClassName=ESP Member=Component R68 (R30) Res3
Added Member To Class: ClassName=ESP Member=Component R69 (R31) Res3
Added Member To Class: ClassName=ESP Member=Component R71 (R33) Res3
Added Member To Class: ClassName=ESP Member=Component R72 (R34) Res3
Added Member To Class: ClassName=ESP Member=Component R75 (R37) Res3
Added Member To Class: ClassName=ESP Member=Component R78 (R40) Res3
Added Member To Class: ClassName=ESP Member=Component R79 (R41) Res3
Added Member To Class: ClassName=ESP Member=Component R84 (R46) Res3
Added Member To Class: ClassName=ESP Member=Component R87 (R49) Res3
Added Member To Class: ClassName=U_ESP power Member=Component R89 (R74) Res3
Added Member To Class: ClassName=U_ESP power Member=Component R90 (R75) Res3
Added Member To Class: ClassName=U_ESP power Member=Component R91 (R76) Res3
Added Member To Class: ClassName=U_ESP power Member=Component R92 (R77) Res3
Added Member To Class: ClassName=U_ESP power Member=Component R93 (R78) Res3
Added Member To Class: ClassName=Main Member=Component R94 (R87) Res3
Added Member To Class: ClassName=Main Member=Component R95 (R88) Res3
Added Member To Class: ClassName=Main Member=Component R96 (R89) Res3
Added Member To Class: ClassName=Main Member=Component R97 (R90) Res3
Added Member To Class: ClassName=Main Member=Component R98 (R91) Res3
Added Member To Class: ClassName=Main Member=Component R99 (R92) Res3
Added Member To Class: ClassName=Main Member=Component R100 (R93) Res3
Added Member To Class: ClassName=Main Member=Component R101 (R94) Res3
Added Member To Class: ClassName=Main Member=Component R102 (R95) Res3
Added Member To Class: ClassName=Main Member=Component R103 (R96) Res3
Added Member To Class: ClassName=PWR Member=Component R111 (R58) Res3
Added Member To Class: ClassName=PWR Member=Component R112 (R59) Res3
Added Member To Class: ClassName=PWR Member=Component R113 (R60) Res3
Added Member To Class: ClassName=PWR Member=Component R114 (R61) Res3
Added Member To Class: ClassName=PWR Member=Component R115 (R62) Res3
Added Member To Class: ClassName=PWR Member=Component R116 (R63) Res3
Added Member To Class: ClassName=PWR Member=Component R117 (R64) Res3
Added Member To Class: ClassName=PWR Member=Component R118 (R65) Res3
Added Member To Class: ClassName=PWR Member=Component R119 (R66) Res3
Added Member To Class: ClassName=PWR Member=Component R120 (R67) Res3
Added Member To Class: ClassName=Regulators Member=Component R121 (R81) Res3
Added Member To Class: ClassName=Regulators Member=Component R122 (R82) Res3
Added Member To Class: ClassName=Regulators Member=Component R123 (R83) Res3
Added Member To Class: ClassName=Regulators Member=Component R124 (R84) Res3
Added Member To Class: ClassName=Regulators Member=Component R125 (R85) Res3
Added Member To Class: ClassName=Regulators Member=Component R126 (R86) Res3
Added Member To Class: ClassName=Squib_Managment Member=Component R127 (R79) Res3
Added Member To Class: ClassName=SPI Output Member=Component R155 (R68) Res3
Added Member To Class: ClassName=SPI Output Member=Component R156 (R69) Res3
Added Member To Class: ClassName=SPI Output Member=Component R157 (R70) Res3
Added Member To Class: ClassName=SPI Output Member=Component R158 (R71) Res3
Added Member To Class: ClassName=Buzzer Member=Component T1 (T3) MMBT2222ALT1
Added Member To Class: ClassName=Buzzer Member=Component T2 (T4) MMBT2222ALT1
Added Member To Class: ClassName=ESP Member=Component T3 (T5) MMBT2222ALT1
Added Member To Class: ClassName=ESP Member=Component T4 (T6) MMBT2222ALT1
Added Member To Class: ClassName=U_ESP power Member=Component T5 (T10) MMBT2222ALT1
Added Member To Class: ClassName=U_ESP power Member=Component T6 (T11) MMBT2222ALT1
Added Member To Class: ClassName=PWR Member=Component T7 (T8) MMBT2222ALT1
Added Member To Class: ClassName=PWR Member=Component T8 (T9) MMBT2222ALT1
Added Member To Class: ClassName=Accelerometer Member=Component U2 (U1) LIS3DSHTR
Added Member To Class: ClassName=Barometer Member=Component U4 (U3) BMP388
Added Member To Class: ClassName=ESP Member=Component U5 (U6) 3.3V Regulator
Added Member To Class: ClassName=ESP Member=Component U6 (U7) ESP32-WROOM-32D
Added Member To Class: ClassName=PWR Member=Component U9 (U8) ACS70331EESATR-005B3
Added Member To Class: ClassName=Regulators Member=Component U10 Linear Regulator
Added Member To Class: ClassName=Regulators Member=Component U11 Linear Regulator
Added Member To Class: ClassName=Squib_Managment Member=Component U13 (U9) ACS711KEXLT-15AB-T
Added Room: Name=Accelerometer
Added Room: Name=ACT_IND
Added Room: Name=ACT_IndESP
Added Room: Name=ADC 1
Added Room: Name=ADC 2
Added Room: Name=AIN01
Added Room: Name=AIN02
Added Room: Name=AIN11
Added Room: Name=AIN12
Added Room: Name=AIN21
Added Room: Name=AIN22
Added Room: Name=AIN31
Added Room: Name=AIN32
Added Room: Name=Barometer
Added Room: Name=Buzzer
Added Room: Name=ERR_IndESP
Added Room: Name=ERR_IndPi
Added Room: Name=ESP
Added Room: Name=ESP UART Output
Added Room: Name=Gyroscope
Added Room: Name=Magnetometer
Added Room: Name=Main
Added Room: Name=Main_IND
Added Room: Name=Main_Squib
Added Room: Name=Motor_IND
Added Room: Name=Motor_Squib
Added Room: Name=PWR
Added Room: Name=Regulators
Added Room: Name=Sep_IND
Added Room: Name=Sep_Squib
Added Room: Name=SPI Output
Added Room: Name=Squib_Managment
Added Room: Name=U_ESP power
Added Room: Name=U_Power IO
Added Room: Name=UART
Added Room: Name=UART EXT
Added Room: Name=Voltage_Indicator1
Added Room: Name=Voltage_Indicator2
Added Room: Name=Voltage_Indicator3
