Added Component: Designator=D6(DO-35)
Add component. Clean all parameters for all variants
Add component (AddParameter): Name = "Code_JEDEC"; Value = "DO-204-AH"; VariantName = "[No Variations]"
Add component (AddParameter): Name = "ComponentLink1Description"; Value = "Manufacturer Link"; VariantName = "[No Variations]"
Add component (AddParameter): Name = "ComponentLink1URL"; Value = "http://www.fairchildsemi.com/"; VariantName = "[No Variations]"
Add component (AddParameter): Name = "ComponentLink2Description"; Value = "Datasheet"; VariantName = "[No Variations]"
Add component (AddParameter): Name = "ComponentLink2URL"; Value = "http://www.fairchildsemi.com/ds/1N%2F1N4448.pdf"; VariantName = "[No Variations]"
Add component (AddParameter): Name = "DatasheetVersion"; Value = "1997"; VariantName = "[No Variations]"
Add component (AddParameter): Name = "LatestRevisionDate"; Value = "17-Jul-2002"; VariantName = "[No Variations]"
Add component (AddParameter): Name = "LatestRevisionNote"; Value = "Re-released for DXP Platform."; VariantName = "[No Variations]"
Add component (AddParameter): Name = "PackageDescription"; Value = "Diode, Axial; Body 3.8 x 1.9 mm (LxDia. max), Lead Dia. 0.53 mm (max)"; VariantName = "[No Variations]"
Add component (AddParameter): Name = "PackageReference"; Value = "DO-35"; VariantName = "[No Variations]"
Add component (AddParameter): Name = "Published"; Value = "8-Jun-2000"; VariantName = "[No Variations]"
Add component (AddParameter): Name = "Publisher"; Value = "Altium Limited"; VariantName = "[No Variations]"
Added Pin To Net: NetName=NetR4_U_Red_LED1_2 Pin=T3_U_Red_LED1-1
Added Pin To Net: NetName=GND Pin=T3_U_Red_LED1-2
Added Pin To Net: NetName=NetD1_U_Red_LED1_2 Pin=T3_U_Red_LED1-3
Added Pin To Net: NetName=NetR4_U_Red_LED2_2 Pin=T3_U_Red_LED2-1
Added Pin To Net: NetName=GND Pin=T3_U_Red_LED2-2
Added Pin To Net: NetName=NetD1_U_Red_LED2_2 Pin=T3_U_Red_LED2-3
Added Pin To Net: NetName=NetR4_U_Red_LED3_2 Pin=T3_U_Red_LED3-1
Added Pin To Net: NetName=GND Pin=T3_U_Red_LED3-2
Added Pin To Net: NetName=NetD1_U_Red_LED3_2 Pin=T3_U_Red_LED3-3
Change Class Name : Old Net Name=U_Power Managment New Net Name=PWR
Added Class: Name=Bz
Added Class: Name=ESP
Added Class: Name=LVCS
Added Class: Name=LVLESP
Added Class: Name=LVLPI/ESP
Added Class: Name=LVMISO
Added Class: Name=LVMOSI
Added Class: Name=LVRX1
Added Class: Name=LVRX2
Added Class: Name=LVSCLK
Added Class: Name=LVTX1
Added Class: Name=LVTX2
Added Class: Name=SPI-IO
Added Class: Name=UART
Added Member To Class: ClassName=PWR Member=Component +3.3- Screw Terminal
Added Member To Class: ClassName=PWR Member=Component +3.3- Screw Terminal
Added Member To Class: ClassName=PWR Member=Component +5- Screw Terminal
Added Member To Class: ClassName=PWR Member=Component +5- Screw Terminal
Added Member To Class: ClassName=PWR Member=Component +5- Screw Terminal
