Change Component Footprint: Designator=L1 Old Footprint=*INDM1200X1200X1000N New Footprint=INDUCTOR
Change Component Footprint: Designator=R+1 Old Footprint=J1-0603 New Footprint=0603 to 0805 SMD - duplicate
Change Component Footprint: Designator=R+1 Old Footprint=J1-0603 New Footprint=0603 to 0805 SMD - duplicate
Change Component Footprint: Designator=R+1 Old Footprint=J1-0603 New Footprint=0603 to 0805 SMD - duplicate
Change Component Footprint: Designator=R+1 Old Footprint=J1-0603 New Footprint=0603 to 0805 SMD - duplicate
Change Component Footprint: Designator=R+1 Old Footprint=J1-0603 New Footprint=0603 to 0805 SMD - duplicate
Change Component Footprint: Designator=R+1 Old Footprint=J1-0603 New Footprint=0603 to 0805 SMD - duplicate
Change Component Footprint: Designator=R+1 Old Footprint=J1-0603 New Footprint=0603 to 0805 SMD - duplicate
Change Component Footprint: Designator=R+1 Old Footprint=J1-0603 New Footprint=0603 to 0805 SMD - duplicate
Change Component Footprint: Designator=R+2 Old Footprint=J1-0603 New Footprint=0603 to 0805 SMD - duplicate
Change Component Footprint: Designator=R+2 Old Footprint=J1-0603 New Footprint=0603 to 0805 SMD - duplicate
Change Component Footprint: Designator=R+2 Old Footprint=J1-0603 New Footprint=0603 to 0805 SMD - duplicate
Change Component Footprint: Designator=R+2 Old Footprint=J1-0603 New Footprint=0603 to 0805 SMD - duplicate
Change Component Footprint: Designator=R+2 Old Footprint=J1-0603 New Footprint=0603 to 0805 SMD - duplicate
Change Component Footprint: Designator=R+2 Old Footprint=J1-0603 New Footprint=0603 to 0805 SMD - duplicate
Change Component Footprint: Designator=R+2 Old Footprint=J1-0603 New Footprint=0603 to 0805 SMD - duplicate
Change Component Footprint: Designator=R+2 Old Footprint=J1-0603 New Footprint=0603 to 0805 SMD - duplicate
Change Component Footprint: Designator=R+3 Old Footprint=J1-0603 New Footprint=0603 to 0805 SMD - duplicate
Change Component Footprint: Designator=R+4 Old Footprint=J1-0603 New Footprint=0603 to 0805 SMD - duplicate
Change Component Footprint: Designator=R+5 Old Footprint=J1-0603 New Footprint=0603 to 0805 SMD - duplicate
Change Component Footprint: Designator=R+6 Old Footprint=J1-0603 New Footprint=0603 to 0805 SMD - duplicate
Change Component Footprint: Designator=RF1 Old Footprint=J1-0603 New Footprint=0603 to 0805 SMD - duplicate
Change Component Footprint: Designator=RF1 Old Footprint=J1-0603 New Footprint=0603 to 0805 SMD - duplicate
Change Component Footprint: Designator=RF1 Old Footprint=J1-0603 New Footprint=0603 to 0805 SMD - duplicate
Change Component Footprint: Designator=RF1 Old Footprint=J1-0603 New Footprint=0603 to 0805 SMD - duplicate
Change Component Footprint: Designator=RF1 Old Footprint=J1-0603 New Footprint=0603 to 0805 SMD - duplicate
Change Component Footprint: Designator=RF1 Old Footprint=J1-0603 New Footprint=0603 to 0805 SMD - duplicate
Change Component Footprint: Designator=RF1 Old Footprint=J1-0603 New Footprint=0603 to 0805 SMD - duplicate
Change Component Footprint: Designator=RF1 Old Footprint=J1-0603 New Footprint=0603 to 0805 SMD - duplicate
Change Component Footprint: Designator=RGND1 Old Footprint=J1-0603 New Footprint=0603 to 0805 SMD - duplicate
Change Component Footprint: Designator=RGND1 Old Footprint=J1-0603 New Footprint=0603 to 0805 SMD - duplicate
Change Component Footprint: Designator=RGND1 Old Footprint=J1-0603 New Footprint=0603 to 0805 SMD - duplicate
Change Component Footprint: Designator=RGND1 Old Footprint=J1-0603 New Footprint=0603 to 0805 SMD - duplicate
Change Component Footprint: Designator=RGND1 Old Footprint=J1-0603 New Footprint=0603 to 0805 SMD - duplicate
Change Component Footprint: Designator=RGND1 Old Footprint=J1-0603 New Footprint=0603 to 0805 SMD - duplicate
Change Component Footprint: Designator=RGND1 Old Footprint=J1-0603 New Footprint=0603 to 0805 SMD - duplicate
Change Component Footprint: Designator=RGND1 Old Footprint=J1-0603 New Footprint=0603 to 0805 SMD - duplicate
Change Component Footprint: Designator=C22 Old Footprint=RAD-0.3 New Footprint=0603 Footprint
Change Component Footprint: Designator=C27 Old Footprint=RAD-0.3 New Footprint=0603 Footprint
Change Component Footprint: Designator=C32 Old Footprint=RAD-0.3 New Footprint=0603 Footprint
Change Component Footprint: Designator=C34 Old Footprint=RAD-0.3 New Footprint=0603 Footprint
Change Component Footprint: Designator=C35 Old Footprint=RAD-0.3 New Footprint=0603 Footprint
Change Component Footprint: Designator=C36 Old Footprint=RAD-0.3 New Footprint=0603 Footprint
Change Component Footprint: Designator=C37 Old Footprint=RAD-0.3 New Footprint=0603 Footprint
Change Component Footprint: Designator=C3 Old Footprint=RAD-0.3 New Footprint=0603 to 0805 SMD - duplicate
Change Component Footprint: Designator=C3 Old Footprint=RAD-0.3 New Footprint=0603 to 0805 SMD - duplicate
Change Component Footprint: Designator=C7 Old Footprint=RAD-0.3 New Footprint=0603 to 0805 SMD - duplicate
Change Component Footprint: Designator=C7 Old Footprint=RAD-0.3 New Footprint=0603 to 0805 SMD - duplicate
Change Component Footprint: Designator=C8 Old Footprint=RAD-0.3 New Footprint=0603 to 0805 SMD - duplicate
Change Component Footprint: Designator=C8 Old Footprint=RAD-0.3 New Footprint=0603 to 0805 SMD - duplicate
Change Component Footprint: Designator=CF1 Old Footprint=RAD-0.3 New Footprint=0603 to 0805 SMD - duplicate
Change Component Footprint: Designator=CF1 Old Footprint=RAD-0.3 New Footprint=0603 to 0805 SMD - duplicate
Change Component Footprint: Designator=CF1 Old Footprint=RAD-0.3 New Footprint=0603 to 0805 SMD - duplicate
Change Component Footprint: Designator=CF1 Old Footprint=RAD-0.3 New Footprint=0603 to 0805 SMD - duplicate
Change Component Footprint: Designator=CF1 Old Footprint=RAD-0.3 New Footprint=0603 to 0805 SMD - duplicate
Change Component Footprint: Designator=CF1 Old Footprint=RAD-0.3 New Footprint=0603 to 0805 SMD - duplicate
Change Component Footprint: Designator=CF1 Old Footprint=RAD-0.3 New Footprint=0603 to 0805 SMD - duplicate
Change Component Footprint: Designator=CF1 Old Footprint=RAD-0.3 New Footprint=0603 to 0805 SMD - duplicate
Change Component Footprint: Designator=C21 Old Footprint=RAD-0.3 New Footprint=0603 to 1210 SMD
Change Component Footprint: Designator=C23 Old Footprint=RAD-0.3 New Footprint=0603 to 1210 SMD
Change Component Footprint: Designator=C26 Old Footprint=RAD-0.3 New Footprint=0603 to 1210 SMD
Change Component Footprint: Designator=C29 Old Footprint=RAD-0.3 New Footprint=0603 to 1210 SMD
Change Component Footprint: Designator=C30 Old Footprint=RAD-0.3 New Footprint=0603 to 1210 SMD
Change Component Footprint: Designator=C31 Old Footprint=RAD-0.3 New Footprint=0603 to 1210 SMD
Change Component Footprint: Designator=C19 Old Footprint=RAD-0.3 New Footprint=0805 Footprint
Change Component Footprint: Designator=C20 Old Footprint=RAD-0.3 New Footprint=0805 Footprint
Change Component Footprint: Designator=C24 Old Footprint=RAD-0.3 New Footprint=0805 Footprint
Change Component Footprint: Designator=C25 Old Footprint=RAD-0.3 New Footprint=0805 Footprint
Change Component Footprint: Designator=C38 Old Footprint=RAD-0.3 New Footprint=0805 Footprint
Change Component Footprint: Designator=C39 Old Footprint=RAD-0.3 New Footprint=0805 Footprint
Change Component Footprint: Designator=C28 Old Footprint=RAD-0.3 New Footprint=Electrolytic Cap
Change Component Footprint: Designator=C33 Old Footprint=RAD-0.3 New Footprint=Electrolytic Cap
