Removed Member From Class: ClassName=U_ADC1 Member=C20_U_ADC1
Removed Member From Class: ClassName=U_ADC2 Member=C20_U_ADC2
Removed Member From Class: ClassName=PWR Member=C?
Removed Member From Class: ClassName=U_Squib_Managment Member=C?
Removed Member From Class: ClassName=PWR Member=Q?
Removed Member From Class: ClassName=U_Squib_Managment Member=R?
Removed Member From Class: ClassName=PWR Member=T?
Removed Member From Class: ClassName=PWR Member=U?
Change Component Designator: OldDesignator=1 NewDesignator=8
Change Component Designator: OldDesignator=2_LVLESP NewDesignator=9_LVLESP
Change Component Designator: OldDesignator=2_LVLPI/ESP NewDesignator=9_LVLPI/ESP
Change Component Designator: OldDesignator=3.3V NewDesignator=2
Change Component Designator: OldDesignator=3.3V NewDesignator=4
Change Component Designator: OldDesignator=3.3V NewDesignator=6
Change Component Designator: OldDesignator=5V NewDesignator=1
Change Component Designator: OldDesignator=5V NewDesignator=3
Change Component Designator: OldDesignator=5V_Clean NewDesignator=5
Change Component Designator: OldDesignator=5V_Clean NewDesignator=7
Change Component Designator: OldDesignator=C4_U_ADC1 NewDesignator=C5_U_ADC1
Change Component Designator: OldDesignator=C4_U_ADC2 NewDesignator=C5_U_ADC2
Change Component Designator: OldDesignator=C5_U_ADC1 NewDesignator=C6_U_ADC1
Change Component Designator: OldDesignator=C5_U_ADC2 NewDesignator=C6_U_ADC2
Change Component Designator: OldDesignator=C6_U_ADC1 NewDesignator=C7_U_ADC1
Change Component Designator: OldDesignator=C6_U_ADC2 NewDesignator=C7_U_ADC2
Change Component Designator: OldDesignator=C7_U_ADC1 NewDesignator=C8_U_ADC1
Change Component Designator: OldDesignator=C7_U_ADC2 NewDesignator=C8_U_ADC2
Change Component Designator: OldDesignator=C8_U_ADC1 NewDesignator=C9_U_ADC1
Change Component Designator: OldDesignator=C8_U_ADC2 NewDesignator=C9_U_ADC2
Change Component Designator: OldDesignator=C9_U_ADC1 NewDesignator=C10_U_ADC1
Change Component Designator: OldDesignator=C9_U_ADC2 NewDesignator=C10_U_ADC2
Change Component Designator: OldDesignator=C10 NewDesignator=C11
Change Component Designator: OldDesignator=C11 NewDesignator=C12
Change Component Designator: OldDesignator=C12 NewDesignator=C13
Change Component Designator: OldDesignator=C13 NewDesignator=C14
Change Component Designator: OldDesignator=C14 NewDesignator=C15
Change Component Designator: OldDesignator=C15 NewDesignator=C16
Change Component Designator: OldDesignator=C16 NewDesignator=C17
Change Component Designator: OldDesignator=C17 NewDesignator=C18
Change Component Designator: OldDesignator=C18 NewDesignator=C19
Change Component Designator: OldDesignator=C19 NewDesignator=C20
Change Component Designator: OldDesignator=C20_U_ADC1 NewDesignator=C4_U_ADC1
Change Component Designator: OldDesignator=C20_U_ADC2 NewDesignator=C4_U_ADC2
Change Component Designator: OldDesignator=C24 NewDesignator=C25
Change Component Designator: OldDesignator=C25 NewDesignator=C26
Change Component Designator: OldDesignator=C26 NewDesignator=C27
Change Component Designator: OldDesignator=C27 NewDesignator=C28
Change Component Designator: OldDesignator=C28 NewDesignator=C29
Change Component Designator: OldDesignator=C30 NewDesignator=C31
Change Component Designator: OldDesignator=C31 NewDesignator=C32
Change Component Designator: OldDesignator=C? NewDesignator=C24
Change Component Designator: OldDesignator=C? NewDesignator=C30
Change Component Designator: OldDesignator=C? NewDesignator=C38
Change Component Designator: OldDesignator=C? NewDesignator=C39
Change Component Designator: OldDesignator=CF_AIN01 NewDesignator=CF1_AIN01
Change Component Designator: OldDesignator=CF_AIN02 NewDesignator=CF1_AIN02
Change Component Designator: OldDesignator=CF_AIN11 NewDesignator=CF1_AIN11
Change Component Designator: OldDesignator=CF_AIN12 NewDesignator=CF1_AIN12
Change Component Designator: OldDesignator=CF_AIN21 NewDesignator=CF1_AIN21
Change Component Designator: OldDesignator=CF_AIN22 NewDesignator=CF1_AIN22
Change Component Designator: OldDesignator=CF_AIN31 NewDesignator=CF1_AIN31
Change Component Designator: OldDesignator=CF_AIN32 NewDesignator=CF1_AIN32
Change Component Designator: OldDesignator=D? NewDesignator=D7
Change Component Designator: OldDesignator=Q? NewDesignator=Q6
Change Component Designator: OldDesignator=R37_U_Blue_LED1 NewDesignator=R33_U_Blue_LED1
Change Component Designator: OldDesignator=R37_U_Blue_LED2 NewDesignator=R33_U_Blue_LED2
Change Component Designator: OldDesignator=R37_U_Blue_LED3 NewDesignator=R33_U_Blue_LED3
Change Component Designator: OldDesignator=R38_U_Blue_LED1 NewDesignator=R34_U_Blue_LED1
Change Component Designator: OldDesignator=R38_U_Blue_LED2 NewDesignator=R34_U_Blue_LED2
Change Component Designator: OldDesignator=R38_U_Blue_LED3 NewDesignator=R34_U_Blue_LED3
Change Component Designator: OldDesignator=R42_LVCS NewDesignator=R38_LVCS
Change Component Designator: OldDesignator=R42_LVMISO NewDesignator=R38_LVMISO
Change Component Designator: OldDesignator=R42_LVMOSI NewDesignator=R38_LVMOSI
Change Component Designator: OldDesignator=R42_LVRX1 NewDesignator=R38_LVRX1
Change Component Designator: OldDesignator=R42_LVRX2 NewDesignator=R38_LVRX2
Change Component Designator: OldDesignator=R42_LVSCLK NewDesignator=R38_LVSCLK
Change Component Designator: OldDesignator=R42_LVTX1 NewDesignator=R38_LVTX1
Change Component Designator: OldDesignator=R42_LVTX2 NewDesignator=R38_LVTX2
Change Component Designator: OldDesignator=R43_LVCS NewDesignator=R39_LVCS
Change Component Designator: OldDesignator=R43_LVMISO NewDesignator=R39_LVMISO
Change Component Designator: OldDesignator=R43_LVMOSI NewDesignator=R39_LVMOSI
Change Component Designator: OldDesignator=R43_LVRX1 NewDesignator=R39_LVRX1
Change Component Designator: OldDesignator=R43_LVRX2 NewDesignator=R39_LVRX2
Change Component Designator: OldDesignator=R43_LVSCLK NewDesignator=R39_LVSCLK
Change Component Designator: OldDesignator=R43_LVTX1 NewDesignator=R39_LVTX1
Change Component Designator: OldDesignator=R43_LVTX2 NewDesignator=R39_LVTX2
Change Component Designator: OldDesignator=R46 NewDesignator=R42
Change Component Designator: OldDesignator=R47 NewDesignator=R43
Change Component Designator: OldDesignator=R48 NewDesignator=R44
Change Component Designator: OldDesignator=R49 NewDesignator=R45
Change Component Designator: OldDesignator=R50 NewDesignator=R46
Change Component Designator: OldDesignator=R51 NewDesignator=R47
Change Component Designator: OldDesignator=R52 NewDesignator=R48
Change Component Designator: OldDesignator=R53 NewDesignator=R49
Change Component Designator: OldDesignator=R54 NewDesignator=R50
Change Component Designator: OldDesignator=R55 NewDesignator=R51
Change Component Designator: OldDesignator=R56 NewDesignator=R52
Change Component Designator: OldDesignator=R57 NewDesignator=R53
Change Component Designator: OldDesignator=R58 NewDesignator=R54
Change Component Designator: OldDesignator=R59 NewDesignator=R55
Change Component Designator: OldDesignator=R+5_AIN01 NewDesignator=R+1_AIN01
Change Component Designator: OldDesignator=R+5_AIN02 NewDesignator=R+1_AIN02
Change Component Designator: OldDesignator=R+5_AIN11 NewDesignator=R+1_AIN11
Change Component Designator: OldDesignator=R+5_AIN12 NewDesignator=R+1_AIN12
Change Component Designator: OldDesignator=R+5_AIN21 NewDesignator=R+1_AIN21
Change Component Designator: OldDesignator=R+5_AIN22 NewDesignator=R+1_AIN22
Change Component Designator: OldDesignator=R+5_AIN31 NewDesignator=R+1_AIN31
Change Component Designator: OldDesignator=R+5_AIN32 NewDesignator=R+1_AIN32
Change Component Designator: OldDesignator=R+33_AIN01 NewDesignator=R+2_AIN01
Change Component Designator: OldDesignator=R+33_AIN02 NewDesignator=R+2_AIN02
Change Component Designator: OldDesignator=R+33_AIN11 NewDesignator=R+2_AIN11
Change Component Designator: OldDesignator=R+33_AIN12 NewDesignator=R+2_AIN12
Change Component Designator: OldDesignator=R+33_AIN21 NewDesignator=R+2_AIN21
Change Component Designator: OldDesignator=R+33_AIN22 NewDesignator=R+2_AIN22
Change Component Designator: OldDesignator=R+33_AIN31 NewDesignator=R+2_AIN31
Change Component Designator: OldDesignator=R+33_AIN32 NewDesignator=R+2_AIN32
Change Component Designator: OldDesignator=R+? NewDesignator=R+3
Change Component Designator: OldDesignator=R+? NewDesignator=R+4
Change Component Designator: OldDesignator=R+? NewDesignator=R+5
Change Component Designator: OldDesignator=R+? NewDesignator=R+6
Change Component Designator: OldDesignator=R? NewDesignator=R17
Change Component Designator: OldDesignator=R? NewDesignator=R18
Change Component Designator: OldDesignator=R? NewDesignator=R56
Change Component Designator: OldDesignator=RF_AIN01 NewDesignator=RF1_AIN01
Change Component Designator: OldDesignator=RF_AIN02 NewDesignator=RF1_AIN02
Change Component Designator: OldDesignator=RF_AIN11 NewDesignator=RF1_AIN11
Change Component Designator: OldDesignator=RF_AIN12 NewDesignator=RF1_AIN12
Change Component Designator: OldDesignator=RF_AIN21 NewDesignator=RF1_AIN21
Change Component Designator: OldDesignator=RF_AIN22 NewDesignator=RF1_AIN22
Change Component Designator: OldDesignator=RF_AIN31 NewDesignator=RF1_AIN31
Change Component Designator: OldDesignator=RF_AIN32 NewDesignator=RF1_AIN32
Change Component Designator: OldDesignator=RGND_AIN01 NewDesignator=RGND1_AIN01
Change Component Designator: OldDesignator=RGND_AIN02 NewDesignator=RGND1_AIN02
Change Component Designator: OldDesignator=RGND_AIN11 NewDesignator=RGND1_AIN11
Change Component Designator: OldDesignator=RGND_AIN12 NewDesignator=RGND1_AIN12
Change Component Designator: OldDesignator=RGND_AIN21 NewDesignator=RGND1_AIN21
Change Component Designator: OldDesignator=RGND_AIN22 NewDesignator=RGND1_AIN22
Change Component Designator: OldDesignator=RGND_AIN31 NewDesignator=RGND1_AIN31
Change Component Designator: OldDesignator=RGND_AIN32 NewDesignator=RGND1_AIN32
Change Component Designator: OldDesignator=T? NewDesignator=T12
Change Component Designator: OldDesignator=T? NewDesignator=T13
Change Component Designator: OldDesignator=U8 NewDesignator=U9
Change Component Designator: OldDesignator=U9 NewDesignator=U10
Change Component Designator: OldDesignator=U10 NewDesignator=U11
Change Component Designator: OldDesignator=U? NewDesignator=U8
Change Component Designator: OldDesignator=U? NewDesignator=U12
Change Net Name : Old Net Name=Net1_3 New Net Name=Net8_3
Change Net Name : Old Net Name=Net2_LVLESP_3 New Net Name=Net9_LVLESP_3
Change Net Name : Old Net Name=Net2_LVLPI/ESP_3 New Net Name=Net9_LVLPI/ESP_3
Change Net Name : Old Net Name=NetC4_U_ADC1_2 New Net Name=NetC4_U_ADC1_1
Change Net Name : Old Net Name=NetC4_U_ADC2_2 New Net Name=NetC4_U_ADC2_1
Change Net Name : Old Net Name=NetC5_U_ADC1_2 New Net Name=NetC4_U_ADC1_2
Change Net Name : Old Net Name=NetC5_U_ADC2_2 New Net Name=NetC4_U_ADC2_2
Change Net Name : Old Net Name=NetC6_U_ADC1_1 New Net Name=NetC7_U_ADC1_1
Change Net Name : Old Net Name=NetC6_U_ADC1_2 New Net Name=NetC7_U_ADC1_2
Change Net Name : Old Net Name=NetC6_U_ADC2_1 New Net Name=NetC7_U_ADC2_1
Change Net Name : Old Net Name=NetC6_U_ADC2_2 New Net Name=NetC7_U_ADC2_2
Change Net Name : Old Net Name=NetC12_1 New Net Name=NetC13_1
Change Net Name : Old Net Name=NetC18_2 New Net Name=NetC19_2
Change Net Name : Old Net Name=NetC28_1 New Net Name=NetC29_1
Change Net Name : Old Net Name=NetQ?_2 New Net Name=NetQ6_2
Change Net Name : Old Net Name=NetR38_U_Blue_LED1_2 New Net Name=NetR34_U_Blue_LED1_2
Change Net Name : Old Net Name=NetR38_U_Blue_LED2_2 New Net Name=NetR34_U_Blue_LED2_2
Change Net Name : Old Net Name=NetR38_U_Blue_LED3_2 New Net Name=NetR34_U_Blue_LED3_2
Change Net Name : Old Net Name=NetR46_1 New Net Name=NetR42_1
Change Net Name : Old Net Name=NetR48_1 New Net Name=NetR44_1
Change Net Name : Old Net Name=NetR53_1 New Net Name=NetR49_1
Change Net Name : Old Net Name=NetR55_1 New Net Name=NetR51_1
Change Net Name : Old Net Name=NetR55_2 New Net Name=NetR51_2
Change Net Name : Old Net Name=NetR58_1 New Net Name=NetR54_1
Change Net Name : Old Net Name=NetR59_1 New Net Name=NetR55_1
Change Net Name : Old Net Name=NetR59_2 New Net Name=NetR55_2
Change Net Name : Old Net Name=NetR+5_AIN01_2 New Net Name=NetR+1_AIN01_2
Change Net Name : Old Net Name=NetR+5_AIN02_2 New Net Name=NetR+1_AIN02_2
Change Net Name : Old Net Name=NetR+5_AIN11_2 New Net Name=NetR+1_AIN11_2
Change Net Name : Old Net Name=NetR+5_AIN12_2 New Net Name=NetR+1_AIN12_2
Change Net Name : Old Net Name=NetR+5_AIN21_2 New Net Name=NetR+1_AIN21_2
Change Net Name : Old Net Name=NetR+5_AIN22_2 New Net Name=NetR+1_AIN22_2
Change Net Name : Old Net Name=NetR+5_AIN31_2 New Net Name=NetR+1_AIN31_2
Change Net Name : Old Net Name=NetR+5_AIN32_2 New Net Name=NetR+1_AIN32_2
Change Net Name : Old Net Name=NetR+?_1 New Net Name=NetR+4_1
Change Net Name : Old Net Name=NetR+?_2 New Net Name=NetR+5_2
Change Net Name : Old Net Name=NetR?_1 New Net Name=NetR17_2
Added Pin To Net: NetName=NetC24_2 Pin=C24-2
Added Pin To Net: NetName=NetC24_2 Pin=U7-24
Added Pin To Net: NetName=NetC24_2 Pin=U8-10
Added Net: Name=NetC24_2
Added Pin To Net: NetName=NetC38_2 Pin=C38-2
Added Pin To Net: NetName=NetC38_2 Pin=U7-26
Added Pin To Net: NetName=NetC38_2 Pin=U12-11
Added Net: Name=NetC38_2
Added Pin To Net: NetName=NetR56_1 Pin=R56-1
Added Pin To Net: NetName=NetR56_1 Pin=U7-4
Added Pin To Net: NetName=NetR56_1 Pin=U12-6
Added Net: Name=NetR56_1
Added Pin To Net: NetName=NetR+6_2 Pin=R+6-2
Added Pin To Net: NetName=NetR+6_2 Pin=T13-1
Added Net: Name=NetR+6_2
Added Member To Class: ClassName=PWR Member=Component 1 Screw Terminal
Added Member To Class: ClassName=PWR Member=Component 2 Screw Terminal
Added Member To Class: ClassName=PWR Member=Component 5 Screw Terminal
Added Member To Class: ClassName=PWR Member=Component 6 Screw Terminal
Added Member To Class: ClassName=U_ADC1 Member=Component C10_U_ADC1 (C10) Cap
Added Member To Class: ClassName=U_ADC2 Member=Component C10_U_ADC2 (C10) Cap
Added Member To Class: ClassName=PWR Member=Component C29 Cap
Added Member To Class: ClassName=PWR Member=Component C32 Cap
Added Member To Class: ClassName=U_Squib_Managment Member=Component C38 Cap
Added Member To Class: ClassName=U_Squib_Managment Member=Component C39 Cap
Added Member To Class: ClassName=ESP Member=Component R17 Res3
Added Member To Class: ClassName=U_Squib_Managment Member=Component R56 Res3
Added Member To Class: ClassName=U_ESP power Member=Component R+3 Res3
Added Member To Class: ClassName=U_ESP power Member=Component R+4 Res3
Added Member To Class: ClassName=U_ESP power Member=Component R+5 Res3
Added Member To Class: ClassName=U_ESP power Member=Component T12 MMBT2222ALT1
Added Member To Class: ClassName=PWR Member=Component U11 Linear Regulator
Added Room: Name=AIN01
Added Room: Name=AIN02
Added Room: Name=AIN11
Added Room: Name=AIN12
Added Room: Name=AIN21
Added Room: Name=AIN22
Added Room: Name=AIN31
Added Room: Name=AIN32
Added Room: Name=Bz
Added Room: Name=ESP
Added Room: Name=LVLESP
Added Room: Name=LVLPI/ESP
Added Room: Name=LVMISO
Added Room: Name=LVMOSI
Added Room: Name=LVSCLK
Added Room: Name=Main
Added Room: Name=Main
Added Room: Name=Main_Ind
Added Room: Name=Motor
Added Room: Name=Motor_Ind
Added Room: Name=PWR
Added Room: Name=Sep
Added Room: Name=Sep_Ind
Added Room: Name=SPI-IO
Added Room: Name=U_Accelerometer
Added Room: Name=U_ADC1
Added Room: Name=U_ADC2
Added Room: Name=U_Barometer
Added Room: Name=U_Blue_LED1
Added Room: Name=U_Blue_LED2
Added Room: Name=U_Blue_LED3
Added Room: Name=U_ESP power
Added Room: Name=U_Gyroscope
Added Room: Name=U_Squib_Managment
Added Room: Name=UART
