Removed Pin From Net: NetName=NetQ3_LVRX1_3 Pin=UART1_LVLESP-1
Removed Pin From Net: NetName=NetQ3_LVTX1_3 Pin=UART1_LVLESP-2
Change Component Footprint: Designator=C22 Old Footprint=0603 Footprint New Footprint=0603 to 0805 SMD
Change Component Footprint: Designator=C27 Old Footprint=0603 Footprint New Footprint=0603 to 0805 SMD
Change Component Footprint: Designator=R_Pi_Pwr Old Footprint=0603 TO 1210 SMD New Footprint=0603 to 0805 SMD
Change Component Footprint: Designator=L1 Old Footprint=INDUCTOR New Footprint=*INDM1200X1200X1000N
Change Component Footprint: Designator=R75 Old Footprint=J1-0603 New Footprint=0603 to 0805 SMD
Added Pin To Net: NetName=NetQ3_LVTX1_3 Pin=UART1_LVLESP-1
Added Pin To Net: NetName=NetQ3_LVRX1_3 Pin=UART1_LVLESP-2
Added Room: Name=ACT_IND
Added Room: Name=ACT_Ind
Added Room: Name=AIN01
Added Room: Name=AIN02
Added Room: Name=AIN11
Added Room: Name=AIN12
Added Room: Name=AIN21
Added Room: Name=AIN22
Added Room: Name=AIN31
Added Room: Name=AIN32
Added Room: Name=Bz
Added Room: Name=ERR_Ind2
Added Room: Name=ESP
Added Room: Name=LVCS
Added Room: Name=LVLESP
Added Room: Name=LVLPI/ESP
Added Room: Name=LVMISO
Added Room: Name=LVMOSI
Added Room: Name=LVRX1
Added Room: Name=LVRX2
Added Room: Name=LVSCLK
Added Room: Name=LVTX1
Added Room: Name=LVTX2
Added Room: Name=Main
Added Room: Name=Main
Added Room: Name=Main_IND
Added Room: Name=Motor
Added Room: Name=Motor_IND
Added Room: Name=PWR
Added Room: Name=Sep
Added Room: Name=Sep_IND
Added Room: Name=SPI-IO
Added Room: Name=U_Accelerometer
Added Room: Name=U_ADC1
Added Room: Name=U_ADC2
Added Room: Name=U_Barometer
Added Room: Name=U_ESP power
Added Room: Name=U_Gyroscope
Added Room: Name=U_Magnetometer
Added Room: Name=U_Power IO
Added Room: Name=U_Regulators
Added Room: Name=U_Squib_Managment
Added Room: Name=UART
Added Room: Name=Voltage_Indicator1
Added Room: Name=Voltage_Indicator2
Added Room: Name=Voltage_Indicator3
