Removed Pin From Net: NetName=NetQ1_Main_1 Pin=Q1_Main-1
Removed Pin From Net: NetName=NetQ1_Main_2 Pin=Q1_Main-2
Removed Pin From Net: NetName=SQB_PWR- Pin=Q1_Main-3
Removed Pin From Net: NetName=NetQ1_Motor_1 Pin=Q1_Motor-1
Removed Pin From Net: NetName=NetQ1_Motor_2 Pin=Q1_Motor-2
Removed Pin From Net: NetName=SQB_PWR- Pin=Q1_Motor-3
Removed Pin From Net: NetName=NetQ1_Sep_1 Pin=Q1_Sep-1
Removed Pin From Net: NetName=NetQ1_Sep_2 Pin=Q1_Sep-2
Removed Pin From Net: NetName=SQB_PWR- Pin=Q1_Sep-3
Removed Pin From Net: NetName=NetQ2_Main_2 Pin=Q2_Main-2
Removed Pin From Net: NetName=SQB_PWR- Pin=Q2_Main-3
Removed Pin From Net: NetName=NetQ2_Motor_2 Pin=Q2_Motor-2
Removed Pin From Net: NetName=SQB_PWR- Pin=Q2_Motor-3
Removed Pin From Net: NetName=NetQ2_Sep_2 Pin=Q2_Sep-2
Removed Pin From Net: NetName=SQB_PWR- Pin=Q2_Sep-3
Removed Pin From Net: NetName=NetQ3_LVCS_D Pin=Q3_LVCS-D
Removed Pin From Net: NetName=3.3V Pin=Q3_LVCS-G
Removed Pin From Net: NetName=NetQ3_LVCS_S Pin=Q3_LVCS-S
Removed Pin From Net: NetName=NetMOSI/MISO1_2 Pin=Q3_LVMISO-D
Removed Pin From Net: NetName=3.3V Pin=Q3_LVMISO-G
Removed Pin From Net: NetName=NetQ3_LVMISO_S Pin=Q3_LVMISO-S
Removed Pin From Net: NetName=NetMOSI/MISO1_1 Pin=Q3_LVMOSI-D
Removed Pin From Net: NetName=3.3V Pin=Q3_LVMOSI-G
Removed Pin From Net: NetName=NetQ3_LVMOSI_S Pin=Q3_LVMOSI-S
Removed Pin From Net: NetName=NetQ3_LVRX1_D Pin=Q3_LVRX1-D
Removed Pin From Net: NetName=3.3V Pin=Q3_LVRX1-G
Removed Pin From Net: NetName=NetQ3_LVRX1_S Pin=Q3_LVRX1-S
Removed Pin From Net: NetName=NetQ3_LVRX2_D Pin=Q3_LVRX2-D
Removed Pin From Net: NetName=3.3V Pin=Q3_LVRX2-G
Removed Pin From Net: NetName=NetQ3_LVRX2_S Pin=Q3_LVRX2-S
Removed Pin From Net: NetName=NetQ3_LVSCLK_D Pin=Q3_LVSCLK-D
Removed Pin From Net: NetName=3.3V Pin=Q3_LVSCLK-G
Removed Pin From Net: NetName=NetQ3_LVSCLK_S Pin=Q3_LVSCLK-S
Removed Pin From Net: NetName=NetQ3_LVTX1_D Pin=Q3_LVTX1-D
Removed Pin From Net: NetName=3.3V Pin=Q3_LVTX1-G
Removed Pin From Net: NetName=NetQ3_LVTX1_S Pin=Q3_LVTX1-S
Removed Pin From Net: NetName=NetQ3_LVTX2_D Pin=Q3_LVTX2-D
Removed Pin From Net: NetName=3.3V Pin=Q3_LVTX2-G
Removed Pin From Net: NetName=NetQ3_LVTX2_S Pin=Q3_LVTX2-S
Removed Pin From Net: NetName=VBAT_Switched Pin=Q4-1
Removed Pin From Net: NetName=NetC34_1 Pin=Q4-2
Removed Pin From Net: NetName=VBAT Pin=Q4-3
Removed Pin From Net: NetName=NetC34_1 Pin=Q5-1
Removed Pin From Net: NetName=NetC35_1 Pin=Q5-2
Removed Pin From Net: NetName=GND Pin=Q5-3
Removed Pin From Net: NetName=NetC19_2 Pin=Q6-1
Removed Pin From Net: NetName=NetQ6_2 Pin=Q6-2
Removed Pin From Net: NetName=Vdigital Pin=Q6-3
Removed Pin From Net: NetName=NetQ2_Main_1 Pin=R23_Main-1
Removed Pin From Net: NetName=NetQ2_Motor_1 Pin=R23_Motor-1
Removed Pin From Net: NetName=NetQ2_Sep_1 Pin=R23_Sep-1
Removed Pin From Net: NetName=NetQ2_Main_2 Pin=R24_Main-2
Removed Pin From Net: NetName=NetQ2_Motor_2 Pin=R24_Motor-2
Removed Pin From Net: NetName=NetQ2_Sep_2 Pin=R24_Sep-2
Removed Pin From Net: NetName=NetQ2_Main_2 Pin=R26_Main-2
Removed Pin From Net: NetName=NetQ2_Motor_2 Pin=R26_Motor-2
Removed Pin From Net: NetName=NetQ2_Sep_2 Pin=R26_Sep-2
Change Component Comment : Designator=U11 Old Comment=Linear Regulator New Comment=LM2596SX-ADJ/NOPB
Change Component Comment : Designator=U10 Old Comment=LM2596SX-ADJ/NOPB New Comment=Linear Regulator
Change Component Description : Designator=R_Pi_Pwr Old Description=Allows the bypass of the 3.3V linear regulator, reducing cost of 'cheap style' boards New Description=Resistor
Added Pin To Net: NetName=NetQ1_Main_2 Pin=Q1_Main-1
Added Pin To Net: NetName=SQB_PWR- Pin=Q1_Main-2
Added Pin To Net: NetName=NetQ1_Main_1 Pin=Q1_Main-3
Added Pin To Net: NetName=NetQ1_Motor_2 Pin=Q1_Motor-1
Added Pin To Net: NetName=SQB_PWR- Pin=Q1_Motor-2
Added Pin To Net: NetName=NetQ1_Motor_1 Pin=Q1_Motor-3
Added Pin To Net: NetName=NetQ1_Sep_2 Pin=Q1_Sep-1
Added Pin To Net: NetName=SQB_PWR- Pin=Q1_Sep-2
Added Pin To Net: NetName=NetQ1_Sep_1 Pin=Q1_Sep-3
Added Pin To Net: NetName=SQB_PWR- Pin=Q2_Main-2
Added Pin To Net: NetName=NetQ2_Main_2 Pin=Q2_Main-3
Added Pin To Net: NetName=SQB_PWR- Pin=Q2_Motor-2
Added Pin To Net: NetName=NetQ2_Motor_2 Pin=Q2_Motor-3
Added Pin To Net: NetName=SQB_PWR- Pin=Q2_Sep-2
Added Pin To Net: NetName=NetQ2_Sep_2 Pin=Q2_Sep-3
Added Pin To Net: NetName=NetC34_1 Pin=Q4-1
Added Pin To Net: NetName=VBAT Pin=Q4-2
Added Pin To Net: NetName=VBAT_Switched Pin=Q4-3
Added Pin To Net: NetName=NetC35_1 Pin=Q5-1
Added Pin To Net: NetName=GND Pin=Q5-2
Added Pin To Net: NetName=NetC34_1 Pin=Q5-3
Added Pin To Net: NetName=NetQ6_2 Pin=Q6-1
Added Pin To Net: NetName=Vdigital Pin=Q6-2
Added Pin To Net: NetName=NetC19_2 Pin=Q6-3
Added Pin To Net: NetName=NetQ2_Main_2 Pin=R23_Main-1
Added Pin To Net: NetName=NetQ2_Motor_2 Pin=R23_Motor-1
Added Pin To Net: NetName=NetQ2_Sep_2 Pin=R23_Sep-1
Added Pin To Net: NetName=NetQ2_Main_1 Pin=R24_Main-2
Added Pin To Net: NetName=NetQ2_Motor_1 Pin=R24_Motor-2
Added Pin To Net: NetName=NetQ2_Sep_1 Pin=R24_Sep-2
Added Pin To Net: NetName=NetQ2_Main_1 Pin=R26_Main-2
Added Pin To Net: NetName=NetQ2_Motor_1 Pin=R26_Motor-2
Added Pin To Net: NetName=NetQ2_Sep_1 Pin=R26_Sep-2
Added Pin To Net: NetName=NetQ3_LVTX1_D Pin=UART1_LVLESP-1
Added Pin To Net: NetName=NetQ3_LVRX1_D Pin=UART1_LVLESP-2
Change Net Name : Old Net Name=NetQ1_Main_1 New Net Name=NetQ1_Main_3
Change Net Name : Old Net Name=NetQ1_Main_2 New Net Name=NetQ1_Main_1
Change Net Name : Old Net Name=NetQ1_Motor_1 New Net Name=NetQ1_Motor_3
Change Net Name : Old Net Name=NetQ1_Motor_2 New Net Name=NetQ1_Motor_1
Change Net Name : Old Net Name=NetQ1_Sep_1 New Net Name=NetQ1_Sep_3
Change Net Name : Old Net Name=NetQ1_Sep_2 New Net Name=NetQ1_Sep_1
Change Net Name : Old Net Name=NetQ2_Main_2 New Net Name=NetQ2_Main_3
Change Net Name : Old Net Name=NetQ2_Motor_2 New Net Name=NetQ2_Motor_3
Change Net Name : Old Net Name=NetQ2_Sep_2 New Net Name=NetQ2_Sep_3
Change Net Name : Old Net Name=NetQ3_LVCS_D New Net Name=NetQ3_LVCS_3
Change Net Name : Old Net Name=NetQ3_LVCS_S New Net Name=NetQ3_LVCS_2
Change Net Name : Old Net Name=NetQ3_LVMISO_S New Net Name=NetQ3_LVMISO_2
Change Net Name : Old Net Name=NetQ3_LVMOSI_S New Net Name=NetQ3_LVMOSI_2
Change Net Name : Old Net Name=NetQ3_LVRX1_D New Net Name=NetQ3_LVRX1_3
Change Net Name : Old Net Name=NetQ3_LVRX1_S New Net Name=NetQ3_LVRX1_2
Change Net Name : Old Net Name=NetQ3_LVRX2_D New Net Name=NetQ3_LVRX2_3
Change Net Name : Old Net Name=NetQ3_LVRX2_S New Net Name=NetQ3_LVRX2_2
Change Net Name : Old Net Name=NetQ3_LVSCLK_D New Net Name=NetQ3_LVSCLK_3
Change Net Name : Old Net Name=NetQ3_LVSCLK_S New Net Name=NetQ3_LVSCLK_2
Change Net Name : Old Net Name=NetQ3_LVTX1_D New Net Name=NetQ3_LVTX1_3
Change Net Name : Old Net Name=NetQ3_LVTX1_S New Net Name=NetQ3_LVTX1_2
Change Net Name : Old Net Name=NetQ3_LVTX2_D New Net Name=NetQ3_LVTX2_3
Change Net Name : Old Net Name=NetQ3_LVTX2_S New Net Name=NetQ3_LVTX2_2
Change Net Name : Old Net Name=NetQ6_2 New Net Name=NetQ6_1
Added Room: Name=ACT_IND
Added Room: Name=ACT_Ind
Added Room: Name=AIN01
Added Room: Name=AIN02
Added Room: Name=AIN11
Added Room: Name=AIN12
Added Room: Name=AIN21
Added Room: Name=AIN22
Added Room: Name=AIN31
Added Room: Name=AIN32
Added Room: Name=Bz
Added Room: Name=ERR_Ind2
Added Room: Name=ESP
Added Room: Name=LVCS
Added Room: Name=LVLESP
Added Room: Name=LVLPI/ESP
Added Room: Name=LVMISO
Added Room: Name=LVMOSI
Added Room: Name=LVRX1
Added Room: Name=LVRX2
Added Room: Name=LVSCLK
Added Room: Name=LVTX1
Added Room: Name=LVTX2
Added Room: Name=Main
Added Room: Name=Main
Added Room: Name=Main_IND
Added Room: Name=Motor
Added Room: Name=Motor_IND
Added Room: Name=PWR
Added Room: Name=Sep
Added Room: Name=Sep_IND
Added Room: Name=SPI-IO
Added Room: Name=U_Accelerometer
Added Room: Name=U_ADC1
Added Room: Name=U_ADC2
Added Room: Name=U_Barometer
Added Room: Name=U_ESP power
Added Room: Name=U_Gyroscope
Added Room: Name=U_Magnetometer
Added Room: Name=U_Power IO
Added Room: Name=U_Regulators
Added Room: Name=U_Squib_Managment
Added Room: Name=UART
Added Room: Name=Voltage_Indicator1
Added Room: Name=Voltage_Indicator2
Added Room: Name=Voltage_Indicator3
