Removed Pin From Net: NetName=GND Pin=R19_ACT_Ind1-1
Change Component Designator: OldDesignator=D3_ACT_Ind2 NewDesignator=D3_ACT_Ind
Change Component Designator: OldDesignator=R19_ACT_Ind2 NewDesignator=R19_ACT_Ind
Change Component Designator: OldDesignator=U11 NewDesignator=U10
Added Component: Designator=D1_ACT_IND(0402 footprint)
Add component. Clean all parameters for all variants
Add component (AddParameter): Name = "Supplier 1"; Value = "Digi-Key"; VariantName = "[No Variations]"
Add component (AddParameter): Name = "Supplier Part Number 1"; Value = "754-2123-1-ND"; VariantName = "[No Variations]"
Added Component: Designator=R8_ACT_IND(J1-0603)
Add component. Clean all parameters for all variants
Add component (AddParameter): Name = "LatestRevisionDate"; Value = "29-May-2009"; VariantName = "[No Variations]"
Add component (AddParameter): Name = "LatestRevisionNote"; Value = "IPC-7351 Footprint Added."; VariantName = "[No Variations]"
Add component (AddParameter): Name = "PackageDescription"; Value = "Chip Resistor"; VariantName = "[No Variations]"
Add component (AddParameter): Name = "PackageReference"; Value = "J1-0603"; VariantName = "[No Variations]"
Add component (AddParameter): Name = "Published"; Value = "8-Jun-2000"; VariantName = "[No Variations]"
Add component (AddParameter): Name = "Publisher"; Value = "Altium Limited"; VariantName = "[No Variations]"
Add component (AddParameter): Name = "Value"; Value = "1K"; VariantName = "[No Variations]"
Added Component: Designator=R?(J1-0603)
Add component. Clean all parameters for all variants
Add component (AddParameter): Name = "LatestRevisionDate"; Value = "29-May-2009"; VariantName = "[No Variations]"
Add component (AddParameter): Name = "LatestRevisionNote"; Value = "IPC-7351 Footprint Added."; VariantName = "[No Variations]"
Add component (AddParameter): Name = "PackageDescription"; Value = "Chip Resistor"; VariantName = "[No Variations]"
Add component (AddParameter): Name = "PackageReference"; Value = "J1-0603"; VariantName = "[No Variations]"
Add component (AddParameter): Name = "Published"; Value = "8-Jun-2000"; VariantName = "[No Variations]"
Add component (AddParameter): Name = "Publisher"; Value = "Altium Limited"; VariantName = "[No Variations]"
Add component (AddParameter): Name = "Value"; Value = "1K"; VariantName = "[No Variations]"
Added Pin To Net: NetName=3.3V Pin=R8_ACT_IND-2
Change Net Name : Old Net Name=NetD3_ACT_Ind2_1 New Net Name=NetD3_ACT_Ind_1
Change Net Name : Old Net Name=NetD3_ACT_Ind2_2 New Net Name=NetD3_ACT_Ind_2
Added Pin To Net: NetName=NetD1_ACT_IND_1 Pin=D1_ACT_IND-1
Added Pin To Net: NetName=NetD1_ACT_IND_1 Pin=R8_ACT_IND-1
Added Net: Name=NetD1_ACT_IND_1
Added Pin To Net: NetName=NetD1_ACT_IND_2 Pin=D1_ACT_IND-2
Added Pin To Net: NetName=NetD1_ACT_IND_2 Pin=D3_ERR_Ind1-1
Added Pin To Net: NetName=NetD1_ACT_IND_2 Pin=Raspberry Pi GPIO1-26
Added Net: Name=NetD1_ACT_IND_2
Added Pin To Net: NetName=NetR?_1 Pin=R?-1
Added Pin To Net: NetName=NetR?_1 Pin=U7-33
Added Net: Name=NetR?_1
Added Pin To Net: NetName=NetR?_2 Pin=R?-2
Added Pin To Net: NetName=NetR?_2 Pin=Raspberry Pi GPIO1-22
Added Net: Name=NetR?_2
Change Class Name : Old Net Name=ACT_Ind2 New Net Name=ACT_Ind
Added Member To Class: ClassName=ESP Member=Component R? Res3
Added Member To Class: ClassName=U_Regulators Member=Component U11 Linear Regulator
Added Room: Name=ACT_IND
Added Room: Name=ACT_Ind
Added Room: Name=AIN01
Added Room: Name=AIN02
Added Room: Name=AIN11
Added Room: Name=AIN12
Added Room: Name=AIN21
Added Room: Name=AIN22
Added Room: Name=AIN31
Added Room: Name=AIN32
Added Room: Name=Bz
Added Room: Name=ERR_Ind1
Added Room: Name=ERR_Ind2
Added Room: Name=ESP
Added Room: Name=LVCS
Added Room: Name=LVLESP
Added Room: Name=LVLPI/ESP
Added Room: Name=LVMISO
Added Room: Name=LVMOSI
Added Room: Name=LVRX1
Added Room: Name=LVRX2
Added Room: Name=LVSCLK
Added Room: Name=LVTX1
Added Room: Name=LVTX2
Added Room: Name=Main
Added Room: Name=Main
Added Room: Name=Main_IND
Added Room: Name=Motor
Added Room: Name=Motor_IND
Added Room: Name=PWR
Added Room: Name=Sep
Added Room: Name=Sep_IND
Added Room: Name=SPI-IO
Added Room: Name=U_Accelerometer
Added Room: Name=U_ADC1
Added Room: Name=U_ADC2
Added Room: Name=U_Barometer
Added Room: Name=U_ESP power
Added Room: Name=U_Gyroscope
Added Room: Name=U_Magnetometer
Added Room: Name=U_Power IO
Added Room: Name=U_Regulators
Added Room: Name=U_Squib_Managment
Added Room: Name=UART
Added Room: Name=Voltage_Indicator1
Added Room: Name=Voltage_Indicator2
Added Room: Name=Voltage_Indicator3
