Removed Pin From Net: NetName=NetQ3_LVTX2_S Pin=S2-1
Removed Pin From Net: NetName=NetRaspberry Pi GPIO1_8 Pin=S2-2
Added Pin To Net: NetName=NetRaspberry Pi GPIO1_8 Pin=S2-1
Added Pin To Net: NetName=NetQ3_LVTX2_S Pin=S2-2
Added Member To Class: ClassName=PWR Member=Component 3.3V Screw Terminal
Added Member To Class: ClassName=PWR Member=Component 3.3V Screw Terminal
Added Member To Class: ClassName=PWR Member=Component 5V_Clean Screw Terminal
Added Member To Class: ClassName=PWR Member=Component 5V Screw Terminal
Added Room: Name=AIN01
Added Room: Name=AIN02
Added Room: Name=AIN11
Added Room: Name=AIN12
Added Room: Name=AIN21
Added Room: Name=AIN22
Added Room: Name=AIN31
Added Room: Name=AIN32
Added Room: Name=Bz
Added Room: Name=ESP
Added Room: Name=LVLESP
Added Room: Name=LVLPI/ESP
Added Room: Name=LVMISO
Added Room: Name=LVMOSI
Added Room: Name=LVSCLK
Added Room: Name=Main
Added Room: Name=Main
Added Room: Name=Main_Ind
Added Room: Name=Motor
Added Room: Name=Motor_Ind
Added Room: Name=Sep
Added Room: Name=Sep_Ind
Added Room: Name=SPI-IO
Added Room: Name=U_ADC1
Added Room: Name=U_ADC2
Added Room: Name=U_Blue_LED1
Added Room: Name=U_Blue_LED2
Added Room: Name=U_Blue_LED3
Added Room: Name=UART
