Removed Pin From Net: NetName=NetQ2_1 Pin=Q2-1
Removed Pin From Net: NetName=NetC33_1 Pin=Q3-1
Removed Pin From Net: NetName=NetQ2_1 Pin=R11-2
Removed Pin From Net: NetName=NetQ2_1 Pin=R13-2
Removed Pin From Net: NetName=NetQ5_1 Pin=R73-2
Removed Pin From Net: NetName=NetQ5_1 Pin=T11-3
Change Component Comment : Designator=U6 Old Comment=NCP1117DT33T5GOSCT-ND New Comment=3.3V Regulator
Change Component Comment : Designator=S1 Old Comment=Screw Switch New Comment=Slide Switch
Change Component Comment : Designator=S2 Old Comment=Screw Switch New Comment=Slide Switch
Change Component Comment : Designator=S3 Old Comment=Screw Switch New Comment=Slide Switch
Change Component Designator: OldDesignator=C20 NewDesignator=C21
Change Component Designator: OldDesignator=C21 NewDesignator=C22
Change Component Designator: OldDesignator=C22 NewDesignator=C20
Change Component Designator: OldDesignator=C24 NewDesignator=C25
Change Component Designator: OldDesignator=C25 NewDesignator=C24
Change Component Designator: OldDesignator=J2 NewDesignator=J3
Change Component Designator: OldDesignator=J2 NewDesignator=J3
Change Component Designator: OldDesignator=J2 NewDesignator=J3
Change Component Designator: OldDesignator=J3 NewDesignator=J4
Change Component Designator: OldDesignator=J4 NewDesignator=J5
Change Component Designator: OldDesignator=J5 NewDesignator=J6
Change Component Designator: OldDesignator=J5 NewDesignator=J6
Change Component Designator: OldDesignator=J6 NewDesignator=J7
Change Component Designator: OldDesignator=J7 NewDesignator=J8
Change Component Designator: OldDesignator=J8 NewDesignator=J9
Change Component Designator: OldDesignator=J9 NewDesignator=J10
Change Component Designator: OldDesignator=J10 NewDesignator=J11
Change Component Designator: OldDesignator=J11 NewDesignator=J12
Change Component Designator: OldDesignator=J12 NewDesignator=J13
Change Component Designator: OldDesignator=J13 NewDesignator=J14
Change Component Designator: OldDesignator=J14 NewDesignator=J15
Change Component Designator: OldDesignator=R8 NewDesignator=R10
Change Component Designator: OldDesignator=R8 NewDesignator=R10
Change Component Designator: OldDesignator=R8 NewDesignator=R10
Change Component Designator: OldDesignator=R9 NewDesignator=R8
Change Component Designator: OldDesignator=R9 NewDesignator=R8
Change Component Designator: OldDesignator=R9 NewDesignator=R8
Change Component Designator: OldDesignator=R10 NewDesignator=R9
Change Component Designator: OldDesignator=R10 NewDesignator=R9
Change Component Designator: OldDesignator=R10 NewDesignator=R9
Change Component Designator: OldDesignator=R11 NewDesignator=R13
Change Component Designator: OldDesignator=R11 NewDesignator=R13
Change Component Designator: OldDesignator=R11 NewDesignator=R13
Change Component Designator: OldDesignator=R12 NewDesignator=R11
Change Component Designator: OldDesignator=R12 NewDesignator=R11
Change Component Designator: OldDesignator=R12 NewDesignator=R11
Change Component Designator: OldDesignator=R13 NewDesignator=R12
Change Component Designator: OldDesignator=R13 NewDesignator=R12
Change Component Designator: OldDesignator=R13 NewDesignator=R12
Change Component Designator: OldDesignator=R19 NewDesignator=R21
Change Component Designator: OldDesignator=R20 NewDesignator=R19
Change Component Designator: OldDesignator=R21 NewDesignator=R22
Change Component Designator: OldDesignator=R22 NewDesignator=R20
Change Component Designator: OldDesignator=R23 NewDesignator=R24
Change Component Designator: OldDesignator=R24 NewDesignator=R25
Change Component Designator: OldDesignator=R25 NewDesignator=R23
Change Component Designator: OldDesignator=R26 NewDesignator=R27
Change Component Designator: OldDesignator=R27 NewDesignator=R28
Change Component Designator: OldDesignator=R28 NewDesignator=R26
Change Component Designator: OldDesignator=R32 NewDesignator=R33
Change Component Designator: OldDesignator=R33 NewDesignator=R32
Change Component Designator: OldDesignator=R36 NewDesignator=R37
Change Component Designator: OldDesignator=R37 NewDesignator=R36
Change Component Designator: OldDesignator=R39 NewDesignator=R40
Change Component Designator: OldDesignator=R40 NewDesignator=R39
Change Component Designator: OldDesignator=R58 NewDesignator=R59
Change Component Designator: OldDesignator=R59 NewDesignator=R58
Change Component Designator: OldDesignator=R62 NewDesignator=R63
Change Component Designator: OldDesignator=R63 NewDesignator=R64
Change Component Designator: OldDesignator=R64 NewDesignator=R65
Change Component Designator: OldDesignator=R65 NewDesignator=R66
Change Component Designator: OldDesignator=R66 NewDesignator=R67
Change Component Designator: OldDesignator=R67 NewDesignator=R68
Change Component Designator: OldDesignator=R68 NewDesignator=R69
Change Component Designator: OldDesignator=R69 NewDesignator=R70
Change Component Designator: OldDesignator=R70 NewDesignator=R71
Change Component Designator: OldDesignator=R71 NewDesignator=R72
Change Component Designator: OldDesignator=R71 NewDesignator=R72
Change Component Designator: OldDesignator=R72 NewDesignator=R73
Change Component Designator: OldDesignator=R72 NewDesignator=R73
Change Component Designator: OldDesignator=R73 NewDesignator=R75
Change Component Designator: OldDesignator=R74 NewDesignator=R76
Change Component Designator: OldDesignator=R75 NewDesignator=R77
Change Component Designator: OldDesignator=R76 NewDesignator=R78
Change Component Designator: OldDesignator=R77 NewDesignator=R79
Change Component Designator: OldDesignator=R78 NewDesignator=R80
Change Component Designator: OldDesignator=R78 NewDesignator=R80
Change Component Designator: OldDesignator=R78 NewDesignator=R80
Change Component Designator: OldDesignator=R78 NewDesignator=R80
Change Component Designator: OldDesignator=R79 NewDesignator=R81
Change Component Designator: OldDesignator=R80 NewDesignator=R82
Change Component Designator: OldDesignator=R81 NewDesignator=R83
Change Component Designator: OldDesignator=R82 NewDesignator=R84
Change Component Designator: OldDesignator=R83 NewDesignator=R85
Change Component Designator: OldDesignator=R84 NewDesignator=R86
Change Component Designator: OldDesignator=R85 NewDesignator=R87
Change Component Designator: OldDesignator=R86 NewDesignator=R88
Change Component Designator: OldDesignator=R87 NewDesignator=R89
Change Component Designator: OldDesignator=R88 NewDesignator=R90
Change Component Designator: OldDesignator=R89 NewDesignator=R91
Change Component Designator: OldDesignator=R90 NewDesignator=R92
Change Component Designator: OldDesignator=R91 NewDesignator=R93
Change Component Designator: OldDesignator=R92 NewDesignator=R94
Change Component Designator: OldDesignator=R93 NewDesignator=R95
Change Component Designator: OldDesignator=R94 NewDesignator=R96
Change Component Designator: OldDesignator=T1 NewDesignator=J2
Change Component Designator: OldDesignator=T1 NewDesignator=J2
Change Component Designator: OldDesignator=T2 NewDesignator=T1
Change Component Designator: OldDesignator=T2 NewDesignator=T1
Change Component Designator: OldDesignator=T2 NewDesignator=T1
Change Component Designator: OldDesignator=T3 NewDesignator=T2
Change Component Designator: OldDesignator=T3 NewDesignator=T2
Change Component Designator: OldDesignator=T3 NewDesignator=T2
Change Component Designator: OldDesignator=T4 NewDesignator=T3
Change Component Designator: OldDesignator=T5 NewDesignator=T4
Change Component Designator: OldDesignator=T6 NewDesignator=T5
Change Component Designator: OldDesignator=T7 NewDesignator=T6
Change Component Designator: OldDesignator=T8 NewDesignator=T7
Change Component Designator: OldDesignator=T8 NewDesignator=T7
Change Component Designator: OldDesignator=T8 NewDesignator=T7
Change Component Designator: OldDesignator=T9 NewDesignator=T8
Change Component Designator: OldDesignator=T10 NewDesignator=T9
Change Component Designator: OldDesignator=T11 NewDesignator=T10
Change Component Designator: OldDesignator=T12 NewDesignator=T11
Added Component: Designator=R74(0603 to 0805 SMD)
Add component. Clean all parameters for all variants
Add component (AddParameter): Name = "LatestRevisionDate"; Value = "29-May-2009"; VariantName = "[No Variations]"
Add component (AddParameter): Name = "LatestRevisionNote"; Value = "IPC-7351 Footprint Added."; VariantName = "[No Variations]"
Add component (AddParameter): Name = "PackageDescription"; Value = "Chip Resistor"; VariantName = "[No Variations]"
Add component (AddParameter): Name = "PackageReference"; Value = "J1-0603"; VariantName = "[No Variations]"
Add component (AddParameter): Name = "Published"; Value = "8-Jun-2000"; VariantName = "[No Variations]"
Add component (AddParameter): Name = "Publisher"; Value = "Altium Limited"; VariantName = "[No Variations]"
Add component (AddParameter): Name = "Value"; Value = "1K"; VariantName = "[No Variations]"
Added Pin To Net: NetName=NetQ2_1 Pin=Q2-1
Added Pin To Net: NetName=NetQ2_1 Pin=R12-2
Added Pin To Net: NetName=NetQ5_1 Pin=R74-2
Change Net Name : Old Net Name=NetC20_2 New Net Name=NetC21_2
Change Net Name : Old Net Name=NetC22_2 New Net Name=NetC20_2
Change Net Name : Old Net Name=NetC24_2 New Net Name=NetC25_2
Change Net Name : Old Net Name=NetC25_2 New Net Name=NetC24_2
Change Net Name : Old Net Name=NetJ2_1 New Net Name=NetJ3_1
Change Net Name : Old Net Name=NetJ2_1 New Net Name=NetJ3_1
Change Net Name : Old Net Name=NetJ2_1 New Net Name=NetJ3_1
Change Net Name : Old Net Name=NetJ3_1 New Net Name=NetJ4_1
Change Net Name : Old Net Name=NetJ3_2 New Net Name=NetJ4_2
Change Net Name : Old Net Name=NetJ4_1 New Net Name=NetJ5_1
Change Net Name : Old Net Name=NetJ4_2 New Net Name=NetJ5_2
Change Net Name : Old Net Name=NetJ5_1 New Net Name=NetJ6_1
Change Net Name : Old Net Name=NetJ5_1 New Net Name=NetJ6_1
Change Net Name : Old Net Name=NetJ5_2 New Net Name=NetJ6_2
Change Net Name : Old Net Name=NetJ5_2 New Net Name=NetJ6_2
Change Net Name : Old Net Name=NetJ7_1 New Net Name=NetJ8_1
Change Net Name : Old Net Name=NetJ14_3 New Net Name=NetJ15_3
Change Net Name : Old Net Name=NetJ14_5 New Net Name=NetJ15_5
Change Net Name : Old Net Name=NetJ14_7 New Net Name=NetJ15_7
Change Net Name : Old Net Name=NetJ14_8 New Net Name=NetJ15_8
Change Net Name : Old Net Name=NetJ14_10 New Net Name=NetJ15_10
Change Net Name : Old Net Name=NetJ14_11 New Net Name=NetJ15_11
Change Net Name : Old Net Name=NetJ14_12 New Net Name=NetJ15_12
Change Net Name : Old Net Name=NetJ14_13 New Net Name=NetJ15_13
Change Net Name : Old Net Name=NetJ14_15 New Net Name=NetJ15_15
Change Net Name : Old Net Name=NetJ14_16 New Net Name=NetJ15_16
Change Net Name : Old Net Name=NetJ14_18 New Net Name=NetJ15_18
Change Net Name : Old Net Name=NetJ14_19 New Net Name=NetJ15_19
Change Net Name : Old Net Name=NetJ14_22 New Net Name=NetJ15_22
Change Net Name : Old Net Name=NetJ14_23 New Net Name=NetJ15_23
Change Net Name : Old Net Name=NetJ14_24 New Net Name=NetJ15_24
Change Net Name : Old Net Name=NetJ14_29 New Net Name=NetJ15_29
Change Net Name : Old Net Name=NetJ14_31 New Net Name=NetJ15_31
Change Net Name : Old Net Name=NetJ14_32 New Net Name=NetJ15_32
Change Net Name : Old Net Name=NetJ14_35 New Net Name=NetJ15_35
Change Net Name : Old Net Name=NetJ14_36 New Net Name=NetJ15_36
Change Net Name : Old Net Name=NetJ14_37 New Net Name=NetJ15_37
Change Net Name : Old Net Name=NetR12_2 New Net Name=NetR11_2
Change Net Name : Old Net Name=NetR12_2 New Net Name=NetR11_2
Change Net Name : Old Net Name=NetR12_2 New Net Name=NetR11_2
Change Net Name : Old Net Name=NetR19_2 New Net Name=NetR21_2
Change Net Name : Old Net Name=NetR21_1 New Net Name=NetR22_1
Change Net Name : Old Net Name=NetR21_2 New Net Name=NetR22_2
Change Net Name : Old Net Name=NetR23_2 New Net Name=NetR24_2
Change Net Name : Old Net Name=NetR24_2 New Net Name=NetR25_2
Change Net Name : Old Net Name=NetR26_2 New Net Name=NetR27_2
Change Net Name : Old Net Name=NetR27_1 New Net Name=NetR28_1
Change Net Name : Old Net Name=NetR27_2 New Net Name=NetR28_2
Change Net Name : Old Net Name=NetR32_1 New Net Name=NetR33_1
Change Net Name : Old Net Name=NetR32_2 New Net Name=NetR33_2
Change Net Name : Old Net Name=NetR36_1 New Net Name=NetR37_1
Change Net Name : Old Net Name=NetR36_2 New Net Name=NetR37_2
Change Net Name : Old Net Name=NetR39_1 New Net Name=NetR40_1
Change Net Name : Old Net Name=NetR51_2 New Net Name=NetJ2_1
Change Net Name : Old Net Name=NetR51_2 New Net Name=NetJ2_1
Change Net Name : Old Net Name=NetR51_2 New Net Name=NetJ2_2
Change Net Name : Old Net Name=NetR51_2 New Net Name=NetJ2_2
Change Net Name : Old Net Name=NetR63_1 New Net Name=NetR64_1
Change Net Name : Old Net Name=NetR63_2 New Net Name=NetR64_2
Change Net Name : Old Net Name=NetR65_1 New Net Name=NetR66_1
Change Net Name : Old Net Name=NetR66_1 New Net Name=NetR67_1
Change Net Name : Old Net Name=NetR66_2 New Net Name=NetR67_2
Change Net Name : Old Net Name=NetR71_1 New Net Name=NetR72_1
Change Net Name : Old Net Name=NetR71_1 New Net Name=NetR72_1
Change Net Name : Old Net Name=NetR72_1 New Net Name=NetR73_1
Change Net Name : Old Net Name=NetR72_1 New Net Name=NetR73_1
Change Net Name : Old Net Name=NetR74_1 New Net Name=NetR76_1
Change Net Name : Old Net Name=NetR75_2 New Net Name=NetR77_2
Change Net Name : Old Net Name=NetR76_2 New Net Name=NetR78_2
Change Net Name : Old Net Name=NetR77_1 New Net Name=NetR79_1
Change Net Name : Old Net Name=NetR79_1 New Net Name=NetR81_1
Change Net Name : Old Net Name=NetR81_1 New Net Name=NetR83_1
Change Net Name : Old Net Name=NetR85_1 New Net Name=NetR87_1
Added Pin To Net: NetName=NetQ3_1 Pin=Q3-1
Added Net: Name=NetQ3_1
Added Pin To Net: NetName=NetR8_1 Pin=R8-1
Added Pin To Net: NetName=NetR8_1 Pin=R10-2
Added Pin To Net: NetName=NetR8_1 Pin=T1-3
Added Net: Name=NetR8_1
Added Pin To Net: NetName=NetR12_1 Pin=R12-1
Added Pin To Net: NetName=NetR12_1 Pin=R13-2
Added Pin To Net: NetName=NetR12_1 Pin=T2-3
Added Net: Name=NetR12_1
Added Pin To Net: NetName=NetR74_1 Pin=R74-1
Added Pin To Net: NetName=NetR74_1 Pin=R75-2
Added Pin To Net: NetName=NetR74_1 Pin=T10-3
Added Net: Name=NetR74_1
Added Member To Class: ClassName=Accelerometer Member=Component C1 Cap
Added Member To Class: ClassName=Accelerometer Member=Component C2 Cap
Added Member To Class: ClassName=ADC 1 Member=Component C3 Cap
Added Member To Class: ClassName=ADC 2 Member=Component C3 Cap
Added Member To Class: ClassName=ADC 1 Member=Component C4 Cap
Added Member To Class: ClassName=ADC 2 Member=Component C4 Cap
Added Member To Class: ClassName=ADC 1 Member=Component C5 Cap
Added Member To Class: ClassName=ADC 2 Member=Component C5 Cap
Added Member To Class: ClassName=ADC 1 Member=Component C6 Cap
Added Member To Class: ClassName=ADC 2 Member=Component C6 Cap
Added Member To Class: ClassName=ADC 1 Member=Component C7 Cap
Added Member To Class: ClassName=ADC 2 Member=Component C7 Cap
Added Member To Class: ClassName=ADC 1 Member=Component C8 Cap
Added Member To Class: ClassName=ADC 2 Member=Component C8 Cap
Added Member To Class: ClassName=ADC 1 Member=Component C9 Cap
Added Member To Class: ClassName=ADC 2 Member=Component C9 Cap
Added Member To Class: ClassName=ADC 1 Member=Component C10 Cap
Added Member To Class: ClassName=ADC 2 Member=Component C10 Cap
Added Member To Class: ClassName=Barometer Member=Component C11 Cap
Added Member To Class: ClassName=Barometer Member=Component C12 Cap
Added Member To Class: ClassName=Gyroscope Member=Component C13 Cap
Added Member To Class: ClassName=Gyroscope Member=Component C14 Cap
Added Member To Class: ClassName=Gyroscope Member=Component C15 Cap
Added Member To Class: ClassName=Gyroscope Member=Component C16 Cap
Added Member To Class: ClassName=Magnetometer Member=Component C17 Cap
Added Member To Class: ClassName=Magnetometer Member=Component C18 Cap
Added Member To Class: ClassName=ESP Member=Component C19 Cap
Added Member To Class: ClassName=ESP Member=Component C20 Cap
Added Member To Class: ClassName=ESP Member=Component C21 Cap
Added Member To Class: ClassName=ESP Member=Component C22 Cap
Added Member To Class: ClassName=ESP Member=Component C23 Cap
Added Member To Class: ClassName=ESP Member=Component C24 Cap
Added Member To Class: ClassName=ESP Member=Component C25 Cap
Added Member To Class: ClassName=ESP Member=Component C26 Cap
Added Member To Class: ClassName=ESP Member=Component C27 Cap
Added Member To Class: ClassName=ESP Member=Component C28 Cap
Added Member To Class: ClassName=ESP Member=Component C29 Cap
Added Member To Class: ClassName=ESP Member=Component C30 Cap
Added Member To Class: ClassName=AIN01 Member=Component C31 Cap
Added Member To Class: ClassName=AIN02 Member=Component C31 Cap
Added Member To Class: ClassName=AIN11 Member=Component C31 Cap
Added Member To Class: ClassName=AIN12 Member=Component C31 Cap
Added Member To Class: ClassName=AIN21 Member=Component C31 Cap
Added Member To Class: ClassName=AIN22 Member=Component C31 Cap
Added Member To Class: ClassName=AIN31 Member=Component C31 Cap
Added Member To Class: ClassName=AIN32 Member=Component C31 Cap
Added Member To Class: ClassName=PWR Member=Component C32 Cap
Added Member To Class: ClassName=PWR Member=Component C33 Cap
Added Member To Class: ClassName=PWR Member=Component C34 Cap
Added Member To Class: ClassName=PWR Member=Component C35 Cap
Added Member To Class: ClassName=PWR Member=Component C36 Cap
Added Member To Class: ClassName=PWR Member=Component C37 Cap
Added Member To Class: ClassName=PWR Member=Component C38 Cap
Added Member To Class: ClassName=Squib_Managment Member=Component C39 Cap
Added Member To Class: ClassName=Squib_Managment Member=Component C40 Cap
Added Member To Class: ClassName=Regulators Member=Component C41 Cap
Added Member To Class: ClassName=Regulators Member=Component C42 Cap
Added Member To Class: ClassName=Regulators Member=Component C43 Cap
Added Member To Class: ClassName=Regulators Member=Component C44 Cap
Added Member To Class: ClassName=Regulators Member=Component C45 Cap
Added Member To Class: ClassName=Regulators Member=Component C46 Cap
Added Member To Class: ClassName=Regulators Member=Component C47 Cap
Added Member To Class: ClassName=Regulators Member=Component C48 Cap
Added Member To Class: ClassName=Regulators Member=Component C49 Cap
Added Member To Class: ClassName=Regulators Member=Component C50 Cap
Added Member To Class: ClassName=Regulators Member=Component C51 Cap
Added Member To Class: ClassName=ACT_IndESP Member=Component D1 LED_R
Added Member To Class: ClassName=ERR_IndESP Member=Component D1 LED_R
Added Member To Class: ClassName=ERR_IndPi Member=Component D1 LED_R
Added Member To Class: ClassName=ESP Member=Component D2 LED_R
Added Member To Class: ClassName=Voltage_Indicator1 Member=Component D3 LED_B
Added Member To Class: ClassName=Voltage_Indicator2 Member=Component D3 LED_B
Added Member To Class: ClassName=Voltage_Indicator3 Member=Component D3 LED_B
Added Member To Class: ClassName=PWR Member=Component D4 LED_R
Added Member To Class: ClassName=U_ESP power Member=Component D5 Buck Diode
Added Member To Class: ClassName=ACT_IND Member=Component D6 LED_R
Added Member To Class: ClassName=Main_Ind Member=Component D6 LED_R
Added Member To Class: ClassName=Motor_IND Member=Component D6 LED_R
Added Member To Class: ClassName=Sep_Ind Member=Component D6 LED_R
Added Member To Class: ClassName=Regulators Member=Component D7 Buck Diode
Added Member To Class: ClassName=ADC 1 Member=Component J1 Screw Terminal
Added Member To Class: ClassName=ADC 2 Member=Component J1 Screw Terminal
Added Member To Class: ClassName=ADC 1 Member=Component J2 Screw Terminal
Added Member To Class: ClassName=ADC 2 Member=Component J2 Screw Terminal
Added Member To Class: ClassName=Main_Squib Member=Component J3 Screw Terminal
Added Member To Class: ClassName=Motor_Squib Member=Component J3 Screw Terminal
Added Member To Class: ClassName=Sep_Squib Member=Component J3 Screw Terminal
Added Member To Class: ClassName=SPI Output Member=Component J4 Screw Terminal
Added Member To Class: ClassName=SPI Output Member=Component J5 Screw Terminal
Added Member To Class: ClassName=ESP UART Output Member=Component J6 Screw Terminal
Added Member To Class: ClassName=UART EXT Member=Component J6 Screw Terminal
Added Member To Class: ClassName=U_Power IO Member=Component J7 Screw Terminal
Added Member To Class: ClassName=U_Power IO Member=Component J8 Screw Terminal
Added Member To Class: ClassName=U_Power IO Member=Component J9 Screw Terminal
Added Member To Class: ClassName=U_Power IO Member=Component J10 Screw Terminal
Added Member To Class: ClassName=U_Power IO Member=Component J11 Screw Terminal
Added Member To Class: ClassName=U_Power IO Member=Component J12 Screw Terminal
Added Member To Class: ClassName=U_Power IO Member=Component J13 Screw Terminal
Added Member To Class: ClassName=U_Power IO Member=Component J14 Screw Terminal
Added Member To Class: ClassName=Main Member=Component J15 PiGPIOBreakout
Added Member To Class: ClassName=PWR Member=Component JP1 Res3
Added Member To Class: ClassName=Regulators Member=Component L1 7447709330
Added Member To Class: ClassName=Buzzer Member=Component LS1 CT-1205C-SMT
Added Member To Class: ClassName=Main_Squib Member=Component Q1 P-Channel
Added Member To Class: ClassName=Motor_Squib Member=Component Q1 P-Channel
Added Member To Class: ClassName=Sep_Squib Member=Component Q1 P-Channel
Added Member To Class: ClassName=Main_Squib Member=Component Q2 P-Channel
Added Member To Class: ClassName=Motor_Squib Member=Component Q2 P-Channel
Added Member To Class: ClassName=Sep_Squib Member=Component Q2 P-Channel
Added Member To Class: ClassName=PWR Member=Component Q3 P-Channel
Added Member To Class: ClassName=PWR Member=Component Q4 N-Channel
Added Member To Class: ClassName=U_ESP power Member=Component Q5 P-Channel
Added Member To Class: ClassName=ADC 1 Member=Component R1 Res3
Added Member To Class: ClassName=ADC 2 Member=Component R1 Res3
Added Member To Class: ClassName=ADC 1 Member=Component R2 Res3
Added Member To Class: ClassName=ADC 2 Member=Component R2 Res3
Added Member To Class: ClassName=ADC 1 Member=Component R3 Res3
Added Member To Class: ClassName=ADC 2 Member=Component R3 Res3
Added Member To Class: ClassName=ADC 1 Member=Component R4 Res3
Added Member To Class: ClassName=ADC 2 Member=Component R4 Res3
Added Member To Class: ClassName=ADC 1 Member=Component R5 Res3
Added Member To Class: ClassName=ADC 2 Member=Component R5 Res3
Added Member To Class: ClassName=ADC 1 Member=Component R6 Res3
Added Member To Class: ClassName=ADC 2 Member=Component R6 Res3
Added Member To Class: ClassName=ACT_IndESP Member=Component R7 Res3
Added Member To Class: ClassName=ERR_IndESP Member=Component R7 Res3
Added Member To Class: ClassName=ERR_IndPi Member=Component R7 Res3
Added Member To Class: ClassName=Main_Squib Member=Component R8 Res3
Added Member To Class: ClassName=Motor_Squib Member=Component R8 Res3
Added Member To Class: ClassName=Sep_Squib Member=Component R8 Res3
Added Member To Class: ClassName=Main_Squib Member=Component R9 Res3
Added Member To Class: ClassName=Motor_Squib Member=Component R9 Res3
Added Member To Class: ClassName=Sep_Squib Member=Component R9 Res3
Added Member To Class: ClassName=Main_Squib Member=Component R10 Res3
Added Member To Class: ClassName=Motor_Squib Member=Component R10 Res3
Added Member To Class: ClassName=Sep_Squib Member=Component R10 Res3
Added Member To Class: ClassName=Main_Squib Member=Component R11 Res3
Added Member To Class: ClassName=Motor_Squib Member=Component R11 Res3
Added Member To Class: ClassName=Sep_Squib Member=Component R11 Res3
Added Member To Class: ClassName=Main_Squib Member=Component R12 Res3
Added Member To Class: ClassName=Motor_Squib Member=Component R12 Res3
Added Member To Class: ClassName=Sep_Squib Member=Component R12 Res3
Added Member To Class: ClassName=Main_Squib Member=Component R13 Res3
Added Member To Class: ClassName=Motor_Squib Member=Component R13 Res3
Added Member To Class: ClassName=Sep_Squib Member=Component R13 Res3
Added Member To Class: ClassName=Main_Squib Member=Component R14 Res3
Added Member To Class: ClassName=Motor_Squib Member=Component R14 Res3
Added Member To Class: ClassName=Sep_Squib Member=Component R14 Res3
Added Member To Class: ClassName=Buzzer Member=Component R15 Res3
Added Member To Class: ClassName=Buzzer Member=Component R16 Res3
Added Member To Class: ClassName=ESP Member=Component R17 Res3
Added Member To Class: ClassName=ESP Member=Component R18 Res3
Added Member To Class: ClassName=ESP Member=Component R19 Res3
Added Member To Class: ClassName=ESP Member=Component R20 Res3
Added Member To Class: ClassName=ESP Member=Component R21 Res3
Added Member To Class: ClassName=ESP Member=Component R22 Res3
Added Member To Class: ClassName=ESP Member=Component R23 Res3
Added Member To Class: ClassName=ESP Member=Component R24 Res3
Added Member To Class: ClassName=ESP Member=Component R25 Res3
Added Member To Class: ClassName=ESP Member=Component R26 Res3
Added Member To Class: ClassName=ESP Member=Component R27 Res3
Added Member To Class: ClassName=ESP Member=Component R28 Res3
Added Member To Class: ClassName=ESP Member=Component R29 Res3
Added Member To Class: ClassName=ESP Member=Component R30 Res3
Added Member To Class: ClassName=ESP Member=Component R31 Res3
Added Member To Class: ClassName=ESP Member=Component R32 Res3
Added Member To Class: ClassName=ESP Member=Component R33 Res3
Added Member To Class: ClassName=ESP Member=Component R34 Res3
Added Member To Class: ClassName=ESP Member=Component R35 Res3
Added Member To Class: ClassName=ESP Member=Component R36 Res3
Added Member To Class: ClassName=ESP Member=Component R37 Res3
Added Member To Class: ClassName=ESP Member=Component R38 Res3
Added Member To Class: ClassName=ESP Member=Component R39 Res3
Added Member To Class: ClassName=ESP Member=Component R40 Res3
Added Member To Class: ClassName=ESP Member=Component R41 Res3
Added Member To Class: ClassName=ESP Member=Component R42 Res3
Added Member To Class: ClassName=ESP Member=Component R43 Res3
Added Member To Class: ClassName=ESP Member=Component R44 Res3
Added Member To Class: ClassName=ESP Member=Component R45 Res3
Added Member To Class: ClassName=ESP Member=Component R46 Res3
Added Member To Class: ClassName=ESP Member=Component R47 Res3
Added Member To Class: ClassName=ESP Member=Component R48 Res3
Added Member To Class: ClassName=ESP Member=Component R49 Res3
Added Member To Class: ClassName=ESP Member=Component R50 Res3
Added Member To Class: ClassName=AIN01 Member=Component R51 Res3
Added Member To Class: ClassName=AIN02 Member=Component R51 Res3
Added Member To Class: ClassName=AIN11 Member=Component R51 Res3
Added Member To Class: ClassName=AIN12 Member=Component R51 Res3
Added Member To Class: ClassName=AIN21 Member=Component R51 Res3
Added Member To Class: ClassName=AIN22 Member=Component R51 Res3
Added Member To Class: ClassName=AIN31 Member=Component R51 Res3
Added Member To Class: ClassName=AIN32 Member=Component R51 Res3
Added Member To Class: ClassName=AIN01 Member=Component R52 Res3
Added Member To Class: ClassName=AIN02 Member=Component R52 Res3
Added Member To Class: ClassName=AIN11 Member=Component R52 Res3
Added Member To Class: ClassName=AIN12 Member=Component R52 Res3
Added Member To Class: ClassName=AIN21 Member=Component R52 Res3
Added Member To Class: ClassName=AIN22 Member=Component R52 Res3
Added Member To Class: ClassName=AIN31 Member=Component R52 Res3
Added Member To Class: ClassName=AIN32 Member=Component R52 Res3
Added Member To Class: ClassName=AIN01 Member=Component R53 Res3
Added Member To Class: ClassName=AIN02 Member=Component R53 Res3
Added Member To Class: ClassName=AIN11 Member=Component R53 Res3
Added Member To Class: ClassName=AIN12 Member=Component R53 Res3
Added Member To Class: ClassName=AIN21 Member=Component R53 Res3
Added Member To Class: ClassName=AIN22 Member=Component R53 Res3
Added Member To Class: ClassName=AIN31 Member=Component R53 Res3
Added Member To Class: ClassName=AIN32 Member=Component R53 Res3
Added Member To Class: ClassName=AIN01 Member=Component R54 Res3
Added Member To Class: ClassName=AIN02 Member=Component R54 Res3
Added Member To Class: ClassName=AIN11 Member=Component R54 Res3
Added Member To Class: ClassName=AIN12 Member=Component R54 Res3
Added Member To Class: ClassName=AIN21 Member=Component R54 Res3
Added Member To Class: ClassName=AIN22 Member=Component R54 Res3
Added Member To Class: ClassName=AIN31 Member=Component R54 Res3
Added Member To Class: ClassName=AIN32 Member=Component R54 Res3
Added Member To Class: ClassName=AIN01 Member=Component R55 Res3
Added Member To Class: ClassName=AIN02 Member=Component R55 Res3
Added Member To Class: ClassName=AIN11 Member=Component R55 Res3
Added Member To Class: ClassName=AIN12 Member=Component R55 Res3
Added Member To Class: ClassName=AIN21 Member=Component R55 Res3
Added Member To Class: ClassName=AIN22 Member=Component R55 Res3
Added Member To Class: ClassName=AIN31 Member=Component R55 Res3
Added Member To Class: ClassName=AIN32 Member=Component R55 Res3
Added Member To Class: ClassName=Voltage_Indicator1 Member=Component R56 Res3
Added Member To Class: ClassName=Voltage_Indicator2 Member=Component R56 Res3
Added Member To Class: ClassName=Voltage_Indicator3 Member=Component R56 Res3
Added Member To Class: ClassName=Voltage_Indicator1 Member=Component R57 Res3
Added Member To Class: ClassName=Voltage_Indicator2 Member=Component R57 Res3
Added Member To Class: ClassName=Voltage_Indicator3 Member=Component R57 Res3
Added Member To Class: ClassName=PWR Member=Component R58 Res3
Added Member To Class: ClassName=PWR Member=Component R59 Res3
Added Member To Class: ClassName=PWR Member=Component R60 Res3
Added Member To Class: ClassName=PWR Member=Component R61 Res3
Added Member To Class: ClassName=PWR Member=Component R63 Res3
Added Member To Class: ClassName=PWR Member=Component R64 Res3
Added Member To Class: ClassName=PWR Member=Component R65 Res3
Added Member To Class: ClassName=PWR Member=Component R66 Res3
Added Member To Class: ClassName=PWR Member=Component R67 Res3
Added Member To Class: ClassName=SPI Output Member=Component R68 Res3
Added Member To Class: ClassName=SPI Output Member=Component R69 Res3
Added Member To Class: ClassName=SPI Output Member=Component R70 Res3
Added Member To Class: ClassName=SPI Output Member=Component R71 Res3
Added Member To Class: ClassName=ESP UART Output Member=Component R72 Res3
Added Member To Class: ClassName=UART EXT Member=Component R72 Res3
Added Member To Class: ClassName=ESP UART Output Member=Component R73 Res3
Added Member To Class: ClassName=UART EXT Member=Component R73 Res3
Added Member To Class: ClassName=U_ESP power Member=Component R74 Res3
Added Member To Class: ClassName=U_ESP power Member=Component R75 Res3
Added Member To Class: ClassName=U_ESP power Member=Component R76 Res3
Added Member To Class: ClassName=U_ESP power Member=Component R77 Res3
Added Member To Class: ClassName=U_ESP power Member=Component R78 Res3
Added Member To Class: ClassName=Squib_Managment Member=Component R79 Res3
Added Member To Class: ClassName=ACT_IND Member=Component R80 Res3
Added Member To Class: ClassName=Main_Ind Member=Component R80 Res3
Added Member To Class: ClassName=Motor_IND Member=Component R80 Res3
Added Member To Class: ClassName=Sep_Ind Member=Component R80 Res3
Added Member To Class: ClassName=Regulators Member=Component R81 Res3
Added Member To Class: ClassName=Regulators Member=Component R82 Res3
Added Member To Class: ClassName=Regulators Member=Component R83 Res3
Added Member To Class: ClassName=Regulators Member=Component R84 Res3
Added Member To Class: ClassName=Regulators Member=Component R85 Res3
Added Member To Class: ClassName=Regulators Member=Component R86 Res3
Added Member To Class: ClassName=Main Member=Component R87 Res3
Added Member To Class: ClassName=Main Member=Component R88 Res3
Added Member To Class: ClassName=Main Member=Component R89 Res3
Added Member To Class: ClassName=Main Member=Component R90 Res3
Added Member To Class: ClassName=Main Member=Component R91 Res3
Added Member To Class: ClassName=Main Member=Component R92 Res3
Added Member To Class: ClassName=Main Member=Component R93 Res3
Added Member To Class: ClassName=Main Member=Component R94 Res3
Added Member To Class: ClassName=Main Member=Component R95 Res3
Added Member To Class: ClassName=Main Member=Component R96 Res3
Added Member To Class: ClassName=UART Member=Component S1 Slide Switch
Added Member To Class: ClassName=UART Member=Component S2 Slide Switch
Added Member To Class: ClassName=UART Member=Component S3 Slide Switch
Added Member To Class: ClassName=PWR Member=Component S4 434153017835
Added Member To Class: ClassName=Main_Squib Member=Component T1 MMBT2222ALT1
Added Member To Class: ClassName=Motor_Squib Member=Component T1 MMBT2222ALT1
Added Member To Class: ClassName=Sep_Squib Member=Component T1 MMBT2222ALT1
Added Member To Class: ClassName=Main_Squib Member=Component T2 MMBT2222ALT1
Added Member To Class: ClassName=Motor_Squib Member=Component T2 MMBT2222ALT1
Added Member To Class: ClassName=Sep_Squib Member=Component T2 MMBT2222ALT1
Added Member To Class: ClassName=Buzzer Member=Component T3 MMBT2222ALT1
Added Member To Class: ClassName=Buzzer Member=Component T4 MMBT2222ALT1
Added Member To Class: ClassName=ESP Member=Component T5 MMBT2222ALT1
Added Member To Class: ClassName=ESP Member=Component T6 MMBT2222ALT1
Added Member To Class: ClassName=Voltage_Indicator1 Member=Component T7 MMBT2222ALT1
Added Member To Class: ClassName=Voltage_Indicator2 Member=Component T7 MMBT2222ALT1
Added Member To Class: ClassName=Voltage_Indicator3 Member=Component T7 MMBT2222ALT1
Added Member To Class: ClassName=PWR Member=Component T8 MMBT2222ALT1
Added Member To Class: ClassName=PWR Member=Component T9 MMBT2222ALT1
Added Member To Class: ClassName=U_ESP power Member=Component T10 MMBT2222ALT1
Added Member To Class: ClassName=U_ESP power Member=Component T11 MMBT2222ALT1
Added Member To Class: ClassName=Accelerometer Member=Component U1 LIS3DSHTR
Added Member To Class: ClassName=ADC 1 Member=Component U2 Analog to Digital Converter
Added Member To Class: ClassName=ADC 2 Member=Component U2 Analog to Digital Converter
Added Member To Class: ClassName=Barometer Member=Component U3 BMP388
Added Member To Class: ClassName=Gyroscope Member=Component U4 L3GD20H
Added Member To Class: ClassName=Magnetometer Member=Component U5 MLX90393
Added Member To Class: ClassName=ESP Member=Component U6 3.3V Regulator
Added Member To Class: ClassName=ESP Member=Component U7 ESP32-WROOM-32D
Added Member To Class: ClassName=PWR Member=Component U8 ACS70331EESATR-005B3
Added Member To Class: ClassName=Squib_Managment Member=Component U9 ACS711KEXLT-15AB-T
Added Member To Class: ClassName=Regulators Member=Component U10 Linear Regulator
Added Member To Class: ClassName=Regulators Member=Component U11 Linear Regulator
Added Member To Class: ClassName=Regulators Member=Component U12 LM2596SX-ADJ/NOPB
Added Room: Name=Accelerometer
Added Room: Name=ACT_IND
Added Room: Name=ACT_IndESP
Added Room: Name=ADC 1
Added Room: Name=ADC 2
Added Room: Name=AIN01
Added Room: Name=AIN02
Added Room: Name=AIN11
Added Room: Name=AIN12
Added Room: Name=AIN21
Added Room: Name=AIN22
Added Room: Name=AIN31
Added Room: Name=AIN32
Added Room: Name=Barometer
Added Room: Name=Buzzer
Added Room: Name=ERR_IndESP
Added Room: Name=ERR_IndPi
Added Room: Name=ESP
Added Room: Name=ESP UART Output
Added Room: Name=Gyroscope
Added Room: Name=Magnetometer
Added Room: Name=Main
Added Room: Name=Main_IND
Added Room: Name=Main_Squib
Added Room: Name=Motor_IND
Added Room: Name=Motor_Squib
Added Room: Name=PWR
Added Room: Name=Regulators
Added Room: Name=Sep_IND
Added Room: Name=Sep_Squib
Added Room: Name=SPI Output
Added Room: Name=Squib_Managment
Added Room: Name=U_ESP power
Added Room: Name=U_Power IO
Added Room: Name=UART
Added Room: Name=UART EXT
Added Room: Name=Voltage_Indicator1
Added Room: Name=Voltage_Indicator2
Added Room: Name=Voltage_Indicator3
