Removed Pin From Net: NetName=NetC6_U_ADC1_2 Pin=R33_U_ADC RC Network1-2
Removed Pin From Net: NetName=NetC6_U_ADC1_1 Pin=R33_U_ADC RC Network2-2
Removed Pin From Net: NetName=NetC3_U_ADC1_2 Pin=R33_U_ADC RC Network3-2
Removed Pin From Net: NetName=NetC3_U_ADC1_1 Pin=R33_U_ADC RC Network4-2
Removed Pin From Net: NetName=NetC6_U_ADC2_2 Pin=R33_U_ADC RC Network5-2
Removed Pin From Net: NetName=NetC6_U_ADC2_1 Pin=R33_U_ADC RC Network6-2
Removed Pin From Net: NetName=NetC3_U_ADC2_2 Pin=R33_U_ADC RC Network7-2
Removed Pin From Net: NetName=NetC3_U_ADC2_1 Pin=R33_U_ADC RC Network8-2
Removed Pin From Net: NetName=NetC6_U_ADC1_2 Pin=R34_U_ADC RC Network1-2
Removed Pin From Net: NetName=NetC6_U_ADC1_1 Pin=R34_U_ADC RC Network2-2
Removed Pin From Net: NetName=NetC3_U_ADC1_2 Pin=R34_U_ADC RC Network3-2
Removed Pin From Net: NetName=NetC3_U_ADC1_1 Pin=R34_U_ADC RC Network4-2
Removed Pin From Net: NetName=NetC6_U_ADC2_2 Pin=R34_U_ADC RC Network5-2
Removed Pin From Net: NetName=NetC6_U_ADC2_1 Pin=R34_U_ADC RC Network6-2
Removed Pin From Net: NetName=NetC3_U_ADC2_2 Pin=R34_U_ADC RC Network7-2
Removed Pin From Net: NetName=NetC3_U_ADC2_1 Pin=R34_U_ADC RC Network8-2
Removed Pin From Net: NetName=NetC6_U_ADC1_2 Pin=R35_U_ADC RC Network1-1
Removed Pin From Net: NetName=NetC6_U_ADC1_1 Pin=R35_U_ADC RC Network2-1
Removed Pin From Net: NetName=NetC3_U_ADC1_2 Pin=R35_U_ADC RC Network3-1
Removed Pin From Net: NetName=NetC3_U_ADC1_1 Pin=R35_U_ADC RC Network4-1
Removed Pin From Net: NetName=NetC6_U_ADC2_2 Pin=R35_U_ADC RC Network5-1
Removed Pin From Net: NetName=NetC6_U_ADC2_1 Pin=R35_U_ADC RC Network6-1
Removed Pin From Net: NetName=NetC3_U_ADC2_2 Pin=R35_U_ADC RC Network7-1
Removed Pin From Net: NetName=NetC3_U_ADC2_1 Pin=R35_U_ADC RC Network8-1
Removed Pin From Net: NetName=NetC6_U_ADC1_2 Pin=R36_U_ADC RC Network1-1
Removed Pin From Net: NetName=NetC6_U_ADC1_1 Pin=R36_U_ADC RC Network2-1
Removed Pin From Net: NetName=NetC3_U_ADC1_2 Pin=R36_U_ADC RC Network3-1
Removed Pin From Net: NetName=NetC3_U_ADC1_1 Pin=R36_U_ADC RC Network4-1
Removed Pin From Net: NetName=NetC6_U_ADC2_2 Pin=R36_U_ADC RC Network5-1
Removed Pin From Net: NetName=NetC6_U_ADC2_1 Pin=R36_U_ADC RC Network6-1
Removed Pin From Net: NetName=NetC3_U_ADC2_2 Pin=R36_U_ADC RC Network7-1
Removed Pin From Net: NetName=NetC3_U_ADC2_1 Pin=R36_U_ADC RC Network8-1
Removed Member From Class: ClassName=U_ADC RC Network1 Member=R35_U_ADC RC Network1
Removed Member From Class: ClassName=U_ADC RC Network2 Member=R35_U_ADC RC Network2
Removed Member From Class: ClassName=U_ADC RC Network3 Member=R35_U_ADC RC Network3
Removed Member From Class: ClassName=U_ADC RC Network4 Member=R35_U_ADC RC Network4
Removed Member From Class: ClassName=U_ADC RC Network5 Member=R35_U_ADC RC Network5
Removed Member From Class: ClassName=U_ADC RC Network6 Member=R35_U_ADC RC Network6
Removed Member From Class: ClassName=U_ADC RC Network7 Member=R35_U_ADC RC Network7
Removed Member From Class: ClassName=U_ADC RC Network8 Member=R35_U_ADC RC Network8
Change Component Designator: OldDesignator=C20_U_ADC RC Network1 NewDesignator=C20_AIN11
Change Component Designator: OldDesignator=C20_U_ADC RC Network2 NewDesignator=C20_AIN01
Change Component Designator: OldDesignator=C20_U_ADC RC Network3 NewDesignator=C20_AIN31
Change Component Designator: OldDesignator=C20_U_ADC RC Network4 NewDesignator=C20_AIN21
Change Component Designator: OldDesignator=C20_U_ADC RC Network5 NewDesignator=C20_AIN12
Change Component Designator: OldDesignator=C20_U_ADC RC Network6 NewDesignator=C20_AIN02
Change Component Designator: OldDesignator=C20_U_ADC RC Network7 NewDesignator=C20_AIN32
Change Component Designator: OldDesignator=C20_U_ADC RC Network8 NewDesignator=C20_AIN22
Change Component Designator: OldDesignator=R33_U_ADC RC Network1 NewDesignator=R33_AIN11
Change Component Designator: OldDesignator=R33_U_ADC RC Network2 NewDesignator=R33_AIN01
Change Component Designator: OldDesignator=R33_U_ADC RC Network3 NewDesignator=R33_AIN31
Change Component Designator: OldDesignator=R33_U_ADC RC Network4 NewDesignator=R33_AIN21
Change Component Designator: OldDesignator=R33_U_ADC RC Network5 NewDesignator=R33_AIN12
Change Component Designator: OldDesignator=R33_U_ADC RC Network6 NewDesignator=R33_AIN02
Change Component Designator: OldDesignator=R33_U_ADC RC Network7 NewDesignator=R33_AIN32
Change Component Designator: OldDesignator=R33_U_ADC RC Network8 NewDesignator=R33_AIN22
Change Component Designator: OldDesignator=R34_U_ADC RC Network1 NewDesignator=R34_AIN11
Change Component Designator: OldDesignator=R34_U_ADC RC Network2 NewDesignator=R34_AIN01
Change Component Designator: OldDesignator=R34_U_ADC RC Network3 NewDesignator=R34_AIN31
Change Component Designator: OldDesignator=R34_U_ADC RC Network4 NewDesignator=R34_AIN21
Change Component Designator: OldDesignator=R34_U_ADC RC Network5 NewDesignator=R34_AIN12
Change Component Designator: OldDesignator=R34_U_ADC RC Network6 NewDesignator=R34_AIN02
Change Component Designator: OldDesignator=R34_U_ADC RC Network7 NewDesignator=R34_AIN32
Change Component Designator: OldDesignator=R34_U_ADC RC Network8 NewDesignator=R34_AIN22
Change Component Designator: OldDesignator=R36_U_ADC RC Network1 NewDesignator=R36_AIN11
Change Component Designator: OldDesignator=R36_U_ADC RC Network2 NewDesignator=R36_AIN01
Change Component Designator: OldDesignator=R36_U_ADC RC Network3 NewDesignator=R36_AIN31
Change Component Designator: OldDesignator=R36_U_ADC RC Network4 NewDesignator=R36_AIN21
Change Component Designator: OldDesignator=R36_U_ADC RC Network5 NewDesignator=R36_AIN12
Change Component Designator: OldDesignator=R36_U_ADC RC Network6 NewDesignator=R36_AIN02
Change Component Designator: OldDesignator=R36_U_ADC RC Network7 NewDesignator=R36_AIN32
Change Component Designator: OldDesignator=R36_U_ADC RC Network8 NewDesignator=R36_AIN22
Added Component: Designator=C?_U_ADC1(0603 Footprint)
Add component. Clean all parameters for all variants
Add component (AddParameter): Name = "Value"; Value = "100nF"; VariantName = "[No Variations]"
Added Component: Designator=C?_U_ADC2(0603 Footprint)
Add component. Clean all parameters for all variants
Add component (AddParameter): Name = "Value"; Value = "100nF"; VariantName = "[No Variations]"
Added Component: Designator=R?_AIN01(0603 to 1210 SMD)
Add component. Clean all parameters for all variants
Add component (AddParameter): Name = "LatestRevisionDate"; Value = "29-May-2009"; VariantName = "[No Variations]"
Add component (AddParameter): Name = "LatestRevisionNote"; Value = "IPC-7351 Footprint Added."; VariantName = "[No Variations]"
Add component (AddParameter): Name = "PackageDescription"; Value = "Chip Resistor"; VariantName = "[No Variations]"
Add component (AddParameter): Name = "PackageReference"; Value = "J1-0603"; VariantName = "[No Variations]"
Add component (AddParameter): Name = "Published"; Value = "8-Jun-2000"; VariantName = "[No Variations]"
Add component (AddParameter): Name = "Publisher"; Value = "Altium Limited"; VariantName = "[No Variations]"
Add component (AddParameter): Name = "Value"; Value = "1K"; VariantName = "[No Variations]"
Added Component: Designator=R?_AIN02(0603 to 1210 SMD)
Add component. Clean all parameters for all variants
Add component (AddParameter): Name = "LatestRevisionDate"; Value = "29-May-2009"; VariantName = "[No Variations]"
Add component (AddParameter): Name = "LatestRevisionNote"; Value = "IPC-7351 Footprint Added."; VariantName = "[No Variations]"
Add component (AddParameter): Name = "PackageDescription"; Value = "Chip Resistor"; VariantName = "[No Variations]"
Add component (AddParameter): Name = "PackageReference"; Value = "J1-0603"; VariantName = "[No Variations]"
Add component (AddParameter): Name = "Published"; Value = "8-Jun-2000"; VariantName = "[No Variations]"
Add component (AddParameter): Name = "Publisher"; Value = "Altium Limited"; VariantName = "[No Variations]"
Add component (AddParameter): Name = "Value"; Value = "1K"; VariantName = "[No Variations]"
Added Component: Designator=R?_AIN11(0603 to 1210 SMD)
Add component. Clean all parameters for all variants
Add component (AddParameter): Name = "LatestRevisionDate"; Value = "29-May-2009"; VariantName = "[No Variations]"
Add component (AddParameter): Name = "LatestRevisionNote"; Value = "IPC-7351 Footprint Added."; VariantName = "[No Variations]"
Add component (AddParameter): Name = "PackageDescription"; Value = "Chip Resistor"; VariantName = "[No Variations]"
Add component (AddParameter): Name = "PackageReference"; Value = "J1-0603"; VariantName = "[No Variations]"
Add component (AddParameter): Name = "Published"; Value = "8-Jun-2000"; VariantName = "[No Variations]"
Add component (AddParameter): Name = "Publisher"; Value = "Altium Limited"; VariantName = "[No Variations]"
Add component (AddParameter): Name = "Value"; Value = "1K"; VariantName = "[No Variations]"
Added Component: Designator=R?_AIN12(0603 to 1210 SMD)
Add component. Clean all parameters for all variants
Add component (AddParameter): Name = "LatestRevisionDate"; Value = "29-May-2009"; VariantName = "[No Variations]"
Add component (AddParameter): Name = "LatestRevisionNote"; Value = "IPC-7351 Footprint Added."; VariantName = "[No Variations]"
Add component (AddParameter): Name = "PackageDescription"; Value = "Chip Resistor"; VariantName = "[No Variations]"
Add component (AddParameter): Name = "PackageReference"; Value = "J1-0603"; VariantName = "[No Variations]"
Add component (AddParameter): Name = "Published"; Value = "8-Jun-2000"; VariantName = "[No Variations]"
Add component (AddParameter): Name = "Publisher"; Value = "Altium Limited"; VariantName = "[No Variations]"
Add component (AddParameter): Name = "Value"; Value = "1K"; VariantName = "[No Variations]"
Added Component: Designator=R?_AIN21(0603 to 1210 SMD)
Add component. Clean all parameters for all variants
Add component (AddParameter): Name = "LatestRevisionDate"; Value = "29-May-2009"; VariantName = "[No Variations]"
Add component (AddParameter): Name = "LatestRevisionNote"; Value = "IPC-7351 Footprint Added."; VariantName = "[No Variations]"
Add component (AddParameter): Name = "PackageDescription"; Value = "Chip Resistor"; VariantName = "[No Variations]"
Add component (AddParameter): Name = "PackageReference"; Value = "J1-0603"; VariantName = "[No Variations]"
Add component (AddParameter): Name = "Published"; Value = "8-Jun-2000"; VariantName = "[No Variations]"
Add component (AddParameter): Name = "Publisher"; Value = "Altium Limited"; VariantName = "[No Variations]"
Add component (AddParameter): Name = "Value"; Value = "1K"; VariantName = "[No Variations]"
Added Component: Designator=R?_AIN22(0603 to 1210 SMD)
Add component. Clean all parameters for all variants
Add component (AddParameter): Name = "LatestRevisionDate"; Value = "29-May-2009"; VariantName = "[No Variations]"
Add component (AddParameter): Name = "LatestRevisionNote"; Value = "IPC-7351 Footprint Added."; VariantName = "[No Variations]"
Add component (AddParameter): Name = "PackageDescription"; Value = "Chip Resistor"; VariantName = "[No Variations]"
Add component (AddParameter): Name = "PackageReference"; Value = "J1-0603"; VariantName = "[No Variations]"
Add component (AddParameter): Name = "Published"; Value = "8-Jun-2000"; VariantName = "[No Variations]"
Add component (AddParameter): Name = "Publisher"; Value = "Altium Limited"; VariantName = "[No Variations]"
Add component (AddParameter): Name = "Value"; Value = "1K"; VariantName = "[No Variations]"
Added Component: Designator=R?_AIN31(0603 to 1210 SMD)
Add component. Clean all parameters for all variants
Add component (AddParameter): Name = "LatestRevisionDate"; Value = "29-May-2009"; VariantName = "[No Variations]"
Add component (AddParameter): Name = "LatestRevisionNote"; Value = "IPC-7351 Footprint Added."; VariantName = "[No Variations]"
Add component (AddParameter): Name = "PackageDescription"; Value = "Chip Resistor"; VariantName = "[No Variations]"
Add component (AddParameter): Name = "PackageReference"; Value = "J1-0603"; VariantName = "[No Variations]"
Add component (AddParameter): Name = "Published"; Value = "8-Jun-2000"; VariantName = "[No Variations]"
Add component (AddParameter): Name = "Publisher"; Value = "Altium Limited"; VariantName = "[No Variations]"
Add component (AddParameter): Name = "Value"; Value = "1K"; VariantName = "[No Variations]"
Added Component: Designator=R?_AIN32(0603 to 1210 SMD)
Add component. Clean all parameters for all variants
Add component (AddParameter): Name = "LatestRevisionDate"; Value = "29-May-2009"; VariantName = "[No Variations]"
Add component (AddParameter): Name = "LatestRevisionNote"; Value = "IPC-7351 Footprint Added."; VariantName = "[No Variations]"
Add component (AddParameter): Name = "PackageDescription"; Value = "Chip Resistor"; VariantName = "[No Variations]"
Add component (AddParameter): Name = "PackageReference"; Value = "J1-0603"; VariantName = "[No Variations]"
Add component (AddParameter): Name = "Published"; Value = "8-Jun-2000"; VariantName = "[No Variations]"
Add component (AddParameter): Name = "Publisher"; Value = "Altium Limited"; VariantName = "[No Variations]"
Add component (AddParameter): Name = "Value"; Value = "1K"; VariantName = "[No Variations]"
Added Pin To Net: NetName=NetC4_U_ADC1_2 Pin=C?_U_ADC1-1
Added Pin To Net: NetName=NetC5_U_ADC1_2 Pin=C?_U_ADC1-2
Added Pin To Net: NetName=NetC4_U_ADC2_2 Pin=C?_U_ADC2-1
Added Pin To Net: NetName=NetC5_U_ADC2_2 Pin=C?_U_ADC2-2
Added Pin To Net: NetName=NetC6_U_ADC1_1 Pin=R?_AIN01-1
Added Pin To Net: NetName=NetC6_U_ADC2_1 Pin=R?_AIN02-1
Added Pin To Net: NetName=NetC6_U_ADC1_2 Pin=R?_AIN11-1
Added Pin To Net: NetName=NetC6_U_ADC2_2 Pin=R?_AIN12-1
Added Pin To Net: NetName=NetC3_U_ADC1_1 Pin=R?_AIN21-1
Added Pin To Net: NetName=NetC3_U_ADC2_1 Pin=R?_AIN22-1
Added Pin To Net: NetName=NetC3_U_ADC1_2 Pin=R?_AIN31-1
Added Pin To Net: NetName=NetC3_U_ADC2_2 Pin=R?_AIN32-1
Added Pin To Net: NetName=NetR33_AIN01_2 Pin=R33_AIN01-2
Added Pin To Net: NetName=NetR33_AIN01_2 Pin=R34_AIN01-2
Added Pin To Net: NetName=NetR33_AIN01_2 Pin=R36_AIN01-1
Added Pin To Net: NetName=NetR33_AIN01_2 Pin=R?_AIN01-2
Added Pin To Net: NetName=NetR33_AIN01_2 Pin=T2_U_ADC1-2
Added Net: Name=NetR33_AIN01_2
Added Pin To Net: NetName=NetR33_AIN02_2 Pin=R33_AIN02-2
Added Pin To Net: NetName=NetR33_AIN02_2 Pin=R34_AIN02-2
Added Pin To Net: NetName=NetR33_AIN02_2 Pin=R36_AIN02-1
Added Pin To Net: NetName=NetR33_AIN02_2 Pin=R?_AIN02-2
Added Pin To Net: NetName=NetR33_AIN02_2 Pin=T2_U_ADC2-2
Added Net: Name=NetR33_AIN02_2
Added Pin To Net: NetName=NetR33_AIN11_2 Pin=R33_AIN11-2
Added Pin To Net: NetName=NetR33_AIN11_2 Pin=R34_AIN11-2
Added Pin To Net: NetName=NetR33_AIN11_2 Pin=R36_AIN11-1
Added Pin To Net: NetName=NetR33_AIN11_2 Pin=R?_AIN11-2
Added Pin To Net: NetName=NetR33_AIN11_2 Pin=T2_U_ADC1-1
Added Net: Name=NetR33_AIN11_2
Added Pin To Net: NetName=NetR33_AIN12_2 Pin=R33_AIN12-2
Added Pin To Net: NetName=NetR33_AIN12_2 Pin=R34_AIN12-2
Added Pin To Net: NetName=NetR33_AIN12_2 Pin=R36_AIN12-1
Added Pin To Net: NetName=NetR33_AIN12_2 Pin=R?_AIN12-2
Added Pin To Net: NetName=NetR33_AIN12_2 Pin=T2_U_ADC2-1
Added Net: Name=NetR33_AIN12_2
Added Pin To Net: NetName=NetR33_AIN21_2 Pin=R33_AIN21-2
Added Pin To Net: NetName=NetR33_AIN21_2 Pin=R34_AIN21-2
Added Pin To Net: NetName=NetR33_AIN21_2 Pin=R36_AIN21-1
Added Pin To Net: NetName=NetR33_AIN21_2 Pin=R?_AIN21-2
Added Pin To Net: NetName=NetR33_AIN21_2 Pin=T1_U_ADC1-2
Added Net: Name=NetR33_AIN21_2
Added Pin To Net: NetName=NetR33_AIN22_2 Pin=R33_AIN22-2
Added Pin To Net: NetName=NetR33_AIN22_2 Pin=R34_AIN22-2
Added Pin To Net: NetName=NetR33_AIN22_2 Pin=R36_AIN22-1
Added Pin To Net: NetName=NetR33_AIN22_2 Pin=R?_AIN22-2
Added Pin To Net: NetName=NetR33_AIN22_2 Pin=T1_U_ADC2-2
Added Net: Name=NetR33_AIN22_2
Added Pin To Net: NetName=NetR33_AIN31_2 Pin=R33_AIN31-2
Added Pin To Net: NetName=NetR33_AIN31_2 Pin=R34_AIN31-2
Added Pin To Net: NetName=NetR33_AIN31_2 Pin=R36_AIN31-1
Added Pin To Net: NetName=NetR33_AIN31_2 Pin=R?_AIN31-2
Added Pin To Net: NetName=NetR33_AIN31_2 Pin=T1_U_ADC1-1
Added Net: Name=NetR33_AIN31_2
Added Pin To Net: NetName=NetR33_AIN32_2 Pin=R33_AIN32-2
Added Pin To Net: NetName=NetR33_AIN32_2 Pin=R34_AIN32-2
Added Pin To Net: NetName=NetR33_AIN32_2 Pin=R36_AIN32-1
Added Pin To Net: NetName=NetR33_AIN32_2 Pin=R?_AIN32-2
Added Pin To Net: NetName=NetR33_AIN32_2 Pin=T1_U_ADC2-1
Added Net: Name=NetR33_AIN32_2
Change Class Name : Old Net Name=U_ADC RC Network1 New Net Name=AIN11
Change Class Name : Old Net Name=U_ADC RC Network2 New Net Name=AIN01
Change Class Name : Old Net Name=U_ADC RC Network3 New Net Name=AIN31
Change Class Name : Old Net Name=U_ADC RC Network4 New Net Name=AIN21
Change Class Name : Old Net Name=U_ADC RC Network5 New Net Name=AIN12
Change Class Name : Old Net Name=U_ADC RC Network6 New Net Name=AIN02
Change Class Name : Old Net Name=U_ADC RC Network7 New Net Name=AIN32
Change Class Name : Old Net Name=U_ADC RC Network8 New Net Name=AIN22
Added Member To Class: ClassName=PWR Member=Component 3.3V Screw Terminal
Added Member To Class: ClassName=PWR Member=Component 3.3V Screw Terminal
Added Member To Class: ClassName=PWR Member=Component 5V_Clean Screw Terminal
Added Member To Class: ClassName=PWR Member=Component 5V Screw Terminal
Added Member To Class: ClassName=U_ADC1 Member=Component C?_U_ADC1 (C?) Cap
Added Member To Class: ClassName=U_ADC2 Member=Component C?_U_ADC2 (C?) Cap
Added Member To Class: ClassName=AIN01 Member=Component R?_AIN01 (R?) Res3
Added Member To Class: ClassName=AIN02 Member=Component R?_AIN02 (R?) Res3
Added Member To Class: ClassName=AIN11 Member=Component R?_AIN11 (R?) Res3
Added Member To Class: ClassName=AIN12 Member=Component R?_AIN12 (R?) Res3
Added Member To Class: ClassName=AIN21 Member=Component R?_AIN21 (R?) Res3
Added Member To Class: ClassName=AIN22 Member=Component R?_AIN22 (R?) Res3
Added Member To Class: ClassName=AIN31 Member=Component R?_AIN31 (R?) Res3
Added Member To Class: ClassName=AIN32 Member=Component R?_AIN32 (R?) Res3
Added Room: Name=AIN01
Added Room: Name=AIN02
Added Room: Name=AIN11
Added Room: Name=AIN12
Added Room: Name=AIN21
Added Room: Name=AIN22
Added Room: Name=AIN31
Added Room: Name=AIN32
Added Room: Name=Bz
Added Room: Name=LVLESP
Added Room: Name=LVLPI/ESP
Added Room: Name=LVMISO
Added Room: Name=LVMOSI
Added Room: Name=LVSCLK
Added Room: Name=Main
Added Room: Name=Main
Added Room: Name=Main_Ind
Added Room: Name=Motor
Added Room: Name=Motor_Ind
Added Room: Name=PWR
Added Room: Name=Sep
Added Room: Name=Sep_Ind
Added Room: Name=SPI-IO
Added Room: Name=U_Blue_LED1
Added Room: Name=U_Blue_LED2
Added Room: Name=U_Blue_LED3
Added Room: Name=UART
