Change Physical Footprint: Designator=1 Old Footprint=SCREW TERMINAL New Footprint=Screw Terminal
Change Physical Footprint: Designator=2 Old Footprint=SCREW TERMINAL New Footprint=Screw Terminal
Change Physical Footprint: Designator=3 Old Footprint=SCREW TERMINAL New Footprint=Screw Terminal
Change Physical Footprint: Designator=4 Old Footprint=SCREW TERMINAL New Footprint=Screw Terminal
Change Physical Footprint: Designator=5 Old Footprint=SCREW TERMINAL New Footprint=Screw Terminal
Change Physical Footprint: Designator=6 Old Footprint=SCREW TERMINAL New Footprint=Screw Terminal
Change Physical Footprint: Designator=7 Old Footprint=SCREW TERMINAL New Footprint=Screw Terminal
Change Physical Footprint: Designator=8 Old Footprint=SCREW SWITCH New Footprint=Screw Switch
Change Physical Footprint: Designator=9_LVLESP Old Footprint=SCREW SWITCH New Footprint=Screw Switch
Change Physical Footprint: Designator=9_LVLPI/ESP Old Footprint=SCREW SWITCH New Footprint=Screw Switch
Change Physical Footprint: Designator=BAT_IN1 Old Footprint=SCREW TERMINAL New Footprint=Screw Terminal
Change Physical Footprint: Designator=C1 Old Footprint=0603 TO 1210 SMD New Footprint=0603 to 1210 SMD
Change Physical Footprint: Designator=C2 Old Footprint=0603 FOOTPRINT New Footprint=0603 Footprint
Change Physical Footprint: Designator=C3_U_ADC1 Old Footprint=0603 TO 0805 SMD - DUPLICATE New Footprint=0603 to 0805 SMD - duplicate
Change Physical Footprint: Designator=C3_U_ADC2 Old Footprint=0603 TO 0805 SMD - DUPLICATE New Footprint=0603 to 0805 SMD - duplicate
Change Physical Footprint: Designator=C4_U_ADC1 Old Footprint=0603 FOOTPRINT New Footprint=0603 Footprint
Change Physical Footprint: Designator=C4_U_ADC2 Old Footprint=0603 FOOTPRINT New Footprint=0603 Footprint
Change Physical Footprint: Designator=C5_U_ADC1 Old Footprint=0603 FOOTPRINT New Footprint=0603 Footprint
Change Physical Footprint: Designator=C5_U_ADC2 Old Footprint=0603 FOOTPRINT New Footprint=0603 Footprint
Change Physical Footprint: Designator=C6_U_ADC1 Old Footprint=0603 FOOTPRINT New Footprint=0603 Footprint
Change Physical Footprint: Designator=C6_U_ADC2 Old Footprint=0603 FOOTPRINT New Footprint=0603 Footprint
Change Physical Footprint: Designator=C7_U_ADC1 Old Footprint=0603 TO 0805 SMD - DUPLICATE New Footprint=0603 to 0805 SMD - duplicate
Change Physical Footprint: Designator=C7_U_ADC2 Old Footprint=0603 TO 0805 SMD - DUPLICATE New Footprint=0603 to 0805 SMD - duplicate
Change Physical Footprint: Designator=C8_U_ADC1 Old Footprint=0603 TO 0805 SMD - DUPLICATE New Footprint=0603 to 0805 SMD - duplicate
Change Physical Footprint: Designator=C8_U_ADC2 Old Footprint=0603 TO 0805 SMD - DUPLICATE New Footprint=0603 to 0805 SMD - duplicate
Change Physical Footprint: Designator=C9_U_ADC1 Old Footprint=0603 FOOTPRINT New Footprint=0603 Footprint
Change Physical Footprint: Designator=C9_U_ADC2 Old Footprint=0603 FOOTPRINT New Footprint=0603 Footprint
Change Physical Footprint: Designator=C10_U_ADC1 Old Footprint=0603 FOOTPRINT New Footprint=0603 Footprint
Change Physical Footprint: Designator=C10_U_ADC2 Old Footprint=0603 FOOTPRINT New Footprint=0603 Footprint
Change Physical Footprint: Designator=C11 Old Footprint=0603 FOOTPRINT New Footprint=0603 Footprint
Change Physical Footprint: Designator=C12 Old Footprint=0603 FOOTPRINT New Footprint=0603 Footprint
Change Physical Footprint: Designator=C13 Old Footprint=0805 FOOTPRINT New Footprint=0805 Footprint
Change Physical Footprint: Designator=C14 Old Footprint=0805 FOOTPRINT New Footprint=0805 Footprint
Change Physical Footprint: Designator=C15 Old Footprint=0603 FOOTPRINT New Footprint=0603 Footprint
Change Physical Footprint: Designator=C16 Old Footprint=0603 FOOTPRINT New Footprint=0603 Footprint
Change Physical Footprint: Designator=C17 Old Footprint=0603 FOOTPRINT New Footprint=0603 Footprint
Change Physical Footprint: Designator=C18 Old Footprint=0603 FOOTPRINT New Footprint=0603 Footprint
Change Physical Footprint: Designator=C19 Old Footprint=0805 FOOTPRINT New Footprint=0805 Footprint
Change Physical Footprint: Designator=C20 Old Footprint=0805 FOOTPRINT New Footprint=0805 Footprint
Change Physical Footprint: Designator=C21 Old Footprint=0603 TO 1210 SMD New Footprint=0603 to 1210 SMD
Change Physical Footprint: Designator=C22 Old Footprint=0603 FOOTPRINT New Footprint=0603 Footprint
Change Physical Footprint: Designator=C23 Old Footprint=0603 TO 1210 SMD New Footprint=0603 to 1210 SMD
Change Physical Footprint: Designator=C24 Old Footprint=0805 FOOTPRINT New Footprint=0805 Footprint
Change Physical Footprint: Designator=C25 Old Footprint=0805 FOOTPRINT New Footprint=0805 Footprint
Change Physical Footprint: Designator=C26 Old Footprint=0603 TO 1210 SMD New Footprint=0603 to 1210 SMD
Change Physical Footprint: Designator=C27 Old Footprint=0603 FOOTPRINT New Footprint=0603 Footprint
Change Physical Footprint: Designator=C28 Old Footprint=ELECTROLYTIC CAP New Footprint=Electrolytic Cap
Change Physical Footprint: Designator=C29 Old Footprint=0603 TO 1210 SMD New Footprint=0603 to 1210 SMD
Change Physical Footprint: Designator=C30 Old Footprint=0603 TO 1210 SMD New Footprint=0603 to 1210 SMD
Change Physical Footprint: Designator=C31 Old Footprint=0603 TO 1210 SMD New Footprint=0603 to 1210 SMD
Change Physical Footprint: Designator=C32 Old Footprint=0603 FOOTPRINT New Footprint=0603 Footprint
Change Physical Footprint: Designator=C33 Old Footprint=ELECTROLYTIC CAP New Footprint=Electrolytic Cap
Change Physical Footprint: Designator=C34 Old Footprint=0603 FOOTPRINT New Footprint=0603 Footprint
Change Physical Footprint: Designator=C35 Old Footprint=0603 FOOTPRINT New Footprint=0603 Footprint
Change Physical Footprint: Designator=C36 Old Footprint=0603 FOOTPRINT New Footprint=0603 Footprint
Change Physical Footprint: Designator=C37 Old Footprint=0603 FOOTPRINT New Footprint=0603 Footprint
Change Physical Footprint: Designator=C38 Old Footprint=0805 FOOTPRINT New Footprint=0805 Footprint
Change Physical Footprint: Designator=C39 Old Footprint=0805 FOOTPRINT New Footprint=0805 Footprint
Change Physical Footprint: Designator=CF1_AIN01 Old Footprint=0603 TO 0805 SMD - DUPLICATE New Footprint=0603 to 0805 SMD - duplicate
Change Physical Footprint: Designator=CF1_AIN02 Old Footprint=0603 TO 0805 SMD - DUPLICATE New Footprint=0603 to 0805 SMD - duplicate
Change Physical Footprint: Designator=CF1_AIN11 Old Footprint=0603 TO 0805 SMD - DUPLICATE New Footprint=0603 to 0805 SMD - duplicate
Change Physical Footprint: Designator=CF1_AIN12 Old Footprint=0603 TO 0805 SMD - DUPLICATE New Footprint=0603 to 0805 SMD - duplicate
Change Physical Footprint: Designator=CF1_AIN21 Old Footprint=0603 TO 0805 SMD - DUPLICATE New Footprint=0603 to 0805 SMD - duplicate
Change Physical Footprint: Designator=CF1_AIN22 Old Footprint=0603 TO 0805 SMD - DUPLICATE New Footprint=0603 to 0805 SMD - duplicate
Change Physical Footprint: Designator=CF1_AIN31 Old Footprint=0603 TO 0805 SMD - DUPLICATE New Footprint=0603 to 0805 SMD - duplicate
Change Physical Footprint: Designator=CF1_AIN32 Old Footprint=0603 TO 0805 SMD - DUPLICATE New Footprint=0603 to 0805 SMD - duplicate
Change Physical Footprint: Designator=D1 Old Footprint=0402 FOOTPRINT New Footprint=0402 footprint
Change Physical Footprint: Designator=D2 Old Footprint=0402 FOOTPRINT New Footprint=0402 footprint
Change Physical Footprint: Designator=D3_Main_Ind Old Footprint=0402 FOOTPRINT New Footprint=0402 footprint
Change Physical Footprint: Designator=D3_Motor_Ind Old Footprint=0402 FOOTPRINT New Footprint=0402 footprint
Change Physical Footprint: Designator=D3_Sep_Ind Old Footprint=0402 FOOTPRINT New Footprint=0402 footprint
Change Physical Footprint: Designator=D4 Old Footprint=0402 FOOTPRINT New Footprint=0402 footprint
Change Physical Footprint: Designator=D5 Old Footprint=0402 FOOTPRINT New Footprint=0402 footprint
Change Physical Footprint: Designator=D6 Old Footprint=0402 FOOTPRINT New Footprint=0402 footprint
Change Physical Footprint: Designator=D7_U_Blue_LED1 Old Footprint=0402 FOOTPRINT New Footprint=0402 footprint
Change Physical Footprint: Designator=D7_U_Blue_LED2 Old Footprint=0402 FOOTPRINT New Footprint=0402 footprint
Change Physical Footprint: Designator=D7_U_Blue_LED3 Old Footprint=0402 FOOTPRINT New Footprint=0402 footprint
Change Physical Footprint: Designator=D11 Old Footprint=*DO-214AC New Footprint=*DO-214AC
Change Physical Footprint: Designator=D12 Old Footprint=0402 FOOTPRINT New Footprint=0402 footprint
Change Physical Footprint: Designator=D13 Old Footprint=*DO-214AC New Footprint=*DO-214AC
Change Physical Footprint: Designator=L1 Old Footprint=INDUCTOR New Footprint=INDUCTOR
Change Physical Footprint: Designator=LS1 Old Footprint=CUI_CT-1205C-SMT New Footprint=CUI_CT-1205C-SMT
Change Physical Footprint: Designator=MOSI/MISO1 Old Footprint=SCREW TERMINAL New Footprint=Screw Terminal
Change Physical Footprint: Designator=Q1_Main Old Footprint=SOT95P280X125-3N New Footprint=SOT95P280X125-3N
Change Physical Footprint: Designator=Q1_Motor Old Footprint=SOT95P280X125-3N New Footprint=SOT95P280X125-3N
Change Physical Footprint: Designator=Q1_Sep Old Footprint=SOT95P280X125-3N New Footprint=SOT95P280X125-3N
Change Physical Footprint: Designator=Q2_Main Old Footprint=SOT95P280X125-3N New Footprint=SOT95P280X125-3N
Change Physical Footprint: Designator=Q2_Motor Old Footprint=SOT95P280X125-3N New Footprint=SOT95P280X125-3N
Change Physical Footprint: Designator=Q2_Sep Old Footprint=SOT95P280X125-3N New Footprint=SOT95P280X125-3N
Change Physical Footprint: Designator=Q3_LVCS Old Footprint=*BSS138L_BSS138L(PRIMARY) New Footprint=*BSS138L_BSS138L(Primary)
Change Physical Footprint: Designator=Q3_LVMISO Old Footprint=*BSS138L_BSS138L(PRIMARY) New Footprint=*BSS138L_BSS138L(Primary)
Change Physical Footprint: Designator=Q3_LVMOSI Old Footprint=*BSS138L_BSS138L(PRIMARY) New Footprint=*BSS138L_BSS138L(Primary)
Change Physical Footprint: Designator=Q3_LVRX1 Old Footprint=*BSS138L_BSS138L(PRIMARY) New Footprint=*BSS138L_BSS138L(Primary)
Change Physical Footprint: Designator=Q3_LVRX2 Old Footprint=*BSS138L_BSS138L(PRIMARY) New Footprint=*BSS138L_BSS138L(Primary)
Change Physical Footprint: Designator=Q3_LVSCLK Old Footprint=*BSS138L_BSS138L(PRIMARY) New Footprint=*BSS138L_BSS138L(Primary)
Change Physical Footprint: Designator=Q3_LVTX1 Old Footprint=*BSS138L_BSS138L(PRIMARY) New Footprint=*BSS138L_BSS138L(Primary)
Change Physical Footprint: Designator=Q3_LVTX2 Old Footprint=*BSS138L_BSS138L(PRIMARY) New Footprint=*BSS138L_BSS138L(Primary)
Change Physical Footprint: Designator=Q4 Old Footprint=SOT95P280X125-3N New Footprint=SOT95P280X125-3N
Change Physical Footprint: Designator=Q5 Old Footprint=SOT95P280X125-3N New Footprint=SOT95P280X125-3N
Change Physical Footprint: Designator=Q6 Old Footprint=SOT95P280X125-3N New Footprint=SOT95P280X125-3N
Change Physical Footprint: Designator=R1_U_ADC1 Old Footprint=J1-0603 New Footprint=J1-0603
Change Physical Footprint: Designator=R1_U_ADC2 Old Footprint=J1-0603 New Footprint=J1-0603
Change Physical Footprint: Designator=R2_U_ADC1 Old Footprint=J1-0603 New Footprint=J1-0603
Change Physical Footprint: Designator=R2_U_ADC2 Old Footprint=J1-0603 New Footprint=J1-0603
Change Physical Footprint: Designator=R3_U_ADC1 Old Footprint=J1-0603 New Footprint=J1-0603
Change Physical Footprint: Designator=R3_U_ADC2 Old Footprint=J1-0603 New Footprint=J1-0603
Change Physical Footprint: Designator=R4_U_ADC1 Old Footprint=J1-0603 New Footprint=J1-0603
Change Physical Footprint: Designator=R4_U_ADC2 Old Footprint=J1-0603 New Footprint=J1-0603
Change Physical Footprint: Designator=R5_U_ADC1 Old Footprint=J1-0603 New Footprint=J1-0603
Change Physical Footprint: Designator=R5_U_ADC2 Old Footprint=J1-0603 New Footprint=J1-0603
Change Physical Footprint: Designator=R6_U_ADC1 Old Footprint=J1-0603 New Footprint=J1-0603
Change Physical Footprint: Designator=R6_U_ADC2 Old Footprint=J1-0603 New Footprint=J1-0603
Change Physical Footprint: Designator=R7 Old Footprint=J1-0603 New Footprint=J1-0603
Change Physical Footprint: Designator=R8 Old Footprint=J1-0603 New Footprint=J1-0603
Change Physical Footprint: Designator=R9 Old Footprint=J1-0603 New Footprint=J1-0603
Change Physical Footprint: Designator=R10 Old Footprint=J1-0603 New Footprint=J1-0603
Change Physical Footprint: Designator=R11 Old Footprint=J1-0603 New Footprint=J1-0603
Change Physical Footprint: Designator=R12 Old Footprint=J1-0603 New Footprint=J1-0603
Change Physical Footprint: Designator=R13 Old Footprint=J1-0603 New Footprint=J1-0603
Change Physical Footprint: Designator=R14 Old Footprint=J1-0603 New Footprint=J1-0603
Change Physical Footprint: Designator=R15 Old Footprint=J1-0603 New Footprint=J1-0603
Change Physical Footprint: Designator=R16 Old Footprint=J1-0603 New Footprint=J1-0603
Change Physical Footprint: Designator=R17 Old Footprint=J1-0603 New Footprint=J1-0603
Change Physical Footprint: Designator=R18 Old Footprint=J1-0603 New Footprint=J1-0603
Change Physical Footprint: Designator=R19_Main_Ind Old Footprint=J1-0603 New Footprint=J1-0603
Change Physical Footprint: Designator=R19_Motor_Ind Old Footprint=J1-0603 New Footprint=J1-0603
Change Physical Footprint: Designator=R19_Sep_Ind Old Footprint=J1-0603 New Footprint=J1-0603
Change Physical Footprint: Designator=R20_Main_Ind Old Footprint=J1-0603 New Footprint=J1-0603
Change Physical Footprint: Designator=R20_Motor_Ind Old Footprint=J1-0603 New Footprint=J1-0603
Change Physical Footprint: Designator=R20_Sep_Ind Old Footprint=J1-0603 New Footprint=J1-0603
Change Physical Footprint: Designator=R21_Main Old Footprint=J1-0603 New Footprint=J1-0603
Change Physical Footprint: Designator=R21_Motor Old Footprint=J1-0603 New Footprint=J1-0603
Change Physical Footprint: Designator=R21_Sep Old Footprint=J1-0603 New Footprint=J1-0603
Change Physical Footprint: Designator=R22_Main Old Footprint=J1-0603 New Footprint=J1-0603
Change Physical Footprint: Designator=R22_Motor Old Footprint=J1-0603 New Footprint=J1-0603
Change Physical Footprint: Designator=R22_Sep Old Footprint=J1-0603 New Footprint=J1-0603
Change Physical Footprint: Designator=R23_Main Old Footprint=J1-0603 New Footprint=J1-0603
Change Physical Footprint: Designator=R23_Motor Old Footprint=J1-0603 New Footprint=J1-0603
Change Physical Footprint: Designator=R23_Sep Old Footprint=J1-0603 New Footprint=J1-0603
Change Physical Footprint: Designator=R24_Main Old Footprint=J1-0603 New Footprint=J1-0603
Change Physical Footprint: Designator=R24_Motor Old Footprint=J1-0603 New Footprint=J1-0603
Change Physical Footprint: Designator=R24_Sep Old Footprint=J1-0603 New Footprint=J1-0603
Change Physical Footprint: Designator=R25_Main Old Footprint=J1-0603 New Footprint=J1-0603
Change Physical Footprint: Designator=R25_Motor Old Footprint=J1-0603 New Footprint=J1-0603
Change Physical Footprint: Designator=R25_Sep Old Footprint=J1-0603 New Footprint=J1-0603
Change Physical Footprint: Designator=R26_Main Old Footprint=J1-0603 New Footprint=J1-0603
Change Physical Footprint: Designator=R26_Motor Old Footprint=J1-0603 New Footprint=J1-0603
Change Physical Footprint: Designator=R26_Sep Old Footprint=J1-0603 New Footprint=J1-0603
Change Physical Footprint: Designator=R27_Main Old Footprint=J1-0603 New Footprint=J1-0603
Change Physical Footprint: Designator=R27_Motor Old Footprint=J1-0603 New Footprint=J1-0603
Change Physical Footprint: Designator=R27_Sep Old Footprint=J1-0603 New Footprint=J1-0603
Change Physical Footprint: Designator=R28 Old Footprint=J1-0603 New Footprint=J1-0603
Change Physical Footprint: Designator=R29 Old Footprint=J1-0603 New Footprint=J1-0603
Change Physical Footprint: Designator=R30 Old Footprint=J1-0603 New Footprint=J1-0603
Change Physical Footprint: Designator=R31 Old Footprint=J1-0603 New Footprint=J1-0603
Change Physical Footprint: Designator=R32 Old Footprint=J1-0603 New Footprint=J1-0603
Change Physical Footprint: Designator=R33 Old Footprint=J1-0603 New Footprint=J1-0603
Change Physical Footprint: Designator=R34 Old Footprint=J1-0603 New Footprint=J1-0603
Change Physical Footprint: Designator=R35 Old Footprint=J1-0603 New Footprint=J1-0603
Change Physical Footprint: Designator=R36 Old Footprint=J1-0603 New Footprint=J1-0603
Change Physical Footprint: Designator=R37 Old Footprint=J1-0603 New Footprint=J1-0603
Change Physical Footprint: Designator=R38 Old Footprint=J1-0603 New Footprint=J1-0603
Change Physical Footprint: Designator=R39 Old Footprint=J1-0603 New Footprint=J1-0603
Change Physical Footprint: Designator=R40 Old Footprint=J1-0603 New Footprint=J1-0603
Change Physical Footprint: Designator=R41 Old Footprint=J1-0603 New Footprint=J1-0603
Change Physical Footprint: Designator=R42 Old Footprint=J1-0603 New Footprint=J1-0603
Change Physical Footprint: Designator=R43 Old Footprint=J1-0603 New Footprint=J1-0603
Change Physical Footprint: Designator=R44 Old Footprint=J1-0603 New Footprint=J1-0603
Change Physical Footprint: Designator=R45 Old Footprint=J1-0603 New Footprint=J1-0603
Change Physical Footprint: Designator=R46 Old Footprint=J1-0603 New Footprint=J1-0603
Change Physical Footprint: Designator=R47 Old Footprint=J1-0603 New Footprint=J1-0603
Change Physical Footprint: Designator=R48 Old Footprint=J1-0603 New Footprint=J1-0603
Change Physical Footprint: Designator=R49 Old Footprint=J1-0603 New Footprint=J1-0603
Change Physical Footprint: Designator=R50 Old Footprint=J1-0603 New Footprint=J1-0603
Change Physical Footprint: Designator=R51 Old Footprint=J1-0603 New Footprint=J1-0603
Change Physical Footprint: Designator=R52 Old Footprint=J1-0603 New Footprint=J1-0603
Change Physical Footprint: Designator=R53 Old Footprint=J1-0603 New Footprint=J1-0603
Change Physical Footprint: Designator=R54 Old Footprint=J1-0603 New Footprint=J1-0603
Change Physical Footprint: Designator=R55 Old Footprint=J1-0603 New Footprint=J1-0603
Change Physical Footprint: Designator=R56 Old Footprint=J1-0603 New Footprint=J1-0603
Change Physical Footprint: Designator=R57 Old Footprint=J1-0603 New Footprint=J1-0603
Change Physical Footprint: Designator=R58 Old Footprint=J1-0603 New Footprint=J1-0603
Change Physical Footprint: Designator=R59 Old Footprint=J1-0603 New Footprint=J1-0603
Change Physical Footprint: Designator=R60 Old Footprint=J1-0603 New Footprint=J1-0603
Change Physical Footprint: Designator=R61_AIN01 Old Footprint=0603 TO 0805 SMD - DUPLICATE New Footprint=0603 to 0805 SMD - duplicate
Change Physical Footprint: Designator=R61_AIN02 Old Footprint=0603 TO 0805 SMD - DUPLICATE New Footprint=0603 to 0805 SMD - duplicate
Change Physical Footprint: Designator=R61_AIN11 Old Footprint=0603 TO 0805 SMD - DUPLICATE New Footprint=0603 to 0805 SMD - duplicate
Change Physical Footprint: Designator=R61_AIN12 Old Footprint=0603 TO 0805 SMD - DUPLICATE New Footprint=0603 to 0805 SMD - duplicate
Change Physical Footprint: Designator=R61_AIN21 Old Footprint=0603 TO 0805 SMD - DUPLICATE New Footprint=0603 to 0805 SMD - duplicate
Change Physical Footprint: Designator=R61_AIN22 Old Footprint=0603 TO 0805 SMD - DUPLICATE New Footprint=0603 to 0805 SMD - duplicate
Change Physical Footprint: Designator=R61_AIN31 Old Footprint=0603 TO 0805 SMD - DUPLICATE New Footprint=0603 to 0805 SMD - duplicate
Change Physical Footprint: Designator=R61_AIN32 Old Footprint=0603 TO 0805 SMD - DUPLICATE New Footprint=0603 to 0805 SMD - duplicate
Change Physical Footprint: Designator=R62_AIN01 Old Footprint=0603 TO 0805 SMD - DUPLICATE New Footprint=0603 to 0805 SMD - duplicate
Change Physical Footprint: Designator=R62_AIN02 Old Footprint=0603 TO 0805 SMD - DUPLICATE New Footprint=0603 to 0805 SMD - duplicate
Change Physical Footprint: Designator=R62_AIN11 Old Footprint=0603 TO 0805 SMD - DUPLICATE New Footprint=0603 to 0805 SMD - duplicate
Change Physical Footprint: Designator=R62_AIN12 Old Footprint=0603 TO 0805 SMD - DUPLICATE New Footprint=0603 to 0805 SMD - duplicate
Change Physical Footprint: Designator=R62_AIN21 Old Footprint=0603 TO 0805 SMD - DUPLICATE New Footprint=0603 to 0805 SMD - duplicate
Change Physical Footprint: Designator=R62_AIN22 Old Footprint=0603 TO 0805 SMD - DUPLICATE New Footprint=0603 to 0805 SMD - duplicate
Change Physical Footprint: Designator=R62_AIN31 Old Footprint=0603 TO 0805 SMD - DUPLICATE New Footprint=0603 to 0805 SMD - duplicate
Change Physical Footprint: Designator=R62_AIN32 Old Footprint=0603 TO 0805 SMD - DUPLICATE New Footprint=0603 to 0805 SMD - duplicate
Change Physical Footprint: Designator=R63_U_Blue_LED1 Old Footprint=J1-0603 New Footprint=J1-0603
Change Physical Footprint: Designator=R63_U_Blue_LED2 Old Footprint=J1-0603 New Footprint=J1-0603
Change Physical Footprint: Designator=R63_U_Blue_LED3 Old Footprint=J1-0603 New Footprint=J1-0603
Change Physical Footprint: Designator=R64_U_Blue_LED1 Old Footprint=J1-0603 New Footprint=J1-0603
Change Physical Footprint: Designator=R64_U_Blue_LED2 Old Footprint=J1-0603 New Footprint=J1-0603
Change Physical Footprint: Designator=R64_U_Blue_LED3 Old Footprint=J1-0603 New Footprint=J1-0603
Change Physical Footprint: Designator=R68_LVCS Old Footprint=J1-0603 New Footprint=J1-0603
Change Physical Footprint: Designator=R68_LVMISO Old Footprint=J1-0603 New Footprint=J1-0603
Change Physical Footprint: Designator=R68_LVMOSI Old Footprint=J1-0603 New Footprint=J1-0603
Change Physical Footprint: Designator=R68_LVRX1 Old Footprint=J1-0603 New Footprint=J1-0603
Change Physical Footprint: Designator=R68_LVRX2 Old Footprint=J1-0603 New Footprint=J1-0603
Change Physical Footprint: Designator=R68_LVSCLK Old Footprint=J1-0603 New Footprint=J1-0603
Change Physical Footprint: Designator=R68_LVTX1 Old Footprint=J1-0603 New Footprint=J1-0603
Change Physical Footprint: Designator=R68_LVTX2 Old Footprint=J1-0603 New Footprint=J1-0603
Change Physical Footprint: Designator=R69_LVCS Old Footprint=J1-0603 New Footprint=J1-0603
Change Physical Footprint: Designator=R69_LVMISO Old Footprint=J1-0603 New Footprint=J1-0603
Change Physical Footprint: Designator=R69_LVMOSI Old Footprint=J1-0603 New Footprint=J1-0603
Change Physical Footprint: Designator=R69_LVRX1 Old Footprint=J1-0603 New Footprint=J1-0603
Change Physical Footprint: Designator=R69_LVRX2 Old Footprint=J1-0603 New Footprint=J1-0603
Change Physical Footprint: Designator=R69_LVSCLK Old Footprint=J1-0603 New Footprint=J1-0603
Change Physical Footprint: Designator=R69_LVTX1 Old Footprint=J1-0603 New Footprint=J1-0603
Change Physical Footprint: Designator=R69_LVTX2 Old Footprint=J1-0603 New Footprint=J1-0603
Change Physical Footprint: Designator=R72 Old Footprint=J1-0603 New Footprint=J1-0603
Change Physical Footprint: Designator=R73 Old Footprint=J1-0603 New Footprint=J1-0603
Change Physical Footprint: Designator=R74 Old Footprint=J1-0603 New Footprint=J1-0603
Change Physical Footprint: Designator=R75 Old Footprint=J1-0603 New Footprint=J1-0603
Change Physical Footprint: Designator=R76 Old Footprint=J1-0603 New Footprint=J1-0603
Change Physical Footprint: Designator=R77 Old Footprint=J1-0603 New Footprint=J1-0603
Change Physical Footprint: Designator=R78 Old Footprint=J1-0603 New Footprint=J1-0603
Change Physical Footprint: Designator=R79 Old Footprint=J1-0603 New Footprint=J1-0603
Change Physical Footprint: Designator=R80 Old Footprint=J1-0603 New Footprint=J1-0603
Change Physical Footprint: Designator=R81 Old Footprint=J1-0603 New Footprint=J1-0603
Change Physical Footprint: Designator=R82 Old Footprint=J1-0603 New Footprint=J1-0603
Change Physical Footprint: Designator=R83 Old Footprint=J1-0603 New Footprint=J1-0603
Change Physical Footprint: Designator=R84 Old Footprint=J1-0603 New Footprint=J1-0603
Change Physical Footprint: Designator=R85 Old Footprint=J1-0603 New Footprint=J1-0603
Change Physical Footprint: Designator=R86 Old Footprint=J1-0603 New Footprint=J1-0603
Change Physical Footprint: Designator=R87 Old Footprint=0603 TO 0805 SMD - DUPLICATE New Footprint=0603 to 0805 SMD - duplicate
Change Physical Footprint: Designator=R88 Old Footprint=0603 TO 0805 SMD - DUPLICATE New Footprint=0603 to 0805 SMD - duplicate
Change Physical Footprint: Designator=R89 Old Footprint=0603 TO 0805 SMD - DUPLICATE New Footprint=0603 to 0805 SMD - duplicate
Change Physical Footprint: Designator=R90 Old Footprint=0603 TO 0805 SMD - DUPLICATE New Footprint=0603 to 0805 SMD - duplicate
Change Physical Footprint: Designator=R91 Old Footprint=J1-0603 New Footprint=J1-0603
Change Physical Footprint: Designator=Raspberry Pi GPIO1 Old Footprint=RPI Through board connector New Footprint=RPI Through board connector
Change Physical Footprint: Designator=RF1_AIN01 Old Footprint=0603 TO 0805 SMD - DUPLICATE New Footprint=0603 to 0805 SMD - duplicate
Change Physical Footprint: Designator=RF1_AIN02 Old Footprint=0603 TO 0805 SMD - DUPLICATE New Footprint=0603 to 0805 SMD - duplicate
Change Physical Footprint: Designator=RF1_AIN11 Old Footprint=0603 TO 0805 SMD - DUPLICATE New Footprint=0603 to 0805 SMD - duplicate
Change Physical Footprint: Designator=RF1_AIN12 Old Footprint=0603 TO 0805 SMD - DUPLICATE New Footprint=0603 to 0805 SMD - duplicate
Change Physical Footprint: Designator=RF1_AIN21 Old Footprint=0603 TO 0805 SMD - DUPLICATE New Footprint=0603 to 0805 SMD - duplicate
Change Physical Footprint: Designator=RF1_AIN22 Old Footprint=0603 TO 0805 SMD - DUPLICATE New Footprint=0603 to 0805 SMD - duplicate
Change Physical Footprint: Designator=RF1_AIN31 Old Footprint=0603 TO 0805 SMD - DUPLICATE New Footprint=0603 to 0805 SMD - duplicate
Change Physical Footprint: Designator=RF1_AIN32 Old Footprint=0603 TO 0805 SMD - DUPLICATE New Footprint=0603 to 0805 SMD - duplicate
Change Physical Footprint: Designator=RGND1_AIN01 Old Footprint=0603 TO 0805 SMD - DUPLICATE New Footprint=0603 to 0805 SMD - duplicate
Change Physical Footprint: Designator=RGND1_AIN02 Old Footprint=0603 TO 0805 SMD - DUPLICATE New Footprint=0603 to 0805 SMD - duplicate
Change Physical Footprint: Designator=RGND1_AIN11 Old Footprint=0603 TO 0805 SMD - DUPLICATE New Footprint=0603 to 0805 SMD - duplicate
Change Physical Footprint: Designator=RGND1_AIN12 Old Footprint=0603 TO 0805 SMD - DUPLICATE New Footprint=0603 to 0805 SMD - duplicate
Change Physical Footprint: Designator=RGND1_AIN21 Old Footprint=0603 TO 0805 SMD - DUPLICATE New Footprint=0603 to 0805 SMD - duplicate
Change Physical Footprint: Designator=RGND1_AIN22 Old Footprint=0603 TO 0805 SMD - DUPLICATE New Footprint=0603 to 0805 SMD - duplicate
Change Physical Footprint: Designator=RGND1_AIN31 Old Footprint=0603 TO 0805 SMD - DUPLICATE New Footprint=0603 to 0805 SMD - duplicate
Change Physical Footprint: Designator=RGND1_AIN32 Old Footprint=0603 TO 0805 SMD - DUPLICATE New Footprint=0603 to 0805 SMD - duplicate
Change Physical Footprint: Designator=RGND2_AIN01 Old Footprint=0603 TO 0805 SMD - DUPLICATE New Footprint=0603 to 0805 SMD - duplicate
Change Physical Footprint: Designator=RGND2_AIN02 Old Footprint=0603 TO 0805 SMD - DUPLICATE New Footprint=0603 to 0805 SMD - duplicate
Change Physical Footprint: Designator=RGND2_AIN11 Old Footprint=0603 TO 0805 SMD - DUPLICATE New Footprint=0603 to 0805 SMD - duplicate
Change Physical Footprint: Designator=RGND2_AIN12 Old Footprint=0603 TO 0805 SMD - DUPLICATE New Footprint=0603 to 0805 SMD - duplicate
Change Physical Footprint: Designator=RGND2_AIN21 Old Footprint=0603 TO 0805 SMD - DUPLICATE New Footprint=0603 to 0805 SMD - duplicate
Change Physical Footprint: Designator=RGND2_AIN22 Old Footprint=0603 TO 0805 SMD - DUPLICATE New Footprint=0603 to 0805 SMD - duplicate
Change Physical Footprint: Designator=RGND2_AIN31 Old Footprint=0603 TO 0805 SMD - DUPLICATE New Footprint=0603 to 0805 SMD - duplicate
Change Physical Footprint: Designator=RGND2_AIN32 Old Footprint=0603 TO 0805 SMD - DUPLICATE New Footprint=0603 to 0805 SMD - duplicate
Change Physical Footprint: Designator=S1 Old Footprint=SCREW SWITCH New Footprint=Screw Switch
Change Physical Footprint: Designator=S2 Old Footprint=SCREW SWITCH New Footprint=Screw Switch
Change Physical Footprint: Designator=S3 Old Footprint=SCREW SWITCH New Footprint=Screw Switch
Change Physical Footprint: Designator=S4 Old Footprint=*434153017835 New Footprint=*434153017835
Change Physical Footprint: Designator=SCLK/CS1 Old Footprint=SCREW TERMINAL New Footprint=Screw Terminal
Change Physical Footprint: Designator=SQB1_Main Old Footprint=SCREW TERMINAL New Footprint=Screw Terminal
Change Physical Footprint: Designator=SQB1_Motor Old Footprint=SCREW TERMINAL New Footprint=Screw Terminal
Change Physical Footprint: Designator=SQB1_Sep Old Footprint=SCREW TERMINAL New Footprint=Screw Terminal
Change Physical Footprint: Designator=SW1 Old Footprint=SCREW TERMINAL New Footprint=Screw Terminal
Change Physical Footprint: Designator=T1_U_ADC1 Old Footprint=SCREW TERMINAL New Footprint=Screw Terminal
Change Physical Footprint: Designator=T1_U_ADC2 Old Footprint=SCREW TERMINAL New Footprint=Screw Terminal
Change Physical Footprint: Designator=T2_U_ADC1 Old Footprint=SCREW TERMINAL New Footprint=Screw Terminal
Change Physical Footprint: Designator=T2_U_ADC2 Old Footprint=SCREW TERMINAL New Footprint=Screw Terminal
Change Physical Footprint: Designator=T3_Main_Ind Old Footprint=SOT95P280X125-3N New Footprint=SOT95P280X125-3N
Change Physical Footprint: Designator=T3_Motor_Ind Old Footprint=SOT95P280X125-3N New Footprint=SOT95P280X125-3N
Change Physical Footprint: Designator=T3_Sep_Ind Old Footprint=SOT95P280X125-3N New Footprint=SOT95P280X125-3N
Change Physical Footprint: Designator=T4_Main Old Footprint=SOT95P280X125-3N New Footprint=SOT95P280X125-3N
Change Physical Footprint: Designator=T4_Motor Old Footprint=SOT95P280X125-3N New Footprint=SOT95P280X125-3N
Change Physical Footprint: Designator=T4_Sep Old Footprint=SOT95P280X125-3N New Footprint=SOT95P280X125-3N
Change Physical Footprint: Designator=T5_Main Old Footprint=SOT95P280X125-3N New Footprint=SOT95P280X125-3N
Change Physical Footprint: Designator=T5_Motor Old Footprint=SOT95P280X125-3N New Footprint=SOT95P280X125-3N
Change Physical Footprint: Designator=T5_Sep Old Footprint=SOT95P280X125-3N New Footprint=SOT95P280X125-3N
Change Physical Footprint: Designator=T6 Old Footprint=SOT95P280X125-3N New Footprint=SOT95P280X125-3N
Change Physical Footprint: Designator=T7 Old Footprint=SOT95P280X125-3N New Footprint=SOT95P280X125-3N
Change Physical Footprint: Designator=T8_U_Blue_LED1 Old Footprint=SOT95P280X125-3N New Footprint=SOT95P280X125-3N
Change Physical Footprint: Designator=T8_U_Blue_LED2 Old Footprint=SOT95P280X125-3N New Footprint=SOT95P280X125-3N
Change Physical Footprint: Designator=T8_U_Blue_LED3 Old Footprint=SOT95P280X125-3N New Footprint=SOT95P280X125-3N
Change Physical Footprint: Designator=T11 Old Footprint=SOT95P280X125-3N New Footprint=SOT95P280X125-3N
Change Physical Footprint: Designator=T12 Old Footprint=SOT95P280X125-3N New Footprint=SOT95P280X125-3N
Change Physical Footprint: Designator=T13 Old Footprint=SOT95P280X125-3N New Footprint=SOT95P280X125-3N
Change Physical Footprint: Designator=T14 Old Footprint=SOT95P280X125-3N New Footprint=SOT95P280X125-3N
Change Physical Footprint: Designator=U1 Old Footprint=LGA16R50P5X3_300X300X100N New Footprint=LGA16R50P5X3_300X300X100N
Change Physical Footprint: Designator=U2_U_ADC1 Old Footprint=SOP65P640X120-16N New Footprint=SOP65P640X120-16N
Change Physical Footprint: Designator=U2_U_ADC2 Old Footprint=SOP65P640X120-16N New Footprint=SOP65P640X120-16N
Change Physical Footprint: Designator=U3 Old Footprint=PQFN50P200X200X80-10N New Footprint=PQFN50P200X200X80-10N
Change Physical Footprint: Designator=U4 Old Footprint=L3GD20HTR New Footprint=L3GD20HTR
Change Physical Footprint: Designator=U5 Old Footprint=QFN-16_WITH_AXIES New Footprint=QFN-16_WITH_AXIES
Change Physical Footprint: Designator=U6 Old Footprint=*DPAK229P990X238-4N New Footprint=*DPAK229P990X238-4N
Change Physical Footprint: Designator=U7 Old Footprint=*MODULE_ESP32-WROOM-32D New Footprint=*MODULE_ESP32-WROOM-32D
Change Physical Footprint: Designator=U8 Old Footprint=*XDCR_ACS70331EESATR-005B3 New Footprint=*XDCR_ACS70331EESATR-005B3
Change Physical Footprint: Designator=U9 Old Footprint=*TO170P1435X465-6N New Footprint=*TO170P1435X465-6N
Change Physical Footprint: Designator=U10 Old Footprint=*TO170P1435X465-6N New Footprint=*TO170P1435X465-6N
Change Physical Footprint: Designator=U11 Old Footprint=*TO170P1435X465-6N New Footprint=*TO170P1435X465-6N
Change Physical Footprint: Designator=U12 Old Footprint=*SENSOR_ACS711KEXLT-15AB-T New Footprint=*SENSOR_ACS711KEXLT-15AB-T
Change Physical Footprint: Designator=UART1_LVLESP Old Footprint=SCREW TERMINAL New Footprint=Screw Terminal
Change Physical Footprint: Designator=UART1_LVLPI/ESP Old Footprint=SCREW TERMINAL New Footprint=Screw Terminal
