Removed Member From Class: ClassName=UART EXT Member=J?
Added Pin To Net: NetName=NetC?_1 Pin=R?-1
Change Class Name : Old Net Name=ACT_IND New Net Name=Voltage_Indicator2
Change Class Name : Old Net Name=AIN01 New Net Name=ADC 2
Change Class Name : Old Net Name=AIN02 New Net Name=PWR
Change Class Name : Old Net Name=AIN11 New Net Name=ADC 1
Change Class Name : Old Net Name=AIN12 New Net Name=ESP
Change Class Name : Old Net Name=AIN22 New Net Name=Regulators
Change Class Name : Old Net Name=UART EXT New Net Name=AIN22
Change Class Name : Old Net Name=Voltage_Indicator2 New Net Name=U_ESP power
Added Class: Name=ACT_IND
Added Class: Name=AIN01
Added Class: Name=AIN02
Added Class: Name=AIN11
Added Class: Name=AIN12
Added Class: Name=UART EXT
Added Member To Class: ClassName=Accelerometer Member=Component C? (C2) Cap
Added Member To Class: ClassName=ADC 2 Member=Component C? (C5) Cap
Added Member To Class: ClassName=ADC 2 Member=Component C? (C8) Cap
Added Member To Class: ClassName=ADC 2 Member=Component C? (C4) Cap
Added Member To Class: ClassName=ADC 2 Member=Component C? (C6) Cap
Added Member To Class: ClassName=ADC 2 Member=Component C? (C9) Cap
Added Member To Class: ClassName=ADC 2 Member=Component C? (C10) Cap
Added Member To Class: ClassName=ADC 2 Member=Component C? (C7) Cap
Added Member To Class: ClassName=PWR Member=Component C? (C38) Cap
Added Member To Class: ClassName=PWR Member=Component C? (C36) Cap
Added Member To Class: ClassName=PWR Member=Component C? (C35) Cap
Added Member To Class: ClassName=PWR Member=Component C? (C34) Cap
Added Member To Class: ClassName=PWR Member=Component C? (C33) Cap
Added Member To Class: ClassName=PWR Member=Component C? (C37) Cap
Added Member To Class: ClassName=ADC 1 Member=Component C? (C6) Cap
Added Member To Class: ClassName=ADC 1 Member=Component C? (C7) Cap
Added Member To Class: ClassName=ADC 1 Member=Component C? (C9) Cap
Added Member To Class: ClassName=ADC 1 Member=Component C? (C8) Cap
Added Member To Class: ClassName=ADC 1 Member=Component C? (C5) Cap
Added Member To Class: ClassName=ADC 1 Member=Component C? (C4) Cap
Added Member To Class: ClassName=ADC 1 Member=Component C? (C10) Cap
Added Member To Class: ClassName=ESP Member=Component C? (C20) Cap
Added Member To Class: ClassName=ESP Member=Component C? (C22) Cap
Added Member To Class: ClassName=ESP Member=Component C? (C23) Cap
Added Member To Class: ClassName=ESP Member=Component C? (C24) Cap
Added Member To Class: ClassName=ESP Member=Component C? (C27) Cap
Added Member To Class: ClassName=ESP Member=Component C? (C26) Cap
Added Member To Class: ClassName=ESP Member=Component C? (C25) Cap
Added Member To Class: ClassName=ESP Member=Component C? (C21) Cap
Added Member To Class: ClassName=ESP Member=Component C? (C28) Cap
Added Member To Class: ClassName=ESP Member=Component C? (C30) Cap
Added Member To Class: ClassName=ESP Member=Component C? (C29) Cap
Added Member To Class: ClassName=Regulators Member=Component C? (C46) Cap
Added Member To Class: ClassName=Regulators Member=Component C? (C47) Cap
Added Member To Class: ClassName=Regulators Member=Component C? (C48) Cap
Added Member To Class: ClassName=Regulators Member=Component C? (C51) Cap
Added Member To Class: ClassName=Regulators Member=Component C? (C50) Cap
Added Member To Class: ClassName=Regulators Member=Component C? (C49) Cap
Added Member To Class: ClassName=Regulators Member=Component C? (C43) Cap
Added Member To Class: ClassName=Regulators Member=Component C? (C42) Cap
Added Member To Class: ClassName=Regulators Member=Component C? (C45) Cap
Added Member To Class: ClassName=Regulators Member=Component C? (C44) Cap
Added Member To Class: ClassName=Barometer Member=Component C? (C12) Cap
Added Member To Class: ClassName=Gyroscope Member=Component C? (C16) Cap
Added Member To Class: ClassName=Gyroscope Member=Component C? (C15) Cap
Added Member To Class: ClassName=Gyroscope Member=Component C? (C14) Cap
Added Member To Class: ClassName=Magnetometer Member=Component C? (C18) Cap
Added Member To Class: ClassName=Squib_Managment Member=Component C? (C40) Cap
Added Member To Class: ClassName=AIN22 Member=Component C? (C31) Cap
Added Member To Class: ClassName=PWR Member=Component D? (D4) LED_R
Added Member To Class: ClassName=ESP Member=Component D? (D2) LED_R
Added Member To Class: ClassName=Regulators Member=Component D? (D7) Buck Diode
Added Member To Class: ClassName=ADC 2 Member=Component J? (J1) Screw Terminal
Added Member To Class: ClassName=ADC 2 Member=Component J? (J2) Screw Terminal
Added Member To Class: ClassName=ADC 1 Member=Component J? (J1) Screw Terminal
Added Member To Class: ClassName=ADC 1 Member=Component J? (J2) Screw Terminal
Added Member To Class: ClassName=SPI Output Member=Component J? (J5) Screw Terminal
Added Member To Class: ClassName=U_Power IO Member=Component J? (J9) Screw Terminal
Added Member To Class: ClassName=U_Power IO Member=Component J? (J10) Screw Terminal
Added Member To Class: ClassName=U_Power IO Member=Component J? (J11) Screw Terminal
Added Member To Class: ClassName=U_Power IO Member=Component J? (J12) Screw Terminal
Added Member To Class: ClassName=U_Power IO Member=Component J? (J13) Screw Terminal
Added Member To Class: ClassName=U_Power IO Member=Component J? (J14) Screw Terminal
Added Member To Class: ClassName=U_Power IO Member=Component J? (J8) Screw Terminal
Added Member To Class: ClassName=PWR Member=Component JP? (JP1) Res3
Added Member To Class: ClassName=Regulators Member=Component L? (L1) 7447709330
Added Member To Class: ClassName=PWR Member=Component Q? (Q4) N-Channel
Added Member To Class: ClassName=PWR Member=Component Q? (Q3) P-Channel
Added Member To Class: ClassName=Main_Squib Member=Component Q? (Q2) P-Channel
Added Member To Class: ClassName=Motor_Squib Member=Component Q? (Q2) P-Channel
Added Member To Class: ClassName=Sep_Squib Member=Component Q? (Q2) P-Channel
Added Member To Class: ClassName=U_ESP power Member=Component Q? (Q5) P-Channel
Added Member To Class: ClassName=Voltage_Indicator2 Member=Component R? (R57) Res3
Added Member To Class: ClassName=ADC 2 Member=Component R? (R5) Res3
Added Member To Class: ClassName=ADC 2 Member=Component R? (R6) Res3
Added Member To Class: ClassName=ADC 2 Member=Component R? (R2) Res3
Added Member To Class: ClassName=ADC 2 Member=Component R? (R4) Res3
Added Member To Class: ClassName=ADC 2 Member=Component R? (R3) Res3
Added Member To Class: ClassName=PWR Member=Component R? (R64) Res3
Added Member To Class: ClassName=PWR Member=Component R? (R60) Res3
Added Member To Class: ClassName=PWR Member=Component R? (R59) Res3
Added Member To Class: ClassName=PWR Member=Component R? (R65) Res3
Added Member To Class: ClassName=PWR Member=Component R? (R63) Res3
Added Member To Class: ClassName=PWR Member=Component R? (R66) Res3
Added Member To Class: ClassName=PWR Member=Component R? (R67) Res3
Added Member To Class: ClassName=PWR Member=Component R? (R61) Res3
Added Member To Class: ClassName=PWR Member=Component R? (R62) Res3
Added Member To Class: ClassName=ADC 1 Member=Component R? (R6) Res3
Added Member To Class: ClassName=ADC 1 Member=Component R? (R5) Res3
Added Member To Class: ClassName=ADC 1 Member=Component R? (R4) Res3
Added Member To Class: ClassName=ADC 1 Member=Component R? (R3) Res3
Added Member To Class: ClassName=ADC 1 Member=Component R? (R2) Res3
Added Member To Class: ClassName=ESP Member=Component R? (R20) Res3
Added Member To Class: ClassName=ESP Member=Component R? (R21) Res3
Added Member To Class: ClassName=ESP Member=Component R? (R18) Res3
Added Member To Class: ClassName=ESP Member=Component R? (R19) Res3
Added Member To Class: ClassName=ESP Member=Component R? (R50) Res3
Added Member To Class: ClassName=ESP Member=Component R? (R49) Res3
Added Member To Class: ClassName=ESP Member=Component R? (R48) Res3
Added Member To Class: ClassName=ESP Member=Component R? (R47) Res3
Added Member To Class: ClassName=ESP Member=Component R? (R46) Res3
Added Member To Class: ClassName=ESP Member=Component R? (R39) Res3
Added Member To Class: ClassName=ESP Member=Component R? (R45) Res3
Added Member To Class: ClassName=ESP Member=Component R? (R42) Res3
Added Member To Class: ClassName=ESP Member=Component R? (R44) Res3
Added Member To Class: ClassName=ESP Member=Component R? (R36) Res3
Added Member To Class: ClassName=ESP Member=Component R? (R43) Res3
Added Member To Class: ClassName=ESP Member=Component R? (R38) Res3
Added Member To Class: ClassName=ESP Member=Component R? (R40) Res3
Added Member To Class: ClassName=ESP Member=Component R? (R37) Res3
Added Member To Class: ClassName=ESP Member=Component R? (R41) Res3
Added Member To Class: ClassName=ESP Member=Component R? (R35) Res3
Added Member To Class: ClassName=ESP Member=Component R? (R29) Res3
Added Member To Class: ClassName=ESP Member=Component R? (R30) Res3
Added Member To Class: ClassName=ESP Member=Component R? (R28) Res3
Added Member To Class: ClassName=ESP Member=Component R? (R33) Res3
Added Member To Class: ClassName=ESP Member=Component R? (R34) Res3
Added Member To Class: ClassName=ESP Member=Component R? (R32) Res3
Added Member To Class: ClassName=ESP Member=Component R? (R31) Res3
Added Member To Class: ClassName=ESP Member=Component R? (R22) Res3
Added Member To Class: ClassName=ESP Member=Component R? (R23) Res3
Added Member To Class: ClassName=ESP Member=Component R? (R24) Res3
Added Member To Class: ClassName=ESP Member=Component R? (R25) Res3
Added Member To Class: ClassName=ESP Member=Component R? (R26) Res3
Added Member To Class: ClassName=ESP Member=Component R? (R27) Res3
Added Member To Class: ClassName=AIN21 Member=Component R? (R55) Res3
Added Member To Class: ClassName=AIN21 Member=Component R? (R54) Res3
Added Member To Class: ClassName=AIN21 Member=Component R? (R53) Res3
Added Member To Class: ClassName=AIN21 Member=Component R? (R52) Res3
Added Member To Class: ClassName=Regulators Member=Component R? (R84) Res3
Added Member To Class: ClassName=Regulators Member=Component R? (R86) Res3
Added Member To Class: ClassName=Regulators Member=Component R? (R83) Res3
Added Member To Class: ClassName=Regulators Member=Component R? (R85) Res3
Added Member To Class: ClassName=Regulators Member=Component R? (R82) Res3
Added Member To Class: ClassName=AIN31 Member=Component R? (R53) Res3
Added Member To Class: ClassName=AIN31 Member=Component R? (R54) Res3
Added Member To Class: ClassName=AIN31 Member=Component R? (R55) Res3
Added Member To Class: ClassName=AIN31 Member=Component R? (R52) Res3
Added Member To Class: ClassName=AIN32 Member=Component R? (R54) Res3
Added Member To Class: ClassName=AIN32 Member=Component R? (R55) Res3
Added Member To Class: ClassName=AIN32 Member=Component R? (R52) Res3
Added Member To Class: ClassName=AIN32 Member=Component R? (R53) Res3
Added Member To Class: ClassName=Buzzer Member=Component R? (R16) Res3
Added Member To Class: ClassName=ESP UART Output Member=Component R? (R73) Res3
Added Member To Class: ClassName=Main_Squib Member=Component R? (R9) Res3
Added Member To Class: ClassName=Main_Squib Member=Component R? (R12) Res3
Added Member To Class: ClassName=Main_Squib Member=Component R? (R10) Res3
Added Member To Class: ClassName=Main_Squib Member=Component R? (R14) Res3
Added Member To Class: ClassName=Main_Squib Member=Component R? (R11) Res3
Added Member To Class: ClassName=Main_Squib Member=Component R? (R13) Res3
Added Member To Class: ClassName=Main Member=Component R? (R94) Res3
Added Member To Class: ClassName=Main Member=Component R? (R95) Res3
Added Member To Class: ClassName=Main Member=Component R? (R92) Res3
Added Member To Class: ClassName=Main Member=Component R? (R90) Res3
Added Member To Class: ClassName=Main Member=Component R? (R93) Res3
Added Member To Class: ClassName=Main Member=Component R? (R91) Res3
Added Member To Class: ClassName=Main Member=Component R? (R89) Res3
Added Member To Class: ClassName=Main Member=Component R? (R96) Res3
Added Member To Class: ClassName=Main Member=Component R? (R88) Res3
Added Member To Class: ClassName=Motor_Squib Member=Component R? (R9) Res3
Added Member To Class: ClassName=Motor_Squib Member=Component R? (R11) Res3
Added Member To Class: ClassName=Motor_Squib Member=Component R? (R10) Res3
Added Member To Class: ClassName=Motor_Squib Member=Component R? (R12) Res3
Added Member To Class: ClassName=Motor_Squib Member=Component R? (R14) Res3
Added Member To Class: ClassName=Motor_Squib Member=Component R? (R13) Res3
Added Member To Class: ClassName=Sep_Squib Member=Component R? (R14) Res3
Added Member To Class: ClassName=Sep_Squib Member=Component R? (R13) Res3
Added Member To Class: ClassName=Sep_Squib Member=Component R? (R12) Res3
Added Member To Class: ClassName=Sep_Squib Member=Component R? (R11) Res3
Added Member To Class: ClassName=Sep_Squib Member=Component R? (R9) Res3
Added Member To Class: ClassName=Sep_Squib Member=Component R? (R10) Res3
Added Member To Class: ClassName=SPI Output Member=Component R? (R71) Res3
Added Member To Class: ClassName=SPI Output Member=Component R? (R70) Res3
Added Member To Class: ClassName=SPI Output Member=Component R? (R69) Res3
Added Member To Class: ClassName=AIN22 Member=Component R? (R55) Res3
Added Member To Class: ClassName=AIN22 Member=Component R? (R54) Res3
Added Member To Class: ClassName=AIN22 Member=Component R? (R53) Res3
Added Member To Class: ClassName=AIN22 Member=Component R? (R52) Res3
Added Member To Class: ClassName=Voltage_Indicator1 Member=Component R? (R57) Res3
Added Member To Class: ClassName=U_ESP power Member=Component R? (R77) Res3
Added Member To Class: ClassName=U_ESP power Member=Component R? (R78) Res3
Added Member To Class: ClassName=U_ESP power Member=Component R? (R76) Res3
Added Member To Class: ClassName=U_ESP power Member=Component R? (R75) Res3
Added Member To Class: ClassName=Voltage_Indicator3 Member=Component R? (R57) Res3
Added Member To Class: ClassName=PWR Member=Component S? (S4) 434153017835
Added Member To Class: ClassName=UART Member=Component S? (S3) Slide Switch
Added Member To Class: ClassName=UART Member=Component S? (S2) Slide Switch
Added Member To Class: ClassName=Voltage_Indicator2 Member=Component T? (T7) MMBT2222ALT1
Added Member To Class: ClassName=PWR Member=Component T? (T9) MMBT2222ALT1
Added Member To Class: ClassName=PWR Member=Component T? (T8) MMBT2222ALT1
Added Member To Class: ClassName=ESP Member=Component T? (T5) MMBT2222ALT1
Added Member To Class: ClassName=ESP Member=Component T? (T6) MMBT2222ALT1
Added Member To Class: ClassName=Buzzer Member=Component T? (T4) MMBT2222ALT1
Added Member To Class: ClassName=Main_Squib Member=Component T? (T2) MMBT2222ALT1
Added Member To Class: ClassName=Motor_Squib Member=Component T? (T2) MMBT2222ALT1
Added Member To Class: ClassName=Sep_Squib Member=Component T? (T2) MMBT2222ALT1
Added Member To Class: ClassName=U_ESP power Member=Component T? (T11) MMBT2222ALT1
Added Member To Class: ClassName=ADC 2 Member=Component U? (U2) Analog to Digital Converter
Added Member To Class: ClassName=PWR Member=Component U? (U8) ACS70331EESATR-005B3
Added Member To Class: ClassName=ADC 1 Member=Component U? (U2) Analog to Digital Converter
Added Member To Class: ClassName=ESP Member=Component U? (U7) ESP32-WROOM-32D
Added Member To Class: ClassName=ESP Member=Component U? (U6) 3.3V Regulator
Added Member To Class: ClassName=Regulators Member=Component U? (U10) Linear Regulator
Added Member To Class: ClassName=Regulators Member=Component U? (U12) LM2596SX-ADJ/NOPB
Added Member To Class: ClassName=Regulators Member=Component U? (U11) Linear Regulator
Added Room: Name=ACT_IND
Added Room: Name=ACT_IndESP
Added Room: Name=ADC 1
Added Room: Name=AIN01
Added Room: Name=AIN11
Added Room: Name=AIN12
Added Room: Name=AIN21
Added Room: Name=AIN22
Added Room: Name=AIN31
Added Room: Name=AIN32
Added Room: Name=ERR_IndPi
Added Room: Name=Main_Squib
Added Room: Name=Motor_IND
Added Room: Name=Motor_Squib
Added Room: Name=PWR
Added Room: Name=Sep_IND
Added Room: Name=U_ESP power
Added Room: Name=UART EXT
Added Room: Name=Voltage_Indicator1
Added Room: Name=Voltage_Indicator2
