Removed Pin From Net: NetName=MOSI Pin=R101-1
Removed Pin From Net: NetName=MISO Pin=R103-1
Removed Pin From Net: NetName=SCL Pin=R105-1
Removed Pin From Net: NetName=NetR74_2 Pin=R109-2
Removed Pin From Net: NetName=NetR74_2 Pin=SCLK/CS1-2
Removed Member From Class: ClassName=PWR Member=C2
Removed Member From Class: ClassName=U_Regulators Member=C2
Removed Member From Class: ClassName=U_Gyroscope Member=C3
Removed Member From Class: ClassName=U_Accelerometer Member=C5
Removed Member From Class: ClassName=U_Regulators Member=C5
Removed Member From Class: ClassName=PWR Member=C7
Removed Member From Class: ClassName=U_Accelerometer Member=C7
Removed Member From Class: ClassName=U_Gyroscope Member=C7
Removed Member From Class: ClassName=U_Barometer Member=C8
Removed Member From Class: ClassName=U_Regulators Member=C8
Removed Member From Class: ClassName=U_Gyroscope Member=C15
Removed Member From Class: ClassName=PWR Member=C21
Removed Member From Class: ClassName=U_Gyroscope Member=C21
Removed Member From Class: ClassName=U_Regulators Member=C21
Removed Member From Class: ClassName=PWR Member=C22
Removed Member From Class: ClassName=U_Accelerometer Member=C22
Removed Member From Class: ClassName=U_ADC1 Member=C22
Removed Member From Class: ClassName=U_Magnetometer Member=C22
Removed Member From Class: ClassName=U_Gyroscope Member=C27
Removed Member From Class: ClassName=U_Regulators Member=C36
Removed Member From Class: ClassName=PWR Member=C38
Removed Member From Class: ClassName=ESP Member=C40
Removed Member From Class: ClassName=U_ADC2 Member=C40
Removed Member From Class: ClassName=ESP Member=C43
Removed Member From Class: ClassName=ESP Member=C44
Removed Member From Class: ClassName=U_ADC1 Member=C44
Removed Member From Class: ClassName=ESP Member=C45
Removed Member From Class: ClassName=U_ADC1 Member=C45
Removed Member From Class: ClassName=U_Squib_Managment Member=C45
Removed Member From Class: ClassName=U_Accelerometer Member=C46
Removed Member From Class: ClassName=U_ADC2 Member=C46
Removed Member From Class: ClassName=U_Barometer Member=C46
Removed Member From Class: ClassName=U_Gyroscope Member=C46
Removed Member From Class: ClassName=U_ADC1 Member=C48
Removed Member From Class: ClassName=U_ADC2 Member=C50
Removed Member From Class: ClassName=U_Squib_Managment Member=C50
Removed Member From Class: ClassName=U_Regulators Member=C54
Removed Member From Class: ClassName=U_Regulators Member=C55
Removed Member From Class: ClassName=ESP Member=C58
Removed Member From Class: ClassName=AIN21 Member=CF1
Removed Member From Class: ClassName=AIN11 Member=CF4
Removed Member From Class: ClassName=AIN12 Member=CF8
Removed Member From Class: ClassName=Voltage_Indicator2 Member=D1
Removed Member From Class: ClassName=ERR_Ind1 Member=D6
Removed Member From Class: ClassName=Sep_Ind Member=D7
Removed Member From Class: ClassName=Motor_Ind Member=D9
Removed Member From Class: ClassName=Voltage_Indicator1 Member=D10
Removed Member From Class: ClassName=PWR Member=D14
Removed Member From Class: ClassName=U_ESP power Member=D14
Removed Member From Class: ClassName=Main Member=Q1
Removed Member From Class: ClassName=Motor Member=Q2
Removed Member From Class: ClassName=Sep Member=Q2
Removed Member From Class: ClassName=ESP Member=R5
Removed Member From Class: ClassName=U_ADC1 Member=R5
Removed Member From Class: ClassName=ESP Member=R8
Removed Member From Class: ClassName=U_ESP power Member=R8
Removed Member From Class: ClassName=Main_Ind Member=R13
Removed Member From Class: ClassName=ESP Member=R15
Removed Member From Class: ClassName=ESP Member=R18
Removed Member From Class: ClassName=ESP Member=R19
Removed Member From Class: ClassName=Voltage_Indicator3 Member=R19
Removed Member From Class: ClassName=ESP Member=R20
Removed Member From Class: ClassName=ESP Member=R22
Removed Member From Class: ClassName=ESP Member=R23
Removed Member From Class: ClassName=ESP Member=R24
Removed Member From Class: ClassName=Voltage_Indicator1 Member=R29
Removed Member From Class: ClassName=ESP Member=R31
Removed Member From Class: ClassName=Main Member=R34
Removed Member From Class: ClassName=Motor_Ind Member=R36
Removed Member From Class: ClassName=ERR_Ind2 Member=R37
Removed Member From Class: ClassName=U_ESP power Member=R37
Removed Member From Class: ClassName=ERR_Ind1 Member=R38
Removed Member From Class: ClassName=PWR Member=R38
Removed Member From Class: ClassName=PWR Member=R40
Removed Member From Class: ClassName=U_Regulators Member=R40
Removed Member From Class: ClassName=Voltage_Indicator2 Member=R43
Removed Member From Class: ClassName=PWR Member=R44
Removed Member From Class: ClassName=U_Regulators Member=R44
Removed Member From Class: ClassName=U_ADC1 Member=R45
Removed Member From Class: ClassName=U_Regulators Member=R48
Removed Member From Class: ClassName=Motor Member=R57
Removed Member From Class: ClassName=ESP Member=R58
Removed Member From Class: ClassName=Motor Member=R61
Removed Member From Class: ClassName=U_ADC1 Member=R63
Removed Member From Class: ClassName=ESP Member=R72
Removed Member From Class: ClassName=U_ADC1 Member=R72
Removed Member From Class: ClassName=U_ADC1 Member=R74
Removed Member From Class: ClassName=AIN22 Member=R75
Removed Member From Class: ClassName=ESP Member=R77
Removed Member From Class: ClassName=Main Member=R77
Removed Member From Class: ClassName=ESP Member=R78
Removed Member From Class: ClassName=Main Member=R78
Removed Member From Class: ClassName=U_Regulators Member=R78
Removed Member From Class: ClassName=Main Member=R82
Removed Member From Class: ClassName=Sep Member=R85
Removed Member From Class: ClassName=AIN22 Member=R87
Removed Member From Class: ClassName=Main Member=R87
Removed Member From Class: ClassName=AIN01 Member=R88
Removed Member From Class: ClassName=ESP Member=R88
Removed Member From Class: ClassName=Main Member=R92
Removed Member From Class: ClassName=AIN02 Member=R95
Removed Member From Class: ClassName=AIN01 Member=R97
Removed Member From Class: ClassName=ESP Member=R97
Removed Member From Class: ClassName=Main Member=R97
Removed Member From Class: ClassName=U_Regulators Member=R97
Removed Member From Class: ClassName=ESP Member=R99
Removed Member From Class: ClassName=PWR Member=R103
Removed Member From Class: ClassName=ESP Member=R104
Removed Member From Class: ClassName=PWR Member=R105
Removed Member From Class: ClassName=Motor Member=R106
Removed Member From Class: ClassName=ESP Member=R113
Removed Member From Class: ClassName=Bz Member=R114
Removed Member From Class: ClassName=ESP Member=R114
Removed Member From Class: ClassName=PWR Member=R115
Removed Member From Class: ClassName=Voltage_Indicator3 Member=R115
Removed Member From Class: ClassName=AIN12 Member=R118
Removed Member From Class: ClassName=Motor Member=R123
Removed Member From Class: ClassName=PWR Member=R123
Removed Member From Class: ClassName=ESP Member=R126
Removed Member From Class: ClassName=PWR Member=R127
Removed Member From Class: ClassName=Sep_Ind Member=R127
Removed Member From Class: ClassName=AIN21 Member=R130
Removed Member From Class: ClassName=AIN11 Member=RF4
Removed Member From Class: ClassName=AIN12 Member=RF8
Removed Member From Class: ClassName=AIN01 Member=RGND6
Removed Member From Class: ClassName=AIN22 Member=RGND7
Removed Member From Class: ClassName=AIN32 Member=RGND9
Removed Member From Class: ClassName=AIN21 Member=RGND12
Removed Member From Class: ClassName=AIN21 Member=RGND14
Removed Member From Class: ClassName=AIN02 Member=RGND15
Removed Member From Class: ClassName=UART Member=S4
Removed Member From Class: ClassName=Voltage_Indicator2 Member=T2
Removed Member From Class: ClassName=Bz Member=T6
Removed Member From Class: ClassName=Bz Member=T8
Removed Member From Class: ClassName=U_ADC1 Member=T8
Removed Member From Class: ClassName=Motor Member=T13
Removed Member From Class: ClassName=Sep Member=T13
Removed Member From Class: ClassName=U_ESP power Member=T13
Removed Member From Class: ClassName=ESP Member=T16
Removed Member From Class: ClassName=Voltage_Indicator3 Member=T16
Removed Member From Class: ClassName=PWR Member=T17
Removed Member From Class: ClassName=PWR Member=U5
Removed Member From Class: ClassName=U_Regulators Member=U5
Removed Member From Class: ClassName=U_Gyroscope Member=U6
Removed Member From Class: ClassName=ESP Member=U9
Removed Member From Class: ClassName=U_ADC1 Member=U9
Removed Member From Class: ClassName=U_Accelerometer Member=U10
Removed Member From Class: ClassName=U_Magnetometer Member=U10
Removed Member From Class: ClassName=U_Regulators Member=U11
Removed Member From Class: ClassName=U_Squib_Managment Member=U12
Change Component Designator: OldDesignator=C17 NewDesignator=C3
Change Component Designator: OldDesignator=C18 NewDesignator=C5
Change Component Designator: OldDesignator=C19 NewDesignator=C4
Change Component Designator: OldDesignator=C20 NewDesignator=C7
Change Component Designator: OldDesignator=C21 NewDesignator=C14
Change Component Designator: OldDesignator=C52 NewDesignator=C55
Change Component Designator: OldDesignator=C53 NewDesignator=C56
Change Component Designator: OldDesignator=C54 NewDesignator=C57
Change Component Designator: OldDesignator=CF1 NewDesignator=CF5
Change Component Designator: OldDesignator=CF2 NewDesignator=CF5
Change Component Designator: OldDesignator=CF3 NewDesignator=CF5
Change Component Designator: OldDesignator=CF4 NewDesignator=CF5
Change Component Designator: OldDesignator=CF6 NewDesignator=CF5
Change Component Designator: OldDesignator=CF7 NewDesignator=CF5
Change Component Designator: OldDesignator=CF8 NewDesignator=CF5
Change Component Designator: OldDesignator=D1 NewDesignator=D2
Change Component Designator: OldDesignator=D3 NewDesignator=D2
Change Component Designator: OldDesignator=D4 NewDesignator=D6
Change Component Designator: OldDesignator=D5 NewDesignator=D6
Change Component Designator: OldDesignator=D8 NewDesignator=D12
Change Component Designator: OldDesignator=D9 NewDesignator=D2
Change Component Designator: OldDesignator=D11 NewDesignator=D12
Change Component Designator: OldDesignator=Q4 NewDesignator=Q5
Change Component Designator: OldDesignator=Q6 NewDesignator=Q5
Change Component Designator: OldDesignator=Q7 NewDesignator=Q8
Change Component Designator: OldDesignator=Q9 NewDesignator=Q8
Change Component Designator: OldDesignator=R1 NewDesignator=R2
Change Component Designator: OldDesignator=R3 NewDesignator=R2
Change Component Designator: OldDesignator=R4 NewDesignator=R6
Change Component Designator: OldDesignator=R5 NewDesignator=R6
Change Component Designator: OldDesignator=R10 NewDesignator=R12
Change Component Designator: OldDesignator=R11 NewDesignator=R12
Change Component Designator: OldDesignator=R17 NewDesignator=R7
Change Component Designator: OldDesignator=R18 NewDesignator=R8
Change Component Designator: OldDesignator=R20 NewDesignator=R9
Change Component Designator: OldDesignator=R22 NewDesignator=R13
Change Component Designator: OldDesignator=R23 NewDesignator=R15
Change Component Designator: OldDesignator=R24 NewDesignator=R14
Change Component Designator: OldDesignator=R27 NewDesignator=R53
Change Component Designator: OldDesignator=R29 NewDesignator=R2
Change Component Designator: OldDesignator=R52 NewDesignator=R53
Change Component Designator: OldDesignator=R60 NewDesignator=R86
Change Component Designator: OldDesignator=R62 NewDesignator=R88
Change Component Designator: OldDesignator=R89 NewDesignator=R106
Change Component Designator: OldDesignator=R91 NewDesignator=R108
Change Component Designator: OldDesignator=R92 NewDesignator=R106
Change Component Designator: OldDesignator=R93 NewDesignator=R108
Change Component Designator: OldDesignator=R95 NewDesignator=R106
Change Component Designator: OldDesignator=R97 NewDesignator=R108
Change Component Designator: OldDesignator=R100 NewDesignator=R106
Change Component Designator: OldDesignator=R102 NewDesignator=R108
Change Component Designator: OldDesignator=R110 NewDesignator=R106
Change Component Designator: OldDesignator=R111 NewDesignator=R108
Change Component Designator: OldDesignator=R112 NewDesignator=R106
Change Component Designator: OldDesignator=R113 NewDesignator=R115
Change Component Designator: OldDesignator=R116 NewDesignator=R114
Change Component Designator: OldDesignator=R117 NewDesignator=R114
Change Component Designator: OldDesignator=R118 NewDesignator=R115
Change Component Designator: OldDesignator=R119 NewDesignator=R108
Change Component Designator: OldDesignator=R120 NewDesignator=R106
Change Component Designator: OldDesignator=R121 NewDesignator=R108
Change Component Designator: OldDesignator=R122 NewDesignator=R126
Change Component Designator: OldDesignator=R123 NewDesignator=R127
Change Component Designator: OldDesignator=R124 NewDesignator=R127
Change Component Designator: OldDesignator=R125 NewDesignator=R126
Change Component Designator: OldDesignator=R128 NewDesignator=R130
Change Component Designator: OldDesignator=R129 NewDesignator=R133
Change Component Designator: OldDesignator=R131 NewDesignator=R133
Change Component Designator: OldDesignator=R132 NewDesignator=R130
Change Component Designator: OldDesignator=R134 NewDesignator=R136
Change Component Designator: OldDesignator=R135 NewDesignator=R136
Change Component Designator: OldDesignator=RF1 NewDesignator=RF5
Change Component Designator: OldDesignator=RF2 NewDesignator=RF5
Change Component Designator: OldDesignator=RF3 NewDesignator=RF5
Change Component Designator: OldDesignator=RF4 NewDesignator=RF5
Change Component Designator: OldDesignator=RF6 NewDesignator=RF5
Change Component Designator: OldDesignator=RF7 NewDesignator=RF5
Change Component Designator: OldDesignator=RF8 NewDesignator=RF5
Change Component Designator: OldDesignator=RGND1 NewDesignator=RGND9
Change Component Designator: OldDesignator=RGND2 NewDesignator=RGND10
Change Component Designator: OldDesignator=RGND3 NewDesignator=RGND9
Change Component Designator: OldDesignator=RGND4 NewDesignator=RGND10
Change Component Designator: OldDesignator=RGND5 NewDesignator=RGND9
Change Component Designator: OldDesignator=RGND6 NewDesignator=RGND10
Change Component Designator: OldDesignator=RGND7 NewDesignator=RGND9
Change Component Designator: OldDesignator=RGND8 NewDesignator=RGND10
Change Component Designator: OldDesignator=RGND11 NewDesignator=RGND9
Change Component Designator: OldDesignator=RGND12 NewDesignator=RGND10
Change Component Designator: OldDesignator=RGND13 NewDesignator=RGND9
Change Component Designator: OldDesignator=RGND14 NewDesignator=RGND10
Change Component Designator: OldDesignator=RGND15 NewDesignator=RGND9
Change Component Designator: OldDesignator=RGND16 NewDesignator=RGND10
Change Component Designator: OldDesignator=SQB1 NewDesignator=SQB3
Change Component Designator: OldDesignator=SQB2 NewDesignator=SQB3
Change Component Designator: OldDesignator=T1 NewDesignator=T3
Change Component Designator: OldDesignator=T2 NewDesignator=T3
Change Component Designator: OldDesignator=T6 NewDesignator=T4
Change Component Designator: OldDesignator=T7 NewDesignator=T5
Change Component Designator: OldDesignator=T16 NewDesignator=T21
Change Component Designator: OldDesignator=T17 NewDesignator=T20
Change Component Designator: OldDesignator=T18 NewDesignator=T21
Change Component Designator: OldDesignator=T19 NewDesignator=T20
Change Component Designator: OldDesignator=U7 NewDesignator=U3
Change Component Designator: OldDesignator=UART2 NewDesignator=UART1
Added Pin To Net: NetName=NetR74_2 Pin=R74-2
Added Pin To Net: NetName=NetR74_2 Pin=R107-1
Change Net Name : Old Net Name=NetC3_U_ADC1_1 New Net Name=NetC55_1
Change Net Name : Old Net Name=NetC3_U_ADC1_2 New Net Name=NetC55_2
Change Net Name : Old Net Name=NetC3_U_ADC2_1 New Net Name=NetC55_1
Change Net Name : Old Net Name=NetC3_U_ADC2_2 New Net Name=NetC55_2
Change Net Name : Old Net Name=NetC4_U_ADC1_1 New Net Name=NetC7_1
Change Net Name : Old Net Name=NetC4_U_ADC1_2 New Net Name=NetC3_2
Change Net Name : Old Net Name=NetC4_U_ADC2_1 New Net Name=NetC7_1
Change Net Name : Old Net Name=NetC4_U_ADC2_2 New Net Name=NetC3_2
Change Net Name : Old Net Name=NetC7_U_ADC1_1 New Net Name=NetC57_1
Change Net Name : Old Net Name=NetC7_U_ADC1_2 New Net Name=NetC56_2
Change Net Name : Old Net Name=NetC7_U_ADC2_1 New Net Name=NetC57_1
Change Net Name : Old Net Name=NetC7_U_ADC2_2 New Net Name=NetC56_2
Change Net Name : Old Net Name=NetC13_1 New Net Name=NetC9_1
Change Net Name : Old Net Name=NetC19_2 New Net Name=NetC30_2
Change Net Name : Old Net Name=NetC24_2 New Net Name=NetC40_2
Change Net Name : Old Net Name=NetC29_1 New Net Name=NetC24_1
Change Net Name : Old Net Name=NetC34_1 New Net Name=NetC42_2
Change Net Name : Old Net Name=NetC35_1 New Net Name=NetC44_2
Change Net Name : Old Net Name=NetC38_2 New Net Name=NetC23_2
Change Net Name : Old Net Name=NetC40_2 New Net Name=NetC33_2
Change Net Name : Old Net Name=NetC42_2 New Net Name=NetC37_2
Change Net Name : Old Net Name=NetC43_2 New Net Name=NetC38_2
Change Net Name : Old Net Name=NetC44_2 New Net Name=NetC39_2
Change Net Name : Old Net Name=NetC45_2 New Net Name=NetC31_2
Change Net Name : Old Net Name=NetC46_2 New Net Name=NetC35_2
Change Net Name : Old Net Name=NetC47_2 New Net Name=NetC36_2
Change Net Name : Old Net Name=NetC48_2 New Net Name=NetC32_2
Change Net Name : Old Net Name=NetC49_2 New Net Name=NetC34_2
Change Net Name : Old Net Name=NetD1_ACT_IND_1 New Net Name=NetD2_1
Change Net Name : Old Net Name=NetD1_ACT_IND_2 New Net Name=NetD2_2
Change Net Name : Old Net Name=NetD1_Main_IND_1 New Net Name=NetD2_1
Change Net Name : Old Net Name=NetD1_Main_IND_2 New Net Name=NetD2_2
Change Net Name : Old Net Name=NetD1_Motor_IND_1 New Net Name=NetD2_1
Change Net Name : Old Net Name=NetD1_Motor_IND_2 New Net Name=NetD2_2
Change Net Name : Old Net Name=NetD1_Sep_IND_1 New Net Name=NetD2_1
Change Net Name : Old Net Name=NetD1_Sep_IND_2 New Net Name=NetD2_2
Change Net Name : Old Net Name=NetD2_2 New Net Name=NetD14_2
Change Net Name : Old Net Name=NetD3_ACT_Ind_1 New Net Name=NetD12_1
Change Net Name : Old Net Name=NetD3_ACT_Ind_2 New Net Name=NetD12_2
Change Net Name : Old Net Name=NetD3_ERR_Ind1_2 New Net Name=NetD12_2
Change Net Name : Old Net Name=NetD3_ERR_Ind2_1 New Net Name=NetD12_1
Change Net Name : Old Net Name=NetD3_ERR_Ind2_2 New Net Name=NetD12_2
Change Net Name : Old Net Name=NetD4_2 New Net Name=NetD10_2
Change Net Name : Old Net Name=NetD7_Voltage_Indicator1_1 New Net Name=NetD6_1
Change Net Name : Old Net Name=NetD7_Voltage_Indicator1_2 New Net Name=NetD6_2
Change Net Name : Old Net Name=NetD7_Voltage_Indicator2_1 New Net Name=NetD6_1
Change Net Name : Old Net Name=NetD7_Voltage_Indicator2_2 New Net Name=NetD6_2
Change Net Name : Old Net Name=NetD7_Voltage_Indicator3_1 New Net Name=NetD6_1
Change Net Name : Old Net Name=NetD7_Voltage_Indicator3_2 New Net Name=NetD6_2
Change Net Name : Old Net Name=NetD12_2 New Net Name=NetD7_2
Change Net Name : Old Net Name=NetQ1_Main_1 New Net Name=NetQ5_1
Change Net Name : Old Net Name=NetQ1_Main_3 New Net Name=NetQ5_3
Change Net Name : Old Net Name=NetQ1_Motor_1 New Net Name=NetQ5_1
Change Net Name : Old Net Name=NetQ1_Motor_3 New Net Name=NetQ5_3
Change Net Name : Old Net Name=NetQ1_Sep_1 New Net Name=NetQ5_1
Change Net Name : Old Net Name=NetQ1_Sep_3 New Net Name=NetQ5_3
Change Net Name : Old Net Name=NetQ2_Main_1 New Net Name=NetQ8_1
Change Net Name : Old Net Name=NetQ2_Main_3 New Net Name=NetQ8_3
Change Net Name : Old Net Name=NetQ2_Motor_1 New Net Name=NetQ8_1
Change Net Name : Old Net Name=NetQ2_Motor_3 New Net Name=NetQ8_3
Change Net Name : Old Net Name=NetQ2_Sep_1 New Net Name=NetQ8_1
Change Net Name : Old Net Name=NetQ2_Sep_3 New Net Name=NetQ8_3
Change Net Name : Old Net Name=NetQ6_1 New Net Name=NetQ2_1
Change Net Name : Old Net Name=NetR1_U_ADC1_2 New Net Name=NetR15_2
Change Net Name : Old Net Name=NetR1_U_ADC2_2 New Net Name=NetR15_2
Change Net Name : Old Net Name=NetR2_U_ADC1_1 New Net Name=NetR14_1
Change Net Name : Old Net Name=NetR2_U_ADC1_2 New Net Name=NetR14_2
Change Net Name : Old Net Name=NetR2_U_ADC2_1 New Net Name=NetR14_1
Change Net Name : Old Net Name=NetR2_U_ADC2_2 New Net Name=NetR14_2
Change Net Name : Old Net Name=NetR3_U_ADC1_2 New Net Name=NetR7_2
Change Net Name : Old Net Name=NetR3_U_ADC2_2 New Net Name=NetR7_2
Change Net Name : Old Net Name=NetR4_U_ADC1_2 New Net Name=NetR8_2
Change Net Name : Old Net Name=NetR4_U_ADC2_2 New Net Name=NetR8_2
Change Net Name : Old Net Name=NetR7_1 New Net Name=NetR28_1
Change Net Name : Old Net Name=NetR9_1 New Net Name=NetR21_1
Change Net Name : Old Net Name=NetR9_2 New Net Name=NetR21_2
Change Net Name : Old Net Name=NetR10_1 New Net Name=NetR90_1
Change Net Name : Old Net Name=NetR10_2 New Net Name=NetR67_1
Change Net Name : Old Net Name=NetR11_1 New Net Name=NetR16_1
Change Net Name : Old Net Name=NetR11_2 New Net Name=NetR16_2
Change Net Name : Old Net Name=NetR12_1 New Net Name=NetR25_1
Change Net Name : Old Net Name=NetR12_2 New Net Name=NetR25_2
Change Net Name : Old Net Name=NetR13_1 New Net Name=NetR19_1
Change Net Name : Old Net Name=NetR13_2 New Net Name=NetR19_2
Change Net Name : Old Net Name=NetR14_1 New Net Name=NetR96_1
Change Net Name : Old Net Name=NetR15_1 New Net Name=NetR98_1
Change Net Name : Old Net Name=NetR16_1 New Net Name=NetR99_1
Change Net Name : Old Net Name=NetR17_1 New Net Name=NetR104_1
Change Net Name : Old Net Name=NetR18_2 New Net Name=NetR107_2
Change Net Name : Old Net Name=NetR22_Main_1 New Net Name=NetR126_1
Change Net Name : Old Net Name=NetR22_Motor_1 New Net Name=NetR126_1
Change Net Name : Old Net Name=NetR22_Sep_1 New Net Name=NetR126_1
Change Net Name : Old Net Name=NetR25_Main_1 New Net Name=NetR114_1
Change Net Name : Old Net Name=NetR25_Main_2 New Net Name=NetR114_2
Change Net Name : Old Net Name=NetR25_Motor_1 New Net Name=NetR114_1
Change Net Name : Old Net Name=NetR25_Motor_2 New Net Name=NetR114_2
Change Net Name : Old Net Name=NetR25_Sep_1 New Net Name=NetR114_1
Change Net Name : Old Net Name=NetR25_Sep_2 New Net Name=NetR114_2
Change Net Name : Old Net Name=NetR26_Main_1 New Net Name=NetR127_1
Change Net Name : Old Net Name=NetR26_Motor_1 New Net Name=NetR127_1
Change Net Name : Old Net Name=NetR26_Sep_1 New Net Name=NetR127_1
Change Net Name : Old Net Name=NetR27_Main_1 New Net Name=NetR115_1
Change Net Name : Old Net Name=NetR27_Main_2 New Net Name=NetR115_2
Change Net Name : Old Net Name=NetR27_Motor_1 New Net Name=NetR115_1
Change Net Name : Old Net Name=NetR27_Motor_2 New Net Name=NetR115_2
Change Net Name : Old Net Name=NetR27_Sep_1 New Net Name=NetR115_1
Change Net Name : Old Net Name=NetR27_Sep_2 New Net Name=NetR115_2
Change Net Name : Old Net Name=NetR28_1 New Net Name=NetR94_1
Change Net Name : Old Net Name=NetR28_2 New Net Name=NetR94_2
Change Net Name : Old Net Name=NetR29_1 New Net Name=NetR72_1
Change Net Name : Old Net Name=NetR29_2 New Net Name=NetR72_2
Change Net Name : Old Net Name=NetR31_2 New Net Name=NetR68_2
Change Net Name : Old Net Name=NetR33_2 New Net Name=NetR84_2
Change Net Name : Old Net Name=NetR35_2 New Net Name=NetR64_2
Change Net Name : Old Net Name=NetR36_2 New Net Name=NetR65_2
Change Net Name : Old Net Name=NetR37_2 New Net Name=NetR63_2
Change Net Name : Old Net Name=NetR38_1 New Net Name=NetR85_1
Change Net Name : Old Net Name=NetR38_2 New Net Name=NetR85_2
Change Net Name : Old Net Name=NetR39_2 New Net Name=NetR67_2
Change Net Name : Old Net Name=NetR41_2 New Net Name=NetR83_2
Change Net Name : Old Net Name=NetR42_2 New Net Name=NetR82_2
Change Net Name : Old Net Name=NetR43_1 New Net Name=NetR73_1
Change Net Name : Old Net Name=NetR46_1 New Net Name=NetR74_1
Change Net Name : Old Net Name=NetR57_1 New Net Name=NetR31_1
Change Net Name : Old Net Name=NetR61_AIN01_2 New Net Name=NetR106_2
Change Net Name : Old Net Name=NetR61_AIN02_2 New Net Name=NetR106_2
Change Net Name : Old Net Name=NetR61_AIN11_2 New Net Name=NetR106_2
Change Net Name : Old Net Name=NetR61_AIN12_2 New Net Name=NetR106_2
Change Net Name : Old Net Name=NetR61_AIN21_2 New Net Name=NetR106_2
Change Net Name : Old Net Name=NetR61_AIN22_2 New Net Name=NetR106_2
Change Net Name : Old Net Name=NetR61_AIN31_2 New Net Name=NetR106_2
Change Net Name : Old Net Name=NetR61_AIN32_2 New Net Name=NetR106_2
Change Net Name : Old Net Name=NetR64_Voltage_Indicator1_2 New Net Name=NetR12_2
Change Net Name : Old Net Name=NetR64_Voltage_Indicator2_2 New Net Name=NetR12_2
Change Net Name : Old Net Name=NetR64_Voltage_Indicator3_2 New Net Name=NetR12_2
Change Net Name : Old Net Name=NetR71_1 New Net Name=NetR87_1
Change Net Name : Old Net Name=NetR71_2 New Net Name=NetR87_2
Change Net Name : Old Net Name=NetR72_1 New Net Name=NetR70_1
Change Net Name : Old Net Name=NetR72_2 New Net Name=NetR69_2
Change Net Name : Old Net Name=NetR76_LVLESP_1 New Net Name=NetR86_1
Change Net Name : Old Net Name=NetR76_LVLESP_2 New Net Name=NetR86_2
Change Net Name : Old Net Name=NetR76_LVLPI/ESP_1 New Net Name=NetR86_1
Change Net Name : Old Net Name=NetR76_LVLPI/ESP_2 New Net Name=NetR86_2
Change Net Name : Old Net Name=NetR77_LVLESP_1 New Net Name=NetR88_1
Change Net Name : Old Net Name=NetR77_LVLESP_2 New Net Name=NetR88_2
Change Net Name : Old Net Name=NetR77_LVLPI/ESP_1 New Net Name=NetR88_1
Change Net Name : Old Net Name=NetR77_LVLPI/ESP_2 New Net Name=NetR88_2
Change Net Name : Old Net Name=NetR79_1 New Net Name=NetR76_1
Change Net Name : Old Net Name=NetR81_1 New Net Name=NetR66_1
Change Net Name : Old Net Name=NetR81_2 New Net Name=NetR66_2
Change Net Name : Old Net Name=NetR84_1 New Net Name=NetR80_1
Change Net Name : Old Net Name=NetR85_1 New Net Name=NetR71_1
Change Net Name : Old Net Name=NetR85_2 New Net Name=NetR71_2
Change Net Name : Old Net Name=NetR88_1 New Net Name=NetR58_1
Change Net Name : Old Net Name=NetR89_2 New Net Name=NetR59_2
Change Net Name : Old Net Name=NetR90_2 New Net Name=NetR61_2
Change Net Name : Old Net Name=NetR91_1 New Net Name=NetR75_1
Change Net Name : Old Net Name=NetR92_1 New Net Name=NetR81_1
Change Net Name : Old Net Name=NetR92_2 New Net Name=NetR81_2
Change Net Name : Old Net Name=NetS2_3 New Net Name=NetS3_3
Change Class Name : Old Net Name=AIN32 New Net Name=AIN31
Added Class: Name=AIN32
Added Member To Class: ClassName=U_Magnetometer Member=Component C1 (C14) Cap
Added Member To Class: ClassName=U_ADC1 Member=Component C3 (C7) Cap
Added Member To Class: ClassName=U_ADC2 Member=Component C3 (C7) Cap
Added Member To Class: ClassName=U_ADC1 Member=Component C4 (C5) Cap
Added Member To Class: ClassName=U_ADC2 Member=Component C4 (C5) Cap
Added Member To Class: ClassName=U_ADC1 Member=Component C5 (C4) Cap
Added Member To Class: ClassName=U_ADC2 Member=Component C5 (C4) Cap
Added Member To Class: ClassName=PWR Member=Component C6 (C29) Cap
Added Member To Class: ClassName=U_ADC1 Member=Component C7 (C3) Cap
Added Member To Class: ClassName=U_ADC2 Member=Component C7 (C3) Cap
Added Member To Class: ClassName=U_Accelerometer Member=Component C8 (C2) Cap
Added Member To Class: ClassName=U_Gyroscope Member=Component C9 (C10) Cap
Added Member To Class: ClassName=U_Gyroscope Member=Component C10 (C12) Cap
Added Member To Class: ClassName=U_Gyroscope Member=Component C11 Cap
Added Member To Class: ClassName=U_Barometer Member=Component C12 (C8) Cap
Added Member To Class: ClassName=U_Gyroscope Member=Component C13 Cap
Added Member To Class: ClassName=U_ADC2 Member=Component C14 (C6) Cap
Added Member To Class: ClassName=U_Accelerometer Member=Component C16 (C1) Cap
Added Member To Class: ClassName=U_Regulators Member=Component C22 (C44) Cap
Added Member To Class: ClassName=U_Squib_Managment Member=Component C23 (C36) Cap
Added Member To Class: ClassName=U_Regulators Member=Component C24 (C45) Cap
Added Member To Class: ClassName=U_Regulators Member=Component C25 (C46) Cap
Added Member To Class: ClassName=U_Regulators Member=Component C26 (C48) Cap
Added Member To Class: ClassName=PWR Member=Component C28 (C34) Cap
Added Member To Class: ClassName=ESP Member=Component C29 (C18) Cap
Added Member To Class: ClassName=ESP Member=Component C30 (C17) Cap
Added Member To Class: ClassName=ESP Member=Component C33 (C16) Cap
Added Member To Class: ClassName=ESP Member=Component C35 (C24) Cap
Added Member To Class: ClassName=ESP Member=Component C41 (C21) Cap
Added Member To Class: ClassName=PWR Member=Component C42 (C32) Cap
Added Member To Class: ClassName=PWR Member=Component C44 (C33) Cap
Added Member To Class: ClassName=PWR Member=Component C45 (C31) Cap
Added Member To Class: ClassName=U_Regulators Member=Component C47 (C42) Cap
Added Member To Class: ClassName=U_Regulators Member=Component C49 (C38) Cap
Added Member To Class: ClassName=U_Regulators Member=Component C51 (C43) Cap
Added Member To Class: ClassName=U_ADC2 Member=Component C55 (C?) Cap
Added Member To Class: ClassName=U_ADC2 Member=Component C56 (C?) Cap
Added Member To Class: ClassName=U_ADC2 Member=Component C57 (C?) Cap
Added Member To Class: ClassName=AIN11 Member=Component CF5 (C28) Cap
Added Member To Class: ClassName=AIN12 Member=Component CF5 (C28) Cap
Added Member To Class: ClassName=AIN21 Member=Component CF5 (C28) Cap
Added Member To Class: ClassName=Motor_Ind Member=Component D2 (D6) LED_R
Added Member To Class: ClassName=Sep_Ind Member=Component D2 (D6) LED_R
Added Member To Class: ClassName=Voltage_Indicator1 Member=Component D6 (D3) LED_B
Added Member To Class: ClassName=Voltage_Indicator2 Member=Component D6 (D3) LED_B
Added Member To Class: ClassName=PWR Member=Component D7 (D4) LED_R
Added Member To Class: ClassName=ERR_Ind1 Member=Component D12 (D1) LED_R
Added Member To Class: ClassName=U_ESP power Member=Component D13 (D5) Buck Diode
Added Member To Class: ClassName=Motor Member=Component Q5 (Q1) P-Channel
Added Member To Class: ClassName=Sep Member=Component Q5 (Q1) P-Channel
Added Member To Class: ClassName=Main Member=Component Q8 (Q2) P-Channel
Added Member To Class: ClassName=Main_Ind Member=Component R2 (R78) Res3
Added Member To Class: ClassName=Motor_Ind Member=Component R2 (R78) Res3
Added Member To Class: ClassName=Sep_Ind Member=Component R2 (R78) Res3
Added Member To Class: ClassName=Voltage_Indicator2 Member=Component R6 (R56) Res3
Added Member To Class: ClassName=Voltage_Indicator3 Member=Component R6 (R56) Res3
Added Member To Class: ClassName=U_ADC1 Member=Component R7 (R3) Res3
Added Member To Class: ClassName=U_ADC2 Member=Component R7 (R3) Res3
Added Member To Class: ClassName=U_ADC1 Member=Component R8 (R4) Res3
Added Member To Class: ClassName=U_ADC2 Member=Component R8 (R4) Res3
Added Member To Class: ClassName=U_ADC1 Member=Component R9 (R6) Res3
Added Member To Class: ClassName=U_ADC2 Member=Component R9 (R6) Res3
Added Member To Class: ClassName=Voltage_Indicator1 Member=Component R12 (R57) Res3
Added Member To Class: ClassName=Voltage_Indicator3 Member=Component R12 (R57) Res3
Added Member To Class: ClassName=U_ADC1 Member=Component R13 (R5) Res3
Added Member To Class: ClassName=U_ADC2 Member=Component R13 (R5) Res3
Added Member To Class: ClassName=U_ADC1 Member=Component R14 (R2) Res3
Added Member To Class: ClassName=U_ADC2 Member=Component R14 (R2) Res3
Added Member To Class: ClassName=U_ADC2 Member=Component R15 (R1) Res3
Added Member To Class: ClassName=PWR Member=Component R26 (R62) Res3
Added Member To Class: ClassName=U_Regulators Member=Component R28 (R79) Res3
Added Member To Class: ClassName=U_Regulators Member=Component R30 (R80) Res3
Added Member To Class: ClassName=U_Regulators Member=Component R31 (R81) Res3
Added Member To Class: ClassName=U_Regulators Member=Component R32 (R82) Res3
Added Member To Class: ClassName=U_Regulators Member=Component R33 (R84) Res3
Added Member To Class: ClassName=ESP Member=Component R35 (R33) Res3
Added Member To Class: ClassName=ESP Member=Component R41 (R42) Res3
Added Member To Class: ClassName=ESP Member=Component R42 (R43) Res3
Added Member To Class: ClassName=ESP Member=Component R46 (R50) Res3
Added Member To Class: ClassName=ESP Member=Component R47 (R44) Res3
Added Member To Class: ClassName=ESP Member=Component R49 (R46) Res3
Added Member To Class: ClassName=ESP Member=Component R50 (R35) Res3
Added Member To Class: ClassName=ERR_Ind1 Member=Component R53 (R7) Res3
Added Member To Class: ClassName=ERR_Ind2 Member=Component R53 (R7) Res3
Added Member To Class: ClassName=PWR Member=Component R54 (R59) Res3
Added Member To Class: ClassName=ESP Member=Component R56 (R17) Res3
Added Member To Class: ClassName=U_ESP power Member=Component R58 (R74) Res3
Added Member To Class: ClassName=U_ESP power Member=Component R59 (R75) Res3
Added Member To Class: ClassName=ESP Member=Component R64 (R23) Res3
Added Member To Class: ClassName=ESP Member=Component R69 (R47) Res3
Added Member To Class: ClassName=ESP Member=Component R70 (R49) Res3
Added Member To Class: ClassName=PWR Member=Component R71 (R66) Res3
Added Member To Class: ClassName=ESP Member=Component R73 (R39) Res3
Added Member To Class: ClassName=PWR Member=Component R76 (R64) Res3
Added Member To Class: ClassName=PWR Member=Component R77 (R58) Res3
Added Member To Class: ClassName=PWR Member=Component R78 (R61) Res3
Added Member To Class: ClassName=PWR Member=Component R79 (R60) Res3
Added Member To Class: ClassName=PWR Member=Component R80 (R65) Res3
Added Member To Class: ClassName=ESP Member=Component R81 (R34) Res3
Added Member To Class: ClassName=ESP Member=Component R83 (R31) Res3
Added Member To Class: ClassName=LVLESP Member=Component R86 (R71) Res3
Added Member To Class: ClassName=LVLPI/ESP Member=Component R86 (R71) Res3
Added Member To Class: ClassName=LVLESP Member=Component R88 (R72) Res3
Added Member To Class: ClassName=LVLPI/ESP Member=Component R88 (R72) Res3
Added Member To Class: ClassName=Bz Member=Component R94 (R15) Res3
Added Member To Class: ClassName=AIN01 Member=Component R106 (R52) Res3
Added Member To Class: ClassName=AIN22 Member=Component R106 (R52) Res3
Added Member To Class: ClassName=AIN01 Member=Component R108 (R51) Res3
Added Member To Class: ClassName=AIN02 Member=Component R108 (R51) Res3
Added Member To Class: ClassName=AIN12 Member=Component R108 (R51) Res3
Added Member To Class: ClassName=AIN21 Member=Component R108 (R51) Res3
Added Member To Class: ClassName=AIN22 Member=Component R108 (R51) Res3
Added Member To Class: ClassName=Main Member=Component R114 (R12) Res3
Added Member To Class: ClassName=Motor Member=Component R114 (R12) Res3
Added Member To Class: ClassName=Main Member=Component R115 (R14) Res3
Added Member To Class: ClassName=Main Member=Component R126 (R9) Res3
Added Member To Class: ClassName=Main Member=Component R127 (R13) Res3
Added Member To Class: ClassName=Motor Member=Component R127 (R13) Res3
Added Member To Class: ClassName=Main Member=Component R130 (R8) Res3
Added Member To Class: ClassName=Motor Member=Component R130 (R8) Res3
Added Member To Class: ClassName=Main Member=Component R133 (R11) Res3
Added Member To Class: ClassName=Motor Member=Component R133 (R11) Res3
Added Member To Class: ClassName=Sep Member=Component R133 (R11) Res3
Added Member To Class: ClassName=Main Member=Component R136 (R10) Res3
Added Member To Class: ClassName=AIN11 Member=Component RF5 (R53) Res3
Added Member To Class: ClassName=AIN12 Member=Component RF5 (R53) Res3
Added Member To Class: ClassName=AIN21 Member=Component RGND9 (R55) Res3
Added Member To Class: ClassName=AIN22 Member=Component RGND9 (R55) Res3
Added Member To Class: ClassName=AIN01 Member=Component RGND10 (R54) Res3
Added Member To Class: ClassName=AIN02 Member=Component RGND10 (R54) Res3
Added Member To Class: ClassName=AIN21 Member=Component RGND10 (R54) Res3
Added Member To Class: ClassName=AIN31 Member=Component RGND10 (R54) Res3
Added Member To Class: ClassName=Voltage_Indicator2 Member=Component T3 (T9) MMBT2222ALT1
Added Member To Class: ClassName=Voltage_Indicator3 Member=Component T3 (T9) MMBT2222ALT1
Added Member To Class: ClassName=U_ADC1 Member=Component T4 (T2) Screw Terminal
Added Member To Class: ClassName=U_ESP power Member=Component T9 (T13) MMBT2222ALT1
Added Member To Class: ClassName=ESP Member=Component T11 (T8) MMBT2222ALT1
Added Member To Class: ClassName=PWR Member=Component T12 (T11) MMBT2222ALT1
Added Member To Class: ClassName=Bz Member=Component T15 (T5) MMBT2222ALT1
Added Member To Class: ClassName=Motor Member=Component T20 (T4) MMBT2222ALT1
Added Member To Class: ClassName=Sep Member=Component T21 (T3) MMBT2222ALT1
Added Member To Class: ClassName=U_Magnetometer Member=Component U1 (U5) MLX90393
Added Member To Class: ClassName=U_Squib_Managment Member=Component U2 (U9) ACS711KEXLT-15AB-T
Added Member To Class: ClassName=U_ADC1 Member=Component U3 (U2) Analog to Digital Converter
Added Member To Class: ClassName=U_ADC2 Member=Component U3 (U2) Analog to Digital Converter
Added Member To Class: ClassName=U_Accelerometer Member=Component U4 (U1) LIS3DSHTR
Added Member To Class: ClassName=U_Gyroscope Member=Component U5 (U4) L3GD20H
Added Member To Class: ClassName=U_Regulators Member=Component U8 (U10) Linear Regulator
Added Member To Class: ClassName=PWR Member=Component U11 (U8) ACS70331EESATR-005B3
Added Room: Name=ACT_IND
Added Room: Name=ACT_Ind
Added Room: Name=AIN01
Added Room: Name=AIN02
Added Room: Name=AIN11
Added Room: Name=AIN12
Added Room: Name=AIN21
Added Room: Name=AIN22
Added Room: Name=AIN31
Added Room: Name=AIN32
Added Room: Name=Bz
Added Room: Name=ERR_Ind2
Added Room: Name=ESP
Added Room: Name=LVLESP
Added Room: Name=LVLPI/ESP
Added Room: Name=Main
Added Room: Name=Main
Added Room: Name=Main_IND
Added Room: Name=Motor
Added Room: Name=Motor_IND
Added Room: Name=PWR
Added Room: Name=Sep
Added Room: Name=Sep_IND
Added Room: Name=U_Accelerometer
Added Room: Name=U_ADC1
Added Room: Name=U_ADC2
Added Room: Name=U_Barometer
Added Room: Name=U_ESP power
Added Room: Name=U_Gyroscope
Added Room: Name=U_Magnetometer
Added Room: Name=U_Power IO
Added Room: Name=U_Regulators
Added Room: Name=U_Squib_Managment
Added Room: Name=UART
Added Room: Name=Voltage_Indicator1
Added Room: Name=Voltage_Indicator2
Added Room: Name=Voltage_Indicator3
