Change Component Footprint: Designator=L1 Old Footprint=*INDM1200X1200X1000N New Footprint=INDUCTOR
Change Component Footprint: Designator= Old Footprint=0603 to 0805 SMD New Footprint=0603 TO 1210 SMD
Change Component Footprint: Designator=R1 Old Footprint=0603 to 0805 SMD New Footprint=
Change Component Footprint: Designator=R1 Old Footprint=0603 to 0805 SMD New Footprint=
Change Component Footprint: Designator=R2 Old Footprint=0603 to 0805 SMD New Footprint=
Change Component Footprint: Designator=R2 Old Footprint=0603 to 0805 SMD New Footprint=
Change Component Footprint: Designator=R3 Old Footprint=0603 to 0805 SMD New Footprint=
Change Component Footprint: Designator=R3 Old Footprint=0603 to 0805 SMD New Footprint=
Change Component Footprint: Designator=R4 Old Footprint=0603 to 0805 SMD New Footprint=
Change Component Footprint: Designator=R4 Old Footprint=0603 to 0805 SMD New Footprint=
Change Component Footprint: Designator=R5 Old Footprint=0603 to 0805 SMD New Footprint=
Change Component Footprint: Designator=R5 Old Footprint=0603 to 0805 SMD New Footprint=
Change Component Footprint: Designator=R6 Old Footprint=0603 to 0805 SMD New Footprint=
Change Component Footprint: Designator=R6 Old Footprint=0603 to 0805 SMD New Footprint=
Change Component Footprint: Designator=R9 Old Footprint=0603 to 0805 SMD New Footprint=
Change Component Footprint: Designator=R10 Old Footprint=0603 to 0805 SMD New Footprint=
Change Component Footprint: Designator=R11 Old Footprint=0603 to 0805 SMD New Footprint=
Change Component Footprint: Designator=R12 Old Footprint=0603 to 0805 SMD New Footprint=
Change Component Footprint: Designator=R13 Old Footprint=0603 to 0805 SMD New Footprint=
Change Component Footprint: Designator=R14 Old Footprint=0603 to 0805 SMD New Footprint=
Change Component Footprint: Designator=R15 Old Footprint=0603 to 0805 SMD New Footprint=
Change Component Footprint: Designator=R16 Old Footprint=0603 to 0805 SMD New Footprint=
Change Component Footprint: Designator=R17 Old Footprint=0603 to 0805 SMD New Footprint=
Change Component Footprint: Designator=R18 Old Footprint=0603 to 0805 SMD New Footprint=
Change Component Footprint: Designator=R19 Old Footprint=0603 to 0805 SMD New Footprint=
Change Component Footprint: Designator=R19 Old Footprint=0603 to 0805 SMD New Footprint=
Change Component Footprint: Designator=R19 Old Footprint=0603 to 0805 SMD New Footprint=
Change Component Footprint: Designator=R20 Old Footprint=0603 to 0805 SMD New Footprint=
Change Component Footprint: Designator=R21 Old Footprint=0603 to 0805 SMD New Footprint=
Change Component Footprint: Designator=R21 Old Footprint=0603 to 0805 SMD New Footprint=
Change Component Footprint: Designator=R21 Old Footprint=0603 to 0805 SMD New Footprint=
Change Component Footprint: Designator=R22 Old Footprint=0603 to 0805 SMD New Footprint=
Change Component Footprint: Designator=R22 Old Footprint=0603 to 0805 SMD New Footprint=
Change Component Footprint: Designator=R22 Old Footprint=0603 to 0805 SMD New Footprint=
Change Component Footprint: Designator=R23 Old Footprint=0603 to 0805 SMD New Footprint=
Change Component Footprint: Designator=R23 Old Footprint=0603 to 0805 SMD New Footprint=
Change Component Footprint: Designator=R23 Old Footprint=0603 to 0805 SMD New Footprint=
Change Component Footprint: Designator=R24 Old Footprint=0603 to 0805 SMD New Footprint=
Change Component Footprint: Designator=R24 Old Footprint=0603 to 0805 SMD New Footprint=
Change Component Footprint: Designator=R24 Old Footprint=0603 to 0805 SMD New Footprint=
Change Component Footprint: Designator=R25 Old Footprint=0603 to 0805 SMD New Footprint=
Change Component Footprint: Designator=R25 Old Footprint=0603 to 0805 SMD New Footprint=
Change Component Footprint: Designator=R25 Old Footprint=0603 to 0805 SMD New Footprint=
Change Component Footprint: Designator=R26 Old Footprint=0603 to 0805 SMD New Footprint=
Change Component Footprint: Designator=R26 Old Footprint=0603 to 0805 SMD New Footprint=
Change Component Footprint: Designator=R26 Old Footprint=0603 to 0805 SMD New Footprint=
Change Component Footprint: Designator=R27 Old Footprint=0603 to 0805 SMD New Footprint=
Change Component Footprint: Designator=R27 Old Footprint=0603 to 0805 SMD New Footprint=
Change Component Footprint: Designator=R27 Old Footprint=0603 to 0805 SMD New Footprint=
Change Component Footprint: Designator=R28 Old Footprint=0603 to 0805 SMD New Footprint=
Change Component Footprint: Designator=R29 Old Footprint=0603 to 0805 SMD New Footprint=
Change Component Footprint: Designator=R30 Old Footprint=0603 to 0805 SMD New Footprint=
Change Component Footprint: Designator=R31 Old Footprint=0603 to 0805 SMD New Footprint=
Change Component Footprint: Designator=R32 Old Footprint=0603 to 0805 SMD New Footprint=
Change Component Footprint: Designator=R33 Old Footprint=0603 to 0805 SMD New Footprint=
Change Component Footprint: Designator=R34 Old Footprint=0603 to 0805 SMD New Footprint=
Change Component Footprint: Designator=R35 Old Footprint=0603 to 0805 SMD New Footprint=
Change Component Footprint: Designator=R36 Old Footprint=0603 to 0805 SMD New Footprint=
Change Component Footprint: Designator=R37 Old Footprint=0603 to 0805 SMD New Footprint=
Change Component Footprint: Designator=R38 Old Footprint=0603 to 0805 SMD New Footprint=
Change Component Footprint: Designator=R39 Old Footprint=0603 to 0805 SMD New Footprint=
Change Component Footprint: Designator=R41 Old Footprint=0603 to 0805 SMD New Footprint=
Change Component Footprint: Designator=R42 Old Footprint=0603 to 0805 SMD New Footprint=
Change Component Footprint: Designator=R43 Old Footprint=0603 to 0805 SMD New Footprint=
Change Component Footprint: Designator=R44 Old Footprint=0603 to 0805 SMD New Footprint=
Change Component Footprint: Designator=R45 Old Footprint=0603 to 0805 SMD New Footprint=
Change Component Footprint: Designator=R46 Old Footprint=0603 to 0805 SMD New Footprint=
Change Component Footprint: Designator=R47 Old Footprint=0603 to 0805 SMD New Footprint=
Change Component Footprint: Designator=R48 Old Footprint=0603 to 0805 SMD New Footprint=
Change Component Footprint: Designator=R49 Old Footprint=0603 to 0805 SMD New Footprint=
Change Component Footprint: Designator=R50 Old Footprint=0603 to 0805 SMD New Footprint=
Change Component Footprint: Designator=R51 Old Footprint=0603 to 0805 SMD New Footprint=
Change Component Footprint: Designator=R52 Old Footprint=0603 to 0805 SMD New Footprint=
Change Component Footprint: Designator=R53 Old Footprint=0603 to 0805 SMD New Footprint=
Change Component Footprint: Designator=R54 Old Footprint=0603 to 0805 SMD New Footprint=
Change Component Footprint: Designator=R55 Old Footprint=0603 to 0805 SMD New Footprint=
Change Component Footprint: Designator=R58 Old Footprint=0603 to 0805 SMD New Footprint=
Change Component Footprint: Designator=R59 Old Footprint=0603 to 0805 SMD New Footprint=
Change Component Footprint: Designator=R60 Old Footprint=0603 to 0805 SMD New Footprint=
Change Component Footprint: Designator=R63 Old Footprint=0603 to 0805 SMD New Footprint=
Change Component Footprint: Designator=R63 Old Footprint=0603 to 0805 SMD New Footprint=
Change Component Footprint: Designator=R63 Old Footprint=0603 to 0805 SMD New Footprint=
Change Component Footprint: Designator=R64 Old Footprint=0603 to 0805 SMD New Footprint=
Change Component Footprint: Designator=R64 Old Footprint=0603 to 0805 SMD New Footprint=
Change Component Footprint: Designator=R64 Old Footprint=0603 to 0805 SMD New Footprint=
Change Component Footprint: Designator=R70 Old Footprint=0603 to 0805 SMD New Footprint=
Change Component Footprint: Designator=R71 Old Footprint=0603 to 0805 SMD New Footprint=
Change Component Footprint: Designator=R72 Old Footprint=0603 to 0805 SMD New Footprint=
Change Component Footprint: Designator=R78 Old Footprint=0603 to 0805 SMD New Footprint=
Change Component Footprint: Designator=R79 Old Footprint=0603 to 0805 SMD New Footprint=
Change Component Footprint: Designator=R80 Old Footprint=0603 to 0805 SMD New Footprint=
Change Component Footprint: Designator=R81 Old Footprint=0603 to 0805 SMD New Footprint=
Change Component Footprint: Designator=R82 Old Footprint=0603 to 0805 SMD New Footprint=
Change Component Footprint: Designator=R83 Old Footprint=0603 to 0805 SMD New Footprint=
Change Component Footprint: Designator=R84 Old Footprint=0603 to 0805 SMD New Footprint=
Change Component Footprint: Designator=R85 Old Footprint=0603 to 0805 SMD New Footprint=
Change Component Footprint: Designator=R86 Old Footprint=0603 to 0805 SMD New Footprint=
Change Component Footprint: Designator=R91 Old Footprint=0603 to 0805 SMD New Footprint=
Change Component Footprint: Designator=R92 Old Footprint=0603 to 0805 SMD New Footprint=
Change Component Footprint: Designator=R75 Old Footprint=0603 to 0805 SMD New Footprint=J1-0603
Change Component Footprint: Designator=R7 Old Footprint=J1-0603 New Footprint=
Change Component Footprint: Designator=R8 Old Footprint=J1-0603 New Footprint=
Change Component Footprint: Designator=R8 Old Footprint=J1-0603 New Footprint=
Change Component Footprint: Designator=R8 Old Footprint=J1-0603 New Footprint=
Change Component Footprint: Designator=R8 Old Footprint=J1-0603 New Footprint=
Change Component Footprint: Designator=R56 Old Footprint=J1-0603 New Footprint=
Change Component Footprint: Designator=R57 Old Footprint=J1-0603 New Footprint=
Change Component Footprint: Designator=R65 Old Footprint=J1-0603 New Footprint=
Change Component Footprint: Designator=R66 Old Footprint=J1-0603 New Footprint=
Change Component Footprint: Designator=R67 Old Footprint=J1-0603 New Footprint=
Change Component Designator: OldDesignator= NewDesignator=R_Pi_Pwr
Change Component Designator: OldDesignator=C4 NewDesignator=C4
Change Component Designator: OldDesignator=C5 NewDesignator=C5
Change Component Designator: OldDesignator=C6 NewDesignator=C6
Change Component Designator: OldDesignator=C9 NewDesignator=C9
Change Component Designator: OldDesignator=C10 NewDesignator=C10
Change Component Designator: OldDesignator=D_ESP_PWR NewDesignator=D4
Change Component Designator: OldDesignator=R1 NewDesignator=R1
Change Component Designator: OldDesignator=R2 NewDesignator=R2
Change Component Designator: OldDesignator=R3 NewDesignator=R3
Change Component Designator: OldDesignator=R4 NewDesignator=R4
Change Component Designator: OldDesignator=R5 NewDesignator=R5
Change Component Designator: OldDesignator=R6 NewDesignator=R6
Change Component Designator: OldDesignator=U2 NewDesignator=U2
