Change Component Footprint: Designator=C34 Old Footprint=0603 FOOTPRINT New Footprint=0603 to 0805 SMD
Change Component Footprint: Designator=C35 Old Footprint=0603 FOOTPRINT New Footprint=0603 to 0805 SMD
Change Component Footprint: Designator=C36 Old Footprint=0603 FOOTPRINT New Footprint=0603 to 0805 SMD
Change Component Footprint: Designator=C37 Old Footprint=0603 FOOTPRINT New Footprint=0603 to 0805 SMD
Change Component Footprint: Designator=C3_U_ADC1 Old Footprint=0603 to 0805 SMD - duplicate New Footprint=0603 to 0805 SMD
Change Component Footprint: Designator=C3_U_ADC2 Old Footprint=0603 to 0805 SMD - duplicate New Footprint=0603 to 0805 SMD
Change Component Footprint: Designator=C7_U_ADC1 Old Footprint=0603 to 0805 SMD - duplicate New Footprint=0603 to 0805 SMD
Change Component Footprint: Designator=C7_U_ADC2 Old Footprint=0603 to 0805 SMD - duplicate New Footprint=0603 to 0805 SMD
Change Component Footprint: Designator=C8_U_ADC1 Old Footprint=0603 to 0805 SMD - duplicate New Footprint=0603 to 0805 SMD
Change Component Footprint: Designator=C8_U_ADC2 Old Footprint=0603 to 0805 SMD - duplicate New Footprint=0603 to 0805 SMD
Change Component Footprint: Designator=CF1_AIN01 Old Footprint=0603 to 0805 SMD - duplicate New Footprint=0603 to 0805 SMD
Change Component Footprint: Designator=CF1_AIN02 Old Footprint=0603 to 0805 SMD - duplicate New Footprint=0603 to 0805 SMD
Change Component Footprint: Designator=CF1_AIN11 Old Footprint=0603 to 0805 SMD - duplicate New Footprint=0603 to 0805 SMD
Change Component Footprint: Designator=CF1_AIN12 Old Footprint=0603 to 0805 SMD - duplicate New Footprint=0603 to 0805 SMD
Change Component Footprint: Designator=CF1_AIN21 Old Footprint=0603 to 0805 SMD - duplicate New Footprint=0603 to 0805 SMD
Change Component Footprint: Designator=CF1_AIN22 Old Footprint=0603 to 0805 SMD - duplicate New Footprint=0603 to 0805 SMD
Change Component Footprint: Designator=CF1_AIN31 Old Footprint=0603 to 0805 SMD - duplicate New Footprint=0603 to 0805 SMD
Change Component Footprint: Designator=CF1_AIN32 Old Footprint=0603 to 0805 SMD - duplicate New Footprint=0603 to 0805 SMD
Change Component Footprint: Designator=R61_AIN01 Old Footprint=0603 TO 0805 SMD - DUPLICATE New Footprint=0603 to 0805 SMD
Change Component Footprint: Designator=R61_AIN02 Old Footprint=0603 TO 0805 SMD - DUPLICATE New Footprint=0603 to 0805 SMD
Change Component Footprint: Designator=R61_AIN11 Old Footprint=0603 TO 0805 SMD - DUPLICATE New Footprint=0603 to 0805 SMD
Change Component Footprint: Designator=R61_AIN12 Old Footprint=0603 TO 0805 SMD - DUPLICATE New Footprint=0603 to 0805 SMD
Change Component Footprint: Designator=R61_AIN21 Old Footprint=0603 TO 0805 SMD - DUPLICATE New Footprint=0603 to 0805 SMD
Change Component Footprint: Designator=R61_AIN22 Old Footprint=0603 TO 0805 SMD - DUPLICATE New Footprint=0603 to 0805 SMD
Change Component Footprint: Designator=R61_AIN31 Old Footprint=0603 TO 0805 SMD - DUPLICATE New Footprint=0603 to 0805 SMD
Change Component Footprint: Designator=R61_AIN32 Old Footprint=0603 TO 0805 SMD - DUPLICATE New Footprint=0603 to 0805 SMD
Change Component Footprint: Designator=R62_AIN01 Old Footprint=0603 TO 0805 SMD - DUPLICATE New Footprint=0603 to 0805 SMD
Change Component Footprint: Designator=R62_AIN02 Old Footprint=0603 TO 0805 SMD - DUPLICATE New Footprint=0603 to 0805 SMD
Change Component Footprint: Designator=R62_AIN11 Old Footprint=0603 TO 0805 SMD - DUPLICATE New Footprint=0603 to 0805 SMD
Change Component Footprint: Designator=R62_AIN12 Old Footprint=0603 TO 0805 SMD - DUPLICATE New Footprint=0603 to 0805 SMD
Change Component Footprint: Designator=R62_AIN21 Old Footprint=0603 TO 0805 SMD - DUPLICATE New Footprint=0603 to 0805 SMD
Change Component Footprint: Designator=R62_AIN22 Old Footprint=0603 TO 0805 SMD - DUPLICATE New Footprint=0603 to 0805 SMD
Change Component Footprint: Designator=R62_AIN31 Old Footprint=0603 TO 0805 SMD - DUPLICATE New Footprint=0603 to 0805 SMD
Change Component Footprint: Designator=R62_AIN32 Old Footprint=0603 TO 0805 SMD - DUPLICATE New Footprint=0603 to 0805 SMD
Change Component Footprint: Designator=R87 Old Footprint=0603 TO 0805 SMD - DUPLICATE New Footprint=0603 to 0805 SMD
Change Component Footprint: Designator=R88 Old Footprint=0603 TO 0805 SMD - DUPLICATE New Footprint=0603 to 0805 SMD
Change Component Footprint: Designator=R89 Old Footprint=0603 TO 0805 SMD - DUPLICATE New Footprint=0603 to 0805 SMD
Change Component Footprint: Designator=R90 Old Footprint=0603 TO 0805 SMD - DUPLICATE New Footprint=0603 to 0805 SMD
Change Component Footprint: Designator=RF1_AIN01 Old Footprint=0603 TO 0805 SMD - DUPLICATE New Footprint=0603 to 0805 SMD
Change Component Footprint: Designator=RF1_AIN02 Old Footprint=0603 TO 0805 SMD - DUPLICATE New Footprint=0603 to 0805 SMD
Change Component Footprint: Designator=RF1_AIN11 Old Footprint=0603 TO 0805 SMD - DUPLICATE New Footprint=0603 to 0805 SMD
Change Component Footprint: Designator=RF1_AIN12 Old Footprint=0603 TO 0805 SMD - DUPLICATE New Footprint=0603 to 0805 SMD
Change Component Footprint: Designator=RF1_AIN21 Old Footprint=0603 TO 0805 SMD - DUPLICATE New Footprint=0603 to 0805 SMD
Change Component Footprint: Designator=RF1_AIN22 Old Footprint=0603 TO 0805 SMD - DUPLICATE New Footprint=0603 to 0805 SMD
Change Component Footprint: Designator=RF1_AIN31 Old Footprint=0603 TO 0805 SMD - DUPLICATE New Footprint=0603 to 0805 SMD
Change Component Footprint: Designator=RF1_AIN32 Old Footprint=0603 TO 0805 SMD - DUPLICATE New Footprint=0603 to 0805 SMD
Change Component Footprint: Designator=RGND1_AIN01 Old Footprint=0603 TO 0805 SMD - DUPLICATE New Footprint=0603 to 0805 SMD
Change Component Footprint: Designator=RGND1_AIN02 Old Footprint=0603 TO 0805 SMD - DUPLICATE New Footprint=0603 to 0805 SMD
Change Component Footprint: Designator=RGND1_AIN11 Old Footprint=0603 TO 0805 SMD - DUPLICATE New Footprint=0603 to 0805 SMD
Change Component Footprint: Designator=RGND1_AIN12 Old Footprint=0603 TO 0805 SMD - DUPLICATE New Footprint=0603 to 0805 SMD
Change Component Footprint: Designator=RGND1_AIN21 Old Footprint=0603 TO 0805 SMD - DUPLICATE New Footprint=0603 to 0805 SMD
Change Component Footprint: Designator=RGND1_AIN22 Old Footprint=0603 TO 0805 SMD - DUPLICATE New Footprint=0603 to 0805 SMD
Change Component Footprint: Designator=RGND1_AIN31 Old Footprint=0603 TO 0805 SMD - DUPLICATE New Footprint=0603 to 0805 SMD
Change Component Footprint: Designator=RGND1_AIN32 Old Footprint=0603 TO 0805 SMD - DUPLICATE New Footprint=0603 to 0805 SMD
Change Component Footprint: Designator=RGND2_AIN01 Old Footprint=0603 TO 0805 SMD - DUPLICATE New Footprint=0603 to 0805 SMD
Change Component Footprint: Designator=RGND2_AIN02 Old Footprint=0603 TO 0805 SMD - DUPLICATE New Footprint=0603 to 0805 SMD
Change Component Footprint: Designator=RGND2_AIN11 Old Footprint=0603 TO 0805 SMD - DUPLICATE New Footprint=0603 to 0805 SMD
Change Component Footprint: Designator=RGND2_AIN12 Old Footprint=0603 TO 0805 SMD - DUPLICATE New Footprint=0603 to 0805 SMD
Change Component Footprint: Designator=RGND2_AIN21 Old Footprint=0603 TO 0805 SMD - DUPLICATE New Footprint=0603 to 0805 SMD
Change Component Footprint: Designator=RGND2_AIN22 Old Footprint=0603 TO 0805 SMD - DUPLICATE New Footprint=0603 to 0805 SMD
Change Component Footprint: Designator=RGND2_AIN31 Old Footprint=0603 TO 0805 SMD - DUPLICATE New Footprint=0603 to 0805 SMD
Change Component Footprint: Designator=RGND2_AIN32 Old Footprint=0603 TO 0805 SMD - DUPLICATE New Footprint=0603 to 0805 SMD
