Removed Pin From Net: NetName=NetD1_2 Pin=D1-2
Removed Pin From Net: NetName=GND Pin=GND-1
Removed Pin From Net: NetName=+5V Pin=PWR OUT-2
Removed Pin From Net: NetName=NetR1_1 Pin=R1-1
Removed Pin From Net: NetName=NetD1_2 Pin=R1-2
Removed Pin From Net: NetName=NetR2_1 Pin=R2-1
Removed Pin From Net: NetName=NetR2_2 Pin=R2-2
Removed Pin From Net: NetName=NetR2_1 Pin=R6_Main-1
Removed Pin From Net: NetName=NetR2_1 Pin=RPi-37
Removed Pin From Net: NetName=NetR2_2 Pin=T1-1
Removed Pin From Net: NetName=NetR1_1 Pin=T1-3
Added Pin To Net: NetName=NetD1_2 Pin=D1-2
Added Pin To Net: NetName=+3.3 Pin=GND-1
Added Pin To Net: NetName=GND Pin=PWR OUT-2
Added Pin To Net: NetName=NetR1_1 Pin=R1-1
Added Pin To Net: NetName=NetD1_2 Pin=R1-2
Added Pin To Net: NetName=NetR2_1 Pin=R2-1
Added Pin To Net: NetName=NetR2_2 Pin=R2-2
Added Pin To Net: NetName=NetR2_1 Pin=R6_Main-1
Added Pin To Net: NetName=NetR2_1 Pin=RPi-37
Added Pin To Net: NetName=NetR2_2 Pin=T1-1
Added Pin To Net: NetName=NetR1_1 Pin=T1-3
Added Member To Class: ClassName=Main Member=Component GND Screw Top Terminal No-Outline
Added Member To Class: ClassName=Main Member=Component PWR OUT Screw Top Terminal No-Outline
Added Room: Name=Accelerometer
Added Room: Name=ADC
Added Room: Name=Barometer
Added Room: Name=Gyroscope
Added Room: Name=IND
Added Room: Name=Indicator LED
Added Room: Name=Indicator LED
Added Room: Name=Magnetometer
Added Room: Name=Main
Added Room: Name=Main
Added Room: Name=MAIN
Added Room: Name=Sep
Added Room: Name=SEP
Added Room: Name=U_Voltage Regulation
