Removed Pin From Net: NetName=GND Pin=BAT_IN1-1
Added Pin To Net: NetName=GND Pin=BAT_IN1-2
Added Pin To Net: NetName=NetBAT_IN1_1 Pin=BAT_IN1-1
Added Pin To Net: NetName=NetBAT_IN1_1 Pin=SW1-2
Added Net: Name=NetBAT_IN1_1
Added Member To Class: ClassName=PWR Member=Component +3.3- Screw Terminal
Added Member To Class: ClassName=PWR Member=Component +3.3- Screw Terminal
Added Member To Class: ClassName=PWR Member=Component +5- Screw Terminal
Added Member To Class: ClassName=PWR Member=Component +5- Screw Terminal
Added Member To Class: ClassName=PWR Member=Component +5- Screw Terminal
Added Room: Name=Main
Added Room: Name=Main
Added Room: Name=Main_Ind
Added Room: Name=Motor
Added Room: Name=Motor_Ind
Added Room: Name=Sep
Added Room: Name=Sep_Ind
Added Room: Name=U_Accelerometer
Added Room: Name=U_ADC1
Added Room: Name=U_Barometer
Added Room: Name=U_Blue_LED1
Added Room: Name=U_Blue_LED2
Added Room: Name=U_Blue_LED3
Added Room: Name=U_Gyroscope
Added Room: Name=U_Magnetometer
