Change Physical Footprint: Designator=Q1_Main Old Footprint=SOT95P280X125-3N New Footprint=SOT95P280X125-3N
Change Physical Footprint: Designator=Q1_Motor Old Footprint=SOT95P280X125-3N New Footprint=SOT95P280X125-3N
Change Physical Footprint: Designator=Q1_Sep Old Footprint=SOT95P280X125-3N New Footprint=SOT95P280X125-3N
Change Physical Footprint: Designator=Q2_Main Old Footprint=SOT95P280X125-3N New Footprint=SOT95P280X125-3N
Change Physical Footprint: Designator=Q2_Motor Old Footprint=SOT95P280X125-3N New Footprint=SOT95P280X125-3N
Change Physical Footprint: Designator=Q2_Sep Old Footprint=SOT95P280X125-3N New Footprint=SOT95P280X125-3N
Change Physical Footprint: Designator=Q4 Old Footprint=SOT95P280X125-3N New Footprint=SOT95P280X125-3N
Change Physical Footprint: Designator=Q5 Old Footprint=SOT95P280X125-3N New Footprint=SOT95P280X125-3N
Change Physical Footprint: Designator=T3_Main_Ind Old Footprint=SOT95P280X125-3N New Footprint=SOT95P280X125-3N
Change Physical Footprint: Designator=T3_Motor_Ind Old Footprint=SOT95P280X125-3N New Footprint=SOT95P280X125-3N
Change Physical Footprint: Designator=T3_Sep_Ind Old Footprint=SOT95P280X125-3N New Footprint=SOT95P280X125-3N
Change Physical Footprint: Designator=T4_Main Old Footprint=SOT95P280X125-3N New Footprint=SOT95P280X125-3N
Change Physical Footprint: Designator=T4_Motor Old Footprint=SOT95P280X125-3N New Footprint=SOT95P280X125-3N
Change Physical Footprint: Designator=T4_Sep Old Footprint=SOT95P280X125-3N New Footprint=SOT95P280X125-3N
Change Physical Footprint: Designator=T5_Main Old Footprint=SOT95P280X125-3N New Footprint=SOT95P280X125-3N
Change Physical Footprint: Designator=T5_Motor Old Footprint=SOT95P280X125-3N New Footprint=SOT95P280X125-3N
Change Physical Footprint: Designator=T5_Sep Old Footprint=SOT95P280X125-3N New Footprint=SOT95P280X125-3N
Change Physical Footprint: Designator=T6 Old Footprint=SOT95P280X125-3N New Footprint=SOT95P280X125-3N
Change Physical Footprint: Designator=T7_U_Blue_LED1 Old Footprint=SOT95P280X125-3N New Footprint=SOT95P280X125-3N
Change Physical Footprint: Designator=T7_U_Blue_LED2 Old Footprint=SOT95P280X125-3N New Footprint=SOT95P280X125-3N
Change Physical Footprint: Designator=T7_U_Blue_LED3 Old Footprint=SOT95P280X125-3N New Footprint=SOT95P280X125-3N
Change Physical Footprint: Designator=T10 Old Footprint=SOT95P280X125-3N New Footprint=SOT95P280X125-3N
Change Physical Footprint: Designator=T11 Old Footprint=SOT95P280X125-3N New Footprint=SOT95P280X125-3N
