Change Component Footprint: Designator=L1 Old Footprint=*INDM1200X1200X1000N New Footprint=INDUCTOR
Change Component Footprint: Designator=C11 Old Footprint=0603 Footprint New Footprint=0603 to 0805 SMD
Change Component Footprint: Designator=C12 Old Footprint=0603 Footprint New Footprint=0603 to 0805 SMD
Change Component Footprint: Designator=C15 Old Footprint=0603 Footprint New Footprint=0603 to 0805 SMD
Change Component Footprint: Designator=C16 Old Footprint=0603 Footprint New Footprint=0603 to 0805 SMD
Change Component Footprint: Designator=C17 Old Footprint=0603 Footprint New Footprint=0603 to 0805 SMD
Change Component Footprint: Designator=C18 Old Footprint=0603 Footprint New Footprint=0603 to 0805 SMD
Change Component Footprint: Designator=C50 Old Footprint=0603 Footprint New Footprint=0603 to 0805 SMD
Change Component Designator: OldDesignator=1 NewDesignator=6
Change Component Designator: OldDesignator=2 NewDesignator=5
Change Component Designator: OldDesignator=3 NewDesignator=4
Change Component Designator: OldDesignator=4 NewDesignator=3
Change Component Designator: OldDesignator=5 NewDesignator=1
Change Component Designator: OldDesignator=6 NewDesignator=2
Change Component Designator: OldDesignator=C1 NewDesignator=C16
Change Component Designator: OldDesignator=C2 NewDesignator=C8
Change Component Designator: OldDesignator=C3 NewDesignator=C52
Change Component Designator: OldDesignator=C52 NewDesignator=C55
Change Component Designator: OldDesignator=C4 NewDesignator=C20
Change Component Designator: OldDesignator=C20 NewDesignator=C7
Change Component Designator: OldDesignator=C5 NewDesignator=C18
Change Component Designator: OldDesignator=C18 NewDesignator=C5
Change Component Designator: OldDesignator=C6 NewDesignator=C19
Change Component Designator: OldDesignator=C19 NewDesignator=C4
Change Component Designator: OldDesignator=C7 NewDesignator=C54
Change Component Designator: OldDesignator=C54 NewDesignator=C57
Change Component Designator: OldDesignator=C8 NewDesignator=C53
Change Component Designator: OldDesignator=C53 NewDesignator=C56
Change Component Designator: OldDesignator=C9 NewDesignator=C21
Change Component Designator: OldDesignator=C21 NewDesignator=C14
Change Component Designator: OldDesignator=C10 NewDesignator=C17
Change Component Designator: OldDesignator=C17 NewDesignator=C3
Change Component Designator: OldDesignator=C11 NewDesignator=C12
Change Component Designator: OldDesignator=C12 NewDesignator=C15
Change Component Designator: OldDesignator=C13 NewDesignator=C9
Change Component Designator: OldDesignator=C14 NewDesignator=C11
Change Component Designator: OldDesignator=C15 NewDesignator=C10
Change Component Designator: OldDesignator=C16 NewDesignator=C13
Change Component Designator: OldDesignator=C17 NewDesignator=C1
Change Component Designator: OldDesignator=C18 NewDesignator=C2
Change Component Designator: OldDesignator=C19 NewDesignator=C33
Change Component Designator: OldDesignator=C20 NewDesignator=C30
Change Component Designator: OldDesignator=C21 NewDesignator=C29
Change Component Designator: OldDesignator=C22 NewDesignator=C37
Change Component Designator: OldDesignator=C23 NewDesignator=C38
Change Component Designator: OldDesignator=C24 NewDesignator=C41
Change Component Designator: OldDesignator=C25 NewDesignator=C39
Change Component Designator: OldDesignator=C26 NewDesignator=C31
Change Component Designator: OldDesignator=C27 NewDesignator=C35
Change Component Designator: OldDesignator=C28 NewDesignator=C36
Change Component Designator: OldDesignator=C29 NewDesignator=C32
Change Component Designator: OldDesignator=C30 NewDesignator=C34
Change Component Designator: OldDesignator=C31 NewDesignator=C6
Change Component Designator: OldDesignator=C32 NewDesignator=C43
Change Component Designator: OldDesignator=C33 NewDesignator=C45
Change Component Designator: OldDesignator=C34 NewDesignator=C42
Change Component Designator: OldDesignator=C35 NewDesignator=C44
Change Component Designator: OldDesignator=C36 NewDesignator=C28
Change Component Designator: OldDesignator=C37 NewDesignator=C40
Change Component Designator: OldDesignator=C38 NewDesignator=C23
Change Component Designator: OldDesignator=C39 NewDesignator=C58
Change Component Designator: OldDesignator=C40 NewDesignator=C49
Change Component Designator: OldDesignator=C41 NewDesignator=C50
Change Component Designator: OldDesignator=C42 NewDesignator=C48
Change Component Designator: OldDesignator=C43 NewDesignator=C46
Change Component Designator: OldDesignator=C44 NewDesignator=C47
Change Component Designator: OldDesignator=C45 NewDesignator=C51
Change Component Designator: OldDesignator=C46 NewDesignator=C22
Change Component Designator: OldDesignator=C47 NewDesignator=C24
Change Component Designator: OldDesignator=C48 NewDesignator=C25
Change Component Designator: OldDesignator=C49 NewDesignator=C27
Change Component Designator: OldDesignator=C50 NewDesignator=C26
Change Component Designator: OldDesignator=CF1 NewDesignator=CF4
Change Component Designator: OldDesignator=CF4 NewDesignator=CF8
Change Component Designator: OldDesignator=CF8 NewDesignator=CF3
Change Component Designator: OldDesignator=CF3 NewDesignator=CF7
Change Component Designator: OldDesignator=CF7 NewDesignator=CF2
Change Component Designator: OldDesignator=CF2 NewDesignator=CF6
Change Component Designator: OldDesignator=CF6 NewDesignator=CF1
Change Component Designator: OldDesignator=CF1 NewDesignator=CF5
Change Component Designator: OldDesignator=D1 NewDesignator=D11
Change Component Designator: OldDesignator=D11 NewDesignator=D8
Change Component Designator: OldDesignator=D8 NewDesignator=D12
Change Component Designator: OldDesignator=D2 NewDesignator=D10
Change Component Designator: OldDesignator=D3 NewDesignator=D4
Change Component Designator: OldDesignator=D4 NewDesignator=D5
Change Component Designator: OldDesignator=D5 NewDesignator=D6
Change Component Designator: OldDesignator=D4 NewDesignator=D7
Change Component Designator: OldDesignator=D5 NewDesignator=D13
Change Component Designator: OldDesignator=D6 NewDesignator=D9
Change Component Designator: OldDesignator=D9 NewDesignator=D1
Change Component Designator: OldDesignator=D1 NewDesignator=D3
Change Component Designator: OldDesignator=D3 NewDesignator=D2
Change Component Designator: OldDesignator=D7 NewDesignator=D14
Change Component Designator: OldDesignator=Q1 NewDesignator=Q4
Change Component Designator: OldDesignator=Q4 NewDesignator=Q6
Change Component Designator: OldDesignator=Q6 NewDesignator=Q5
Change Component Designator: OldDesignator=Q2 NewDesignator=Q9
Change Component Designator: OldDesignator=Q9 NewDesignator=Q7
Change Component Designator: OldDesignator=Q7 NewDesignator=Q8
Change Component Designator: OldDesignator=Q3 NewDesignator=Q1
Change Component Designator: OldDesignator=Q4 NewDesignator=Q3
Change Component Designator: OldDesignator=Q5 NewDesignator=Q2
Change Component Designator: OldDesignator=R1 NewDesignator=R23
Change Component Designator: OldDesignator=R23 NewDesignator=R15
Change Component Designator: OldDesignator=R2 NewDesignator=R24
Change Component Designator: OldDesignator=R24 NewDesignator=R14
Change Component Designator: OldDesignator=R3 NewDesignator=R17
Change Component Designator: OldDesignator=R17 NewDesignator=R7
Change Component Designator: OldDesignator=R4 NewDesignator=R18
Change Component Designator: OldDesignator=R18 NewDesignator=R8
Change Component Designator: OldDesignator=R5 NewDesignator=R22
Change Component Designator: OldDesignator=R22 NewDesignator=R13
Change Component Designator: OldDesignator=R6 NewDesignator=R20
Change Component Designator: OldDesignator=R20 NewDesignator=R9
Change Component Designator: OldDesignator=R7 NewDesignator=R52
Change Component Designator: OldDesignator=R52 NewDesignator=R27
Change Component Designator: OldDesignator=R27 NewDesignator=R53
Change Component Designator: OldDesignator=R8 NewDesignator=R128
Change Component Designator: OldDesignator=R128 NewDesignator=R132
Change Component Designator: OldDesignator=R132 NewDesignator=R130
Change Component Designator: OldDesignator=R9 NewDesignator=R122
Change Component Designator: OldDesignator=R122 NewDesignator=R125
Change Component Designator: OldDesignator=R125 NewDesignator=R126
Change Component Designator: OldDesignator=R10 NewDesignator=R134
Change Component Designator: OldDesignator=R134 NewDesignator=R135
Change Component Designator: OldDesignator=R135 NewDesignator=R136
Change Component Designator: OldDesignator=R11 NewDesignator=R129
Change Component Designator: OldDesignator=R129 NewDesignator=R131
Change Component Designator: OldDesignator=R131 NewDesignator=R133
Change Component Designator: OldDesignator=R12 NewDesignator=R116
Change Component Designator: OldDesignator=R116 NewDesignator=R117
Change Component Designator: OldDesignator=R117 NewDesignator=R114
Change Component Designator: OldDesignator=R13 NewDesignator=R123
Change Component Designator: OldDesignator=R123 NewDesignator=R124
Change Component Designator: OldDesignator=R124 NewDesignator=R127
Change Component Designator: OldDesignator=R14 NewDesignator=R113
Change Component Designator: OldDesignator=R113 NewDesignator=R118
Change Component Designator: OldDesignator=R118 NewDesignator=R115
Change Component Designator: OldDesignator=R15 NewDesignator=R94
Change Component Designator: OldDesignator=R16 NewDesignator=R72
Change Component Designator: OldDesignator=R17 NewDesignator=R56
Change Component Designator: OldDesignator=R18 NewDesignator=R87
Change Component Designator: OldDesignator=R19 NewDesignator=R68
Change Component Designator: OldDesignator=R20 NewDesignator=R40
Change Component Designator: OldDesignator=R21 NewDesignator=R84
Change Component Designator: OldDesignator=R22 NewDesignator=R39
Change Component Designator: OldDesignator=R23 NewDesignator=R64
Change Component Designator: OldDesignator=R24 NewDesignator=R65
Change Component Designator: OldDesignator=R25 NewDesignator=R38
Change Component Designator: OldDesignator=R26 NewDesignator=R63
Change Component Designator: OldDesignator=R27 NewDesignator=R67
Change Component Designator: OldDesignator=R28 NewDesignator=R37
Change Component Designator: OldDesignator=R29 NewDesignator=R36
Change Component Designator: OldDesignator=R30 NewDesignator=R55
Change Component Designator: OldDesignator=R31 NewDesignator=R83
Change Component Designator: OldDesignator=R32 NewDesignator=R82
Change Component Designator: OldDesignator=R33 NewDesignator=R35
Change Component Designator: OldDesignator=R34 NewDesignator=R81
Change Component Designator: OldDesignator=R35 NewDesignator=R50
Change Component Designator: OldDesignator=R36 NewDesignator=R85
Change Component Designator: OldDesignator=R37 NewDesignator=R51
Change Component Designator: OldDesignator=R38 NewDesignator=R43
Change Component Designator: OldDesignator=R39 NewDesignator=R73
Change Component Designator: OldDesignator=R40 NewDesignator=R44
Change Component Designator: OldDesignator=R41 NewDesignator=R74
Change Component Designator: OldDesignator=R42 NewDesignator=R41
Change Component Designator: OldDesignator=R43 NewDesignator=R42
Change Component Designator: OldDesignator=R44 NewDesignator=R47
Change Component Designator: OldDesignator=R45 NewDesignator=R48
Change Component Designator: OldDesignator=R46 NewDesignator=R49
Change Component Designator: OldDesignator=R47 NewDesignator=R69
Change Component Designator: OldDesignator=R48 NewDesignator=R45
Change Component Designator: OldDesignator=R49 NewDesignator=R70
Change Component Designator: OldDesignator=R50 NewDesignator=R46
Change Component Designator: OldDesignator=R51 NewDesignator=R102
Change Component Designator: OldDesignator=R102 NewDesignator=R121
Change Component Designator: OldDesignator=R121 NewDesignator=R97
Change Component Designator: OldDesignator=R97 NewDesignator=R119
Change Component Designator: OldDesignator=R119 NewDesignator=R93
Change Component Designator: OldDesignator=R93 NewDesignator=R111
Change Component Designator: OldDesignator=R111 NewDesignator=R91
Change Component Designator: OldDesignator=R91 NewDesignator=R108
Change Component Designator: OldDesignator=R52 NewDesignator=R100
Change Component Designator: OldDesignator=R100 NewDesignator=R120
Change Component Designator: OldDesignator=R120 NewDesignator=R95
Change Component Designator: OldDesignator=R95 NewDesignator=R112
Change Component Designator: OldDesignator=R112 NewDesignator=R92
Change Component Designator: OldDesignator=R92 NewDesignator=R110
Change Component Designator: OldDesignator=R110 NewDesignator=R89
Change Component Designator: OldDesignator=R89 NewDesignator=R106
Change Component Designator: OldDesignator=R53 NewDesignator=R4
Change Component Designator: OldDesignator=R4 NewDesignator=R5
Change Component Designator: OldDesignator=R5 NewDesignator=R6
Change Component Designator: OldDesignator=R54 NewDesignator=R11
Change Component Designator: OldDesignator=R11 NewDesignator=R10
Change Component Designator: OldDesignator=R10 NewDesignator=R12
Change Component Designator: OldDesignator=R55 NewDesignator=R77
Change Component Designator: OldDesignator=R56 NewDesignator=R54
Change Component Designator: OldDesignator=R57 NewDesignator=R79
Change Component Designator: OldDesignator=R58 NewDesignator=R78
Change Component Designator: OldDesignator=R59 NewDesignator=R26
Change Component Designator: OldDesignator=R60 NewDesignator=R66
Change Component Designator: OldDesignator=R61 NewDesignator=R76
Change Component Designator: OldDesignator=R62 NewDesignator=R80
Change Component Designator: OldDesignator=R63 NewDesignator=R71
Change Component Designator: OldDesignator=R68 NewDesignator=R60
Change Component Designator: OldDesignator=R60 NewDesignator=R86
Change Component Designator: OldDesignator=R69 NewDesignator=R62
Change Component Designator: OldDesignator=R62 NewDesignator=R88
Change Component Designator: OldDesignator=R70 NewDesignator=R57
Change Component Designator: OldDesignator=R71 NewDesignator=R58
Change Component Designator: OldDesignator=R72 NewDesignator=R59
Change Component Designator: OldDesignator=R73 NewDesignator=R61
Change Component Designator: OldDesignator=R74 NewDesignator=R75
Change Component Designator: OldDesignator=R75 NewDesignator=R29
Change Component Designator: OldDesignator=R29 NewDesignator=R1
Change Component Designator: OldDesignator=R1 NewDesignator=R3
Change Component Designator: OldDesignator=R3 NewDesignator=R2
Change Component Designator: OldDesignator=R76 NewDesignator=R28
Change Component Designator: OldDesignator=R77 NewDesignator=R30
Change Component Designator: OldDesignator=R78 NewDesignator=R31
Change Component Designator: OldDesignator=R79 NewDesignator=R32
Change Component Designator: OldDesignator=R80 NewDesignator=R34
Change Component Designator: OldDesignator=R81 NewDesignator=R33
Change Component Designator: OldDesignator=R82 NewDesignator=R25
Change Component Designator: OldDesignator=R83 NewDesignator=R21
Change Component Designator: OldDesignator=R84 NewDesignator=R90
Change Component Designator: OldDesignator=R85 NewDesignator=R16
Change Component Designator: OldDesignator=R86 NewDesignator=R19
Change Component Designator: OldDesignator=R87 NewDesignator=R96
Change Component Designator: OldDesignator=R88 NewDesignator=R98
Change Component Designator: OldDesignator=R89 NewDesignator=R99
Change Component Designator: OldDesignator=R90 NewDesignator=R104
Change Component Designator: OldDesignator=R91 NewDesignator=R107
Change Component Designator: OldDesignator=RF1 NewDesignator=RF4
Change Component Designator: OldDesignator=RF4 NewDesignator=RF8
Change Component Designator: OldDesignator=RF8 NewDesignator=RF3
Change Component Designator: OldDesignator=RF3 NewDesignator=RF7
Change Component Designator: OldDesignator=RF7 NewDesignator=RF2
Change Component Designator: OldDesignator=RF2 NewDesignator=RF6
Change Component Designator: OldDesignator=RF6 NewDesignator=RF1
Change Component Designator: OldDesignator=RF1 NewDesignator=RF5
Change Component Designator: OldDesignator=RGND1 NewDesignator=RGND8
Change Component Designator: OldDesignator=RGND8 NewDesignator=RGND16
Change Component Designator: OldDesignator=RGND16 NewDesignator=RGND6
Change Component Designator: OldDesignator=RGND6 NewDesignator=RGND14
Change Component Designator: OldDesignator=RGND14 NewDesignator=RGND4
Change Component Designator: OldDesignator=RGND4 NewDesignator=RGND12
Change Component Designator: OldDesignator=RGND12 NewDesignator=RGND2
Change Component Designator: OldDesignator=RGND2 NewDesignator=RGND10
Change Component Designator: OldDesignator=RGND2 NewDesignator=RGND7
Change Component Designator: OldDesignator=RGND7 NewDesignator=RGND15
Change Component Designator: OldDesignator=RGND15 NewDesignator=RGND5
Change Component Designator: OldDesignator=RGND5 NewDesignator=RGND13
Change Component Designator: OldDesignator=RGND13 NewDesignator=RGND3
Change Component Designator: OldDesignator=RGND3 NewDesignator=RGND11
Change Component Designator: OldDesignator=RGND11 NewDesignator=RGND1
Change Component Designator: OldDesignator=RGND1 NewDesignator=RGND9
Change Component Designator: OldDesignator=S2 NewDesignator=S3
Change Component Designator: OldDesignator=S3 NewDesignator=S2
Change Component Designator: OldDesignator=SQB1 NewDesignator=SQB1
Change Component Designator: OldDesignator=SQB1 NewDesignator=SQB2
Change Component Designator: OldDesignator=SQB2 NewDesignator=SQB3
Change Component Designator: OldDesignator=T1 NewDesignator=T7
Change Component Designator: OldDesignator=T7 NewDesignator=T5
Change Component Designator: OldDesignator=T2 NewDesignator=T6
Change Component Designator: OldDesignator=T6 NewDesignator=T4
Change Component Designator: OldDesignator=T3 NewDesignator=T16
Change Component Designator: OldDesignator=T16 NewDesignator=T18
Change Component Designator: OldDesignator=T18 NewDesignator=T21
Change Component Designator: OldDesignator=T4 NewDesignator=T17
Change Component Designator: OldDesignator=T17 NewDesignator=T19
Change Component Designator: OldDesignator=T19 NewDesignator=T20
Change Component Designator: OldDesignator=T5 NewDesignator=T15
Change Component Designator: OldDesignator=T6 NewDesignator=T14
Change Component Designator: OldDesignator=T7 NewDesignator=T13
Change Component Designator: OldDesignator=T8 NewDesignator=T11
Change Component Designator: OldDesignator=T9 NewDesignator=T2
Change Component Designator: OldDesignator=T2 NewDesignator=T1
Change Component Designator: OldDesignator=T1 NewDesignator=T3
Change Component Designator: OldDesignator=T11 NewDesignator=T12
Change Component Designator: OldDesignator=T12 NewDesignator=T8
Change Component Designator: OldDesignator=T13 NewDesignator=T9
Change Component Designator: OldDesignator=U1 NewDesignator=U4
Change Component Designator: OldDesignator=U2 NewDesignator=U7
Change Component Designator: OldDesignator=U7 NewDesignator=U3
Change Component Designator: OldDesignator=U3 NewDesignator=U6
Change Component Designator: OldDesignator=U4 NewDesignator=U5
Change Component Designator: OldDesignator=U5 NewDesignator=U1
Change Component Designator: OldDesignator=U6 NewDesignator=U13
Change Component Designator: OldDesignator=U7 NewDesignator=U12
Change Component Designator: OldDesignator=U8 NewDesignator=U11
Change Component Designator: OldDesignator=U9 NewDesignator=U2
Change Component Designator: OldDesignator=U10 NewDesignator=U8
Change Component Designator: OldDesignator=U11 NewDesignator=U9
Change Component Designator: OldDesignator=U12 NewDesignator=U10
Change Component Designator: OldDesignator=UART1 NewDesignator=UART2
Change Component Designator: OldDesignator=UART2 NewDesignator=UART1
