Removed Pin From Net: NetName=NetD1_2 Pin=D1-2
Removed Pin From Net: NetName=NetR1_1 Pin=R1-1
Removed Pin From Net: NetName=NetD1_2 Pin=R1-2
Removed Pin From Net: NetName=NetR2_1 Pin=R2-1
Removed Pin From Net: NetName=NetR2_2 Pin=R2-2
Removed Pin From Net: NetName=NetR2_1 Pin=R6_Sep-1
Removed Pin From Net: NetName=NetR2_1 Pin=RPi-40
Removed Pin From Net: NetName=NetR2_2 Pin=T1-1
Removed Pin From Net: NetName=NetR1_1 Pin=T1-3
Added Component: Designator=Q1_Main(SOT)
Add component. Clean all parameters for all variants
Added Component: Designator=Q1_Sep(SOT)
Add component. Clean all parameters for all variants
Added Pin To Net: NetName=NetD1_2 Pin=D1-2
Added Pin To Net: NetName=VCC Pin=Q1_Main-1
Added Pin To Net: NetName=NetQ1_Main_2 Pin=Q1_Main-2
Added Pin To Net: NetName=NetMAIN1_1 Pin=Q1_Main-3
Added Pin To Net: NetName=VCC Pin=Q1_Sep-1
Added Pin To Net: NetName=NetQ1_Sep_2 Pin=Q1_Sep-2
Added Pin To Net: NetName=NetQ1_Sep_3 Pin=Q1_Sep-3
Added Pin To Net: NetName=NetR1_1 Pin=R1-1
Added Pin To Net: NetName=NetD1_2 Pin=R1-2
Added Pin To Net: NetName=NetR2_1 Pin=R2-1
Added Pin To Net: NetName=NetR2_2 Pin=R2-2
Added Pin To Net: NetName=NetR2_1 Pin=R6_Sep-1
Added Pin To Net: NetName=NetR2_1 Pin=RPi-40
Added Pin To Net: NetName=NetR2_2 Pin=T1-1
Added Pin To Net: NetName=NetR1_1 Pin=T1-3
Added Member To Class: ClassName=Main Member=Component GND Screw Top Terminal No-Outline
Added Member To Class: ClassName=Main Member=Component PWR OUT Screw Top Terminal No-Outline
Added Member To Class: ClassName=Main Member=Component Q1_Main (Q1) SOT95P280X125-3N
Added Member To Class: ClassName=Sep Member=Component Q1_Sep (Q1) SOT95P280X125-3N
Change Room Name: Old Name=Indicator LED_1 New Name=Indicator LED
Change Room Name: Old Name=Main_2 New Name=MAIN
Change Room Scope: Old Scope=InComponentClass('Main') New Scope=InComponentClass('MAIN')
Change Room Name: Old Name=Sep_1 New Name=SEP
Change Room Scope: Old Scope=InComponentClass('Sep') New Scope=InComponentClass('SEP')
Added Room: Name=Main
