Change Component Footprint: Designator=R68 Old Footprint=0603 to 0805 SMD New Footprint=0603 Footprint
Change Component Footprint: Designator=R69 Old Footprint=0603 to 0805 SMD New Footprint=0603 Footprint
Change Component Footprint: Designator=R73 Old Footprint=0603 to 0805 SMD New Footprint=0603 Footprint
Change Component Footprint: Designator=R74 Old Footprint=0603 to 0805 SMD New Footprint=0603 Footprint
Change Component Footprint: Designator=R76_LVLESP Old Footprint=0603 to 0805 SMD New Footprint=0603 Footprint
Change Component Footprint: Designator=R76_LVLPI/ESP Old Footprint=0603 to 0805 SMD New Footprint=0603 Footprint
Change Component Footprint: Designator=R77_LVLESP Old Footprint=0603 to 0805 SMD New Footprint=0603 Footprint
Change Component Footprint: Designator=R77_LVLPI/ESP Old Footprint=0603 to 0805 SMD New Footprint=0603 Footprint
Change Net Name : Old Net Name=NetD_ESP_PWR_2 New Net Name=NetD4_2
Added Room: Name=ACT_IND
Added Room: Name=ACT_Ind
Added Room: Name=AIN01
Added Room: Name=AIN02
Added Room: Name=AIN11
Added Room: Name=AIN12
Added Room: Name=AIN21
Added Room: Name=AIN22
Added Room: Name=AIN31
Added Room: Name=AIN32
Added Room: Name=Bz
Added Room: Name=ERR_Ind2
Added Room: Name=ESP
Added Room: Name=LVLESP
Added Room: Name=LVLPI/ESP
Added Room: Name=Main
Added Room: Name=Main
Added Room: Name=Main_IND
Added Room: Name=Motor
Added Room: Name=Motor_IND
Added Room: Name=PWR
Added Room: Name=Sep
Added Room: Name=Sep_IND
Added Room: Name=SPI-IO
Added Room: Name=U_Accelerometer
Added Room: Name=U_ADC1
Added Room: Name=U_ADC2
Added Room: Name=U_Barometer
Added Room: Name=U_ESP power
Added Room: Name=U_Gyroscope
Added Room: Name=U_Magnetometer
Added Room: Name=U_Power IO
Added Room: Name=U_Regulators
Added Room: Name=U_Squib_Managment
Added Room: Name=UART
Added Room: Name=Voltage_Indicator1
Added Room: Name=Voltage_Indicator2
Added Room: Name=Voltage_Indicator3
