Removed Pin From Net: NetName=NetC33_1 Pin=Q3-1
Change Component Comment : Designator=U6 Old Comment=NCP1117DT33T5GOSCT-ND New Comment=3.3V Regulator
Change Component Comment : Designator=S1 Old Comment=Screw Switch New Comment=Slide Switch
Change Component Comment : Designator=S2 Old Comment=Screw Switch New Comment=Slide Switch
Change Component Comment : Designator=S3 Old Comment=Screw Switch New Comment=Slide Switch
Change Component Designator: OldDesignator=C1 NewDesignator=C?
Change Component Designator: OldDesignator=C2 NewDesignator=C?
Change Component Designator: OldDesignator=C3 NewDesignator=C?
Change Component Designator: OldDesignator=C3 NewDesignator=C?
Change Component Designator: OldDesignator=C4 NewDesignator=C?
Change Component Designator: OldDesignator=C4 NewDesignator=C?
Change Component Designator: OldDesignator=C5 NewDesignator=C?
Change Component Designator: OldDesignator=C5 NewDesignator=C?
Change Component Designator: OldDesignator=C6 NewDesignator=C?
Change Component Designator: OldDesignator=C6 NewDesignator=C?
Change Component Designator: OldDesignator=C7 NewDesignator=C?
Change Component Designator: OldDesignator=C7 NewDesignator=C?
Change Component Designator: OldDesignator=C8 NewDesignator=C?
Change Component Designator: OldDesignator=C8 NewDesignator=C?
Change Component Designator: OldDesignator=C9 NewDesignator=C?
Change Component Designator: OldDesignator=C9 NewDesignator=C?
Change Component Designator: OldDesignator=C10 NewDesignator=C?
Change Component Designator: OldDesignator=C10 NewDesignator=C?
Change Component Designator: OldDesignator=C11 NewDesignator=C?
Change Component Designator: OldDesignator=C12 NewDesignator=C?
Change Component Designator: OldDesignator=C13 NewDesignator=C?
Change Component Designator: OldDesignator=C14 NewDesignator=C?
Change Component Designator: OldDesignator=C15 NewDesignator=C?
Change Component Designator: OldDesignator=C16 NewDesignator=C?
Change Component Designator: OldDesignator=C17 NewDesignator=C?
Change Component Designator: OldDesignator=C18 NewDesignator=C?
Change Component Designator: OldDesignator=C19 NewDesignator=C?
Change Component Designator: OldDesignator=C20 NewDesignator=C?
Change Component Designator: OldDesignator=C21 NewDesignator=C?
Change Component Designator: OldDesignator=C22 NewDesignator=C?
Change Component Designator: OldDesignator=C23 NewDesignator=C?
Change Component Designator: OldDesignator=C24 NewDesignator=C?
Change Component Designator: OldDesignator=C25 NewDesignator=C?
Change Component Designator: OldDesignator=C26 NewDesignator=C?
Change Component Designator: OldDesignator=C27 NewDesignator=C?
Change Component Designator: OldDesignator=C28 NewDesignator=C?
Change Component Designator: OldDesignator=C29 NewDesignator=C?
Change Component Designator: OldDesignator=C30 NewDesignator=C?
Change Component Designator: OldDesignator=C31 NewDesignator=C?
Change Component Designator: OldDesignator=C31 NewDesignator=C?
Change Component Designator: OldDesignator=C31 NewDesignator=C?
Change Component Designator: OldDesignator=C31 NewDesignator=C?
Change Component Designator: OldDesignator=C31 NewDesignator=C?
Change Component Designator: OldDesignator=C31 NewDesignator=C?
Change Component Designator: OldDesignator=C31 NewDesignator=C?
Change Component Designator: OldDesignator=C31 NewDesignator=C?
Change Component Designator: OldDesignator=C32 NewDesignator=C?
Change Component Designator: OldDesignator=C33 NewDesignator=C?
Change Component Designator: OldDesignator=C34 NewDesignator=C?
Change Component Designator: OldDesignator=C35 NewDesignator=C?
Change Component Designator: OldDesignator=C36 NewDesignator=C?
Change Component Designator: OldDesignator=C37 NewDesignator=C?
Change Component Designator: OldDesignator=C38 NewDesignator=C?
Change Component Designator: OldDesignator=C39 NewDesignator=C?
Change Component Designator: OldDesignator=C40 NewDesignator=C?
Change Component Designator: OldDesignator=C41 NewDesignator=C?
Change Component Designator: OldDesignator=C42 NewDesignator=C?
Change Component Designator: OldDesignator=C43 NewDesignator=C?
Change Component Designator: OldDesignator=C44 NewDesignator=C?
Change Component Designator: OldDesignator=C45 NewDesignator=C?
Change Component Designator: OldDesignator=C46 NewDesignator=C?
Change Component Designator: OldDesignator=C47 NewDesignator=C?
Change Component Designator: OldDesignator=C48 NewDesignator=C?
Change Component Designator: OldDesignator=C49 NewDesignator=C?
Change Component Designator: OldDesignator=C50 NewDesignator=C?
Change Component Designator: OldDesignator=C51 NewDesignator=C?
Change Component Designator: OldDesignator=D1 NewDesignator=D?
Change Component Designator: OldDesignator=D1 NewDesignator=D?
Change Component Designator: OldDesignator=D1 NewDesignator=D?
Change Component Designator: OldDesignator=D2 NewDesignator=D?
Change Component Designator: OldDesignator=D3 NewDesignator=D?
Change Component Designator: OldDesignator=D3 NewDesignator=D?
Change Component Designator: OldDesignator=D3 NewDesignator=D?
Change Component Designator: OldDesignator=D4 NewDesignator=D?
Change Component Designator: OldDesignator=D5 NewDesignator=D?
Change Component Designator: OldDesignator=D6 NewDesignator=D?
Change Component Designator: OldDesignator=D6 NewDesignator=D?
Change Component Designator: OldDesignator=D6 NewDesignator=D?
Change Component Designator: OldDesignator=D6 NewDesignator=D?
Change Component Designator: OldDesignator=D7 NewDesignator=D?
Change Component Designator: OldDesignator=J1 NewDesignator=J?
Change Component Designator: OldDesignator=J1 NewDesignator=J?
Change Component Designator: OldDesignator=J2 NewDesignator=J?
Change Component Designator: OldDesignator=J2 NewDesignator=J?
Change Component Designator: OldDesignator=J2 NewDesignator=J?
Change Component Designator: OldDesignator=J3 NewDesignator=J?
Change Component Designator: OldDesignator=J4 NewDesignator=J?
Change Component Designator: OldDesignator=J5 NewDesignator=J?
Change Component Designator: OldDesignator=J5 NewDesignator=J?
Change Component Designator: OldDesignator=J6 NewDesignator=J?
Change Component Designator: OldDesignator=J7 NewDesignator=J?
Change Component Designator: OldDesignator=J8 NewDesignator=J?
Change Component Designator: OldDesignator=J9 NewDesignator=J?
Change Component Designator: OldDesignator=J10 NewDesignator=J?
Change Component Designator: OldDesignator=J11 NewDesignator=J?
Change Component Designator: OldDesignator=J12 NewDesignator=J?
Change Component Designator: OldDesignator=J13 NewDesignator=J?
Change Component Designator: OldDesignator=J14 NewDesignator=J?
Change Component Designator: OldDesignator=JP1 NewDesignator=JP?
Change Component Designator: OldDesignator=L1 NewDesignator=L?
Change Component Designator: OldDesignator=LS1 NewDesignator=LS?
Change Component Designator: OldDesignator=Q1 NewDesignator=Q?
Change Component Designator: OldDesignator=Q1 NewDesignator=Q?
Change Component Designator: OldDesignator=Q1 NewDesignator=Q?
Change Component Designator: OldDesignator=Q2 NewDesignator=Q?
Change Component Designator: OldDesignator=Q2 NewDesignator=Q?
Change Component Designator: OldDesignator=Q2 NewDesignator=Q?
Change Component Designator: OldDesignator=Q3 NewDesignator=Q?
Change Component Designator: OldDesignator=Q4 NewDesignator=Q?
Change Component Designator: OldDesignator=Q5 NewDesignator=Q?
Change Component Designator: OldDesignator=R1 NewDesignator=R?
Change Component Designator: OldDesignator=R1 NewDesignator=R?
Change Component Designator: OldDesignator=R2 NewDesignator=R?
Change Component Designator: OldDesignator=R2 NewDesignator=R?
Change Component Designator: OldDesignator=R3 NewDesignator=R?
Change Component Designator: OldDesignator=R3 NewDesignator=R?
Change Component Designator: OldDesignator=R4 NewDesignator=R?
Change Component Designator: OldDesignator=R4 NewDesignator=R?
Change Component Designator: OldDesignator=R5 NewDesignator=R?
Change Component Designator: OldDesignator=R5 NewDesignator=R?
Change Component Designator: OldDesignator=R6 NewDesignator=R?
Change Component Designator: OldDesignator=R6 NewDesignator=R?
Change Component Designator: OldDesignator=R7 NewDesignator=R?
Change Component Designator: OldDesignator=R7 NewDesignator=R?
Change Component Designator: OldDesignator=R7 NewDesignator=R?
Change Component Designator: OldDesignator=R8 NewDesignator=R?
Change Component Designator: OldDesignator=R8 NewDesignator=R?
Change Component Designator: OldDesignator=R8 NewDesignator=R?
Change Component Designator: OldDesignator=R9 NewDesignator=R?
Change Component Designator: OldDesignator=R9 NewDesignator=R?
Change Component Designator: OldDesignator=R9 NewDesignator=R?
Change Component Designator: OldDesignator=R10 NewDesignator=R?
Change Component Designator: OldDesignator=R10 NewDesignator=R?
Change Component Designator: OldDesignator=R10 NewDesignator=R?
Change Component Designator: OldDesignator=R11 NewDesignator=R?
Change Component Designator: OldDesignator=R11 NewDesignator=R?
Change Component Designator: OldDesignator=R11 NewDesignator=R?
Change Component Designator: OldDesignator=R12 NewDesignator=R?
Change Component Designator: OldDesignator=R12 NewDesignator=R?
Change Component Designator: OldDesignator=R12 NewDesignator=R?
Change Component Designator: OldDesignator=R13 NewDesignator=R?
Change Component Designator: OldDesignator=R13 NewDesignator=R?
Change Component Designator: OldDesignator=R13 NewDesignator=R?
Change Component Designator: OldDesignator=R14 NewDesignator=R?
Change Component Designator: OldDesignator=R14 NewDesignator=R?
Change Component Designator: OldDesignator=R14 NewDesignator=R?
Change Component Designator: OldDesignator=R15 NewDesignator=R?
Change Component Designator: OldDesignator=R16 NewDesignator=R?
Change Component Designator: OldDesignator=R17 NewDesignator=R?
Change Component Designator: OldDesignator=R18 NewDesignator=R?
Change Component Designator: OldDesignator=R19 NewDesignator=R?
Change Component Designator: OldDesignator=R20 NewDesignator=R?
Change Component Designator: OldDesignator=R21 NewDesignator=R?
Change Component Designator: OldDesignator=R22 NewDesignator=R?
Change Component Designator: OldDesignator=R23 NewDesignator=R?
Change Component Designator: OldDesignator=R24 NewDesignator=R?
Change Component Designator: OldDesignator=R25 NewDesignator=R?
Change Component Designator: OldDesignator=R26 NewDesignator=R?
Change Component Designator: OldDesignator=R27 NewDesignator=R?
Change Component Designator: OldDesignator=R28 NewDesignator=R?
Change Component Designator: OldDesignator=R29 NewDesignator=R?
Change Component Designator: OldDesignator=R30 NewDesignator=R?
Change Component Designator: OldDesignator=R31 NewDesignator=R?
Change Component Designator: OldDesignator=R32 NewDesignator=R?
Change Component Designator: OldDesignator=R33 NewDesignator=R?
Change Component Designator: OldDesignator=R34 NewDesignator=R?
Change Component Designator: OldDesignator=R35 NewDesignator=R?
Change Component Designator: OldDesignator=R36 NewDesignator=R?
Change Component Designator: OldDesignator=R37 NewDesignator=R?
Change Component Designator: OldDesignator=R38 NewDesignator=R?
Change Component Designator: OldDesignator=R39 NewDesignator=R?
Change Component Designator: OldDesignator=R40 NewDesignator=R?
Change Component Designator: OldDesignator=R41 NewDesignator=R?
Change Component Designator: OldDesignator=R42 NewDesignator=R?
Change Component Designator: OldDesignator=R43 NewDesignator=R?
Change Component Designator: OldDesignator=R44 NewDesignator=R?
Change Component Designator: OldDesignator=R45 NewDesignator=R?
Change Component Designator: OldDesignator=R46 NewDesignator=R?
Change Component Designator: OldDesignator=R47 NewDesignator=R?
Change Component Designator: OldDesignator=R48 NewDesignator=R?
Change Component Designator: OldDesignator=R49 NewDesignator=R?
Change Component Designator: OldDesignator=R50 NewDesignator=R?
Change Component Designator: OldDesignator=R51 NewDesignator=R?
Change Component Designator: OldDesignator=R51 NewDesignator=R?
Change Component Designator: OldDesignator=R51 NewDesignator=R?
Change Component Designator: OldDesignator=R51 NewDesignator=R?
Change Component Designator: OldDesignator=R51 NewDesignator=R?
Change Component Designator: OldDesignator=R51 NewDesignator=R?
Change Component Designator: OldDesignator=R51 NewDesignator=R?
Change Component Designator: OldDesignator=R51 NewDesignator=R?
Change Component Designator: OldDesignator=R52 NewDesignator=R?
Change Component Designator: OldDesignator=R52 NewDesignator=R?
Change Component Designator: OldDesignator=R52 NewDesignator=R?
Change Component Designator: OldDesignator=R52 NewDesignator=R?
Change Component Designator: OldDesignator=R52 NewDesignator=R?
Change Component Designator: OldDesignator=R52 NewDesignator=R?
Change Component Designator: OldDesignator=R52 NewDesignator=R?
Change Component Designator: OldDesignator=R52 NewDesignator=R?
Change Component Designator: OldDesignator=R53 NewDesignator=R?
Change Component Designator: OldDesignator=R53 NewDesignator=R?
Change Component Designator: OldDesignator=R53 NewDesignator=R?
Change Component Designator: OldDesignator=R53 NewDesignator=R?
Change Component Designator: OldDesignator=R53 NewDesignator=R?
Change Component Designator: OldDesignator=R53 NewDesignator=R?
Change Component Designator: OldDesignator=R53 NewDesignator=R?
Change Component Designator: OldDesignator=R53 NewDesignator=R?
Change Component Designator: OldDesignator=R54 NewDesignator=R?
Change Component Designator: OldDesignator=R54 NewDesignator=R?
Change Component Designator: OldDesignator=R54 NewDesignator=R?
Change Component Designator: OldDesignator=R54 NewDesignator=R?
Change Component Designator: OldDesignator=R54 NewDesignator=R?
Change Component Designator: OldDesignator=R54 NewDesignator=R?
Change Component Designator: OldDesignator=R54 NewDesignator=R?
Change Component Designator: OldDesignator=R54 NewDesignator=R?
Change Component Designator: OldDesignator=R55 NewDesignator=R?
Change Component Designator: OldDesignator=R55 NewDesignator=R?
Change Component Designator: OldDesignator=R55 NewDesignator=R?
Change Component Designator: OldDesignator=R55 NewDesignator=R?
Change Component Designator: OldDesignator=R55 NewDesignator=R?
Change Component Designator: OldDesignator=R55 NewDesignator=R?
Change Component Designator: OldDesignator=R55 NewDesignator=R?
Change Component Designator: OldDesignator=R55 NewDesignator=R?
Change Component Designator: OldDesignator=R56 NewDesignator=R?
Change Component Designator: OldDesignator=R56 NewDesignator=R?
Change Component Designator: OldDesignator=R56 NewDesignator=R?
Change Component Designator: OldDesignator=R57 NewDesignator=R?
Change Component Designator: OldDesignator=R57 NewDesignator=R?
Change Component Designator: OldDesignator=R57 NewDesignator=R?
Change Component Designator: OldDesignator=R58 NewDesignator=R?
Change Component Designator: OldDesignator=R59 NewDesignator=R?
Change Component Designator: OldDesignator=R60 NewDesignator=R?
Change Component Designator: OldDesignator=R61 NewDesignator=R?
Change Component Designator: OldDesignator=R62 NewDesignator=R?
Change Component Designator: OldDesignator=R63 NewDesignator=R?
Change Component Designator: OldDesignator=R64 NewDesignator=R?
Change Component Designator: OldDesignator=R65 NewDesignator=R?
Change Component Designator: OldDesignator=R66 NewDesignator=R?
Change Component Designator: OldDesignator=R67 NewDesignator=R?
Change Component Designator: OldDesignator=R68 NewDesignator=R?
Change Component Designator: OldDesignator=R69 NewDesignator=R?
Change Component Designator: OldDesignator=R70 NewDesignator=R?
Change Component Designator: OldDesignator=R71 NewDesignator=R?
Change Component Designator: OldDesignator=R71 NewDesignator=R?
Change Component Designator: OldDesignator=R72 NewDesignator=R?
Change Component Designator: OldDesignator=R72 NewDesignator=R?
Change Component Designator: OldDesignator=R73 NewDesignator=R?
Change Component Designator: OldDesignator=R74 NewDesignator=R?
Change Component Designator: OldDesignator=R75 NewDesignator=R?
Change Component Designator: OldDesignator=R76 NewDesignator=R?
Change Component Designator: OldDesignator=R77 NewDesignator=R?
Change Component Designator: OldDesignator=R78 NewDesignator=R?
Change Component Designator: OldDesignator=R78 NewDesignator=R?
Change Component Designator: OldDesignator=R78 NewDesignator=R?
Change Component Designator: OldDesignator=R78 NewDesignator=R?
Change Component Designator: OldDesignator=R79 NewDesignator=R?
Change Component Designator: OldDesignator=R80 NewDesignator=R?
Change Component Designator: OldDesignator=R81 NewDesignator=R?
Change Component Designator: OldDesignator=R82 NewDesignator=R?
Change Component Designator: OldDesignator=R83 NewDesignator=R?
Change Component Designator: OldDesignator=R84 NewDesignator=R?
Change Component Designator: OldDesignator=R85 NewDesignator=R?
Change Component Designator: OldDesignator=R86 NewDesignator=R?
Change Component Designator: OldDesignator=R87 NewDesignator=R?
Change Component Designator: OldDesignator=R88 NewDesignator=R?
Change Component Designator: OldDesignator=R89 NewDesignator=R?
Change Component Designator: OldDesignator=R90 NewDesignator=R?
Change Component Designator: OldDesignator=R91 NewDesignator=R?
Change Component Designator: OldDesignator=R92 NewDesignator=R?
Change Component Designator: OldDesignator=R93 NewDesignator=R?
Change Component Designator: OldDesignator=R94 NewDesignator=R?
Change Component Designator: OldDesignator=S1 NewDesignator=S?
Change Component Designator: OldDesignator=S2 NewDesignator=S?
Change Component Designator: OldDesignator=S3 NewDesignator=S?
Change Component Designator: OldDesignator=S4 NewDesignator=S?
Change Component Designator: OldDesignator=T1 NewDesignator=J?
Change Component Designator: OldDesignator=T1 NewDesignator=J?
Change Component Designator: OldDesignator=T2 NewDesignator=T?
Change Component Designator: OldDesignator=T2 NewDesignator=T?
Change Component Designator: OldDesignator=T2 NewDesignator=T?
Change Component Designator: OldDesignator=T3 NewDesignator=T?
Change Component Designator: OldDesignator=T3 NewDesignator=T?
Change Component Designator: OldDesignator=T3 NewDesignator=T?
Change Component Designator: OldDesignator=T4 NewDesignator=T?
Change Component Designator: OldDesignator=T5 NewDesignator=T?
Change Component Designator: OldDesignator=T6 NewDesignator=T?
Change Component Designator: OldDesignator=T7 NewDesignator=T?
Change Component Designator: OldDesignator=T8 NewDesignator=T?
Change Component Designator: OldDesignator=T8 NewDesignator=T?
Change Component Designator: OldDesignator=T8 NewDesignator=T?
Change Component Designator: OldDesignator=T9 NewDesignator=T?
Change Component Designator: OldDesignator=T10 NewDesignator=T?
Change Component Designator: OldDesignator=T11 NewDesignator=T?
Change Component Designator: OldDesignator=T12 NewDesignator=T?
Change Component Designator: OldDesignator=U1 NewDesignator=U?
Change Component Designator: OldDesignator=U2 NewDesignator=U?
Change Component Designator: OldDesignator=U2 NewDesignator=U?
Change Component Designator: OldDesignator=U3 NewDesignator=U?
Change Component Designator: OldDesignator=U4 NewDesignator=U?
Change Component Designator: OldDesignator=U5 NewDesignator=U?
Change Component Designator: OldDesignator=U6 NewDesignator=U?
Change Component Designator: OldDesignator=U7 NewDesignator=U?
Change Component Designator: OldDesignator=U8 NewDesignator=U?
Change Component Designator: OldDesignator=U9 NewDesignator=U?
Change Component Designator: OldDesignator=U10 NewDesignator=U?
Change Component Designator: OldDesignator=U11 NewDesignator=U?
Change Component Designator: OldDesignator=U12 NewDesignator=U?
Added Component: Designator=R?(0603 to 0805 SMD)
Add component. Clean all parameters for all variants
Add component (AddParameter): Name = "LatestRevisionDate"; Value = "29-May-2009"; VariantName = "[No Variations]"
Add component (AddParameter): Name = "LatestRevisionNote"; Value = "IPC-7351 Footprint Added."; VariantName = "[No Variations]"
Add component (AddParameter): Name = "PackageDescription"; Value = "Chip Resistor"; VariantName = "[No Variations]"
Add component (AddParameter): Name = "PackageReference"; Value = "J1-0603"; VariantName = "[No Variations]"
Add component (AddParameter): Name = "Published"; Value = "8-Jun-2000"; VariantName = "[No Variations]"
Add component (AddParameter): Name = "Publisher"; Value = "Altium Limited"; VariantName = "[No Variations]"
Add component (AddParameter): Name = "Value"; Value = "1K"; VariantName = "[No Variations]"
Added Pin To Net: NetName=NetC33_1 Pin=R?-1
Change Net Name : Old Net Name=NetC3_1 New Net Name=NetC?_1
Change Net Name : Old Net Name=NetC3_1 New Net Name=NetC?_1
Change Net Name : Old Net Name=NetC3_2 New Net Name=NetC?_2
Change Net Name : Old Net Name=NetC3_2 New Net Name=NetC?_2
Change Net Name : Old Net Name=NetC4_2 New Net Name=NetC?_2
Change Net Name : Old Net Name=NetC4_2 New Net Name=NetC?_2
Change Net Name : Old Net Name=NetC5_1 New Net Name=NetC?_1
Change Net Name : Old Net Name=NetC5_1 New Net Name=NetC?_1
Change Net Name : Old Net Name=NetC6_1 New Net Name=NetC?_1
Change Net Name : Old Net Name=NetC6_1 New Net Name=NetC?_1
Change Net Name : Old Net Name=NetC6_2 New Net Name=NetC?_2
Change Net Name : Old Net Name=NetC6_2 New Net Name=NetC?_2
Change Net Name : Old Net Name=NetC13_1 New Net Name=NetC?_1
Change Net Name : Old Net Name=NetC19_2 New Net Name=NetC?_2
Change Net Name : Old Net Name=NetC20_2 New Net Name=NetC?_2
Change Net Name : Old Net Name=NetC22_2 New Net Name=NetC?_2
Change Net Name : Old Net Name=NetC23_2 New Net Name=NetC?_2
Change Net Name : Old Net Name=NetC24_2 New Net Name=NetC?_2
Change Net Name : Old Net Name=NetC25_2 New Net Name=NetC?_2
Change Net Name : Old Net Name=NetC26_2 New Net Name=NetC?_2
Change Net Name : Old Net Name=NetC27_2 New Net Name=NetC?_2
Change Net Name : Old Net Name=NetC28_2 New Net Name=NetC?_2
Change Net Name : Old Net Name=NetC29_2 New Net Name=NetC?_2
Change Net Name : Old Net Name=NetC30_2 New Net Name=NetC?_2
Change Net Name : Old Net Name=NetC33_1 New Net Name=NetC?_1
Change Net Name : Old Net Name=NetC34_1 New Net Name=NetC?_1
Change Net Name : Old Net Name=NetC38_2 New Net Name=NetC?_2
Change Net Name : Old Net Name=NetC39_2 New Net Name=NetC?_2
Change Net Name : Old Net Name=NetC48_1 New Net Name=NetC?_1
Change Net Name : Old Net Name=NetD1_1 New Net Name=NetD?_1
Change Net Name : Old Net Name=NetD1_1 New Net Name=NetD?_1
Change Net Name : Old Net Name=NetD1_1 New Net Name=NetD?_1
Change Net Name : Old Net Name=NetD1_2 New Net Name=NetD?_2
Change Net Name : Old Net Name=NetD1_2 New Net Name=NetD?_2
Change Net Name : Old Net Name=NetD1_2 New Net Name=NetD?_2
Change Net Name : Old Net Name=NetD2_2 New Net Name=NetD?_2
Change Net Name : Old Net Name=NetD3_1 New Net Name=NetD?_1
Change Net Name : Old Net Name=NetD3_1 New Net Name=NetD?_1
Change Net Name : Old Net Name=NetD3_1 New Net Name=NetD?_1
Change Net Name : Old Net Name=NetD3_2 New Net Name=NetD?_2
Change Net Name : Old Net Name=NetD3_2 New Net Name=NetD?_2
Change Net Name : Old Net Name=NetD3_2 New Net Name=NetD?_2
Change Net Name : Old Net Name=NetD4_2 New Net Name=NetD?_2
Change Net Name : Old Net Name=NetD6_1 New Net Name=NetD?_1
Change Net Name : Old Net Name=NetD6_1 New Net Name=NetD?_1
Change Net Name : Old Net Name=NetD6_1 New Net Name=NetD?_1
Change Net Name : Old Net Name=NetD6_1 New Net Name=NetD?_1
Change Net Name : Old Net Name=NetD6_2 New Net Name=NetD?_2
Change Net Name : Old Net Name=NetD6_2 New Net Name=NetD?_2
Change Net Name : Old Net Name=NetD6_2 New Net Name=NetD?_2
Change Net Name : Old Net Name=NetD7_2 New Net Name=NetD?_2
Change Net Name : Old Net Name=NetJ1_1 New Net Name=NetJ?_1
Change Net Name : Old Net Name=NetJ1_1 New Net Name=NetJ?_1
Change Net Name : Old Net Name=NetJ1_2 New Net Name=NetJ?_2
Change Net Name : Old Net Name=NetJ1_2 New Net Name=NetJ?_2
Change Net Name : Old Net Name=NetJ2_1 New Net Name=NetJ?_1
Change Net Name : Old Net Name=NetJ2_1 New Net Name=NetJ?_1
Change Net Name : Old Net Name=NetJ2_1 New Net Name=NetJ?_1
Change Net Name : Old Net Name=NetJ3_1 New Net Name=NetJ?_1
Change Net Name : Old Net Name=NetJ3_2 New Net Name=NetJ?_2
Change Net Name : Old Net Name=NetJ4_1 New Net Name=NetJ?_1
Change Net Name : Old Net Name=NetJ4_2 New Net Name=NetJ?_2
Change Net Name : Old Net Name=NetJ5_1 New Net Name=NetJ?_1
Change Net Name : Old Net Name=NetJ5_1 New Net Name=NetJ?_1
Change Net Name : Old Net Name=NetJ5_2 New Net Name=NetJ?_2
Change Net Name : Old Net Name=NetJ5_2 New Net Name=NetJ?_2
Change Net Name : Old Net Name=NetJ7_1 New Net Name=NetJ?_1
Change Net Name : Old Net Name=NetJ14_3 New Net Name=NetJ?_3
Change Net Name : Old Net Name=NetJ14_5 New Net Name=NetJ?_5
Change Net Name : Old Net Name=NetJ14_7 New Net Name=NetJ?_7
Change Net Name : Old Net Name=NetJ14_8 New Net Name=NetJ?_8
Change Net Name : Old Net Name=NetJ14_10 New Net Name=NetJ?_10
Change Net Name : Old Net Name=NetJ14_11 New Net Name=NetJ?_11
Change Net Name : Old Net Name=NetJ14_12 New Net Name=NetJ?_12
Change Net Name : Old Net Name=NetJ14_13 New Net Name=NetJ?_13
Change Net Name : Old Net Name=NetJ14_15 New Net Name=NetJ?_15
Change Net Name : Old Net Name=NetJ14_16 New Net Name=NetJ?_16
Change Net Name : Old Net Name=NetJ14_18 New Net Name=NetJ?_18
Change Net Name : Old Net Name=NetJ14_19 New Net Name=NetJ?_19
Change Net Name : Old Net Name=NetJ14_22 New Net Name=NetJ?_22
Change Net Name : Old Net Name=NetJ14_23 New Net Name=NetJ?_23
Change Net Name : Old Net Name=NetJ14_24 New Net Name=NetJ?_24
Change Net Name : Old Net Name=NetJ14_29 New Net Name=NetJ?_29
Change Net Name : Old Net Name=NetJ14_31 New Net Name=NetJ?_31
Change Net Name : Old Net Name=NetJ14_32 New Net Name=NetJ?_32
Change Net Name : Old Net Name=NetJ14_35 New Net Name=NetJ?_35
Change Net Name : Old Net Name=NetJ14_36 New Net Name=NetJ?_36
Change Net Name : Old Net Name=NetJ14_37 New Net Name=NetJ?_37
Change Net Name : Old Net Name=NetLS1_1 New Net Name=NetLS?_1
Change Net Name : Old Net Name=NetQ2_3 New Net Name=NetQ?_3
Change Net Name : Old Net Name=NetQ2_3 New Net Name=NetQ?_3
Change Net Name : Old Net Name=NetQ2_3 New Net Name=NetQ?_3
Change Net Name : Old Net Name=NetR1_2 New Net Name=NetR?_2
Change Net Name : Old Net Name=NetR1_2 New Net Name=NetR?_2
Change Net Name : Old Net Name=NetR2_1 New Net Name=NetR?_1
Change Net Name : Old Net Name=NetR2_1 New Net Name=NetR?_1
Change Net Name : Old Net Name=NetR2_2 New Net Name=NetR?_2
Change Net Name : Old Net Name=NetR2_2 New Net Name=NetR?_2
Change Net Name : Old Net Name=NetR3_2 New Net Name=NetR?_2
Change Net Name : Old Net Name=NetR3_2 New Net Name=NetR?_2
Change Net Name : Old Net Name=NetR4_2 New Net Name=NetR?_2
Change Net Name : Old Net Name=NetR4_2 New Net Name=NetR?_2
Change Net Name : Old Net Name=NetR12_2 New Net Name=NetR?_2
Change Net Name : Old Net Name=NetR12_2 New Net Name=NetR?_2
Change Net Name : Old Net Name=NetR12_2 New Net Name=NetR?_2
Change Net Name : Old Net Name=NetR14_2 New Net Name=NetR?_2
Change Net Name : Old Net Name=NetR14_2 New Net Name=NetR?_2
Change Net Name : Old Net Name=NetR14_2 New Net Name=NetR?_2
Change Net Name : Old Net Name=NetR15_2 New Net Name=NetR?_2
Change Net Name : Old Net Name=NetR16_1 New Net Name=NetR?_1
Change Net Name : Old Net Name=NetR16_2 New Net Name=NetR?_2
Change Net Name : Old Net Name=NetR18_1 New Net Name=NetR?_1
Change Net Name : Old Net Name=NetR19_2 New Net Name=NetR?_2
Change Net Name : Old Net Name=NetR21_1 New Net Name=NetR?_1
Change Net Name : Old Net Name=NetR21_2 New Net Name=NetR?_2
Change Net Name : Old Net Name=NetR23_2 New Net Name=NetR?_2
Change Net Name : Old Net Name=NetR24_2 New Net Name=NetR?_2
Change Net Name : Old Net Name=NetR26_2 New Net Name=NetR?_2
Change Net Name : Old Net Name=NetR27_1 New Net Name=NetR?_1
Change Net Name : Old Net Name=NetR27_2 New Net Name=NetR?_2
Change Net Name : Old Net Name=NetR31_1 New Net Name=NetR?_1
Change Net Name : Old Net Name=NetR31_2 New Net Name=NetR?_2
Change Net Name : Old Net Name=NetR32_1 New Net Name=NetR?_1
Change Net Name : Old Net Name=NetR32_2 New Net Name=NetR?_2
Change Net Name : Old Net Name=NetR34_2 New Net Name=NetR?_2
Change Net Name : Old Net Name=NetR36_1 New Net Name=NetR?_1
Change Net Name : Old Net Name=NetR36_2 New Net Name=NetR?_2
Change Net Name : Old Net Name=NetR39_1 New Net Name=NetR?_1
Change Net Name : Old Net Name=NetR41_1 New Net Name=NetR?_1
Change Net Name : Old Net Name=NetR41_2 New Net Name=NetR?_1
Change Net Name : Old Net Name=NetR49_1 New Net Name=NetR?_1
Change Net Name : Old Net Name=NetR51_2 New Net Name=NetJ?_1
Change Net Name : Old Net Name=NetR51_2 New Net Name=NetJ?_1
Change Net Name : Old Net Name=NetR51_2 New Net Name=NetJ?_2
Change Net Name : Old Net Name=NetR51_2 New Net Name=NetJ?_2
Change Net Name : Old Net Name=NetR57_2 New Net Name=NetR?_2
Change Net Name : Old Net Name=NetR57_2 New Net Name=NetR?_2
Change Net Name : Old Net Name=NetR57_2 New Net Name=NetR?_2
Change Net Name : Old Net Name=NetR60_1 New Net Name=NetR?_1
Change Net Name : Old Net Name=NetR63_1 New Net Name=NetR?_1
Change Net Name : Old Net Name=NetR63_2 New Net Name=NetR?_2
Change Net Name : Old Net Name=NetR65_1 New Net Name=NetR?_1
Change Net Name : Old Net Name=NetR66_1 New Net Name=NetR?_1
Change Net Name : Old Net Name=NetR66_2 New Net Name=NetR?_2
Change Net Name : Old Net Name=NetR71_1 New Net Name=NetR?_1
Change Net Name : Old Net Name=NetR71_1 New Net Name=NetR?_1
Change Net Name : Old Net Name=NetR72_1 New Net Name=NetR?_1
Change Net Name : Old Net Name=NetR72_1 New Net Name=NetR?_1
Change Net Name : Old Net Name=NetR74_1 New Net Name=NetR?_1
Change Net Name : Old Net Name=NetR75_2 New Net Name=NetR?_2
Change Net Name : Old Net Name=NetR76_2 New Net Name=NetR?_2
Change Net Name : Old Net Name=NetR77_1 New Net Name=NetR?_1
Change Net Name : Old Net Name=NetR79_1 New Net Name=NetR?_1
Change Net Name : Old Net Name=NetR81_1 New Net Name=NetR?_1
Change Net Name : Old Net Name=NetR85_1 New Net Name=NetR?_1
Change Net Name : Old Net Name=NetS2_3 New Net Name=NetS?_3
Added Pin To Net: NetName=NetQ?_1 Pin=Q?-1
Added Pin To Net: NetName=NetQ?_1 Pin=R?-2
Added Net: Name=NetQ?_1
Added Member To Class: ClassName=Accelerometer Member=Component C? (C2) Cap
Added Member To Class: ClassName=Accelerometer Member=Component C? (C1) Cap
Added Member To Class: ClassName=ADC 1 Member=Component C? (C10) Cap
Added Member To Class: ClassName=ADC 1 Member=Component C? (C9) Cap
Added Member To Class: ClassName=ADC 1 Member=Component C? (C8) Cap
Added Member To Class: ClassName=ADC 1 Member=Component C? (C7) Cap
Added Member To Class: ClassName=ADC 1 Member=Component C? (C6) Cap
Added Member To Class: ClassName=ADC 1 Member=Component C? (C5) Cap
Added Member To Class: ClassName=ADC 1 Member=Component C? (C4) Cap
Added Member To Class: ClassName=ADC 1 Member=Component C? (C3) Cap
Added Member To Class: ClassName=ADC 2 Member=Component C? (C3) Cap
Added Member To Class: ClassName=ADC 2 Member=Component C? (C10) Cap
Added Member To Class: ClassName=ADC 2 Member=Component C? (C9) Cap
Added Member To Class: ClassName=ADC 2 Member=Component C? (C8) Cap
Added Member To Class: ClassName=ADC 2 Member=Component C? (C7) Cap
Added Member To Class: ClassName=ADC 2 Member=Component C? (C6) Cap
Added Member To Class: ClassName=ADC 2 Member=Component C? (C5) Cap
Added Member To Class: ClassName=ADC 2 Member=Component C? (C4) Cap
Added Member To Class: ClassName=AIN01 Member=Component C? (C31) Cap
Added Member To Class: ClassName=AIN02 Member=Component C? (C31) Cap
Added Member To Class: ClassName=AIN11 Member=Component C? (C31) Cap
Added Member To Class: ClassName=AIN12 Member=Component C? (C31) Cap
Added Member To Class: ClassName=AIN21 Member=Component C? (C31) Cap
Added Member To Class: ClassName=AIN22 Member=Component C? (C31) Cap
Added Member To Class: ClassName=AIN31 Member=Component C? (C31) Cap
Added Member To Class: ClassName=AIN32 Member=Component C? (C31) Cap
Added Member To Class: ClassName=Barometer Member=Component C? (C12) Cap
Added Member To Class: ClassName=Barometer Member=Component C? (C11) Cap
Added Member To Class: ClassName=ESP Member=Component C? (C30) Cap
Added Member To Class: ClassName=ESP Member=Component C? (C29) Cap
Added Member To Class: ClassName=ESP Member=Component C? (C28) Cap
Added Member To Class: ClassName=ESP Member=Component C? (C27) Cap
Added Member To Class: ClassName=ESP Member=Component C? (C26) Cap
Added Member To Class: ClassName=ESP Member=Component C? (C25) Cap
Added Member To Class: ClassName=ESP Member=Component C? (C24) Cap
Added Member To Class: ClassName=ESP Member=Component C? (C23) Cap
Added Member To Class: ClassName=ESP Member=Component C? (C22) Cap
Added Member To Class: ClassName=ESP Member=Component C? (C21) Cap
Added Member To Class: ClassName=ESP Member=Component C? (C20) Cap
Added Member To Class: ClassName=ESP Member=Component C? (C19) Cap
Added Member To Class: ClassName=Gyroscope Member=Component C? (C16) Cap
Added Member To Class: ClassName=Gyroscope Member=Component C? (C15) Cap
Added Member To Class: ClassName=Gyroscope Member=Component C? (C14) Cap
Added Member To Class: ClassName=Gyroscope Member=Component C? (C13) Cap
Added Member To Class: ClassName=Magnetometer Member=Component C? (C18) Cap
Added Member To Class: ClassName=Magnetometer Member=Component C? (C17) Cap
Added Member To Class: ClassName=PWR Member=Component C? (C38) Cap
Added Member To Class: ClassName=PWR Member=Component C? (C37) Cap
Added Member To Class: ClassName=PWR Member=Component C? (C36) Cap
Added Member To Class: ClassName=PWR Member=Component C? (C35) Cap
Added Member To Class: ClassName=PWR Member=Component C? (C34) Cap
Added Member To Class: ClassName=PWR Member=Component C? (C33) Cap
Added Member To Class: ClassName=PWR Member=Component C? (C32) Cap
Added Member To Class: ClassName=Regulators Member=Component C? (C51) Cap
Added Member To Class: ClassName=Regulators Member=Component C? (C50) Cap
Added Member To Class: ClassName=Regulators Member=Component C? (C49) Cap
Added Member To Class: ClassName=Regulators Member=Component C? (C48) Cap
Added Member To Class: ClassName=Regulators Member=Component C? (C47) Cap
Added Member To Class: ClassName=Regulators Member=Component C? (C46) Cap
Added Member To Class: ClassName=Regulators Member=Component C? (C45) Cap
Added Member To Class: ClassName=Regulators Member=Component C? (C44) Cap
Added Member To Class: ClassName=Regulators Member=Component C? (C43) Cap
Added Member To Class: ClassName=Regulators Member=Component C? (C42) Cap
Added Member To Class: ClassName=Regulators Member=Component C? (C41) Cap
Added Member To Class: ClassName=Squib_Managment Member=Component C? (C40) Cap
Added Member To Class: ClassName=Squib_Managment Member=Component C? (C39) Cap
Added Member To Class: ClassName=ACT_IndESP Member=Component D? (D1) LED_R
Added Member To Class: ClassName=ACT_IND Member=Component D? (D6) LED_R
Added Member To Class: ClassName=ERR_IndESP Member=Component D? (D1) LED_R
Added Member To Class: ClassName=ERR_IndPi Member=Component D? (D1) LED_R
Added Member To Class: ClassName=ESP Member=Component D? (D2) LED_R
Added Member To Class: ClassName=Main_Ind Member=Component D? (D6) LED_R
Added Member To Class: ClassName=Motor_IND Member=Component D? (D6) LED_R
Added Member To Class: ClassName=PWR Member=Component D? (D4) LED_R
Added Member To Class: ClassName=Regulators Member=Component D? (D7) Buck Diode
Added Member To Class: ClassName=Sep_Ind Member=Component D? (D6) LED_R
Added Member To Class: ClassName=U_ESP power Member=Component D? (D5) Buck Diode
Added Member To Class: ClassName=Voltage_Indicator1 Member=Component D? (D3) LED_B
Added Member To Class: ClassName=Voltage_Indicator2 Member=Component D? (D3) LED_B
Added Member To Class: ClassName=Voltage_Indicator3 Member=Component D? (D3) LED_B
Added Member To Class: ClassName=ADC 1 Member=Component J? (J2) Screw Terminal
Added Member To Class: ClassName=ADC 1 Member=Component J? (J1) Screw Terminal
Added Member To Class: ClassName=ADC 2 Member=Component J? (J2) Screw Terminal
Added Member To Class: ClassName=ADC 2 Member=Component J? (J1) Screw Terminal
Added Member To Class: ClassName=ESP UART Output Member=Component J? (J6) Screw Terminal
Added Member To Class: ClassName=Main_Squib Member=Component J? (J3) Screw Terminal
Added Member To Class: ClassName=Main Member=Component J? (J15) PiGPIOBreakout
Added Member To Class: ClassName=Motor_Squib Member=Component J? (J3) Screw Terminal
Added Member To Class: ClassName=Sep_Squib Member=Component J? (J3) Screw Terminal
Added Member To Class: ClassName=SPI Output Member=Component J? (J5) Screw Terminal
Added Member To Class: ClassName=SPI Output Member=Component J? (J4) Screw Terminal
Added Member To Class: ClassName=U_Power IO Member=Component J? (J14) Screw Terminal
Added Member To Class: ClassName=U_Power IO Member=Component J? (J13) Screw Terminal
Added Member To Class: ClassName=U_Power IO Member=Component J? (J12) Screw Terminal
Added Member To Class: ClassName=U_Power IO Member=Component J? (J11) Screw Terminal
Added Member To Class: ClassName=U_Power IO Member=Component J? (J10) Screw Terminal
Added Member To Class: ClassName=U_Power IO Member=Component J? (J9) Screw Terminal
Added Member To Class: ClassName=U_Power IO Member=Component J? (J8) Screw Terminal
Added Member To Class: ClassName=U_Power IO Member=Component J? (J7) Screw Terminal
Added Member To Class: ClassName=UART EXT Member=Component J? (J6) Screw Terminal
Added Member To Class: ClassName=PWR Member=Component JP? (JP1) Res3
Added Member To Class: ClassName=Regulators Member=Component L? (L1) 7447709330
Added Member To Class: ClassName=Buzzer Member=Component LS? (LS1) CT-1205C-SMT
Added Member To Class: ClassName=Main_Squib Member=Component Q? (Q2) P-Channel
Added Member To Class: ClassName=Main_Squib Member=Component Q? (Q1) P-Channel
Added Member To Class: ClassName=Motor_Squib Member=Component Q? (Q2) P-Channel
Added Member To Class: ClassName=Motor_Squib Member=Component Q? (Q1) P-Channel
Added Member To Class: ClassName=PWR Member=Component Q? (Q4) N-Channel
Added Member To Class: ClassName=PWR Member=Component Q? (Q3) P-Channel
Added Member To Class: ClassName=Sep_Squib Member=Component Q? (Q2) P-Channel
Added Member To Class: ClassName=Sep_Squib Member=Component Q? (Q1) P-Channel
Added Member To Class: ClassName=U_ESP power Member=Component Q? (Q5) P-Channel
Added Member To Class: ClassName=ACT_IndESP Member=Component R? (R7) Res3
Added Member To Class: ClassName=ACT_IND Member=Component R? (R80) Res3
Added Member To Class: ClassName=ADC 1 Member=Component R? (R6) Res3
Added Member To Class: ClassName=ADC 1 Member=Component R? (R5) Res3
Added Member To Class: ClassName=ADC 1 Member=Component R? (R4) Res3
Added Member To Class: ClassName=ADC 1 Member=Component R? (R3) Res3
Added Member To Class: ClassName=ADC 1 Member=Component R? (R2) Res3
Added Member To Class: ClassName=ADC 1 Member=Component R? (R1) Res3
Added Member To Class: ClassName=ADC 2 Member=Component R? (R6) Res3
Added Member To Class: ClassName=ADC 2 Member=Component R? (R5) Res3
Added Member To Class: ClassName=ADC 2 Member=Component R? (R4) Res3
Added Member To Class: ClassName=ADC 2 Member=Component R? (R3) Res3
Added Member To Class: ClassName=ADC 2 Member=Component R? (R2) Res3
Added Member To Class: ClassName=ADC 2 Member=Component R? (R1) Res3
Added Member To Class: ClassName=AIN01 Member=Component R? (R55) Res3
Added Member To Class: ClassName=AIN01 Member=Component R? (R54) Res3
Added Member To Class: ClassName=AIN01 Member=Component R? (R53) Res3
Added Member To Class: ClassName=AIN01 Member=Component R? (R52) Res3
Added Member To Class: ClassName=AIN01 Member=Component R? (R51) Res3
Added Member To Class: ClassName=AIN02 Member=Component R? (R55) Res3
Added Member To Class: ClassName=AIN02 Member=Component R? (R54) Res3
Added Member To Class: ClassName=AIN02 Member=Component R? (R53) Res3
Added Member To Class: ClassName=AIN02 Member=Component R? (R52) Res3
Added Member To Class: ClassName=AIN02 Member=Component R? (R51) Res3
Added Member To Class: ClassName=AIN11 Member=Component R? (R55) Res3
Added Member To Class: ClassName=AIN11 Member=Component R? (R54) Res3
Added Member To Class: ClassName=AIN11 Member=Component R? (R53) Res3
Added Member To Class: ClassName=AIN11 Member=Component R? (R52) Res3
Added Member To Class: ClassName=AIN11 Member=Component R? (R51) Res3
Added Member To Class: ClassName=AIN12 Member=Component R? (R55) Res3
Added Member To Class: ClassName=AIN12 Member=Component R? (R54) Res3
Added Member To Class: ClassName=AIN12 Member=Component R? (R53) Res3
Added Member To Class: ClassName=AIN12 Member=Component R? (R52) Res3
Added Member To Class: ClassName=AIN12 Member=Component R? (R51) Res3
Added Member To Class: ClassName=AIN21 Member=Component R? (R55) Res3
Added Member To Class: ClassName=AIN21 Member=Component R? (R54) Res3
Added Member To Class: ClassName=AIN21 Member=Component R? (R53) Res3
Added Member To Class: ClassName=AIN21 Member=Component R? (R52) Res3
Added Member To Class: ClassName=AIN21 Member=Component R? (R51) Res3
Added Member To Class: ClassName=AIN22 Member=Component R? (R55) Res3
Added Member To Class: ClassName=AIN22 Member=Component R? (R54) Res3
Added Member To Class: ClassName=AIN22 Member=Component R? (R53) Res3
Added Member To Class: ClassName=AIN22 Member=Component R? (R52) Res3
Added Member To Class: ClassName=AIN22 Member=Component R? (R51) Res3
Added Member To Class: ClassName=AIN31 Member=Component R? (R52) Res3
Added Member To Class: ClassName=AIN31 Member=Component R? (R51) Res3
Added Member To Class: ClassName=AIN31 Member=Component R? (R55) Res3
Added Member To Class: ClassName=AIN31 Member=Component R? (R54) Res3
Added Member To Class: ClassName=AIN31 Member=Component R? (R53) Res3
Added Member To Class: ClassName=AIN32 Member=Component R? (R55) Res3
Added Member To Class: ClassName=AIN32 Member=Component R? (R54) Res3
Added Member To Class: ClassName=AIN32 Member=Component R? (R53) Res3
Added Member To Class: ClassName=AIN32 Member=Component R? (R52) Res3
Added Member To Class: ClassName=AIN32 Member=Component R? (R51) Res3
Added Member To Class: ClassName=Buzzer Member=Component R? (R16) Res3
Added Member To Class: ClassName=Buzzer Member=Component R? (R15) Res3
Added Member To Class: ClassName=ERR_IndESP Member=Component R? (R7) Res3
Added Member To Class: ClassName=ERR_IndPi Member=Component R? (R7) Res3
Added Member To Class: ClassName=ESP Member=Component R? (R31) Res3
Added Member To Class: ClassName=ESP Member=Component R? (R30) Res3
Added Member To Class: ClassName=ESP Member=Component R? (R29) Res3
Added Member To Class: ClassName=ESP Member=Component R? (R28) Res3
Added Member To Class: ClassName=ESP Member=Component R? (R27) Res3
Added Member To Class: ClassName=ESP Member=Component R? (R26) Res3
Added Member To Class: ClassName=ESP Member=Component R? (R25) Res3
Added Member To Class: ClassName=ESP Member=Component R? (R24) Res3
Added Member To Class: ClassName=ESP Member=Component R? (R23) Res3
Added Member To Class: ClassName=ESP Member=Component R? (R22) Res3
Added Member To Class: ClassName=ESP Member=Component R? (R21) Res3
Added Member To Class: ClassName=ESP Member=Component R? (R20) Res3
Added Member To Class: ClassName=ESP Member=Component R? (R19) Res3
Added Member To Class: ClassName=ESP Member=Component R? (R18) Res3
Added Member To Class: ClassName=ESP Member=Component R? (R17) Res3
Added Member To Class: ClassName=ESP Member=Component R? (R50) Res3
Added Member To Class: ClassName=ESP Member=Component R? (R49) Res3
Added Member To Class: ClassName=ESP Member=Component R? (R48) Res3
Added Member To Class: ClassName=ESP Member=Component R? (R47) Res3
Added Member To Class: ClassName=ESP Member=Component R? (R46) Res3
Added Member To Class: ClassName=ESP Member=Component R? (R45) Res3
Added Member To Class: ClassName=ESP Member=Component R? (R44) Res3
Added Member To Class: ClassName=ESP Member=Component R? (R43) Res3
Added Member To Class: ClassName=ESP Member=Component R? (R42) Res3
Added Member To Class: ClassName=ESP Member=Component R? (R41) Res3
Added Member To Class: ClassName=ESP Member=Component R? (R40) Res3
Added Member To Class: ClassName=ESP Member=Component R? (R39) Res3
Added Member To Class: ClassName=ESP Member=Component R? (R38) Res3
Added Member To Class: ClassName=ESP Member=Component R? (R37) Res3
Added Member To Class: ClassName=ESP Member=Component R? (R36) Res3
Added Member To Class: ClassName=ESP Member=Component R? (R35) Res3
Added Member To Class: ClassName=ESP Member=Component R? (R34) Res3
Added Member To Class: ClassName=ESP Member=Component R? (R33) Res3
Added Member To Class: ClassName=ESP Member=Component R? (R32) Res3
Added Member To Class: ClassName=ESP UART Output Member=Component R? (R73) Res3
Added Member To Class: ClassName=ESP UART Output Member=Component R? (R72) Res3
Added Member To Class: ClassName=Main_Ind Member=Component R? (R80) Res3
Added Member To Class: ClassName=Main_Squib Member=Component R? (R14) Res3
Added Member To Class: ClassName=Main_Squib Member=Component R? (R13) Res3
Added Member To Class: ClassName=Main_Squib Member=Component R? (R12) Res3
Added Member To Class: ClassName=Main_Squib Member=Component R? (R11) Res3
Added Member To Class: ClassName=Main_Squib Member=Component R? (R10) Res3
Added Member To Class: ClassName=Main_Squib Member=Component R? (R9) Res3
Added Member To Class: ClassName=Main_Squib Member=Component R? (R8) Res3
Added Member To Class: ClassName=Main Member=Component R? (R96) Res3
Added Member To Class: ClassName=Main Member=Component R? (R95) Res3
Added Member To Class: ClassName=Main Member=Component R? (R94) Res3
Added Member To Class: ClassName=Main Member=Component R? (R93) Res3
Added Member To Class: ClassName=Main Member=Component R? (R92) Res3
Added Member To Class: ClassName=Main Member=Component R? (R91) Res3
Added Member To Class: ClassName=Main Member=Component R? (R90) Res3
Added Member To Class: ClassName=Main Member=Component R? (R89) Res3
Added Member To Class: ClassName=Main Member=Component R? (R88) Res3
Added Member To Class: ClassName=Main Member=Component R? (R87) Res3
Added Member To Class: ClassName=Motor_IND Member=Component R? (R80) Res3
Added Member To Class: ClassName=Motor_Squib Member=Component R? (R13) Res3
Added Member To Class: ClassName=Motor_Squib Member=Component R? (R12) Res3
Added Member To Class: ClassName=Motor_Squib Member=Component R? (R11) Res3
Added Member To Class: ClassName=Motor_Squib Member=Component R? (R10) Res3
Added Member To Class: ClassName=Motor_Squib Member=Component R? (R9) Res3
Added Member To Class: ClassName=Motor_Squib Member=Component R? (R8) Res3
Added Member To Class: ClassName=Motor_Squib Member=Component R? (R14) Res3
Added Member To Class: ClassName=PWR Member=Component R? (R67) Res3
Added Member To Class: ClassName=PWR Member=Component R? (R66) Res3
Added Member To Class: ClassName=PWR Member=Component R? (R65) Res3
Added Member To Class: ClassName=PWR Member=Component R? (R64) Res3
Added Member To Class: ClassName=PWR Member=Component R? (R63) Res3
Added Member To Class: ClassName=PWR Member=Component R? (R62) Res3
Added Member To Class: ClassName=PWR Member=Component R? (R61) Res3
Added Member To Class: ClassName=PWR Member=Component R? (R60) Res3
Added Member To Class: ClassName=PWR Member=Component R? (R59) Res3
Added Member To Class: ClassName=PWR Member=Component R? (R58) Res3
Added Member To Class: ClassName=Regulators Member=Component R? (R86) Res3
Added Member To Class: ClassName=Regulators Member=Component R? (R85) Res3
Added Member To Class: ClassName=Regulators Member=Component R? (R84) Res3
Added Member To Class: ClassName=Regulators Member=Component R? (R83) Res3
Added Member To Class: ClassName=Regulators Member=Component R? (R82) Res3
Added Member To Class: ClassName=Regulators Member=Component R? (R81) Res3
Added Member To Class: ClassName=Sep_Ind Member=Component R? (R80) Res3
Added Member To Class: ClassName=Sep_Squib Member=Component R? (R14) Res3
Added Member To Class: ClassName=Sep_Squib Member=Component R? (R13) Res3
Added Member To Class: ClassName=Sep_Squib Member=Component R? (R12) Res3
Added Member To Class: ClassName=Sep_Squib Member=Component R? (R11) Res3
Added Member To Class: ClassName=Sep_Squib Member=Component R? (R10) Res3
Added Member To Class: ClassName=Sep_Squib Member=Component R? (R9) Res3
Added Member To Class: ClassName=Sep_Squib Member=Component R? (R8) Res3
Added Member To Class: ClassName=SPI Output Member=Component R? (R71) Res3
Added Member To Class: ClassName=SPI Output Member=Component R? (R70) Res3
Added Member To Class: ClassName=SPI Output Member=Component R? (R69) Res3
Added Member To Class: ClassName=SPI Output Member=Component R? (R68) Res3
Added Member To Class: ClassName=Squib_Managment Member=Component R? (R79) Res3
Added Member To Class: ClassName=U_ESP power Member=Component R? (R78) Res3
Added Member To Class: ClassName=U_ESP power Member=Component R? (R77) Res3
Added Member To Class: ClassName=U_ESP power Member=Component R? (R76) Res3
Added Member To Class: ClassName=U_ESP power Member=Component R? (R75) Res3
Added Member To Class: ClassName=U_ESP power Member=Component R? (R74) Res3
Added Member To Class: ClassName=UART EXT Member=Component R? (R73) Res3
Added Member To Class: ClassName=UART EXT Member=Component R? (R72) Res3
Added Member To Class: ClassName=Voltage_Indicator1 Member=Component R? (R57) Res3
Added Member To Class: ClassName=Voltage_Indicator1 Member=Component R? (R56) Res3
Added Member To Class: ClassName=Voltage_Indicator2 Member=Component R? (R57) Res3
Added Member To Class: ClassName=Voltage_Indicator2 Member=Component R? (R56) Res3
Added Member To Class: ClassName=Voltage_Indicator3 Member=Component R? (R57) Res3
Added Member To Class: ClassName=Voltage_Indicator3 Member=Component R? (R56) Res3
Added Member To Class: ClassName=PWR Member=Component S? (S4) 434153017835
Added Member To Class: ClassName=UART Member=Component S? (S3) Slide Switch
Added Member To Class: ClassName=Buzzer Member=Component T? (T4) MMBT2222ALT1
Added Member To Class: ClassName=Buzzer Member=Component T? (T3) MMBT2222ALT1
Added Member To Class: ClassName=ESP Member=Component T? (T6) MMBT2222ALT1
Added Member To Class: ClassName=ESP Member=Component T? (T5) MMBT2222ALT1
Added Member To Class: ClassName=Main_Squib Member=Component T? (T2) MMBT2222ALT1
Added Member To Class: ClassName=Main_Squib Member=Component T? (T1) MMBT2222ALT1
Added Member To Class: ClassName=Motor_Squib Member=Component T? (T2) MMBT2222ALT1
Added Member To Class: ClassName=Motor_Squib Member=Component T? (T1) MMBT2222ALT1
Added Member To Class: ClassName=PWR Member=Component T? (T9) MMBT2222ALT1
Added Member To Class: ClassName=PWR Member=Component T? (T8) MMBT2222ALT1
Added Member To Class: ClassName=Sep_Squib Member=Component T? (T2) MMBT2222ALT1
Added Member To Class: ClassName=Sep_Squib Member=Component T? (T1) MMBT2222ALT1
Added Member To Class: ClassName=U_ESP power Member=Component T? (T11) MMBT2222ALT1
Added Member To Class: ClassName=U_ESP power Member=Component T? (T10) MMBT2222ALT1
Added Member To Class: ClassName=Voltage_Indicator1 Member=Component T? (T7) MMBT2222ALT1
Added Member To Class: ClassName=Voltage_Indicator2 Member=Component T? (T7) MMBT2222ALT1
Added Member To Class: ClassName=Voltage_Indicator3 Member=Component T? (T7) MMBT2222ALT1
Added Member To Class: ClassName=Accelerometer Member=Component U? (U1) LIS3DSHTR
Added Member To Class: ClassName=ADC 1 Member=Component U? (U2) Analog to Digital Converter
Added Member To Class: ClassName=ADC 2 Member=Component U? (U2) Analog to Digital Converter
Added Member To Class: ClassName=Barometer Member=Component U? (U3) BMP388
Added Member To Class: ClassName=ESP Member=Component U? (U7) ESP32-WROOM-32D
Added Member To Class: ClassName=ESP Member=Component U? (U6) 3.3V Regulator
Added Member To Class: ClassName=Gyroscope Member=Component U? (U4) L3GD20H
Added Member To Class: ClassName=Magnetometer Member=Component U? (U5) MLX90393
Added Member To Class: ClassName=PWR Member=Component U? (U8) ACS70331EESATR-005B3
Added Member To Class: ClassName=Regulators Member=Component U? (U12) LM2596SX-ADJ/NOPB
Added Member To Class: ClassName=Regulators Member=Component U? (U11) Linear Regulator
Added Member To Class: ClassName=Regulators Member=Component U? (U10) Linear Regulator
Added Member To Class: ClassName=Squib_Managment Member=Component U? (U9) ACS711KEXLT-15AB-T
Added Room: Name=Accelerometer
Added Room: Name=ACT_IND
Added Room: Name=ACT_IndESP
Added Room: Name=ADC 1
Added Room: Name=ADC 2
Added Room: Name=AIN01
Added Room: Name=AIN02
Added Room: Name=AIN11
Added Room: Name=AIN12
Added Room: Name=AIN21
Added Room: Name=AIN22
Added Room: Name=AIN31
Added Room: Name=AIN32
Added Room: Name=Barometer
Added Room: Name=Buzzer
Added Room: Name=ERR_IndESP
Added Room: Name=ERR_IndPi
Added Room: Name=ESP
Added Room: Name=ESP UART Output
Added Room: Name=Gyroscope
Added Room: Name=Magnetometer
Added Room: Name=Main
Added Room: Name=Main_IND
Added Room: Name=Main_Squib
Added Room: Name=Motor_IND
Added Room: Name=Motor_Squib
Added Room: Name=PWR
Added Room: Name=Regulators
Added Room: Name=Sep_IND
Added Room: Name=Sep_Squib
Added Room: Name=SPI Output
Added Room: Name=Squib_Managment
Added Room: Name=U_ESP power
Added Room: Name=U_Power IO
Added Room: Name=UART
Added Room: Name=UART EXT
Added Room: Name=Voltage_Indicator1
Added Room: Name=Voltage_Indicator2
Added Room: Name=Voltage_Indicator3
