Removed Member From Class: ClassName=ADC 2 Member=C5
Removed Member From Class: ClassName=ADC 1 Member=C9
Removed Member From Class: ClassName=ADC 1 Member=C10
Removed Member From Class: ClassName=AIN01 Member=C31
Removed Member From Class: ClassName=AIN11 Member=C31
Removed Member From Class: ClassName=AIN12 Member=C31
Removed Member From Class: ClassName=AIN21 Member=C31
Removed Member From Class: ClassName=AIN22 Member=C31
Removed Member From Class: ClassName=AIN31 Member=C31
Removed Member From Class: ClassName=AIN32 Member=C31
Removed Member From Class: ClassName=ACT_IndESP Member=D1
Removed Member From Class: ClassName=ERR_IndPi Member=D1
Removed Member From Class: ClassName=Voltage_Indicator1 Member=D3
Removed Member From Class: ClassName=Voltage_Indicator2 Member=D3
Removed Member From Class: ClassName=Motor_IND Member=D6
Removed Member From Class: ClassName=Sep_Ind Member=D6
Removed Member From Class: ClassName=Motor_Squib Member=J3
Removed Member From Class: ClassName=Sep_Squib Member=J3
Removed Member From Class: ClassName=UART EXT Member=J6
Removed Member From Class: ClassName=Main_Squib Member=Q1
Removed Member From Class: ClassName=Motor_Squib Member=Q1
Removed Member From Class: ClassName=Main_Squib Member=Q2
Removed Member From Class: ClassName=Motor_Squib Member=Q2
Removed Member From Class: ClassName=ACT_IndESP Member=R7
Removed Member From Class: ClassName=ERR_IndPi Member=R7
Removed Member From Class: ClassName=Main_Squib Member=R8
Removed Member From Class: ClassName=Motor_Squib Member=R8
Removed Member From Class: ClassName=Main_Squib Member=R9
Removed Member From Class: ClassName=Motor_Squib Member=R9
Removed Member From Class: ClassName=Main_Squib Member=R10
Removed Member From Class: ClassName=Motor_Squib Member=R10
Removed Member From Class: ClassName=Main_Squib Member=R11
Removed Member From Class: ClassName=Motor_Squib Member=R11
Removed Member From Class: ClassName=Main_Squib Member=R12
Removed Member From Class: ClassName=Motor_Squib Member=R12
Removed Member From Class: ClassName=Main_Squib Member=R13
Removed Member From Class: ClassName=Motor_Squib Member=R13
Removed Member From Class: ClassName=Main_Squib Member=R14
Removed Member From Class: ClassName=Motor_Squib Member=R14
Removed Member From Class: ClassName=AIN01 Member=R51
Removed Member From Class: ClassName=AIN11 Member=R51
Removed Member From Class: ClassName=AIN12 Member=R51
Removed Member From Class: ClassName=AIN21 Member=R51
Removed Member From Class: ClassName=AIN22 Member=R51
Removed Member From Class: ClassName=AIN32 Member=R51
Removed Member From Class: ClassName=AIN01 Member=R52
Removed Member From Class: ClassName=AIN11 Member=R52
Removed Member From Class: ClassName=AIN12 Member=R52
Removed Member From Class: ClassName=AIN21 Member=R52
Removed Member From Class: ClassName=AIN22 Member=R52
Removed Member From Class: ClassName=AIN32 Member=R52
Removed Member From Class: ClassName=AIN01 Member=R53
Removed Member From Class: ClassName=AIN11 Member=R53
Removed Member From Class: ClassName=AIN12 Member=R53
Removed Member From Class: ClassName=AIN21 Member=R53
Removed Member From Class: ClassName=AIN22 Member=R53
Removed Member From Class: ClassName=AIN31 Member=R53
Removed Member From Class: ClassName=AIN32 Member=R53
Removed Member From Class: ClassName=AIN01 Member=R54
Removed Member From Class: ClassName=AIN11 Member=R54
Removed Member From Class: ClassName=AIN12 Member=R54
Removed Member From Class: ClassName=AIN21 Member=R54
Removed Member From Class: ClassName=AIN22 Member=R54
Removed Member From Class: ClassName=AIN31 Member=R54
Removed Member From Class: ClassName=AIN32 Member=R54
Removed Member From Class: ClassName=AIN01 Member=R55
Removed Member From Class: ClassName=AIN11 Member=R55
Removed Member From Class: ClassName=AIN12 Member=R55
Removed Member From Class: ClassName=AIN21 Member=R55
Removed Member From Class: ClassName=AIN22 Member=R55
Removed Member From Class: ClassName=AIN31 Member=R55
Removed Member From Class: ClassName=AIN32 Member=R55
Removed Member From Class: ClassName=Voltage_Indicator1 Member=R56
Removed Member From Class: ClassName=Voltage_Indicator2 Member=R56
Removed Member From Class: ClassName=Voltage_Indicator1 Member=R57
Removed Member From Class: ClassName=Voltage_Indicator2 Member=R57
Removed Member From Class: ClassName=UART EXT Member=R72
Removed Member From Class: ClassName=UART EXT Member=R73
Removed Member From Class: ClassName=ACT_IND Member=R80
Removed Member From Class: ClassName=Motor_IND Member=R80
Removed Member From Class: ClassName=Sep_Ind Member=R80
Removed Member From Class: ClassName=Main_Squib Member=T1
Removed Member From Class: ClassName=Motor_Squib Member=T1
Removed Member From Class: ClassName=Main_Squib Member=T2
Removed Member From Class: ClassName=Motor_Squib Member=T2
Removed Member From Class: ClassName=Voltage_Indicator1 Member=T7
Removed Member From Class: ClassName=Voltage_Indicator2 Member=T7
Removed Member From Class: ClassName=ADC 1 Member=U2
Change Component Designator: OldDesignator=C1 NewDesignator=C9
Change Component Designator: OldDesignator=C2 NewDesignator=C10
Change Component Designator: OldDesignator=C3 NewDesignator=C1
Change Component Designator: OldDesignator=C3 NewDesignator=C11
Change Component Designator: OldDesignator=C4 NewDesignator=C2
Change Component Designator: OldDesignator=C4 NewDesignator=C12
Change Component Designator: OldDesignator=C5 NewDesignator=C3
Change Component Designator: OldDesignator=C5 NewDesignator=C13
Change Component Designator: OldDesignator=C6 NewDesignator=C4
Change Component Designator: OldDesignator=C6 NewDesignator=C14
Change Component Designator: OldDesignator=C7 NewDesignator=C5
Change Component Designator: OldDesignator=C7 NewDesignator=C15
Change Component Designator: OldDesignator=C8 NewDesignator=C6
Change Component Designator: OldDesignator=C8 NewDesignator=C16
Change Component Designator: OldDesignator=C9 NewDesignator=C7
Change Component Designator: OldDesignator=C9 NewDesignator=C17
Change Component Designator: OldDesignator=C10 NewDesignator=C8
Change Component Designator: OldDesignator=C10 NewDesignator=C18
Change Component Designator: OldDesignator=C11 NewDesignator=C27
Change Component Designator: OldDesignator=C12 NewDesignator=C28
Change Component Designator: OldDesignator=C13 NewDesignator=C41
Change Component Designator: OldDesignator=C14 NewDesignator=C42
Change Component Designator: OldDesignator=C15 NewDesignator=C43
Change Component Designator: OldDesignator=C16 NewDesignator=C44
Change Component Designator: OldDesignator=C17 NewDesignator=C45
Change Component Designator: OldDesignator=C18 NewDesignator=C46
Change Component Designator: OldDesignator=C19 NewDesignator=C29
Change Component Designator: OldDesignator=C20 NewDesignator=C30
Change Component Designator: OldDesignator=C21 NewDesignator=C31
Change Component Designator: OldDesignator=C22 NewDesignator=C32
Change Component Designator: OldDesignator=C23 NewDesignator=C33
Change Component Designator: OldDesignator=C24 NewDesignator=C34
Change Component Designator: OldDesignator=C25 NewDesignator=C35
Change Component Designator: OldDesignator=C26 NewDesignator=C36
Change Component Designator: OldDesignator=C27 NewDesignator=C37
Change Component Designator: OldDesignator=C28 NewDesignator=C38
Change Component Designator: OldDesignator=C29 NewDesignator=C39
Change Component Designator: OldDesignator=C30 NewDesignator=C40
Change Component Designator: OldDesignator=C31 NewDesignator=C19
Change Component Designator: OldDesignator=C31 NewDesignator=C20
Change Component Designator: OldDesignator=C31 NewDesignator=C21
Change Component Designator: OldDesignator=C31 NewDesignator=C22
Change Component Designator: OldDesignator=C31 NewDesignator=C23
Change Component Designator: OldDesignator=C31 NewDesignator=C24
Change Component Designator: OldDesignator=C31 NewDesignator=C25
Change Component Designator: OldDesignator=C31 NewDesignator=C26
Change Component Designator: OldDesignator=C32 NewDesignator=C47
Change Component Designator: OldDesignator=C33 NewDesignator=C48
Change Component Designator: OldDesignator=C34 NewDesignator=C49
Change Component Designator: OldDesignator=C35 NewDesignator=C50
Change Component Designator: OldDesignator=C36 NewDesignator=C51
Change Component Designator: OldDesignator=C37 NewDesignator=C52
Change Component Designator: OldDesignator=C38 NewDesignator=C53
Change Component Designator: OldDesignator=C39 NewDesignator=C65
Change Component Designator: OldDesignator=C40 NewDesignator=C66
Change Component Designator: OldDesignator=C41 NewDesignator=C54
Change Component Designator: OldDesignator=C42 NewDesignator=C55
Change Component Designator: OldDesignator=C43 NewDesignator=C56
Change Component Designator: OldDesignator=C44 NewDesignator=C57
Change Component Designator: OldDesignator=C45 NewDesignator=C58
Change Component Designator: OldDesignator=C46 NewDesignator=C59
Change Component Designator: OldDesignator=C47 NewDesignator=C60
Change Component Designator: OldDesignator=C48 NewDesignator=C61
Change Component Designator: OldDesignator=C49 NewDesignator=C62
Change Component Designator: OldDesignator=C50 NewDesignator=C63
Change Component Designator: OldDesignator=C51 NewDesignator=C64
Change Component Designator: OldDesignator=D1 NewDesignator=D3
Change Component Designator: OldDesignator=D1 NewDesignator=D4
Change Component Designator: OldDesignator=D1 NewDesignator=D5
Change Component Designator: OldDesignator=D2 NewDesignator=D1
Change Component Designator: OldDesignator=D3 NewDesignator=D12
Change Component Designator: OldDesignator=D3 NewDesignator=D13
Change Component Designator: OldDesignator=D3 NewDesignator=D14
Change Component Designator: OldDesignator=D4 NewDesignator=D10
Change Component Designator: OldDesignator=D5 NewDesignator=D2
Change Component Designator: OldDesignator=D6 NewDesignator=D7
Change Component Designator: OldDesignator=D6 NewDesignator=D8
Change Component Designator: OldDesignator=D6 NewDesignator=D9
Change Component Designator: OldDesignator=D7 NewDesignator=D11
Change Component Designator: OldDesignator=J1 NewDesignator=J3
Change Component Designator: OldDesignator=J2 NewDesignator=J4
Change Component Designator: OldDesignator=J3 NewDesignator=J14
Change Component Designator: OldDesignator=J3 NewDesignator=J15
Change Component Designator: OldDesignator=J3 NewDesignator=J16
Change Component Designator: OldDesignator=J4 NewDesignator=J17
Change Component Designator: OldDesignator=J5 NewDesignator=J18
Change Component Designator: OldDesignator=J6 NewDesignator=J19
Change Component Designator: OldDesignator=J6 NewDesignator=J20
Change Component Designator: OldDesignator=J7 NewDesignator=J6
Change Component Designator: OldDesignator=J8 NewDesignator=J7
Change Component Designator: OldDesignator=J9 NewDesignator=J8
Change Component Designator: OldDesignator=J10 NewDesignator=J9
Change Component Designator: OldDesignator=J11 NewDesignator=J10
Change Component Designator: OldDesignator=J12 NewDesignator=J11
Change Component Designator: OldDesignator=J13 NewDesignator=J12
Change Component Designator: OldDesignator=J14 NewDesignator=J13
Change Component Designator: OldDesignator=J15 NewDesignator=J5
Change Component Designator: OldDesignator=Q1 NewDesignator=Q4
Change Component Designator: OldDesignator=Q1 NewDesignator=Q6
Change Component Designator: OldDesignator=Q1 NewDesignator=Q8
Change Component Designator: OldDesignator=Q2 NewDesignator=Q5
Change Component Designator: OldDesignator=Q2 NewDesignator=Q7
Change Component Designator: OldDesignator=Q2 NewDesignator=Q9
Change Component Designator: OldDesignator=Q3 NewDesignator=Q2
Change Component Designator: OldDesignator=Q4 NewDesignator=Q3
Change Component Designator: OldDesignator=Q5 NewDesignator=Q1
Change Component Designator: OldDesignator=R1 NewDesignator=R7
Change Component Designator: OldDesignator=R2 NewDesignator=R8
Change Component Designator: OldDesignator=R3 NewDesignator=R9
Change Component Designator: OldDesignator=R4 NewDesignator=R10
Change Component Designator: OldDesignator=R5 NewDesignator=R11
Change Component Designator: OldDesignator=R6 NewDesignator=R12
Change Component Designator: OldDesignator=R7 NewDesignator=R104
Change Component Designator: OldDesignator=R7 NewDesignator=R105
Change Component Designator: OldDesignator=R7 NewDesignator=R106
Change Component Designator: OldDesignator=R8 NewDesignator=R128
Change Component Designator: OldDesignator=R8 NewDesignator=R135
Change Component Designator: OldDesignator=R8 NewDesignator=R142
Change Component Designator: OldDesignator=R9 NewDesignator=R129
Change Component Designator: OldDesignator=R9 NewDesignator=R136
Change Component Designator: OldDesignator=R9 NewDesignator=R143
Change Component Designator: OldDesignator=R10 NewDesignator=R130
Change Component Designator: OldDesignator=R10 NewDesignator=R137
Change Component Designator: OldDesignator=R10 NewDesignator=R144
Change Component Designator: OldDesignator=R11 NewDesignator=R131
Change Component Designator: OldDesignator=R11 NewDesignator=R138
Change Component Designator: OldDesignator=R11 NewDesignator=R145
Change Component Designator: OldDesignator=R12 NewDesignator=R132
Change Component Designator: OldDesignator=R12 NewDesignator=R139
Change Component Designator: OldDesignator=R12 NewDesignator=R146
Change Component Designator: OldDesignator=R13 NewDesignator=R133
Change Component Designator: OldDesignator=R13 NewDesignator=R140
Change Component Designator: OldDesignator=R13 NewDesignator=R147
Change Component Designator: OldDesignator=R14 NewDesignator=R134
Change Component Designator: OldDesignator=R14 NewDesignator=R141
Change Component Designator: OldDesignator=R14 NewDesignator=R148
Change Component Designator: OldDesignator=R15 NewDesignator=R53
Change Component Designator: OldDesignator=R16 NewDesignator=R54
Change Component Designator: OldDesignator=R17 NewDesignator=R55
Change Component Designator: OldDesignator=R18 NewDesignator=R56
Change Component Designator: OldDesignator=R19 NewDesignator=R57
Change Component Designator: OldDesignator=R20 NewDesignator=R58
Change Component Designator: OldDesignator=R21 NewDesignator=R59
Change Component Designator: OldDesignator=R22 NewDesignator=R60
Change Component Designator: OldDesignator=R23 NewDesignator=R61
Change Component Designator: OldDesignator=R24 NewDesignator=R62
Change Component Designator: OldDesignator=R25 NewDesignator=R63
Change Component Designator: OldDesignator=R26 NewDesignator=R64
Change Component Designator: OldDesignator=R27 NewDesignator=R65
Change Component Designator: OldDesignator=R28 NewDesignator=R66
Change Component Designator: OldDesignator=R29 NewDesignator=R67
Change Component Designator: OldDesignator=R30 NewDesignator=R68
Change Component Designator: OldDesignator=R31 NewDesignator=R69
Change Component Designator: OldDesignator=R32 NewDesignator=R70
Change Component Designator: OldDesignator=R33 NewDesignator=R71
Change Component Designator: OldDesignator=R34 NewDesignator=R72
Change Component Designator: OldDesignator=R35 NewDesignator=R73
Change Component Designator: OldDesignator=R36 NewDesignator=R74
Change Component Designator: OldDesignator=R37 NewDesignator=R75
Change Component Designator: OldDesignator=R38 NewDesignator=R76
Change Component Designator: OldDesignator=R39 NewDesignator=R77
Change Component Designator: OldDesignator=R40 NewDesignator=R78
Change Component Designator: OldDesignator=R41 NewDesignator=R79
Change Component Designator: OldDesignator=R42 NewDesignator=R80
Change Component Designator: OldDesignator=R43 NewDesignator=R81
Change Component Designator: OldDesignator=R44 NewDesignator=R82
Change Component Designator: OldDesignator=R45 NewDesignator=R83
Change Component Designator: OldDesignator=R46 NewDesignator=R84
Change Component Designator: OldDesignator=R47 NewDesignator=R85
Change Component Designator: OldDesignator=R48 NewDesignator=R86
Change Component Designator: OldDesignator=R49 NewDesignator=R87
Change Component Designator: OldDesignator=R50 NewDesignator=R88
Change Component Designator: OldDesignator=R51 NewDesignator=R13
Change Component Designator: OldDesignator=R51 NewDesignator=R18
Change Component Designator: OldDesignator=R51 NewDesignator=R23
Change Component Designator: OldDesignator=R51 NewDesignator=R28
Change Component Designator: OldDesignator=R51 NewDesignator=R33
Change Component Designator: OldDesignator=R51 NewDesignator=R38
Change Component Designator: OldDesignator=R51 NewDesignator=R43
Change Component Designator: OldDesignator=R51 NewDesignator=R48
Change Component Designator: OldDesignator=R52 NewDesignator=R14
Change Component Designator: OldDesignator=R52 NewDesignator=R19
Change Component Designator: OldDesignator=R52 NewDesignator=R24
Change Component Designator: OldDesignator=R52 NewDesignator=R29
Change Component Designator: OldDesignator=R52 NewDesignator=R34
Change Component Designator: OldDesignator=R52 NewDesignator=R39
Change Component Designator: OldDesignator=R52 NewDesignator=R44
Change Component Designator: OldDesignator=R52 NewDesignator=R49
Change Component Designator: OldDesignator=R53 NewDesignator=R15
Change Component Designator: OldDesignator=R53 NewDesignator=R20
Change Component Designator: OldDesignator=R53 NewDesignator=R25
Change Component Designator: OldDesignator=R53 NewDesignator=R30
Change Component Designator: OldDesignator=R53 NewDesignator=R35
Change Component Designator: OldDesignator=R53 NewDesignator=R40
Change Component Designator: OldDesignator=R53 NewDesignator=R45
Change Component Designator: OldDesignator=R53 NewDesignator=R50
Change Component Designator: OldDesignator=R54 NewDesignator=R16
Change Component Designator: OldDesignator=R54 NewDesignator=R21
Change Component Designator: OldDesignator=R54 NewDesignator=R26
Change Component Designator: OldDesignator=R54 NewDesignator=R31
Change Component Designator: OldDesignator=R54 NewDesignator=R36
Change Component Designator: OldDesignator=R54 NewDesignator=R41
Change Component Designator: OldDesignator=R54 NewDesignator=R46
Change Component Designator: OldDesignator=R54 NewDesignator=R51
Change Component Designator: OldDesignator=R55 NewDesignator=R17
Change Component Designator: OldDesignator=R55 NewDesignator=R22
Change Component Designator: OldDesignator=R55 NewDesignator=R27
Change Component Designator: OldDesignator=R55 NewDesignator=R32
Change Component Designator: OldDesignator=R55 NewDesignator=R37
Change Component Designator: OldDesignator=R55 NewDesignator=R42
Change Component Designator: OldDesignator=R55 NewDesignator=R47
Change Component Designator: OldDesignator=R55 NewDesignator=R52
Change Component Designator: OldDesignator=R56 NewDesignator=R149
Change Component Designator: OldDesignator=R56 NewDesignator=R151
Change Component Designator: OldDesignator=R56 NewDesignator=R153
Change Component Designator: OldDesignator=R57 NewDesignator=R150
Change Component Designator: OldDesignator=R57 NewDesignator=R152
Change Component Designator: OldDesignator=R57 NewDesignator=R154
Change Component Designator: OldDesignator=R58 NewDesignator=R111
Change Component Designator: OldDesignator=R59 NewDesignator=R112
Change Component Designator: OldDesignator=R60 NewDesignator=R113
Change Component Designator: OldDesignator=R61 NewDesignator=R114
Change Component Designator: OldDesignator=R63 NewDesignator=R116
Change Component Designator: OldDesignator=R64 NewDesignator=R117
Change Component Designator: OldDesignator=R65 NewDesignator=R118
Change Component Designator: OldDesignator=R66 NewDesignator=R119
Change Component Designator: OldDesignator=R67 NewDesignator=R120
Change Component Designator: OldDesignator=R68 NewDesignator=R155
Change Component Designator: OldDesignator=R69 NewDesignator=R156
Change Component Designator: OldDesignator=R70 NewDesignator=R157
Change Component Designator: OldDesignator=R71 NewDesignator=R158
Change Component Designator: OldDesignator=R72 NewDesignator=R159
Change Component Designator: OldDesignator=R72 NewDesignator=R161
Change Component Designator: OldDesignator=R73 NewDesignator=R160
Change Component Designator: OldDesignator=R73 NewDesignator=R162
Change Component Designator: OldDesignator=R74 NewDesignator=R89
Change Component Designator: OldDesignator=R75 NewDesignator=R90
Change Component Designator: OldDesignator=R76 NewDesignator=R91
Change Component Designator: OldDesignator=R77 NewDesignator=R92
Change Component Designator: OldDesignator=R78 NewDesignator=R93
Change Component Designator: OldDesignator=R79 NewDesignator=R127
Change Component Designator: OldDesignator=R80 NewDesignator=R107
Change Component Designator: OldDesignator=R80 NewDesignator=R108
Change Component Designator: OldDesignator=R80 NewDesignator=R109
Change Component Designator: OldDesignator=R80 NewDesignator=R110
Change Component Designator: OldDesignator=R81 NewDesignator=R121
Change Component Designator: OldDesignator=R82 NewDesignator=R122
Change Component Designator: OldDesignator=R83 NewDesignator=R123
Change Component Designator: OldDesignator=R84 NewDesignator=R124
Change Component Designator: OldDesignator=R85 NewDesignator=R125
Change Component Designator: OldDesignator=R86 NewDesignator=R126
Change Component Designator: OldDesignator=R87 NewDesignator=R94
Change Component Designator: OldDesignator=R88 NewDesignator=R95
Change Component Designator: OldDesignator=R89 NewDesignator=R96
Change Component Designator: OldDesignator=R90 NewDesignator=R97
Change Component Designator: OldDesignator=R91 NewDesignator=R98
Change Component Designator: OldDesignator=R92 NewDesignator=R99
Change Component Designator: OldDesignator=R93 NewDesignator=R100
Change Component Designator: OldDesignator=R94 NewDesignator=R101
Change Component Designator: OldDesignator=R95 NewDesignator=R102
Change Component Designator: OldDesignator=R96 NewDesignator=R103
Change Component Designator: OldDesignator=T1 NewDesignator=T9
Change Component Designator: OldDesignator=T1 NewDesignator=T11
Change Component Designator: OldDesignator=T1 NewDesignator=T13
Change Component Designator: OldDesignator=T2 NewDesignator=T10
Change Component Designator: OldDesignator=T2 NewDesignator=T12
Change Component Designator: OldDesignator=T2 NewDesignator=T14
Change Component Designator: OldDesignator=T3 NewDesignator=T1
Change Component Designator: OldDesignator=T4 NewDesignator=T2
Change Component Designator: OldDesignator=T5 NewDesignator=T3
Change Component Designator: OldDesignator=T6 NewDesignator=T4
Change Component Designator: OldDesignator=T7 NewDesignator=T15
Change Component Designator: OldDesignator=T7 NewDesignator=T16
Change Component Designator: OldDesignator=T7 NewDesignator=T17
Change Component Designator: OldDesignator=T8 NewDesignator=T7
Change Component Designator: OldDesignator=T9 NewDesignator=T8
Change Component Designator: OldDesignator=T10 NewDesignator=T5
Change Component Designator: OldDesignator=T11 NewDesignator=T6
Change Component Designator: OldDesignator=U1 NewDesignator=U2
Change Component Designator: OldDesignator=U2 NewDesignator=U1
Change Component Designator: OldDesignator=U2 NewDesignator=U3
Change Component Designator: OldDesignator=U3 NewDesignator=U4
Change Component Designator: OldDesignator=U4 NewDesignator=U7
Change Component Designator: OldDesignator=U5 NewDesignator=U8
Change Component Designator: OldDesignator=U6 NewDesignator=U5
Change Component Designator: OldDesignator=U7 NewDesignator=U6
Change Component Designator: OldDesignator=U8 NewDesignator=U9
Change Component Designator: OldDesignator=U9 NewDesignator=U13
Change Net Name : Old Net Name=NetC3_1 New Net Name=NetC1_1
Change Net Name : Old Net Name=NetC3_1 New Net Name=NetC11_1
Change Net Name : Old Net Name=NetC3_2 New Net Name=NetC1_2
Change Net Name : Old Net Name=NetC3_2 New Net Name=NetC11_2
Change Net Name : Old Net Name=NetC4_2 New Net Name=NetC2_2
Change Net Name : Old Net Name=NetC4_2 New Net Name=NetC12_2
Change Net Name : Old Net Name=NetC5_1 New Net Name=NetC3_1
Change Net Name : Old Net Name=NetC5_1 New Net Name=NetC13_1
Change Net Name : Old Net Name=NetC6_1 New Net Name=NetC4_1
Change Net Name : Old Net Name=NetC6_1 New Net Name=NetC14_1
Change Net Name : Old Net Name=NetC6_2 New Net Name=NetC4_2
Change Net Name : Old Net Name=NetC6_2 New Net Name=NetC14_2
Change Net Name : Old Net Name=NetC13_1 New Net Name=NetC41_1
Change Net Name : Old Net Name=NetC19_2 New Net Name=NetC29_2
Change Net Name : Old Net Name=NetC20_2 New Net Name=NetC30_2
Change Net Name : Old Net Name=NetC21_2 New Net Name=NetC31_2
Change Net Name : Old Net Name=NetC23_2 New Net Name=NetC33_2
Change Net Name : Old Net Name=NetC24_2 New Net Name=NetC34_2
Change Net Name : Old Net Name=NetC25_2 New Net Name=NetC35_2
Change Net Name : Old Net Name=NetC26_2 New Net Name=NetC36_2
Change Net Name : Old Net Name=NetC27_2 New Net Name=NetC37_2
Change Net Name : Old Net Name=NetC28_2 New Net Name=NetC38_2
Change Net Name : Old Net Name=NetC29_2 New Net Name=NetC39_2
Change Net Name : Old Net Name=NetC30_2 New Net Name=NetC40_2
Change Net Name : Old Net Name=NetC33_1 New Net Name=NetC48_1
Change Net Name : Old Net Name=NetC34_1 New Net Name=NetC49_1
Change Net Name : Old Net Name=NetC38_2 New Net Name=NetC53_2
Change Net Name : Old Net Name=NetC39_2 New Net Name=NetC65_2
Change Net Name : Old Net Name=NetC48_1 New Net Name=NetC61_1
Change Net Name : Old Net Name=NetD1_1 New Net Name=NetD3_1
Change Net Name : Old Net Name=NetD1_1 New Net Name=NetD4_1
Change Net Name : Old Net Name=NetD1_1 New Net Name=NetD5_1
Change Net Name : Old Net Name=NetD1_2 New Net Name=NetD3_2
Change Net Name : Old Net Name=NetD1_2 New Net Name=NetD4_2
Change Net Name : Old Net Name=NetD1_2 New Net Name=NetD5_2
Change Net Name : Old Net Name=NetD2_2 New Net Name=NetD1_2
Change Net Name : Old Net Name=NetD3_1 New Net Name=NetD12_1
Change Net Name : Old Net Name=NetD3_1 New Net Name=NetD13_1
Change Net Name : Old Net Name=NetD3_1 New Net Name=NetD14_1
Change Net Name : Old Net Name=NetD3_2 New Net Name=NetD12_2
Change Net Name : Old Net Name=NetD3_2 New Net Name=NetD13_2
Change Net Name : Old Net Name=NetD3_2 New Net Name=NetD14_2
Change Net Name : Old Net Name=NetD4_2 New Net Name=NetD10_2
Change Net Name : Old Net Name=NetD6_1 New Net Name=NetD7_1
Change Net Name : Old Net Name=NetD6_1 New Net Name=NetD8_1
Change Net Name : Old Net Name=NetD6_1 New Net Name=NetD9_1
Change Net Name : Old Net Name=NetD6_2 New Net Name=NetD7_2
Change Net Name : Old Net Name=NetD6_2 New Net Name=NetD8_2
Change Net Name : Old Net Name=NetD6_2 New Net Name=NetD9_2
Change Net Name : Old Net Name=NetD7_2 New Net Name=NetD11_2
Change Net Name : Old Net Name=NetJ1_1 New Net Name=NetJ3_1
Change Net Name : Old Net Name=NetJ1_2 New Net Name=NetJ3_2
Change Net Name : Old Net Name=NetJ2_1 New Net Name=NetJ4_1
Change Net Name : Old Net Name=NetJ2_2 New Net Name=NetJ4_2
Change Net Name : Old Net Name=NetJ3_1 New Net Name=NetJ14_1
Change Net Name : Old Net Name=NetJ3_1 New Net Name=NetJ15_1
Change Net Name : Old Net Name=NetJ3_1 New Net Name=NetJ16_1
Change Net Name : Old Net Name=NetJ4_1 New Net Name=NetJ17_1
Change Net Name : Old Net Name=NetJ4_2 New Net Name=NetJ17_2
Change Net Name : Old Net Name=NetJ5_1 New Net Name=NetJ18_1
Change Net Name : Old Net Name=NetJ5_2 New Net Name=NetJ18_2
Change Net Name : Old Net Name=NetJ6_1 New Net Name=NetJ19_1
Change Net Name : Old Net Name=NetJ6_1 New Net Name=NetJ20_1
Change Net Name : Old Net Name=NetJ6_2 New Net Name=NetJ19_2
Change Net Name : Old Net Name=NetJ6_2 New Net Name=NetJ20_2
Change Net Name : Old Net Name=NetJ8_1 New Net Name=NetJ7_1
Change Net Name : Old Net Name=NetJ15_3 New Net Name=NetJ5_3
Change Net Name : Old Net Name=NetJ15_5 New Net Name=NetJ5_5
Change Net Name : Old Net Name=NetJ15_7 New Net Name=NetJ5_7
Change Net Name : Old Net Name=NetJ15_8 New Net Name=NetJ5_8
Change Net Name : Old Net Name=NetJ15_10 New Net Name=NetJ5_10
Change Net Name : Old Net Name=NetJ15_11 New Net Name=NetJ5_11
Change Net Name : Old Net Name=NetJ15_12 New Net Name=NetJ5_12
Change Net Name : Old Net Name=NetJ15_13 New Net Name=NetJ5_13
Change Net Name : Old Net Name=NetJ15_15 New Net Name=NetJ5_15
Change Net Name : Old Net Name=NetJ15_16 New Net Name=NetJ5_16
Change Net Name : Old Net Name=NetJ15_18 New Net Name=NetJ5_18
Change Net Name : Old Net Name=NetJ15_19 New Net Name=NetJ5_19
Change Net Name : Old Net Name=NetJ15_22 New Net Name=NetJ5_22
Change Net Name : Old Net Name=NetJ15_23 New Net Name=NetJ5_23
Change Net Name : Old Net Name=NetJ15_24 New Net Name=NetJ5_24
Change Net Name : Old Net Name=NetJ15_29 New Net Name=NetJ5_29
Change Net Name : Old Net Name=NetJ15_31 New Net Name=NetJ5_31
Change Net Name : Old Net Name=NetJ15_32 New Net Name=NetJ5_32
Change Net Name : Old Net Name=NetJ15_35 New Net Name=NetJ5_35
Change Net Name : Old Net Name=NetJ15_36 New Net Name=NetJ5_36
Change Net Name : Old Net Name=NetJ15_37 New Net Name=NetJ5_37
Change Net Name : Old Net Name=NetQ2_1 New Net Name=NetQ5_1
Change Net Name : Old Net Name=NetQ2_3 New Net Name=NetQ5_3
Change Net Name : Old Net Name=NetQ2_3 New Net Name=NetQ7_3
Change Net Name : Old Net Name=NetQ2_3 New Net Name=NetQ9_3
Change Net Name : Old Net Name=NetQ5_1 New Net Name=NetQ1_1
Change Net Name : Old Net Name=NetR1_2 New Net Name=NetR7_2
Change Net Name : Old Net Name=NetR2_1 New Net Name=NetR8_1
Change Net Name : Old Net Name=NetR2_2 New Net Name=NetR8_2
Change Net Name : Old Net Name=NetR3_2 New Net Name=NetR9_2
Change Net Name : Old Net Name=NetR4_2 New Net Name=NetR10_2
Change Net Name : Old Net Name=NetR8_1 New Net Name=NetR135_1
Change Net Name : Old Net Name=NetR11_2 New Net Name=NetR131_2
Change Net Name : Old Net Name=NetR11_2 New Net Name=NetR138_2
Change Net Name : Old Net Name=NetR11_2 New Net Name=NetR145_2
Change Net Name : Old Net Name=NetR12_1 New Net Name=NetR132_1
Change Net Name : Old Net Name=NetR14_2 New Net Name=NetR134_2
Change Net Name : Old Net Name=NetR14_2 New Net Name=NetR141_2
Change Net Name : Old Net Name=NetR14_2 New Net Name=NetR148_2
Change Net Name : Old Net Name=NetR15_2 New Net Name=NetR53_2
Change Net Name : Old Net Name=NetR16_1 New Net Name=NetR54_1
Change Net Name : Old Net Name=NetR16_2 New Net Name=NetR54_2
Change Net Name : Old Net Name=NetR18_1 New Net Name=NetR56_1
Change Net Name : Old Net Name=NetR21_2 New Net Name=NetR59_2
Change Net Name : Old Net Name=NetR22_1 New Net Name=NetR60_1
Change Net Name : Old Net Name=NetR22_2 New Net Name=NetR60_2
Change Net Name : Old Net Name=NetR24_2 New Net Name=NetR62_2
Change Net Name : Old Net Name=NetR25_2 New Net Name=NetR63_2
Change Net Name : Old Net Name=NetR27_2 New Net Name=NetR65_2
Change Net Name : Old Net Name=NetR28_1 New Net Name=NetR66_1
Change Net Name : Old Net Name=NetR28_2 New Net Name=NetR66_2
Change Net Name : Old Net Name=NetR31_1 New Net Name=NetR69_1
Change Net Name : Old Net Name=NetR31_2 New Net Name=NetR69_2
Change Net Name : Old Net Name=NetR33_1 New Net Name=NetR71_1
Change Net Name : Old Net Name=NetR33_2 New Net Name=NetR71_2
Change Net Name : Old Net Name=NetR34_2 New Net Name=NetR72_2
Change Net Name : Old Net Name=NetR37_1 New Net Name=NetR75_1
Change Net Name : Old Net Name=NetR37_2 New Net Name=NetR75_2
Change Net Name : Old Net Name=NetR40_1 New Net Name=NetR78_1
Change Net Name : Old Net Name=NetR41_1 New Net Name=NetR79_1
Change Net Name : Old Net Name=NetR41_2 New Net Name=NetR79_2
Change Net Name : Old Net Name=NetR49_1 New Net Name=NetR87_1
Change Net Name : Old Net Name=NetR57_2 New Net Name=NetR150_2
Change Net Name : Old Net Name=NetR57_2 New Net Name=NetR152_2
Change Net Name : Old Net Name=NetR57_2 New Net Name=NetR154_2
Change Net Name : Old Net Name=NetR60_1 New Net Name=NetR113_1
Change Net Name : Old Net Name=NetR64_1 New Net Name=NetR117_1
Change Net Name : Old Net Name=NetR64_2 New Net Name=NetR117_2
Change Net Name : Old Net Name=NetR66_1 New Net Name=NetR119_1
Change Net Name : Old Net Name=NetR67_1 New Net Name=NetR120_1
Change Net Name : Old Net Name=NetR67_2 New Net Name=NetR120_2
Change Net Name : Old Net Name=NetR72_1 New Net Name=NetR159_1
Change Net Name : Old Net Name=NetR72_1 New Net Name=NetR161_1
Change Net Name : Old Net Name=NetR73_1 New Net Name=NetR160_1
Change Net Name : Old Net Name=NetR73_1 New Net Name=NetR162_1
Change Net Name : Old Net Name=NetR74_1 New Net Name=NetR89_1
Change Net Name : Old Net Name=NetR76_1 New Net Name=NetR91_1
Change Net Name : Old Net Name=NetR77_2 New Net Name=NetR92_2
Change Net Name : Old Net Name=NetR78_2 New Net Name=NetR93_2
Change Net Name : Old Net Name=NetR79_1 New Net Name=NetR127_1
Change Net Name : Old Net Name=NetR81_1 New Net Name=NetR121_1
Change Net Name : Old Net Name=NetR83_1 New Net Name=NetR123_1
Change Net Name : Old Net Name=NetR87_1 New Net Name=NetR94_1
Added Pin To Net: NetName=NetQ2_1 Pin=Q2-1
Added Net: Name=NetQ2_1
Added Pin To Net: NetName=NetQ7_1 Pin=Q7-1
Added Pin To Net: NetName=NetQ7_1 Pin=R139-2
Added Net: Name=NetQ7_1
Added Pin To Net: NetName=NetQ9_1 Pin=Q9-1
Added Pin To Net: NetName=NetQ9_1 Pin=R146-2
Added Net: Name=NetQ9_1
Added Pin To Net: NetName=NetR128_1 Pin=R128-1
Added Pin To Net: NetName=NetR128_1 Pin=R130-2
Added Pin To Net: NetName=NetR128_1 Pin=T9-3
Added Net: Name=NetR128_1
Added Pin To Net: NetName=NetR139_1 Pin=R139-1
Added Pin To Net: NetName=NetR139_1 Pin=R140-2
Added Pin To Net: NetName=NetR139_1 Pin=T12-3
Added Net: Name=NetR139_1
Added Pin To Net: NetName=NetR142_1 Pin=R142-1
Added Pin To Net: NetName=NetR142_1 Pin=R144-2
Added Pin To Net: NetName=NetR142_1 Pin=T13-3
Added Net: Name=NetR142_1
Added Pin To Net: NetName=NetR146_1 Pin=R146-1
Added Pin To Net: NetName=NetR146_1 Pin=R147-2
Added Pin To Net: NetName=NetR146_1 Pin=T14-3
Added Net: Name=NetR146_1
Added Member To Class: ClassName=ADC 1 Member=Component C1 (C3) Cap
Added Member To Class: ClassName=ADC 1 Member=Component C2 (C4) Cap
Added Member To Class: ClassName=ADC 2 Member=Component C13 (C5) Cap
Added Member To Class: ClassName=AIN01 Member=Component C20 (C31) Cap
Added Member To Class: ClassName=AIN12 Member=Component C21 (C31) Cap
Added Member To Class: ClassName=AIN11 Member=Component C22 (C31) Cap
Added Member To Class: ClassName=AIN22 Member=Component C23 (C31) Cap
Added Member To Class: ClassName=AIN21 Member=Component C24 (C31) Cap
Added Member To Class: ClassName=AIN32 Member=Component C25 (C31) Cap
Added Member To Class: ClassName=AIN31 Member=Component C26 (C31) Cap
Added Member To Class: ClassName=ACT_IndESP Member=Component D3 (D1) LED_R
Added Member To Class: ClassName=ERR_IndPi Member=Component D4 (D1) LED_R
Added Member To Class: ClassName=Motor_IND Member=Component D8 (D6) LED_R
Added Member To Class: ClassName=Sep_Ind Member=Component D9 (D6) LED_R
Added Member To Class: ClassName=Voltage_Indicator1 Member=Component D12 (D3) LED_B
Added Member To Class: ClassName=Voltage_Indicator2 Member=Component D13 (D3) LED_B
Added Member To Class: ClassName=Motor_Squib Member=Component J15 (J3) Screw Terminal
Added Member To Class: ClassName=Sep_Squib Member=Component J16 (J3) Screw Terminal
Added Member To Class: ClassName=UART EXT Member=Component J20 (J6) Screw Terminal
Added Member To Class: ClassName=Main_Squib Member=Component Q4 (Q1) P-Channel
Added Member To Class: ClassName=Main_Squib Member=Component Q5 (Q2) P-Channel
Added Member To Class: ClassName=Motor_Squib Member=Component Q6 (Q1) P-Channel
Added Member To Class: ClassName=Motor_Squib Member=Component Q7 (Q2) P-Channel
Added Member To Class: ClassName=AIN01 Member=Component R18 (R51) Res3
Added Member To Class: ClassName=AIN01 Member=Component R19 (R52) Res3
Added Member To Class: ClassName=AIN01 Member=Component R20 (R53) Res3
Added Member To Class: ClassName=AIN01 Member=Component R21 (R54) Res3
Added Member To Class: ClassName=AIN01 Member=Component R22 (R55) Res3
Added Member To Class: ClassName=AIN12 Member=Component R23 (R51) Res3
Added Member To Class: ClassName=AIN12 Member=Component R24 (R52) Res3
Added Member To Class: ClassName=AIN12 Member=Component R25 (R53) Res3
Added Member To Class: ClassName=AIN12 Member=Component R26 (R54) Res3
Added Member To Class: ClassName=AIN12 Member=Component R27 (R55) Res3
Added Member To Class: ClassName=AIN11 Member=Component R28 (R51) Res3
Added Member To Class: ClassName=AIN11 Member=Component R29 (R52) Res3
Added Member To Class: ClassName=AIN11 Member=Component R30 (R53) Res3
Added Member To Class: ClassName=AIN11 Member=Component R31 (R54) Res3
Added Member To Class: ClassName=AIN11 Member=Component R32 (R55) Res3
Added Member To Class: ClassName=AIN22 Member=Component R33 (R51) Res3
Added Member To Class: ClassName=AIN22 Member=Component R34 (R52) Res3
Added Member To Class: ClassName=AIN22 Member=Component R35 (R53) Res3
Added Member To Class: ClassName=AIN22 Member=Component R36 (R54) Res3
Added Member To Class: ClassName=AIN22 Member=Component R37 (R55) Res3
Added Member To Class: ClassName=AIN21 Member=Component R38 (R51) Res3
Added Member To Class: ClassName=AIN21 Member=Component R39 (R52) Res3
Added Member To Class: ClassName=AIN21 Member=Component R40 (R53) Res3
Added Member To Class: ClassName=AIN21 Member=Component R41 (R54) Res3
Added Member To Class: ClassName=AIN21 Member=Component R42 (R55) Res3
Added Member To Class: ClassName=AIN32 Member=Component R43 (R51) Res3
Added Member To Class: ClassName=AIN32 Member=Component R44 (R52) Res3
Added Member To Class: ClassName=AIN32 Member=Component R45 (R53) Res3
Added Member To Class: ClassName=AIN32 Member=Component R46 (R54) Res3
Added Member To Class: ClassName=AIN32 Member=Component R47 (R55) Res3
Added Member To Class: ClassName=AIN31 Member=Component R48 (R51) Res3
Added Member To Class: ClassName=AIN31 Member=Component R49 (R52) Res3
Added Member To Class: ClassName=AIN31 Member=Component R50 (R53) Res3
Added Member To Class: ClassName=ACT_IndESP Member=Component R104 (R7) Res3
Added Member To Class: ClassName=ERR_IndPi Member=Component R105 (R7) Res3
Added Member To Class: ClassName=ACT_IND Member=Component R107 (R80) Res3
Added Member To Class: ClassName=Motor_IND Member=Component R109 (R80) Res3
Added Member To Class: ClassName=Sep_Ind Member=Component R110 (R80) Res3
Added Member To Class: ClassName=Main_Squib Member=Component R128 (R8) Res3
Added Member To Class: ClassName=Main_Squib Member=Component R129 (R9) Res3
Added Member To Class: ClassName=Main_Squib Member=Component R130 (R10) Res3
Added Member To Class: ClassName=Main_Squib Member=Component R131 (R11) Res3
Added Member To Class: ClassName=Main_Squib Member=Component R132 (R12) Res3
Added Member To Class: ClassName=Main_Squib Member=Component R133 (R13) Res3
Added Member To Class: ClassName=Main_Squib Member=Component R134 (R14) Res3
Added Member To Class: ClassName=Motor_Squib Member=Component R135 (R8) Res3
Added Member To Class: ClassName=Motor_Squib Member=Component R136 (R9) Res3
Added Member To Class: ClassName=Motor_Squib Member=Component R137 (R10) Res3
Added Member To Class: ClassName=Motor_Squib Member=Component R138 (R11) Res3
Added Member To Class: ClassName=Motor_Squib Member=Component R139 (R12) Res3
Added Member To Class: ClassName=Motor_Squib Member=Component R140 (R13) Res3
Added Member To Class: ClassName=Motor_Squib Member=Component R141 (R14) Res3
Added Member To Class: ClassName=Voltage_Indicator1 Member=Component R149 (R56) Res3
Added Member To Class: ClassName=Voltage_Indicator1 Member=Component R150 (R57) Res3
Added Member To Class: ClassName=Voltage_Indicator2 Member=Component R151 (R56) Res3
Added Member To Class: ClassName=Voltage_Indicator2 Member=Component R152 (R57) Res3
Added Member To Class: ClassName=UART EXT Member=Component R161 (R72) Res3
Added Member To Class: ClassName=UART EXT Member=Component R162 (R73) Res3
Added Member To Class: ClassName=Main_Squib Member=Component T9 (T1) MMBT2222ALT1
Added Member To Class: ClassName=Main_Squib Member=Component T10 (T2) MMBT2222ALT1
Added Member To Class: ClassName=Motor_Squib Member=Component T11 (T1) MMBT2222ALT1
Added Member To Class: ClassName=Motor_Squib Member=Component T12 (T2) MMBT2222ALT1
Added Member To Class: ClassName=Voltage_Indicator1 Member=Component T15 (T7) MMBT2222ALT1
Added Member To Class: ClassName=Voltage_Indicator2 Member=Component T16 (T7) MMBT2222ALT1
Added Member To Class: ClassName=ADC 1 Member=Component U1 (U2) Analog to Digital Converter
