Removed Pin From Net: NetName=NetC3_U_ADC1_1 Pin=C3_U_ADC1-1
Removed Pin From Net: NetName=NetC3_U_ADC1_2 Pin=C3_U_ADC1-2
Removed Pin From Net: NetName=NetC3_U_ADC2_1 Pin=C3_U_ADC2-1
Removed Pin From Net: NetName=NetC3_U_ADC2_2 Pin=C3_U_ADC2-2
Removed Pin From Net: NetName=NetC5_U_ADC1_1 Pin=C5_U_ADC1-1
Removed Pin From Net: NetName=NetC5_U_ADC1_2 Pin=C5_U_ADC1-2
Removed Pin From Net: NetName=NetC5_U_ADC2_1 Pin=C5_U_ADC2-1
Removed Pin From Net: NetName=NetC5_U_ADC2_2 Pin=C5_U_ADC2-2
Removed Pin From Net: NetName=GND Pin=C6_U_ADC1-1
Removed Pin From Net: NetName=GND Pin=C6_U_ADC1-2
Removed Pin From Net: NetName=GND Pin=C6_U_ADC2-1
Removed Pin From Net: NetName=GND Pin=C6_U_ADC2-2
Removed Pin From Net: NetName=GND Pin=C7_U_ADC1-1
Removed Pin From Net: NetName=NetC4_U_ADC1_2 Pin=C7_U_ADC1-2
Removed Pin From Net: NetName=GND Pin=C7_U_ADC2-1
Removed Pin From Net: NetName=NetC4_U_ADC2_2 Pin=C7_U_ADC2-2
Removed Pin From Net: NetName=NetC4_U_ADC1_2 Pin=R1_U_ADC1-1
Removed Pin From Net: NetName=NetC4_U_ADC2_2 Pin=R1_U_ADC2-1
Removed Pin From Net: NetName=GND Pin=R2_U_ADC1-1
Removed Pin From Net: NetName=GND Pin=R2_U_ADC2-1
Removed Pin From Net: NetName=3.3V Pin=U1-10
Removed Pin From Net: NetName=3.3V Pin=U1-15
Removed Pin From Net: NetName=NetQ3_LVSCLK_S Pin=U2_U_ADC1-1
Removed Pin From Net: NetName=GND Pin=U2_U_ADC1-8
Removed Pin From Net: NetName=NetC4_U_ADC1_2 Pin=U2_U_ADC1-9
Removed Pin From Net: NetName=NetQ3_LVMOSI_S Pin=U2_U_ADC1-15
Removed Pin From Net: NetName=NetQ3_LVMISO_S Pin=U2_U_ADC1-16
Removed Pin From Net: NetName=NetQ3_LVSCLK_S Pin=U2_U_ADC2-1
Removed Pin From Net: NetName=GND Pin=U2_U_ADC2-8
Removed Pin From Net: NetName=NetC4_U_ADC2_2 Pin=U2_U_ADC2-9
Removed Pin From Net: NetName=NetQ3_LVMOSI_S Pin=U2_U_ADC2-15
Removed Pin From Net: NetName=NetQ3_LVMISO_S Pin=U2_U_ADC2-16
Change Component Footprint: Designator=C4_U_ADC1 Old Footprint=RAD-0.3 New Footprint=0603 Footprint
Change Component Footprint: Designator=C4_U_ADC2 Old Footprint=RAD-0.3 New Footprint=0603 Footprint
Change Component Footprint: Designator=C5_U_ADC1 Old Footprint=RAD-0.3 New Footprint=0603 Footprint
Change Component Footprint: Designator=C5_U_ADC2 Old Footprint=RAD-0.3 New Footprint=0603 Footprint
Change Component Footprint: Designator=C26 Old Footprint=RAD-0.3 New Footprint=0603 Footprint
Change Component Footprint: Designator=C30 Old Footprint=RAD-0.3 New Footprint=0603 Footprint
Change Component Footprint: Designator=C32 Old Footprint=RAD-0.3 New Footprint=0603 Footprint
Change Component Footprint: Designator=C35 Old Footprint=RAD-0.3 New Footprint=0603 Footprint
Change Component Footprint: Designator=C36 Old Footprint=RAD-0.3 New Footprint=0603 Footprint
Change Component Footprint: Designator=C37 Old Footprint=RAD-0.3 New Footprint=0603 Footprint
Change Component Footprint: Designator=C38 Old Footprint=RAD-0.3 New Footprint=0603 Footprint
Change Component Footprint: Designator=C3_U_ADC1 Old Footprint=RAD-0.3 New Footprint=0603 to 1210 SMD
Change Component Footprint: Designator=C3_U_ADC2 Old Footprint=RAD-0.3 New Footprint=0603 to 1210 SMD
Change Component Footprint: Designator=C6_U_ADC1 Old Footprint=RAD-0.3 New Footprint=0603 to 1210 SMD
Change Component Footprint: Designator=C6_U_ADC2 Old Footprint=RAD-0.3 New Footprint=0603 to 1210 SMD
Change Component Footprint: Designator=C7_U_ADC1 Old Footprint=RAD-0.3 New Footprint=0603 to 1210 SMD
Change Component Footprint: Designator=C7_U_ADC2 Old Footprint=RAD-0.3 New Footprint=0603 to 1210 SMD
Change Component Footprint: Designator=C24_U_ADC RC Network1 Old Footprint=RAD-0.3 New Footprint=0603 to 1210 SMD
Change Component Footprint: Designator=C24_U_ADC RC Network2 Old Footprint=RAD-0.3 New Footprint=0603 to 1210 SMD
Change Component Footprint: Designator=C24_U_ADC RC Network3 Old Footprint=RAD-0.3 New Footprint=0603 to 1210 SMD
Change Component Footprint: Designator=C24_U_ADC RC Network4 Old Footprint=RAD-0.3 New Footprint=0603 to 1210 SMD
Change Component Footprint: Designator=C24_U_ADC RC Network5 Old Footprint=RAD-0.3 New Footprint=0603 to 1210 SMD
Change Component Footprint: Designator=C24_U_ADC RC Network6 Old Footprint=RAD-0.3 New Footprint=0603 to 1210 SMD
Change Component Footprint: Designator=C24_U_ADC RC Network7 Old Footprint=RAD-0.3 New Footprint=0603 to 1210 SMD
Change Component Footprint: Designator=C24_U_ADC RC Network8 Old Footprint=RAD-0.3 New Footprint=0603 to 1210 SMD
Change Component Footprint: Designator=C25 Old Footprint=RAD-0.3 New Footprint=0603 to 1210 SMD
Change Component Footprint: Designator=C27 Old Footprint=RAD-0.3 New Footprint=0603 to 1210 SMD
Change Component Footprint: Designator=C29 Old Footprint=RAD-0.3 New Footprint=0603 to 1210 SMD
Change Component Footprint: Designator=C34 Old Footprint=RAD-0.3 New Footprint=0603 to 1210 SMD
Change Component Footprint: Designator=C28 Old Footprint=RAD-0.3 New Footprint=0805 Footprint
Change Component Designator: OldDesignator=+3.3- NewDesignator=3.3V
Change Component Designator: OldDesignator=+3.3- NewDesignator=3.3V
Change Component Designator: OldDesignator=+3.3- NewDesignator=3.3V
Change Component Designator: OldDesignator=+5- NewDesignator=5V
Change Component Designator: OldDesignator=+5- NewDesignator=5V
Change Component Designator: OldDesignator=+5- NewDesignator=5V_Clean
Change Component Designator: OldDesignator=+5- NewDesignator=5V_Clean
Change Component Designator: OldDesignator=C22 NewDesignator=C18
Change Component Designator: OldDesignator=C23 NewDesignator=C19
Change Component Designator: OldDesignator=C24_U_ADC RC Network1 NewDesignator=C20_U_ADC RC Network1
Change Component Designator: OldDesignator=C24_U_ADC RC Network2 NewDesignator=C20_U_ADC RC Network2
Change Component Designator: OldDesignator=C24_U_ADC RC Network3 NewDesignator=C20_U_ADC RC Network3
Change Component Designator: OldDesignator=C24_U_ADC RC Network4 NewDesignator=C20_U_ADC RC Network4
Change Component Designator: OldDesignator=C24_U_ADC RC Network5 NewDesignator=C20_U_ADC RC Network5
Change Component Designator: OldDesignator=C24_U_ADC RC Network6 NewDesignator=C20_U_ADC RC Network6
Change Component Designator: OldDesignator=C24_U_ADC RC Network7 NewDesignator=C20_U_ADC RC Network7
Change Component Designator: OldDesignator=C24_U_ADC RC Network8 NewDesignator=C20_U_ADC RC Network8
Change Component Designator: OldDesignator=C25 NewDesignator=C21
Change Component Designator: OldDesignator=C26 NewDesignator=C22
Change Component Designator: OldDesignator=C27 NewDesignator=C23
Change Component Designator: OldDesignator=C28 NewDesignator=C24
Change Component Designator: OldDesignator=C29 NewDesignator=C25
Change Component Designator: OldDesignator=C30 NewDesignator=C26
Change Component Designator: OldDesignator=C31 NewDesignator=C27
Change Component Designator: OldDesignator=C32 NewDesignator=C28
Change Component Designator: OldDesignator=C33 NewDesignator=C29
Change Component Designator: OldDesignator=C34 NewDesignator=C30
Change Component Designator: OldDesignator=C35 NewDesignator=C31
Change Component Designator: OldDesignator=C36 NewDesignator=C34
Change Component Designator: OldDesignator=C37 NewDesignator=C35
Change Component Designator: OldDesignator=C38 NewDesignator=C36
Change Component Designator: OldDesignator=R1_U_ADC1 NewDesignator=R5_U_ADC1
Change Component Designator: OldDesignator=R1_U_ADC2 NewDesignator=R5_U_ADC2
Change Component Designator: OldDesignator=R2_U_ADC1 NewDesignator=R6_U_ADC1
Change Component Designator: OldDesignator=R2_U_ADC2 NewDesignator=R6_U_ADC2
Change Component Designator: OldDesignator=R3_Main_Ind NewDesignator=R7_Main_Ind
Change Component Designator: OldDesignator=R3_Motor_Ind NewDesignator=R7_Motor_Ind
Change Component Designator: OldDesignator=R3_Sep_Ind NewDesignator=R7_Sep_Ind
Change Component Designator: OldDesignator=R4_Main_Ind NewDesignator=R8_Main_Ind
Change Component Designator: OldDesignator=R4_Motor_Ind NewDesignator=R8_Motor_Ind
Change Component Designator: OldDesignator=R4_Sep_Ind NewDesignator=R8_Sep_Ind
Change Component Designator: OldDesignator=R5_Main NewDesignator=R9_Main
Change Component Designator: OldDesignator=R5_Motor NewDesignator=R9_Motor
Change Component Designator: OldDesignator=R5_Sep NewDesignator=R9_Sep
Change Component Designator: OldDesignator=R6_Main NewDesignator=R10_Main
Change Component Designator: OldDesignator=R6_Motor NewDesignator=R10_Motor
Change Component Designator: OldDesignator=R6_Sep NewDesignator=R10_Sep
Change Component Designator: OldDesignator=R7_Main NewDesignator=R11_Main
Change Component Designator: OldDesignator=R7_Motor NewDesignator=R11_Motor
Change Component Designator: OldDesignator=R7_Sep NewDesignator=R11_Sep
Change Component Designator: OldDesignator=R8_Main NewDesignator=R13_Main
Change Component Designator: OldDesignator=R8_Motor NewDesignator=R13_Motor
Change Component Designator: OldDesignator=R8_Sep NewDesignator=R13_Sep
Change Component Designator: OldDesignator=R9_Main NewDesignator=R14_Main
Change Component Designator: OldDesignator=R9_Motor NewDesignator=R14_Motor
Change Component Designator: OldDesignator=R9_Sep NewDesignator=R14_Sep
Change Component Designator: OldDesignator=R10_Main NewDesignator=R15_Main
Change Component Designator: OldDesignator=R10_Motor NewDesignator=R15_Motor
Change Component Designator: OldDesignator=R10_Sep NewDesignator=R15_Sep
Change Component Designator: OldDesignator=R11 NewDesignator=R16
Change Component Designator: OldDesignator=R12 NewDesignator=R17
Change Component Designator: OldDesignator=R13 NewDesignator=R18
Change Component Designator: OldDesignator=R14 NewDesignator=R19
Change Component Designator: OldDesignator=R15 NewDesignator=R20
Change Component Designator: OldDesignator=R16 NewDesignator=R21
Change Component Designator: OldDesignator=R17 NewDesignator=R22
Change Component Designator: OldDesignator=R18 NewDesignator=R23
Change Component Designator: OldDesignator=R19 NewDesignator=R24
Change Component Designator: OldDesignator=R20 NewDesignator=R25
Change Component Designator: OldDesignator=R21 NewDesignator=R26
Change Component Designator: OldDesignator=R22 NewDesignator=R27
Change Component Designator: OldDesignator=R23 NewDesignator=R28
Change Component Designator: OldDesignator=R24 NewDesignator=R29
Change Component Designator: OldDesignator=R25 NewDesignator=R30
Change Component Designator: OldDesignator=R26 NewDesignator=R31
Change Component Designator: OldDesignator=R27 NewDesignator=R32
Change Component Designator: OldDesignator=R28_U_ADC RC Network1 NewDesignator=R33_U_ADC RC Network1
Change Component Designator: OldDesignator=R28_U_ADC RC Network2 NewDesignator=R33_U_ADC RC Network2
Change Component Designator: OldDesignator=R28_U_ADC RC Network3 NewDesignator=R33_U_ADC RC Network3
Change Component Designator: OldDesignator=R28_U_ADC RC Network4 NewDesignator=R33_U_ADC RC Network4
Change Component Designator: OldDesignator=R28_U_ADC RC Network5 NewDesignator=R33_U_ADC RC Network5
Change Component Designator: OldDesignator=R28_U_ADC RC Network6 NewDesignator=R33_U_ADC RC Network6
Change Component Designator: OldDesignator=R28_U_ADC RC Network7 NewDesignator=R33_U_ADC RC Network7
Change Component Designator: OldDesignator=R28_U_ADC RC Network8 NewDesignator=R33_U_ADC RC Network8
Change Component Designator: OldDesignator=R29_U_ADC RC Network1 NewDesignator=R34_U_ADC RC Network1
Change Component Designator: OldDesignator=R29_U_ADC RC Network2 NewDesignator=R34_U_ADC RC Network2
Change Component Designator: OldDesignator=R29_U_ADC RC Network3 NewDesignator=R34_U_ADC RC Network3
Change Component Designator: OldDesignator=R29_U_ADC RC Network4 NewDesignator=R34_U_ADC RC Network4
Change Component Designator: OldDesignator=R29_U_ADC RC Network5 NewDesignator=R34_U_ADC RC Network5
Change Component Designator: OldDesignator=R29_U_ADC RC Network6 NewDesignator=R34_U_ADC RC Network6
Change Component Designator: OldDesignator=R29_U_ADC RC Network7 NewDesignator=R34_U_ADC RC Network7
Change Component Designator: OldDesignator=R29_U_ADC RC Network8 NewDesignator=R34_U_ADC RC Network8
Change Component Designator: OldDesignator=R30_U_ADC RC Network1 NewDesignator=R35_U_ADC RC Network1
Change Component Designator: OldDesignator=R30_U_ADC RC Network2 NewDesignator=R35_U_ADC RC Network2
Change Component Designator: OldDesignator=R30_U_ADC RC Network3 NewDesignator=R35_U_ADC RC Network3
Change Component Designator: OldDesignator=R30_U_ADC RC Network4 NewDesignator=R35_U_ADC RC Network4
Change Component Designator: OldDesignator=R30_U_ADC RC Network5 NewDesignator=R35_U_ADC RC Network5
Change Component Designator: OldDesignator=R30_U_ADC RC Network6 NewDesignator=R35_U_ADC RC Network6
Change Component Designator: OldDesignator=R30_U_ADC RC Network7 NewDesignator=R35_U_ADC RC Network7
Change Component Designator: OldDesignator=R30_U_ADC RC Network8 NewDesignator=R35_U_ADC RC Network8
Change Component Designator: OldDesignator=R31_U_ADC RC Network1 NewDesignator=R36_U_ADC RC Network1
Change Component Designator: OldDesignator=R31_U_ADC RC Network2 NewDesignator=R36_U_ADC RC Network2
Change Component Designator: OldDesignator=R31_U_ADC RC Network3 NewDesignator=R36_U_ADC RC Network3
Change Component Designator: OldDesignator=R31_U_ADC RC Network4 NewDesignator=R36_U_ADC RC Network4
Change Component Designator: OldDesignator=R31_U_ADC RC Network5 NewDesignator=R36_U_ADC RC Network5
Change Component Designator: OldDesignator=R31_U_ADC RC Network6 NewDesignator=R36_U_ADC RC Network6
Change Component Designator: OldDesignator=R31_U_ADC RC Network7 NewDesignator=R36_U_ADC RC Network7
Change Component Designator: OldDesignator=R31_U_ADC RC Network8 NewDesignator=R36_U_ADC RC Network8
Change Component Designator: OldDesignator=R32_U_Blue_LED1 NewDesignator=R37_U_Blue_LED1
Change Component Designator: OldDesignator=R32_U_Blue_LED2 NewDesignator=R37_U_Blue_LED2
Change Component Designator: OldDesignator=R32_U_Blue_LED3 NewDesignator=R37_U_Blue_LED3
Change Component Designator: OldDesignator=R33_U_Blue_LED1 NewDesignator=R38_U_Blue_LED1
Change Component Designator: OldDesignator=R33_U_Blue_LED2 NewDesignator=R38_U_Blue_LED2
Change Component Designator: OldDesignator=R33_U_Blue_LED3 NewDesignator=R38_U_Blue_LED3
Change Component Designator: OldDesignator=R37_LVCS NewDesignator=R42_LVCS
Change Component Designator: OldDesignator=R37_LVMISO NewDesignator=R42_LVMISO
Change Component Designator: OldDesignator=R37_LVMOSI NewDesignator=R42_LVMOSI
Change Component Designator: OldDesignator=R37_LVRX1 NewDesignator=R42_LVRX1
Change Component Designator: OldDesignator=R37_LVRX2 NewDesignator=R42_LVRX2
Change Component Designator: OldDesignator=R37_LVSCLK NewDesignator=R42_LVSCLK
Change Component Designator: OldDesignator=R37_LVTX1 NewDesignator=R42_LVTX1
Change Component Designator: OldDesignator=R37_LVTX2 NewDesignator=R42_LVTX2
Change Component Designator: OldDesignator=R38_LVCS NewDesignator=R43_LVCS
Change Component Designator: OldDesignator=R38_LVMISO NewDesignator=R43_LVMISO
Change Component Designator: OldDesignator=R38_LVMOSI NewDesignator=R43_LVMOSI
Change Component Designator: OldDesignator=R38_LVRX1 NewDesignator=R43_LVRX1
Change Component Designator: OldDesignator=R38_LVRX2 NewDesignator=R43_LVRX2
Change Component Designator: OldDesignator=R38_LVSCLK NewDesignator=R43_LVSCLK
Change Component Designator: OldDesignator=R38_LVTX1 NewDesignator=R43_LVTX1
Change Component Designator: OldDesignator=R38_LVTX2 NewDesignator=R43_LVTX2
Change Component Designator: OldDesignator=R41 NewDesignator=R46
Change Component Designator: OldDesignator=R42 NewDesignator=R47
Change Component Designator: OldDesignator=R43 NewDesignator=R48
Change Component Designator: OldDesignator=R44 NewDesignator=R49
Change Component Designator: OldDesignator=R45 NewDesignator=R50
Change Component Designator: OldDesignator=R46 NewDesignator=R51
Change Component Designator: OldDesignator=R47 NewDesignator=R52
Change Component Designator: OldDesignator=R48 NewDesignator=R53
Change Component Designator: OldDesignator=R49 NewDesignator=R54
Change Component Designator: OldDesignator=R50 NewDesignator=R55
Change Component Designator: OldDesignator=R51 NewDesignator=R56
Change Component Designator: OldDesignator=R52 NewDesignator=R57
Change Component Designator: OldDesignator=R53 NewDesignator=R58
Change Component Designator: OldDesignator=R54 NewDesignator=R59
Change Component Designator: OldDesignator=R55_Main NewDesignator=R12_Main
Change Component Designator: OldDesignator=R55_Motor NewDesignator=R12_Motor
Change Component Designator: OldDesignator=R55_Sep NewDesignator=R12_Sep
Change Component Designator: OldDesignator=SQB_Main NewDesignator=SQB1_Main
Change Component Designator: OldDesignator=SQB_Motor NewDesignator=SQB1_Motor
Change Component Designator: OldDesignator=SQB_Sep NewDesignator=SQB1_Sep
Change component parameters: Designator = "C18"; Footprint = "RAD-0.3"; UniqueID = "\KMCOCVKS\IKUDYVUW"
Change component parameters. Clean all parameters for all variants
Change component parameters (AddParameter): Name = "LatestRevisionDate"; Value = "17-Jul-2002"; VariantName = "[No Variations]"
Change component parameters (AddParameter): Name = "LatestRevisionNote"; Value = "Re-released for DXP Platform."; VariantName = "[No Variations]"
Change component parameters (AddParameter): Name = "PackageDescription"; Value = "Radial Cap, Thru-Hole; 2 Leads; 0.3 in Pin Spacing"; VariantName = "[No Variations]"
Change component parameters (AddParameter): Name = "PackageReference"; Value = "RAD-0.3"; VariantName = "[No Variations]"
Change component parameters (AddParameter): Name = "Published"; Value = "8-Jun-2000"; VariantName = "[No Variations]"
Change component parameters (AddParameter): Name = "Publisher"; Value = "Altium Limited"; VariantName = "[No Variations]"
Change component parameters (AddParameter): Name = "Value"; Value = "4.7uF"; VariantName = "[No Variations]"
Change component parameters: Designator = "C19"; Footprint = "RAD-0.3"; UniqueID = "\KMCOCVKS\OETQRFAC"
Change component parameters. Clean all parameters for all variants
Change component parameters (AddParameter): Name = "LatestRevisionDate"; Value = "17-Jul-2002"; VariantName = "[No Variations]"
Change component parameters (AddParameter): Name = "LatestRevisionNote"; Value = "Re-released for DXP Platform."; VariantName = "[No Variations]"
Change component parameters (AddParameter): Name = "PackageDescription"; Value = "Radial Cap, Thru-Hole; 2 Leads; 0.3 in Pin Spacing"; VariantName = "[No Variations]"
Change component parameters (AddParameter): Name = "PackageReference"; Value = "RAD-0.3"; VariantName = "[No Variations]"
Change component parameters (AddParameter): Name = "Published"; Value = "8-Jun-2000"; VariantName = "[No Variations]"
Change component parameters (AddParameter): Name = "Publisher"; Value = "Altium Limited"; VariantName = "[No Variations]"
Change component parameters (AddParameter): Name = "Value"; Value = "2.2uF"; VariantName = "[No Variations]"
Change component parameters: Designator = "C21"; Footprint = "0603 to 1210 SMD"; UniqueID = "\KWXKXJJO\EWHIKWWO"
Change component parameters. Clean all parameters for all variants
Change component parameters (AddParameter): Name = "LatestRevisionDate"; Value = "17-Jul-2002"; VariantName = "[No Variations]"
Change component parameters (AddParameter): Name = "LatestRevisionNote"; Value = "Re-released for DXP Platform."; VariantName = "[No Variations]"
Change component parameters (AddParameter): Name = "PackageDescription"; Value = "Radial Cap, Thru-Hole; 2 Leads; 0.3 in Pin Spacing"; VariantName = "[No Variations]"
Change component parameters (AddParameter): Name = "PackageReference"; Value = "RAD-0.3"; VariantName = "[No Variations]"
Change component parameters (AddParameter): Name = "Published"; Value = "8-Jun-2000"; VariantName = "[No Variations]"
Change component parameters (AddParameter): Name = "Publisher"; Value = "Altium Limited"; VariantName = "[No Variations]"
Change component parameters (AddParameter): Name = "Value"; Value = "22uF"; VariantName = "[No Variations]"
Change component parameters: Designator = "C22"; Footprint = "0603 Footprint"; UniqueID = "\KWXKXJJO\SNJUJFWS"
Change component parameters. Clean all parameters for all variants
Change component parameters (AddParameter): Name = "LatestRevisionDate"; Value = "17-Jul-2002"; VariantName = "[No Variations]"
Change component parameters (AddParameter): Name = "LatestRevisionNote"; Value = "Re-released for DXP Platform."; VariantName = "[No Variations]"
Change component parameters (AddParameter): Name = "PackageDescription"; Value = "Radial Cap, Thru-Hole; 2 Leads; 0.3 in Pin Spacing"; VariantName = "[No Variations]"
Change component parameters (AddParameter): Name = "PackageReference"; Value = "RAD-0.3"; VariantName = "[No Variations]"
Change component parameters (AddParameter): Name = "Published"; Value = "8-Jun-2000"; VariantName = "[No Variations]"
Change component parameters (AddParameter): Name = "Publisher"; Value = "Altium Limited"; VariantName = "[No Variations]"
Change component parameters (AddParameter): Name = "Value"; Value = "1uF"; VariantName = "[No Variations]"
Change component parameters: Designator = "C23"; Footprint = "0603 to 1210 SMD"; UniqueID = "\KWXKXJJO\PYXQIUPW"
Change component parameters. Clean all parameters for all variants
Change component parameters (AddParameter): Name = "LatestRevisionDate"; Value = "17-Jul-2002"; VariantName = "[No Variations]"
Change component parameters (AddParameter): Name = "LatestRevisionNote"; Value = "Re-released for DXP Platform."; VariantName = "[No Variations]"
Change component parameters (AddParameter): Name = "PackageDescription"; Value = "Radial Cap, Thru-Hole; 2 Leads; 0.3 in Pin Spacing"; VariantName = "[No Variations]"
Change component parameters (AddParameter): Name = "PackageReference"; Value = "RAD-0.3"; VariantName = "[No Variations]"
Change component parameters (AddParameter): Name = "Published"; Value = "8-Jun-2000"; VariantName = "[No Variations]"
Change component parameters (AddParameter): Name = "Publisher"; Value = "Altium Limited"; VariantName = "[No Variations]"
Change component parameters (AddParameter): Name = "Value"; Value = "10uF"; VariantName = "[No Variations]"
Change component parameters: Designator = "C24"; Footprint = "0805 Footprint"; UniqueID = "\KWXKXJJO\NJWYGVVB"
Change component parameters. Clean all parameters for all variants
Change component parameters (AddParameter): Name = "LatestRevisionDate"; Value = "17-Jul-2002"; VariantName = "[No Variations]"
Change component parameters (AddParameter): Name = "LatestRevisionNote"; Value = "Re-released for DXP Platform."; VariantName = "[No Variations]"
Change component parameters (AddParameter): Name = "PackageDescription"; Value = "Radial Cap, Thru-Hole; 2 Leads; 0.3 in Pin Spacing"; VariantName = "[No Variations]"
Change component parameters (AddParameter): Name = "PackageReference"; Value = "RAD-0.3"; VariantName = "[No Variations]"
Change component parameters (AddParameter): Name = "Published"; Value = "8-Jun-2000"; VariantName = "[No Variations]"
Change component parameters (AddParameter): Name = "Publisher"; Value = "Altium Limited"; VariantName = "[No Variations]"
Change component parameters (AddParameter): Name = "Value"; Value = "10uF"; VariantName = "[No Variations]"
Change component parameters: Designator = "C25"; Footprint = "0603 to 1210 SMD"; UniqueID = "\KWXKXJJO\PHSIPAYX"
Change component parameters. Clean all parameters for all variants
Change component parameters (AddParameter): Name = "LatestRevisionDate"; Value = "17-Jul-2002"; VariantName = "[No Variations]"
Change component parameters (AddParameter): Name = "LatestRevisionNote"; Value = "Re-released for DXP Platform."; VariantName = "[No Variations]"
Change component parameters (AddParameter): Name = "PackageDescription"; Value = "Radial Cap, Thru-Hole; 2 Leads; 0.3 in Pin Spacing"; VariantName = "[No Variations]"
Change component parameters (AddParameter): Name = "PackageReference"; Value = "RAD-0.3"; VariantName = "[No Variations]"
Change component parameters (AddParameter): Name = "Published"; Value = "8-Jun-2000"; VariantName = "[No Variations]"
Change component parameters (AddParameter): Name = "Publisher"; Value = "Altium Limited"; VariantName = "[No Variations]"
Change component parameters (AddParameter): Name = "Value"; Value = "22uF"; VariantName = "[No Variations]"
Change component parameters: Designator = "C26"; Footprint = "0603 Footprint"; UniqueID = "\KWXKXJJO\AXSNYOWN"
Change component parameters. Clean all parameters for all variants
Change component parameters (AddParameter): Name = "LatestRevisionDate"; Value = "17-Jul-2002"; VariantName = "[No Variations]"
Change component parameters (AddParameter): Name = "LatestRevisionNote"; Value = "Re-released for DXP Platform."; VariantName = "[No Variations]"
Change component parameters (AddParameter): Name = "PackageDescription"; Value = "Radial Cap, Thru-Hole; 2 Leads; 0.3 in Pin Spacing"; VariantName = "[No Variations]"
Change component parameters (AddParameter): Name = "PackageReference"; Value = "RAD-0.3"; VariantName = "[No Variations]"
Change component parameters (AddParameter): Name = "Published"; Value = "8-Jun-2000"; VariantName = "[No Variations]"
Change component parameters (AddParameter): Name = "Publisher"; Value = "Altium Limited"; VariantName = "[No Variations]"
Change component parameters (AddParameter): Name = "Value"; Value = "1uF"; VariantName = "[No Variations]"
Change component parameters: Designator = "C27"; UniqueID = "\KWXKXJJO\HWVMOLYE"
Change component parameters. Clean all parameters for all variants
Change component parameters (AddParameter): Name = "LatestRevisionDate"; Value = "17-Jul-2002"; VariantName = "[No Variations]"
Change component parameters (AddParameter): Name = "LatestRevisionNote"; Value = "Re-released for DXP Platform."; VariantName = "[No Variations]"
Change component parameters (AddParameter): Name = "PackageDescription"; Value = "Radial Cap, Thru-Hole; 2 Leads; 0.3 in Pin Spacing"; VariantName = "[No Variations]"
Change component parameters (AddParameter): Name = "PackageReference"; Value = "RAD-0.3"; VariantName = "[No Variations]"
Change component parameters (AddParameter): Name = "Published"; Value = "8-Jun-2000"; VariantName = "[No Variations]"
Change component parameters (AddParameter): Name = "Publisher"; Value = "Altium Limited"; VariantName = "[No Variations]"
Change component parameters (AddParameter): Name = "Value"; Value = "680uF"; VariantName = "[No Variations]"
Change component parameters: Designator = "C29"; UniqueID = "\KWXKXJJO\VRLLWMPW"
Change component parameters. Clean all parameters for all variants
Change component parameters (AddParameter): Name = "LatestRevisionDate"; Value = "17-Jul-2002"; VariantName = "[No Variations]"
Change component parameters (AddParameter): Name = "LatestRevisionNote"; Value = "Re-released for DXP Platform."; VariantName = "[No Variations]"
Change component parameters (AddParameter): Name = "PackageDescription"; Value = "Radial Cap, Thru-Hole; 2 Leads; 0.3 in Pin Spacing"; VariantName = "[No Variations]"
Change component parameters (AddParameter): Name = "PackageReference"; Value = "RAD-0.3"; VariantName = "[No Variations]"
Change component parameters (AddParameter): Name = "Published"; Value = "8-Jun-2000"; VariantName = "[No Variations]"
Change component parameters (AddParameter): Name = "Publisher"; Value = "Altium Limited"; VariantName = "[No Variations]"
Change component parameters (AddParameter): Name = "Value"; Value = "220uF"; VariantName = "[No Variations]"
Change component parameters: Designator = "C30"; Footprint = "0603 to 1210 SMD"; UniqueID = "\KWXKXJJO\DPRATBEI"
Change component parameters. Clean all parameters for all variants
Change component parameters (AddParameter): Name = "LatestRevisionDate"; Value = "17-Jul-2002"; VariantName = "[No Variations]"
Change component parameters (AddParameter): Name = "LatestRevisionNote"; Value = "Re-released for DXP Platform."; VariantName = "[No Variations]"
Change component parameters (AddParameter): Name = "PackageDescription"; Value = "Radial Cap, Thru-Hole; 2 Leads; 0.3 in Pin Spacing"; VariantName = "[No Variations]"
Change component parameters (AddParameter): Name = "PackageReference"; Value = "RAD-0.3"; VariantName = "[No Variations]"
Change component parameters (AddParameter): Name = "Published"; Value = "8-Jun-2000"; VariantName = "[No Variations]"
Change component parameters (AddParameter): Name = "Publisher"; Value = "Altium Limited"; VariantName = "[No Variations]"
Change component parameters (AddParameter): Name = "Value"; Value = "22uF"; VariantName = "[No Variations]"
Change component parameters: Designator = "C31"; Footprint = "0603 Footprint"; UniqueID = "\KWXKXJJO\CELSUMRS"
Change component parameters. Clean all parameters for all variants
Change component parameters (AddParameter): Name = "LatestRevisionDate"; Value = "17-Jul-2002"; VariantName = "[No Variations]"
Change component parameters (AddParameter): Name = "LatestRevisionNote"; Value = "Re-released for DXP Platform."; VariantName = "[No Variations]"
Change component parameters (AddParameter): Name = "PackageDescription"; Value = "Radial Cap, Thru-Hole; 2 Leads; 0.3 in Pin Spacing"; VariantName = "[No Variations]"
Change component parameters (AddParameter): Name = "PackageReference"; Value = "RAD-0.3"; VariantName = "[No Variations]"
Change component parameters (AddParameter): Name = "Published"; Value = "8-Jun-2000"; VariantName = "[No Variations]"
Change component parameters (AddParameter): Name = "Publisher"; Value = "Altium Limited"; VariantName = "[No Variations]"
Change component parameters (AddParameter): Name = "Value"; Value = "1uF"; VariantName = "[No Variations]"
Change component parameters: Designator = "C34"; Footprint = "0603 Footprint"; UniqueID = "\KWXKXJJO\VHHEIPAL"
Change component parameters. Clean all parameters for all variants
Change component parameters (AddParameter): Name = "LatestRevisionDate"; Value = "17-Jul-2002"; VariantName = "[No Variations]"
Change component parameters (AddParameter): Name = "LatestRevisionNote"; Value = "Re-released for DXP Platform."; VariantName = "[No Variations]"
Change component parameters (AddParameter): Name = "PackageDescription"; Value = "Radial Cap, Thru-Hole; 2 Leads; 0.3 in Pin Spacing"; VariantName = "[No Variations]"
Change component parameters (AddParameter): Name = "PackageReference"; Value = "RAD-0.3"; VariantName = "[No Variations]"
Change component parameters (AddParameter): Name = "Published"; Value = "8-Jun-2000"; VariantName = "[No Variations]"
Change component parameters (AddParameter): Name = "Publisher"; Value = "Altium Limited"; VariantName = "[No Variations]"
Change component parameters (AddParameter): Name = "Value"; Value = "1uF"; VariantName = "[No Variations]"
Change component parameters: Designator = "R50"; Footprint = "J1-0603"; UniqueID = "\KWXKXJJO\UOKOQRWT"
Change component parameters. Clean all parameters for all variants
Change component parameters (AddParameter): Name = "LatestRevisionDate"; Value = "29-May-2009"; VariantName = "[No Variations]"
Change component parameters (AddParameter): Name = "LatestRevisionNote"; Value = "IPC-7351 Footprint Added."; VariantName = "[No Variations]"
Change component parameters (AddParameter): Name = "PackageDescription"; Value = "Chip Resistor"; VariantName = "[No Variations]"
Change component parameters (AddParameter): Name = "PackageReference"; Value = "J1-0603"; VariantName = "[No Variations]"
Change component parameters (AddParameter): Name = "Published"; Value = "8-Jun-2000"; VariantName = "[No Variations]"
Change component parameters (AddParameter): Name = "Publisher"; Value = "Altium Limited"; VariantName = "[No Variations]"
Change component parameters (AddParameter): Name = "Value"; Value = "3065"; VariantName = "[No Variations]"
Change component parameters: Designator = "R52"; Footprint = "J1-0603"; UniqueID = "\KWXKXJJO\BQPHCAAG"
Change component parameters. Clean all parameters for all variants
Change component parameters (AddParameter): Name = "LatestRevisionDate"; Value = "29-May-2009"; VariantName = "[No Variations]"
Change component parameters (AddParameter): Name = "LatestRevisionNote"; Value = "IPC-7351 Footprint Added."; VariantName = "[No Variations]"
Change component parameters (AddParameter): Name = "PackageDescription"; Value = "Chip Resistor"; VariantName = "[No Variations]"
Change component parameters (AddParameter): Name = "PackageReference"; Value = "J1-0603"; VariantName = "[No Variations]"
Change component parameters (AddParameter): Name = "Published"; Value = "8-Jun-2000"; VariantName = "[No Variations]"
Change component parameters (AddParameter): Name = "Publisher"; Value = "Altium Limited"; VariantName = "[No Variations]"
Change component parameters (AddParameter): Name = "Value"; Value = "100k"; VariantName = "[No Variations]"
Change component parameters: Designator = "R53"; Footprint = "J1-0603"; UniqueID = "\KWXKXJJO\SDPSUURF"
Change component parameters. Clean all parameters for all variants
Change component parameters (AddParameter): Name = "LatestRevisionDate"; Value = "29-May-2009"; VariantName = "[No Variations]"
Change component parameters (AddParameter): Name = "LatestRevisionNote"; Value = "IPC-7351 Footprint Added."; VariantName = "[No Variations]"
Change component parameters (AddParameter): Name = "PackageDescription"; Value = "Chip Resistor"; VariantName = "[No Variations]"
Change component parameters (AddParameter): Name = "PackageReference"; Value = "J1-0603"; VariantName = "[No Variations]"
Change component parameters (AddParameter): Name = "Published"; Value = "8-Jun-2000"; VariantName = "[No Variations]"
Change component parameters (AddParameter): Name = "Publisher"; Value = "Altium Limited"; VariantName = "[No Variations]"
Change component parameters (AddParameter): Name = "Value"; Value = "100k"; VariantName = "[No Variations]"
Change component parameters: Designator = "R54"; Footprint = "J1-0603"; UniqueID = "\KWXKXJJO\WGMVONTT"
Change component parameters. Clean all parameters for all variants
Change component parameters (AddParameter): Name = "LatestRevisionDate"; Value = "29-May-2009"; VariantName = "[No Variations]"
Change component parameters (AddParameter): Name = "LatestRevisionNote"; Value = "IPC-7351 Footprint Added."; VariantName = "[No Variations]"
Change component parameters (AddParameter): Name = "PackageDescription"; Value = "Chip Resistor"; VariantName = "[No Variations]"
Change component parameters (AddParameter): Name = "PackageReference"; Value = "J1-0603"; VariantName = "[No Variations]"
Change component parameters (AddParameter): Name = "Published"; Value = "8-Jun-2000"; VariantName = "[No Variations]"
Change component parameters (AddParameter): Name = "Publisher"; Value = "Altium Limited"; VariantName = "[No Variations]"
Change component parameters (AddParameter): Name = "Value"; Value = "100k"; VariantName = "[No Variations]"
Change component parameters: Designator = "R56"; Footprint = "J1-0603"; UniqueID = "\KWXKXJJO\XGIOQSOC"
Change component parameters. Clean all parameters for all variants
Change component parameters (AddParameter): Name = "LatestRevisionDate"; Value = "29-May-2009"; VariantName = "[No Variations]"
Change component parameters (AddParameter): Name = "LatestRevisionNote"; Value = "IPC-7351 Footprint Added."; VariantName = "[No Variations]"
Change component parameters (AddParameter): Name = "PackageDescription"; Value = "Chip Resistor"; VariantName = "[No Variations]"
Change component parameters (AddParameter): Name = "PackageReference"; Value = "J1-0603"; VariantName = "[No Variations]"
Change component parameters (AddParameter): Name = "Published"; Value = "8-Jun-2000"; VariantName = "[No Variations]"
Change component parameters (AddParameter): Name = "Publisher"; Value = "Altium Limited"; VariantName = "[No Variations]"
Change component parameters (AddParameter): Name = "Value"; Value = "300k"; VariantName = "[No Variations]"
Change component parameters: Designator = "R57"; Footprint = "J1-0603"; UniqueID = "\KWXKXJJO\NSQDVLXC"
Change component parameters. Clean all parameters for all variants
Change component parameters (AddParameter): Name = "LatestRevisionDate"; Value = "29-May-2009"; VariantName = "[No Variations]"
Change component parameters (AddParameter): Name = "LatestRevisionNote"; Value = "IPC-7351 Footprint Added."; VariantName = "[No Variations]"
Change component parameters (AddParameter): Name = "PackageDescription"; Value = "Chip Resistor"; VariantName = "[No Variations]"
Change component parameters (AddParameter): Name = "PackageReference"; Value = "J1-0603"; VariantName = "[No Variations]"
Change component parameters (AddParameter): Name = "Published"; Value = "8-Jun-2000"; VariantName = "[No Variations]"
Change component parameters (AddParameter): Name = "Publisher"; Value = "Altium Limited"; VariantName = "[No Variations]"
Change component parameters (AddParameter): Name = "Value"; Value = "100k"; VariantName = "[No Variations]"
Change component parameters: Designator = "C4_U_ADC1"; Footprint = "0603 Footprint"; UniqueID = "\FTCSWPXX\DKLCGXLB\HXGCMFVY"
Change component parameters. Clean all parameters for all variants
Change component parameters (AddParameter): Name = "Value"; Value = "100nF"; VariantName = "[No Variations]"
Change component parameters: Designator = "C4_U_ADC2"; Footprint = "0603 Footprint"; UniqueID = "\FTCSWPXX\ECQSQFWL\HXGCMFVY"
Change component parameters. Clean all parameters for all variants
Change component parameters (AddParameter): Name = "Value"; Value = "100nF"; VariantName = "[No Variations]"
Change component parameters: Designator = "C5_U_ADC1"; Footprint = "0603 Footprint"; UniqueID = "\FTCSWPXX\DKLCGXLB\GXFCISXV"
Change component parameters. Clean all parameters for all variants
Change component parameters (AddParameter): Name = "Value"; Value = "100nF"; VariantName = "[No Variations]"
Change component parameters: Designator = "C5_U_ADC2"; Footprint = "0603 Footprint"; UniqueID = "\FTCSWPXX\ECQSQFWL\GXFCISXV"
Change component parameters. Clean all parameters for all variants
Change component parameters (AddParameter): Name = "Value"; Value = "100nF"; VariantName = "[No Variations]"
Added Component: Designator=C1(0603 to 1210 SMD)
Add component. Clean all parameters for all variants
Add component (AddParameter): Name = "Value"; Value = "10uF"; VariantName = "[No Variations]"
Added Component: Designator=C2(0603 Footprint)
Add component. Clean all parameters for all variants
Add component (AddParameter): Name = "Value"; Value = "100nF"; VariantName = "[No Variations]"
Added Component: Designator=C8_U_ADC1(0603 Footprint)
Add component. Clean all parameters for all variants
Add component (AddParameter): Name = "Value"; Value = "100nF"; VariantName = "[No Variations]"
Added Component: Designator=C8_U_ADC2(0603 Footprint)
Add component. Clean all parameters for all variants
Add component (AddParameter): Name = "Value"; Value = "100nF"; VariantName = "[No Variations]"
Added Component: Designator=C9_U_ADC1(0603 Footprint)
Add component. Clean all parameters for all variants
Add component (AddParameter): Name = "Value"; Value = "100nF"; VariantName = "[No Variations]"
Added Component: Designator=C9_U_ADC2(0603 Footprint)
Add component. Clean all parameters for all variants
Add component (AddParameter): Name = "Value"; Value = "100nF"; VariantName = "[No Variations]"
Added Component: Designator=C10(0603 Footprint)
Add component. Clean all parameters for all variants
Add component (AddParameter): Name = "Value"; Value = "100nF"; VariantName = "[No Variations]"
Added Component: Designator=C11(0603 Footprint)
Add component. Clean all parameters for all variants
Add component (AddParameter): Name = "Value"; Value = "100nF"; VariantName = "[No Variations]"
Added Component: Designator=C12(0805 Footprint)
Add component. Clean all parameters for all variants
Add component (AddParameter): Name = "Value"; Value = "10uF"; VariantName = "[No Variations]"
Added Component: Designator=C13(0805 Footprint)
Add component. Clean all parameters for all variants
Add component (AddParameter): Name = "Value"; Value = "10uF"; VariantName = "[No Variations]"
Added Component: Designator=C14(0603 Footprint)
Add component. Clean all parameters for all variants
Add component (AddParameter): Name = "Value"; Value = "100nF"; VariantName = "[No Variations]"
Added Component: Designator=C15(0603 Footprint)
Add component. Clean all parameters for all variants
Add component (AddParameter): Name = "Value"; Value = "100nF"; VariantName = "[No Variations]"
Added Component: Designator=C16(0603 Footprint)
Add component. Clean all parameters for all variants
Add component (AddParameter): Name = "Value"; Value = "100nF"; VariantName = "[No Variations]"
Added Component: Designator=C17(0603 Footprint)
Add component. Clean all parameters for all variants
Add component (AddParameter): Name = "Value"; Value = "100nF"; VariantName = "[No Variations]"
Added Component: Designator=R1_U_ADC1(J1-0603)
Add component. Clean all parameters for all variants
Add component (AddParameter): Name = "LatestRevisionDate"; Value = "29-May-2009"; VariantName = "[No Variations]"
Add component (AddParameter): Name = "LatestRevisionNote"; Value = "IPC-7351 Footprint Added."; VariantName = "[No Variations]"
Add component (AddParameter): Name = "PackageDescription"; Value = "Chip Resistor"; VariantName = "[No Variations]"
Add component (AddParameter): Name = "PackageReference"; Value = "J1-0603"; VariantName = "[No Variations]"
Add component (AddParameter): Name = "Published"; Value = "8-Jun-2000"; VariantName = "[No Variations]"
Add component (AddParameter): Name = "Publisher"; Value = "Altium Limited"; VariantName = "[No Variations]"
Add component (AddParameter): Name = "Value"; Value = "47"; VariantName = "[No Variations]"
Added Component: Designator=R1_U_ADC2(J1-0603)
Add component. Clean all parameters for all variants
Add component (AddParameter): Name = "LatestRevisionDate"; Value = "29-May-2009"; VariantName = "[No Variations]"
Add component (AddParameter): Name = "LatestRevisionNote"; Value = "IPC-7351 Footprint Added."; VariantName = "[No Variations]"
Add component (AddParameter): Name = "PackageDescription"; Value = "Chip Resistor"; VariantName = "[No Variations]"
Add component (AddParameter): Name = "PackageReference"; Value = "J1-0603"; VariantName = "[No Variations]"
Add component (AddParameter): Name = "Published"; Value = "8-Jun-2000"; VariantName = "[No Variations]"
Add component (AddParameter): Name = "Publisher"; Value = "Altium Limited"; VariantName = "[No Variations]"
Add component (AddParameter): Name = "Value"; Value = "47"; VariantName = "[No Variations]"
Added Component: Designator=R2_U_ADC1(J1-0603)
Add component. Clean all parameters for all variants
Add component (AddParameter): Name = "LatestRevisionDate"; Value = "29-May-2009"; VariantName = "[No Variations]"
Add component (AddParameter): Name = "LatestRevisionNote"; Value = "IPC-7351 Footprint Added."; VariantName = "[No Variations]"
Add component (AddParameter): Name = "PackageDescription"; Value = "Chip Resistor"; VariantName = "[No Variations]"
Add component (AddParameter): Name = "PackageReference"; Value = "J1-0603"; VariantName = "[No Variations]"
Add component (AddParameter): Name = "Published"; Value = "8-Jun-2000"; VariantName = "[No Variations]"
Add component (AddParameter): Name = "Publisher"; Value = "Altium Limited"; VariantName = "[No Variations]"
Add component (AddParameter): Name = "Value"; Value = "47"; VariantName = "[No Variations]"
Added Component: Designator=R2_U_ADC2(J1-0603)
Add component. Clean all parameters for all variants
Add component (AddParameter): Name = "LatestRevisionDate"; Value = "29-May-2009"; VariantName = "[No Variations]"
Add component (AddParameter): Name = "LatestRevisionNote"; Value = "IPC-7351 Footprint Added."; VariantName = "[No Variations]"
Add component (AddParameter): Name = "PackageDescription"; Value = "Chip Resistor"; VariantName = "[No Variations]"
Add component (AddParameter): Name = "PackageReference"; Value = "J1-0603"; VariantName = "[No Variations]"
Add component (AddParameter): Name = "Published"; Value = "8-Jun-2000"; VariantName = "[No Variations]"
Add component (AddParameter): Name = "Publisher"; Value = "Altium Limited"; VariantName = "[No Variations]"
Add component (AddParameter): Name = "Value"; Value = "47"; VariantName = "[No Variations]"
Added Component: Designator=R3_U_ADC1(J1-0603)
Add component. Clean all parameters for all variants
Add component (AddParameter): Name = "LatestRevisionDate"; Value = "29-May-2009"; VariantName = "[No Variations]"
Add component (AddParameter): Name = "LatestRevisionNote"; Value = "IPC-7351 Footprint Added."; VariantName = "[No Variations]"
Add component (AddParameter): Name = "PackageDescription"; Value = "Chip Resistor"; VariantName = "[No Variations]"
Add component (AddParameter): Name = "PackageReference"; Value = "J1-0603"; VariantName = "[No Variations]"
Add component (AddParameter): Name = "Published"; Value = "8-Jun-2000"; VariantName = "[No Variations]"
Add component (AddParameter): Name = "Publisher"; Value = "Altium Limited"; VariantName = "[No Variations]"
Add component (AddParameter): Name = "Value"; Value = "47"; VariantName = "[No Variations]"
Added Component: Designator=R3_U_ADC2(J1-0603)
Add component. Clean all parameters for all variants
Add component (AddParameter): Name = "LatestRevisionDate"; Value = "29-May-2009"; VariantName = "[No Variations]"
Add component (AddParameter): Name = "LatestRevisionNote"; Value = "IPC-7351 Footprint Added."; VariantName = "[No Variations]"
Add component (AddParameter): Name = "PackageDescription"; Value = "Chip Resistor"; VariantName = "[No Variations]"
Add component (AddParameter): Name = "PackageReference"; Value = "J1-0603"; VariantName = "[No Variations]"
Add component (AddParameter): Name = "Published"; Value = "8-Jun-2000"; VariantName = "[No Variations]"
Add component (AddParameter): Name = "Publisher"; Value = "Altium Limited"; VariantName = "[No Variations]"
Add component (AddParameter): Name = "Value"; Value = "47"; VariantName = "[No Variations]"
Added Component: Designator=R4_U_ADC1(J1-0603)
Add component. Clean all parameters for all variants
Add component (AddParameter): Name = "LatestRevisionDate"; Value = "29-May-2009"; VariantName = "[No Variations]"
Add component (AddParameter): Name = "LatestRevisionNote"; Value = "IPC-7351 Footprint Added."; VariantName = "[No Variations]"
Add component (AddParameter): Name = "PackageDescription"; Value = "Chip Resistor"; VariantName = "[No Variations]"
Add component (AddParameter): Name = "PackageReference"; Value = "J1-0603"; VariantName = "[No Variations]"
Add component (AddParameter): Name = "Published"; Value = "8-Jun-2000"; VariantName = "[No Variations]"
Add component (AddParameter): Name = "Publisher"; Value = "Altium Limited"; VariantName = "[No Variations]"
Add component (AddParameter): Name = "Value"; Value = "47"; VariantName = "[No Variations]"
Added Component: Designator=R4_U_ADC2(J1-0603)
Add component. Clean all parameters for all variants
Add component (AddParameter): Name = "LatestRevisionDate"; Value = "29-May-2009"; VariantName = "[No Variations]"
Add component (AddParameter): Name = "LatestRevisionNote"; Value = "IPC-7351 Footprint Added."; VariantName = "[No Variations]"
Add component (AddParameter): Name = "PackageDescription"; Value = "Chip Resistor"; VariantName = "[No Variations]"
Add component (AddParameter): Name = "PackageReference"; Value = "J1-0603"; VariantName = "[No Variations]"
Add component (AddParameter): Name = "Published"; Value = "8-Jun-2000"; VariantName = "[No Variations]"
Add component (AddParameter): Name = "Publisher"; Value = "Altium Limited"; VariantName = "[No Variations]"
Add component (AddParameter): Name = "Value"; Value = "47"; VariantName = "[No Variations]"
Added Pin To Net: NetName=GND Pin=C1-1
Added Pin To Net: NetName=3.3V Pin=C1-2
Added Pin To Net: NetName=GND Pin=C2-1
Added Pin To Net: NetName=3.3V Pin=C2-2
Added Pin To Net: NetName=NetC3_U_ADC1_2 Pin=C3_U_ADC1-1
Added Pin To Net: NetName=NetC3_U_ADC1_1 Pin=C3_U_ADC1-2
Added Pin To Net: NetName=NetC3_U_ADC2_2 Pin=C3_U_ADC2-1
Added Pin To Net: NetName=NetC3_U_ADC2_1 Pin=C3_U_ADC2-2
Added Pin To Net: NetName=GND Pin=C5_U_ADC1-1
Added Pin To Net: NetName=GND Pin=C5_U_ADC2-1
Added Pin To Net: NetName=NetC5_U_ADC1_2 Pin=C6_U_ADC1-1
Added Pin To Net: NetName=NetC5_U_ADC1_1 Pin=C6_U_ADC1-2
Added Pin To Net: NetName=NetC5_U_ADC2_2 Pin=C6_U_ADC2-1
Added Pin To Net: NetName=NetC5_U_ADC2_1 Pin=C6_U_ADC2-2
Added Pin To Net: NetName=NetC3_U_ADC1_2 Pin=C7_U_ADC1-1
Added Pin To Net: NetName=NetC5_U_ADC1_1 Pin=C7_U_ADC1-2
Added Pin To Net: NetName=NetC3_U_ADC2_2 Pin=C7_U_ADC2-1
Added Pin To Net: NetName=NetC5_U_ADC2_1 Pin=C7_U_ADC2-2
Added Pin To Net: NetName=GND Pin=C8_U_ADC1-1
Added Pin To Net: NetName=3.3V Pin=C8_U_ADC1-2
Added Pin To Net: NetName=GND Pin=C8_U_ADC2-1
Added Pin To Net: NetName=3.3V Pin=C8_U_ADC2-2
Added Pin To Net: NetName=GND Pin=C9_U_ADC1-1
Added Pin To Net: NetName=5V_Clean Pin=C9_U_ADC1-2
Added Pin To Net: NetName=GND Pin=C9_U_ADC2-1
Added Pin To Net: NetName=5V_Clean Pin=C9_U_ADC2-2
Added Pin To Net: NetName=GND Pin=C10-1
Added Pin To Net: NetName=3.3V Pin=C10-2
Added Pin To Net: NetName=GND Pin=C11-1
Added Pin To Net: NetName=3.3V Pin=C11-2
Added Pin To Net: NetName=GND Pin=C12-2
Added Pin To Net: NetName=GND Pin=C13-1
Added Pin To Net: NetName=3.3V Pin=C13-2
Added Pin To Net: NetName=GND Pin=C14-1
Added Pin To Net: NetName=3.3V Pin=C14-2
Added Pin To Net: NetName=GND Pin=C15-1
Added Pin To Net: NetName=3.3V Pin=C15-2
Added Pin To Net: NetName=GND Pin=C16-1
Added Pin To Net: NetName=3.3V Pin=C16-2
Added Pin To Net: NetName=GND Pin=C17-1
Added Pin To Net: NetName=3.3V Pin=C17-2
Added Pin To Net: NetName=NetC32_1 Pin=D6-2
Added Pin To Net: NetName=NetC32_1 Pin=L1-1
Added Pin To Net: NetName=NetQ3_LVSCLK_S Pin=R1_U_ADC1-1
Added Pin To Net: NetName=NetQ3_LVSCLK_S Pin=R1_U_ADC2-1
Added Pin To Net: NetName=NetQ3_LVMISO_S Pin=R3_U_ADC1-1
Added Pin To Net: NetName=NetQ3_LVMISO_S Pin=R3_U_ADC2-1
Added Pin To Net: NetName=NetQ3_LVMOSI_S Pin=R4_U_ADC1-1
Added Pin To Net: NetName=NetQ3_LVMOSI_S Pin=R4_U_ADC2-1
Added Pin To Net: NetName=NetC4_U_ADC1_2 Pin=R6_U_ADC1-1
Added Pin To Net: NetName=NetC4_U_ADC2_2 Pin=R6_U_ADC2-1
Added Pin To Net: NetName=GND Pin=U1-10
Added Pin To Net: NetName=GND Pin=U1-15
Added Pin To Net: NetName=NetC4_U_ADC1_2 Pin=U2_U_ADC1-8
Added Pin To Net: NetName=NetC4_U_ADC2_2 Pin=U2_U_ADC2-8
Added Pin To Net: NetName=NetC32_1 Pin=U9-2
Change Net Name : Old Net Name=NetC3_U_ADC1_1 New Net Name=NetC3_U_ADC1_2
Change Net Name : Old Net Name=NetC3_U_ADC1_2 New Net Name=NetC3_U_ADC1_1
Change Net Name : Old Net Name=NetC3_U_ADC2_1 New Net Name=NetC3_U_ADC2_2
Change Net Name : Old Net Name=NetC3_U_ADC2_2 New Net Name=NetC3_U_ADC2_1
Change Net Name : Old Net Name=NetC5_U_ADC1_1 New Net Name=NetC6_U_ADC1_2
Change Net Name : Old Net Name=NetC5_U_ADC1_2 New Net Name=NetC6_U_ADC1_1
Change Net Name : Old Net Name=NetC5_U_ADC2_1 New Net Name=NetC6_U_ADC2_2
Change Net Name : Old Net Name=NetC5_U_ADC2_2 New Net Name=NetC6_U_ADC2_1
Change Net Name : Old Net Name=NetC23_2 New Net Name=NetC19_2
Change Net Name : Old Net Name=NetC32_1 New Net Name=NetC28_1
Change Net Name : Old Net Name=NetC36_1 New Net Name=NetC34_1
Change Net Name : Old Net Name=NetC37_1 New Net Name=NetC35_1
Change Net Name : Old Net Name=NetC37_2 New Net Name=NetC32_1
Change Net Name : Old Net Name=NetR4_Main_Ind_1 New Net Name=NetR8_Main_Ind_1
Change Net Name : Old Net Name=NetR4_Main_Ind_2 New Net Name=NetR8_Main_Ind_2
Change Net Name : Old Net Name=NetR4_Motor_Ind_1 New Net Name=NetR8_Motor_Ind_1
Change Net Name : Old Net Name=NetR4_Motor_Ind_2 New Net Name=NetR8_Motor_Ind_2
Change Net Name : Old Net Name=NetR4_Sep_Ind_1 New Net Name=NetR8_Sep_Ind_1
Change Net Name : Old Net Name=NetR4_Sep_Ind_2 New Net Name=NetR8_Sep_Ind_2
Change Net Name : Old Net Name=NetR6_Main_1 New Net Name=NetR10_Main_1
Change Net Name : Old Net Name=NetR6_Motor_1 New Net Name=NetR10_Motor_1
Change Net Name : Old Net Name=NetR6_Sep_1 New Net Name=NetR10_Sep_1
Change Net Name : Old Net Name=NetR8_Main_1 New Net Name=NetR13_Main_1
Change Net Name : Old Net Name=NetR8_Main_2 New Net Name=NetR13_Main_2
Change Net Name : Old Net Name=NetR8_Motor_1 New Net Name=NetR13_Motor_1
Change Net Name : Old Net Name=NetR8_Motor_2 New Net Name=NetR13_Motor_2
Change Net Name : Old Net Name=NetR8_Sep_1 New Net Name=NetR13_Sep_1
Change Net Name : Old Net Name=NetR8_Sep_2 New Net Name=NetR13_Sep_2
Change Net Name : Old Net Name=NetR9_Main_1 New Net Name=NetR14_Main_1
Change Net Name : Old Net Name=NetR9_Motor_1 New Net Name=NetR14_Motor_1
Change Net Name : Old Net Name=NetR9_Sep_1 New Net Name=NetR14_Sep_1
Change Net Name : Old Net Name=NetR10_Main_1 New Net Name=NetR15_Main_1
Change Net Name : Old Net Name=NetR10_Main_2 New Net Name=NetR15_Main_2
Change Net Name : Old Net Name=NetR10_Motor_1 New Net Name=NetR15_Motor_1
Change Net Name : Old Net Name=NetR10_Motor_2 New Net Name=NetR15_Motor_2
Change Net Name : Old Net Name=NetR10_Sep_1 New Net Name=NetR15_Sep_1
Change Net Name : Old Net Name=NetR10_Sep_2 New Net Name=NetR15_Sep_2
Change Net Name : Old Net Name=NetR11_1 New Net Name=NetR16_1
Change Net Name : Old Net Name=NetR11_2 New Net Name=NetR16_2
Change Net Name : Old Net Name=NetR12_1 New Net Name=NetR17_1
Change Net Name : Old Net Name=NetR14_1 New Net Name=NetR19_1
Change Net Name : Old Net Name=NetR15_1 New Net Name=NetR20_1
Change Net Name : Old Net Name=NetR18_1 New Net Name=NetR23_1
Change Net Name : Old Net Name=NetR19_1 New Net Name=NetR24_1
Change Net Name : Old Net Name=NetR22_1 New Net Name=NetR27_1
Change Net Name : Old Net Name=NetR23_1 New Net Name=NetR28_1
Change Net Name : Old Net Name=NetR26_1 New Net Name=NetR31_1
Change Net Name : Old Net Name=NetR30_U_ADC RC Network1_2 New Net Name=NetR35_U_ADC RC Network1_2
Change Net Name : Old Net Name=NetR30_U_ADC RC Network2_2 New Net Name=NetR35_U_ADC RC Network2_2
Change Net Name : Old Net Name=NetR30_U_ADC RC Network3_2 New Net Name=NetR35_U_ADC RC Network3_2
Change Net Name : Old Net Name=NetR30_U_ADC RC Network4_2 New Net Name=NetR35_U_ADC RC Network4_2
Change Net Name : Old Net Name=NetR30_U_ADC RC Network5_2 New Net Name=NetR35_U_ADC RC Network5_2
Change Net Name : Old Net Name=NetR30_U_ADC RC Network6_2 New Net Name=NetR35_U_ADC RC Network6_2
Change Net Name : Old Net Name=NetR30_U_ADC RC Network7_2 New Net Name=NetR35_U_ADC RC Network7_2
Change Net Name : Old Net Name=NetR30_U_ADC RC Network8_2 New Net Name=NetR35_U_ADC RC Network8_2
Change Net Name : Old Net Name=NetR33_U_Blue_LED1_2 New Net Name=NetR38_U_Blue_LED1_2
Change Net Name : Old Net Name=NetR33_U_Blue_LED2_2 New Net Name=NetR38_U_Blue_LED2_2
Change Net Name : Old Net Name=NetR33_U_Blue_LED3_2 New Net Name=NetR38_U_Blue_LED3_2
Change Net Name : Old Net Name=NetR38_LVSCLK_2 New Net Name=NetR43_LVSCLK_2
Change Net Name : Old Net Name=NetR41_1 New Net Name=NetR46_1
Change Net Name : Old Net Name=NetR43_1 New Net Name=NetR48_1
Change Net Name : Old Net Name=NetR48_1 New Net Name=NetR53_1
Change Net Name : Old Net Name=NetR50_1 New Net Name=NetR55_1
Change Net Name : Old Net Name=NetR50_2 New Net Name=NetR55_2
Change Net Name : Old Net Name=NetR53_1 New Net Name=NetR58_1
Change Net Name : Old Net Name=NetR54_1 New Net Name=NetR59_1
Change Net Name : Old Net Name=NetR54_2 New Net Name=NetR59_2
Added Pin To Net: NetName=NetC5_U_ADC1_2 Pin=C5_U_ADC1-2
Added Pin To Net: NetName=NetC5_U_ADC1_2 Pin=R5_U_ADC1-1
Added Pin To Net: NetName=NetC5_U_ADC1_2 Pin=U2_U_ADC1-9
Added Net: Name=NetC5_U_ADC1_2
Added Pin To Net: NetName=NetC5_U_ADC2_2 Pin=C5_U_ADC2-2
Added Pin To Net: NetName=NetC5_U_ADC2_2 Pin=R5_U_ADC2-1
Added Pin To Net: NetName=NetC5_U_ADC2_2 Pin=U2_U_ADC2-9
Added Net: Name=NetC5_U_ADC2_2
Added Pin To Net: NetName=NetC12_1 Pin=C12-1
Added Net: Name=NetC12_1
Added Pin To Net: NetName=NetR1_U_ADC1_2 Pin=R1_U_ADC1-2
Added Pin To Net: NetName=NetR1_U_ADC1_2 Pin=U2_U_ADC1-1
Added Net: Name=NetR1_U_ADC1_2
Added Pin To Net: NetName=NetR1_U_ADC2_2 Pin=R1_U_ADC2-2
Added Pin To Net: NetName=NetR1_U_ADC2_2 Pin=U2_U_ADC2-1
Added Net: Name=NetR1_U_ADC2_2
Added Pin To Net: NetName=NetR2_U_ADC1_1 Pin=R2_U_ADC1-1
Added Pin To Net: NetName=NetR2_U_ADC1_1 Pin=U7-36
Added Net: Name=NetR2_U_ADC1_1
Added Pin To Net: NetName=NetR2_U_ADC1_2 Pin=R2_U_ADC1-2
Added Pin To Net: NetName=NetR2_U_ADC1_2 Pin=U2_U_ADC1-2
Added Net: Name=NetR2_U_ADC1_2
Added Pin To Net: NetName=NetR2_U_ADC2_1 Pin=R2_U_ADC2-1
Added Pin To Net: NetName=NetR2_U_ADC2_1 Pin=U7-33
Added Net: Name=NetR2_U_ADC2_1
Added Pin To Net: NetName=NetR2_U_ADC2_2 Pin=R2_U_ADC2-2
Added Pin To Net: NetName=NetR2_U_ADC2_2 Pin=U2_U_ADC2-2
Added Net: Name=NetR2_U_ADC2_2
Added Pin To Net: NetName=NetR3_U_ADC1_2 Pin=R3_U_ADC1-2
Added Pin To Net: NetName=NetR3_U_ADC1_2 Pin=U2_U_ADC1-16
Added Net: Name=NetR3_U_ADC1_2
Added Pin To Net: NetName=NetR3_U_ADC2_2 Pin=R3_U_ADC2-2
Added Pin To Net: NetName=NetR3_U_ADC2_2 Pin=U2_U_ADC2-16
Added Net: Name=NetR3_U_ADC2_2
Added Pin To Net: NetName=NetR4_U_ADC1_2 Pin=R4_U_ADC1-2
Added Pin To Net: NetName=NetR4_U_ADC1_2 Pin=U2_U_ADC1-15
Added Net: Name=NetR4_U_ADC1_2
Added Pin To Net: NetName=NetR4_U_ADC2_2 Pin=R4_U_ADC2-2
Added Pin To Net: NetName=NetR4_U_ADC2_2 Pin=U2_U_ADC2-15
Added Net: Name=NetR4_U_ADC2_2
Added Member To Class: ClassName=PWR Member=Component 3.3V Screw Terminal
Added Member To Class: ClassName=PWR Member=Component 3.3V Screw Terminal
Added Member To Class: ClassName=PWR Member=Component 5V_Clean Screw Terminal
Added Member To Class: ClassName=PWR Member=Component 5V_Clean Screw Terminal
Added Member To Class: ClassName=PWR Member=Component 5V Screw Terminal
Added Member To Class: ClassName=U_Accelerometer Member=Component C1 Cap
Added Member To Class: ClassName=U_Accelerometer Member=Component C2 Cap
Added Member To Class: ClassName=U_ADC1 Member=Component C8_U_ADC1 (C8) Cap
Added Member To Class: ClassName=U_ADC2 Member=Component C8_U_ADC2 (C8) Cap
Added Member To Class: ClassName=U_ADC1 Member=Component C9_U_ADC1 (C9) Cap
Added Member To Class: ClassName=U_ADC2 Member=Component C9_U_ADC2 (C9) Cap
Added Member To Class: ClassName=U_Barometer Member=Component C10 Cap
Added Member To Class: ClassName=U_Barometer Member=Component C11 Cap
Added Member To Class: ClassName=U_Gyroscope Member=Component C12 Cap
Added Member To Class: ClassName=U_Gyroscope Member=Component C13 Cap
Added Member To Class: ClassName=U_Gyroscope Member=Component C14 Cap
Added Member To Class: ClassName=U_Gyroscope Member=Component C15 Cap
Added Member To Class: ClassName=U_Magnetometer Member=Component C16 Cap
Added Member To Class: ClassName=U_Magnetometer Member=Component C17 Cap
Added Member To Class: ClassName=U_ADC1 Member=Component R3_U_ADC1 (R3) Res3
Added Member To Class: ClassName=U_ADC2 Member=Component R3_U_ADC2 (R3) Res3
Added Member To Class: ClassName=U_ADC1 Member=Component R4_U_ADC1 (R4) Res3
Added Member To Class: ClassName=U_ADC2 Member=Component R4_U_ADC2 (R4) Res3
Added Member To Class: ClassName=U_ADC1 Member=Component R5_U_ADC1 (R5) Res3
Added Member To Class: ClassName=U_ADC2 Member=Component R5_U_ADC2 (R5) Res3
Added Member To Class: ClassName=U_ADC1 Member=Component R6_U_ADC1 (R6) Res3
Added Member To Class: ClassName=U_ADC2 Member=Component R6_U_ADC2 (R6) Res3
Added Room: Name=Bz
Added Room: Name=ESP
Added Room: Name=LVLESP
Added Room: Name=LVLPI/ESP
Added Room: Name=LVMISO
Added Room: Name=LVMOSI
Added Room: Name=LVSCLK
Added Room: Name=Main
Added Room: Name=Main
Added Room: Name=Main_Ind
Added Room: Name=Motor
Added Room: Name=Motor_Ind
Added Room: Name=PWR
Added Room: Name=Sep
Added Room: Name=Sep_Ind
Added Room: Name=SPI-IO
Added Room: Name=U_Accelerometer
Added Room: Name=U_ADC1
Added Room: Name=U_ADC2
Added Room: Name=U_ADC RC Network1
Added Room: Name=U_ADC RC Network2
Added Room: Name=U_ADC RC Network3
Added Room: Name=U_ADC RC Network4
Added Room: Name=U_ADC RC Network5
Added Room: Name=U_ADC RC Network6
Added Room: Name=U_ADC RC Network7
Added Room: Name=U_ADC RC Network8
Added Room: Name=U_Barometer
Added Room: Name=U_Blue_LED1
Added Room: Name=U_Blue_LED2
Added Room: Name=U_Blue_LED3
Added Room: Name=U_Gyroscope
Added Room: Name=U_Magnetometer
Added Room: Name=UART
