Change Physical Footprint: Designator=+3.3- Old Footprint=Screw Terminal New Footprint=Screw Terminal
Change Physical Footprint: Designator=+3.3- Old Footprint=Screw Terminal New Footprint=Screw Terminal
Change Physical Footprint: Designator=+3.3- Old Footprint=Screw Terminal New Footprint=Screw Terminal
Change Physical Footprint: Designator=+5- Old Footprint=Screw Terminal New Footprint=Screw Terminal
Change Physical Footprint: Designator=+5- Old Footprint=Screw Terminal New Footprint=Screw Terminal
Change Physical Footprint: Designator=+5- Old Footprint=Screw Terminal New Footprint=Screw Terminal
Change Physical Footprint: Designator=+5- Old Footprint=Screw Terminal New Footprint=Screw Terminal
Change Physical Footprint: Designator=1 Old Footprint=Screw Switch New Footprint=Screw Switch
Change Physical Footprint: Designator=2_LVLESP Old Footprint=Screw Switch New Footprint=Screw Switch
Change Physical Footprint: Designator=2_LVLPI/ESP Old Footprint=Screw Switch New Footprint=Screw Switch
Change Physical Footprint: Designator=BAT_IN1 Old Footprint=Screw Terminal New Footprint=Screw Terminal
Change Physical Footprint: Designator=C3_U_ADC1 Old Footprint=RAD-0.3 New Footprint=RAD-0.3
Change Physical Footprint: Designator=C3_U_ADC2 Old Footprint=RAD-0.3 New Footprint=RAD-0.3
Change Physical Footprint: Designator=C4_U_ADC1 Old Footprint=RAD-0.3 New Footprint=RAD-0.3
Change Physical Footprint: Designator=C4_U_ADC2 Old Footprint=RAD-0.3 New Footprint=RAD-0.3
Change Physical Footprint: Designator=C5_U_ADC1 Old Footprint=RAD-0.3 New Footprint=RAD-0.3
Change Physical Footprint: Designator=C5_U_ADC2 Old Footprint=RAD-0.3 New Footprint=RAD-0.3
Change Physical Footprint: Designator=C6_U_ADC1 Old Footprint=RAD-0.3 New Footprint=RAD-0.3
Change Physical Footprint: Designator=C6_U_ADC2 Old Footprint=RAD-0.3 New Footprint=RAD-0.3
Change Physical Footprint: Designator=C7_U_ADC1 Old Footprint=RAD-0.3 New Footprint=RAD-0.3
Change Physical Footprint: Designator=C7_U_ADC2 Old Footprint=RAD-0.3 New Footprint=RAD-0.3
Change Physical Footprint: Designator=C22 Old Footprint=RAD-0.3 New Footprint=RAD-0.3
Change Physical Footprint: Designator=C23 Old Footprint=RAD-0.3 New Footprint=RAD-0.3
Change Physical Footprint: Designator=C24_U_ADC RC Network1 Old Footprint=RAD-0.3 New Footprint=RAD-0.3
Change Physical Footprint: Designator=C24_U_ADC RC Network2 Old Footprint=RAD-0.3 New Footprint=RAD-0.3
Change Physical Footprint: Designator=C24_U_ADC RC Network3 Old Footprint=RAD-0.3 New Footprint=RAD-0.3
Change Physical Footprint: Designator=C24_U_ADC RC Network4 Old Footprint=RAD-0.3 New Footprint=RAD-0.3
Change Physical Footprint: Designator=C24_U_ADC RC Network5 Old Footprint=RAD-0.3 New Footprint=RAD-0.3
Change Physical Footprint: Designator=C24_U_ADC RC Network6 Old Footprint=RAD-0.3 New Footprint=RAD-0.3
Change Physical Footprint: Designator=C24_U_ADC RC Network7 Old Footprint=RAD-0.3 New Footprint=RAD-0.3
Change Physical Footprint: Designator=C24_U_ADC RC Network8 Old Footprint=RAD-0.3 New Footprint=RAD-0.3
Change Physical Footprint: Designator=C25 Old Footprint=RAD-0.3 New Footprint=RAD-0.3
Change Physical Footprint: Designator=C26 Old Footprint=RAD-0.3 New Footprint=RAD-0.3
Change Physical Footprint: Designator=C27 Old Footprint=RAD-0.3 New Footprint=RAD-0.3
Change Physical Footprint: Designator=C28 Old Footprint=RAD-0.3 New Footprint=RAD-0.3
Change Physical Footprint: Designator=C29 Old Footprint=RAD-0.3 New Footprint=RAD-0.3
Change Physical Footprint: Designator=C30 Old Footprint=RAD-0.3 New Footprint=RAD-0.3
Change Physical Footprint: Designator=C31 Old Footprint=RAD-0.3 New Footprint=RAD-0.3
Change Physical Footprint: Designator=C32 Old Footprint=RAD-0.3 New Footprint=RAD-0.3
Change Physical Footprint: Designator=C33 Old Footprint=RAD-0.3 New Footprint=RAD-0.3
Change Physical Footprint: Designator=C34 Old Footprint=RAD-0.3 New Footprint=RAD-0.3
Change Physical Footprint: Designator=C35 Old Footprint=RAD-0.3 New Footprint=RAD-0.3
Change Physical Footprint: Designator=C36 Old Footprint=RAD-0.3 New Footprint=RAD-0.3
Change Physical Footprint: Designator=C37 Old Footprint=RAD-0.3 New Footprint=RAD-0.3
Change Physical Footprint: Designator=C38 Old Footprint=RAD-0.3 New Footprint=RAD-0.3
Change Physical Footprint: Designator=D1_Main_Ind Old Footprint=0402 footprint New Footprint=0402 footprint
Change Physical Footprint: Designator=D1_Motor_Ind Old Footprint=0402 footprint New Footprint=0402 footprint
Change Physical Footprint: Designator=D1_Sep_Ind Old Footprint=0402 footprint New Footprint=0402 footprint
Change Physical Footprint: Designator=D2_U_Blue_LED1 Old Footprint=0402 footprint New Footprint=0402 footprint
Change Physical Footprint: Designator=D2_U_Blue_LED2 Old Footprint=0402 footprint New Footprint=0402 footprint
Change Physical Footprint: Designator=D2_U_Blue_LED3 Old Footprint=0402 footprint New Footprint=0402 footprint
Change Physical Footprint: Designator=D6 Old Footprint=DO-35 New Footprint=DO-35
Change Physical Footprint: Designator=L1 Old Footprint=0402-A New Footprint=0402-A
Change Physical Footprint: Designator=LS1 Old Footprint=CUI_CT-1205C-SMT New Footprint=CUI_CT-1205C-SMT
Change Physical Footprint: Designator=MOSI/MISO1 Old Footprint=Screw Terminal New Footprint=Screw Terminal
Change Physical Footprint: Designator=Q1_Main Old Footprint=SOT95P280X125-3N New Footprint=SOT95P280X125-3N
Change Physical Footprint: Designator=Q1_Motor Old Footprint=SOT95P280X125-3N New Footprint=SOT95P280X125-3N
Change Physical Footprint: Designator=Q1_Sep Old Footprint=SOT95P280X125-3N New Footprint=SOT95P280X125-3N
Change Physical Footprint: Designator=Q2_Main Old Footprint=SOT95P280X125-3N New Footprint=SOT95P280X125-3N
Change Physical Footprint: Designator=Q2_Motor Old Footprint=SOT95P280X125-3N New Footprint=SOT95P280X125-3N
Change Physical Footprint: Designator=Q2_Sep Old Footprint=SOT95P280X125-3N New Footprint=SOT95P280X125-3N
Change Physical Footprint: Designator=Q3_LVCS Old Footprint=*BSS138L_BSS138L(Primary) New Footprint=*BSS138L_BSS138L(Primary)
Change Physical Footprint: Designator=Q3_LVMISO Old Footprint=*BSS138L_BSS138L(Primary) New Footprint=*BSS138L_BSS138L(Primary)
Change Physical Footprint: Designator=Q3_LVMOSI Old Footprint=*BSS138L_BSS138L(Primary) New Footprint=*BSS138L_BSS138L(Primary)
Change Physical Footprint: Designator=Q3_LVRX1 Old Footprint=*BSS138L_BSS138L(Primary) New Footprint=*BSS138L_BSS138L(Primary)
Change Physical Footprint: Designator=Q3_LVRX2 Old Footprint=*BSS138L_BSS138L(Primary) New Footprint=*BSS138L_BSS138L(Primary)
Change Physical Footprint: Designator=Q3_LVSCLK Old Footprint=*BSS138L_BSS138L(Primary) New Footprint=*BSS138L_BSS138L(Primary)
Change Physical Footprint: Designator=Q3_LVTX1 Old Footprint=*BSS138L_BSS138L(Primary) New Footprint=*BSS138L_BSS138L(Primary)
Change Physical Footprint: Designator=Q3_LVTX2 Old Footprint=*BSS138L_BSS138L(Primary) New Footprint=*BSS138L_BSS138L(Primary)
Change Physical Footprint: Designator=Q4 Old Footprint=SOT95P280X125-3N New Footprint=SOT95P280X125-3N
Change Physical Footprint: Designator=Q5 Old Footprint=SOT95P280X125-3N New Footprint=SOT95P280X125-3N
Change Physical Footprint: Designator=R1_U_ADC1 Old Footprint=J1-0603 New Footprint=J1-0603
Change Physical Footprint: Designator=R1_U_ADC2 Old Footprint=J1-0603 New Footprint=J1-0603
Change Physical Footprint: Designator=R2_U_ADC1 Old Footprint=J1-0603 New Footprint=J1-0603
Change Physical Footprint: Designator=R2_U_ADC2 Old Footprint=J1-0603 New Footprint=J1-0603
Change Physical Footprint: Designator=R3_Main_Ind Old Footprint=J1-0603 New Footprint=J1-0603
Change Physical Footprint: Designator=R3_Motor_Ind Old Footprint=J1-0603 New Footprint=J1-0603
Change Physical Footprint: Designator=R3_Sep_Ind Old Footprint=J1-0603 New Footprint=J1-0603
Change Physical Footprint: Designator=R4_Main_Ind Old Footprint=J1-0603 New Footprint=J1-0603
Change Physical Footprint: Designator=R4_Motor_Ind Old Footprint=J1-0603 New Footprint=J1-0603
Change Physical Footprint: Designator=R4_Sep_Ind Old Footprint=J1-0603 New Footprint=J1-0603
Change Physical Footprint: Designator=R5_Main Old Footprint=J1-0603 New Footprint=J1-0603
Change Physical Footprint: Designator=R5_Motor Old Footprint=J1-0603 New Footprint=J1-0603
Change Physical Footprint: Designator=R5_Sep Old Footprint=J1-0603 New Footprint=J1-0603
Change Physical Footprint: Designator=R6_Main Old Footprint=J1-0603 New Footprint=J1-0603
Change Physical Footprint: Designator=R6_Motor Old Footprint=J1-0603 New Footprint=J1-0603
Change Physical Footprint: Designator=R6_Sep Old Footprint=J1-0603 New Footprint=J1-0603
Change Physical Footprint: Designator=R7_Main Old Footprint=J1-0603 New Footprint=J1-0603
Change Physical Footprint: Designator=R7_Motor Old Footprint=J1-0603 New Footprint=J1-0603
Change Physical Footprint: Designator=R7_Sep Old Footprint=J1-0603 New Footprint=J1-0603
Change Physical Footprint: Designator=R8_Main Old Footprint=J1-0603 New Footprint=J1-0603
Change Physical Footprint: Designator=R8_Motor Old Footprint=J1-0603 New Footprint=J1-0603
Change Physical Footprint: Designator=R8_Sep Old Footprint=J1-0603 New Footprint=J1-0603
Change Physical Footprint: Designator=R9_Main Old Footprint=J1-0603 New Footprint=J1-0603
Change Physical Footprint: Designator=R9_Motor Old Footprint=J1-0603 New Footprint=J1-0603
Change Physical Footprint: Designator=R9_Sep Old Footprint=J1-0603 New Footprint=J1-0603
Change Physical Footprint: Designator=R10_Main Old Footprint=J1-0603 New Footprint=J1-0603
Change Physical Footprint: Designator=R10_Motor Old Footprint=J1-0603 New Footprint=J1-0603
Change Physical Footprint: Designator=R10_Sep Old Footprint=J1-0603 New Footprint=J1-0603
Change Physical Footprint: Designator=R11 Old Footprint=J1-0603 New Footprint=J1-0603
Change Physical Footprint: Designator=R12 Old Footprint=J1-0603 New Footprint=J1-0603
Change Physical Footprint: Designator=R13 Old Footprint=J1-0603 New Footprint=J1-0603
Change Physical Footprint: Designator=R14 Old Footprint=J1-0603 New Footprint=J1-0603
Change Physical Footprint: Designator=R15 Old Footprint=J1-0603 New Footprint=J1-0603
Change Physical Footprint: Designator=R16 Old Footprint=J1-0603 New Footprint=J1-0603
Change Physical Footprint: Designator=R17 Old Footprint=J1-0603 New Footprint=J1-0603
Change Physical Footprint: Designator=R18 Old Footprint=J1-0603 New Footprint=J1-0603
Change Physical Footprint: Designator=R19 Old Footprint=J1-0603 New Footprint=J1-0603
Change Physical Footprint: Designator=R20 Old Footprint=J1-0603 New Footprint=J1-0603
Change Physical Footprint: Designator=R21 Old Footprint=J1-0603 New Footprint=J1-0603
Change Physical Footprint: Designator=R22 Old Footprint=J1-0603 New Footprint=J1-0603
Change Physical Footprint: Designator=R23 Old Footprint=J1-0603 New Footprint=J1-0603
Change Physical Footprint: Designator=R24 Old Footprint=J1-0603 New Footprint=J1-0603
Change Physical Footprint: Designator=R25 Old Footprint=J1-0603 New Footprint=J1-0603
Change Physical Footprint: Designator=R26 Old Footprint=J1-0603 New Footprint=J1-0603
Change Physical Footprint: Designator=R27 Old Footprint=J1-0603 New Footprint=J1-0603
Change Physical Footprint: Designator=R28_U_ADC RC Network1 Old Footprint=J1-0603 New Footprint=J1-0603
Change Physical Footprint: Designator=R28_U_ADC RC Network2 Old Footprint=J1-0603 New Footprint=J1-0603
Change Physical Footprint: Designator=R28_U_ADC RC Network3 Old Footprint=J1-0603 New Footprint=J1-0603
Change Physical Footprint: Designator=R28_U_ADC RC Network4 Old Footprint=J1-0603 New Footprint=J1-0603
Change Physical Footprint: Designator=R28_U_ADC RC Network5 Old Footprint=J1-0603 New Footprint=J1-0603
Change Physical Footprint: Designator=R28_U_ADC RC Network6 Old Footprint=J1-0603 New Footprint=J1-0603
Change Physical Footprint: Designator=R28_U_ADC RC Network7 Old Footprint=J1-0603 New Footprint=J1-0603
Change Physical Footprint: Designator=R28_U_ADC RC Network8 Old Footprint=J1-0603 New Footprint=J1-0603
Change Physical Footprint: Designator=R29_U_ADC RC Network1 Old Footprint=J1-0603 New Footprint=J1-0603
Change Physical Footprint: Designator=R29_U_ADC RC Network2 Old Footprint=J1-0603 New Footprint=J1-0603
Change Physical Footprint: Designator=R29_U_ADC RC Network3 Old Footprint=J1-0603 New Footprint=J1-0603
Change Physical Footprint: Designator=R29_U_ADC RC Network4 Old Footprint=J1-0603 New Footprint=J1-0603
Change Physical Footprint: Designator=R29_U_ADC RC Network5 Old Footprint=J1-0603 New Footprint=J1-0603
Change Physical Footprint: Designator=R29_U_ADC RC Network6 Old Footprint=J1-0603 New Footprint=J1-0603
Change Physical Footprint: Designator=R29_U_ADC RC Network7 Old Footprint=J1-0603 New Footprint=J1-0603
Change Physical Footprint: Designator=R29_U_ADC RC Network8 Old Footprint=J1-0603 New Footprint=J1-0603
Change Physical Footprint: Designator=R30_U_ADC RC Network1 Old Footprint=J1-0603 New Footprint=J1-0603
Change Physical Footprint: Designator=R30_U_ADC RC Network2 Old Footprint=J1-0603 New Footprint=J1-0603
Change Physical Footprint: Designator=R30_U_ADC RC Network3 Old Footprint=J1-0603 New Footprint=J1-0603
Change Physical Footprint: Designator=R30_U_ADC RC Network4 Old Footprint=J1-0603 New Footprint=J1-0603
Change Physical Footprint: Designator=R30_U_ADC RC Network5 Old Footprint=J1-0603 New Footprint=J1-0603
Change Physical Footprint: Designator=R30_U_ADC RC Network6 Old Footprint=J1-0603 New Footprint=J1-0603
Change Physical Footprint: Designator=R30_U_ADC RC Network7 Old Footprint=J1-0603 New Footprint=J1-0603
Change Physical Footprint: Designator=R30_U_ADC RC Network8 Old Footprint=J1-0603 New Footprint=J1-0603
Change Physical Footprint: Designator=R31_U_ADC RC Network1 Old Footprint=J1-0603 New Footprint=J1-0603
Change Physical Footprint: Designator=R31_U_ADC RC Network2 Old Footprint=J1-0603 New Footprint=J1-0603
Change Physical Footprint: Designator=R31_U_ADC RC Network3 Old Footprint=J1-0603 New Footprint=J1-0603
Change Physical Footprint: Designator=R31_U_ADC RC Network4 Old Footprint=J1-0603 New Footprint=J1-0603
Change Physical Footprint: Designator=R31_U_ADC RC Network5 Old Footprint=J1-0603 New Footprint=J1-0603
Change Physical Footprint: Designator=R31_U_ADC RC Network6 Old Footprint=J1-0603 New Footprint=J1-0603
Change Physical Footprint: Designator=R31_U_ADC RC Network7 Old Footprint=J1-0603 New Footprint=J1-0603
Change Physical Footprint: Designator=R31_U_ADC RC Network8 Old Footprint=J1-0603 New Footprint=J1-0603
Change Physical Footprint: Designator=R32_U_Blue_LED1 Old Footprint=J1-0603 New Footprint=J1-0603
Change Physical Footprint: Designator=R32_U_Blue_LED2 Old Footprint=J1-0603 New Footprint=J1-0603
Change Physical Footprint: Designator=R32_U_Blue_LED3 Old Footprint=J1-0603 New Footprint=J1-0603
Change Physical Footprint: Designator=R33_U_Blue_LED1 Old Footprint=J1-0603 New Footprint=J1-0603
Change Physical Footprint: Designator=R33_U_Blue_LED2 Old Footprint=J1-0603 New Footprint=J1-0603
Change Physical Footprint: Designator=R33_U_Blue_LED3 Old Footprint=J1-0603 New Footprint=J1-0603
Change Physical Footprint: Designator=R37_LVCS Old Footprint=J1-0603 New Footprint=J1-0603
Change Physical Footprint: Designator=R37_LVMISO Old Footprint=J1-0603 New Footprint=J1-0603
Change Physical Footprint: Designator=R37_LVMOSI Old Footprint=J1-0603 New Footprint=J1-0603
Change Physical Footprint: Designator=R37_LVRX1 Old Footprint=J1-0603 New Footprint=J1-0603
Change Physical Footprint: Designator=R37_LVRX2 Old Footprint=J1-0603 New Footprint=J1-0603
Change Physical Footprint: Designator=R37_LVSCLK Old Footprint=J1-0603 New Footprint=J1-0603
Change Physical Footprint: Designator=R37_LVTX1 Old Footprint=J1-0603 New Footprint=J1-0603
Change Physical Footprint: Designator=R37_LVTX2 Old Footprint=J1-0603 New Footprint=J1-0603
Change Physical Footprint: Designator=R38_LVCS Old Footprint=J1-0603 New Footprint=J1-0603
Change Physical Footprint: Designator=R38_LVMISO Old Footprint=J1-0603 New Footprint=J1-0603
Change Physical Footprint: Designator=R38_LVMOSI Old Footprint=J1-0603 New Footprint=J1-0603
Change Physical Footprint: Designator=R38_LVRX1 Old Footprint=J1-0603 New Footprint=J1-0603
Change Physical Footprint: Designator=R38_LVRX2 Old Footprint=J1-0603 New Footprint=J1-0603
Change Physical Footprint: Designator=R38_LVSCLK Old Footprint=J1-0603 New Footprint=J1-0603
Change Physical Footprint: Designator=R38_LVTX1 Old Footprint=J1-0603 New Footprint=J1-0603
Change Physical Footprint: Designator=R38_LVTX2 Old Footprint=J1-0603 New Footprint=J1-0603
Change Physical Footprint: Designator=R41 Old Footprint=J1-0603 New Footprint=J1-0603
Change Physical Footprint: Designator=R42 Old Footprint=J1-0603 New Footprint=J1-0603
Change Physical Footprint: Designator=R43 Old Footprint=J1-0603 New Footprint=J1-0603
Change Physical Footprint: Designator=R44 Old Footprint=J1-0603 New Footprint=J1-0603
Change Physical Footprint: Designator=R45 Old Footprint=J1-0603 New Footprint=J1-0603
Change Physical Footprint: Designator=R46 Old Footprint=J1-0603 New Footprint=J1-0603
Change Physical Footprint: Designator=R47 Old Footprint=J1-0603 New Footprint=J1-0603
Change Physical Footprint: Designator=R48 Old Footprint=J1-0603 New Footprint=J1-0603
Change Physical Footprint: Designator=R49 Old Footprint=J1-0603 New Footprint=J1-0603
Change Physical Footprint: Designator=R50 Old Footprint=J1-0603 New Footprint=J1-0603
Change Physical Footprint: Designator=R51 Old Footprint=J1-0603 New Footprint=J1-0603
Change Physical Footprint: Designator=R52 Old Footprint=J1-0603 New Footprint=J1-0603
Change Physical Footprint: Designator=R53 Old Footprint=J1-0603 New Footprint=J1-0603
Change Physical Footprint: Designator=R54 Old Footprint=J1-0603 New Footprint=J1-0603
Change Physical Footprint: Designator=R55_Main Old Footprint=J1-0603 New Footprint=J1-0603
Change Physical Footprint: Designator=R55_Motor Old Footprint=J1-0603 New Footprint=J1-0603
Change Physical Footprint: Designator=R55_Sep Old Footprint=J1-0603 New Footprint=J1-0603
Change Physical Footprint: Designator=Raspberry Pi GPIO1 Old Footprint=RPI Through board connector New Footprint=RPI Through board connector
Change Physical Footprint: Designator=S1 Old Footprint=Screw Switch New Footprint=Screw Switch
Change Physical Footprint: Designator=S2 Old Footprint=Screw Switch New Footprint=Screw Switch
Change Physical Footprint: Designator=S3 Old Footprint=Screw Switch New Footprint=Screw Switch
Change Physical Footprint: Designator=S4 Old Footprint=*434153017835 New Footprint=*434153017835
Change Physical Footprint: Designator=SCLK/CS1 Old Footprint=Screw Terminal New Footprint=Screw Terminal
Change Physical Footprint: Designator=SQB_Main Old Footprint=Screw Terminal New Footprint=Screw Terminal
Change Physical Footprint: Designator=SQB_Motor Old Footprint=Screw Terminal New Footprint=Screw Terminal
Change Physical Footprint: Designator=SQB_Sep Old Footprint=Screw Terminal New Footprint=Screw Terminal
Change Physical Footprint: Designator=SW1 Old Footprint=Screw Terminal New Footprint=Screw Terminal
Change Physical Footprint: Designator=T1_U_ADC1 Old Footprint=Screw Terminal New Footprint=Screw Terminal
Change Physical Footprint: Designator=T1_U_ADC2 Old Footprint=Screw Terminal New Footprint=Screw Terminal
Change Physical Footprint: Designator=T2_U_ADC1 Old Footprint=Screw Terminal New Footprint=Screw Terminal
Change Physical Footprint: Designator=T2_U_ADC2 Old Footprint=Screw Terminal New Footprint=Screw Terminal
Change Physical Footprint: Designator=T3_Main_Ind Old Footprint=SOT95P280X125-3N New Footprint=SOT95P280X125-3N
Change Physical Footprint: Designator=T3_Motor_Ind Old Footprint=SOT95P280X125-3N New Footprint=SOT95P280X125-3N
Change Physical Footprint: Designator=T3_Sep_Ind Old Footprint=SOT95P280X125-3N New Footprint=SOT95P280X125-3N
Change Physical Footprint: Designator=T4_Main Old Footprint=SOT95P280X125-3N New Footprint=SOT95P280X125-3N
Change Physical Footprint: Designator=T4_Motor Old Footprint=SOT95P280X125-3N New Footprint=SOT95P280X125-3N
Change Physical Footprint: Designator=T4_Sep Old Footprint=SOT95P280X125-3N New Footprint=SOT95P280X125-3N
Change Physical Footprint: Designator=T5_Main Old Footprint=SOT95P280X125-3N New Footprint=SOT95P280X125-3N
Change Physical Footprint: Designator=T5_Motor Old Footprint=SOT95P280X125-3N New Footprint=SOT95P280X125-3N
Change Physical Footprint: Designator=T5_Sep Old Footprint=SOT95P280X125-3N New Footprint=SOT95P280X125-3N
Change Physical Footprint: Designator=T6 Old Footprint=SOT95P280X125-3N New Footprint=SOT95P280X125-3N
Change Physical Footprint: Designator=T7_U_Blue_LED1 Old Footprint=SOT95P280X125-3N New Footprint=SOT95P280X125-3N
Change Physical Footprint: Designator=T7_U_Blue_LED2 Old Footprint=SOT95P280X125-3N New Footprint=SOT95P280X125-3N
Change Physical Footprint: Designator=T7_U_Blue_LED3 Old Footprint=SOT95P280X125-3N New Footprint=SOT95P280X125-3N
Change Physical Footprint: Designator=T10 Old Footprint=SOT95P280X125-3N New Footprint=SOT95P280X125-3N
Change Physical Footprint: Designator=T11 Old Footprint=SOT95P280X125-3N New Footprint=SOT95P280X125-3N
Change Physical Footprint: Designator=U1 Old Footprint=LGA16R50P5X3_300X300X100N New Footprint=LGA16R50P5X3_300X300X100N
Change Physical Footprint: Designator=U2_U_ADC1 Old Footprint=SOP65P640X120-16N New Footprint=SOP65P640X120-16N
Change Physical Footprint: Designator=U2_U_ADC2 Old Footprint=SOP65P640X120-16N New Footprint=SOP65P640X120-16N
Change Physical Footprint: Designator=U3 Old Footprint=PQFN50P200X200X80-10N New Footprint=PQFN50P200X200X80-10N
Change Physical Footprint: Designator=U4 Old Footprint=LGA16R50P5X3_300X300X100N New Footprint=LGA16R50P5X3_300X300X100N
Change Physical Footprint: Designator=U5 Old Footprint=QFN New Footprint=QFN
Change Physical Footprint: Designator=U6 Old Footprint=*SOT230P700X180-3N New Footprint=*SOT230P700X180-3N
Change Physical Footprint: Designator=U7 Old Footprint=*MODULE_ESP32-WROOM-32D New Footprint=*MODULE_ESP32-WROOM-32D
Change Physical Footprint: Designator=U8 Old Footprint=*TO170P1435X465-6N New Footprint=*TO170P1435X465-6N
Change Physical Footprint: Designator=U9 Old Footprint=*TO170P1435X465-6N New Footprint=*TO170P1435X465-6N
Change Physical Footprint: Designator=U10 Old Footprint=*TO170P1435X465-6N New Footprint=*TO170P1435X465-6N
Change Physical Footprint: Designator=UART1_LVLESP Old Footprint=Screw Terminal New Footprint=Screw Terminal
Change Physical Footprint: Designator=UART1_LVLPI/ESP Old Footprint=Screw Terminal New Footprint=Screw Terminal
