Removed Member From Class: ClassName=ADC 1 Member=C9
Removed Member From Class: ClassName=ADC 1 Member=C10
Removed Member From Class: ClassName=ADC 2 Member=C28
Removed Member From Class: ClassName=AIN12 Member=C31
Removed Member From Class: ClassName=Squib_Managment Member=C31
Removed Member From Class: ClassName=AIN22 Member=C33
Removed Member From Class: ClassName=AIN32 Member=C35
Removed Member From Class: ClassName=AIN02 Member=C39
Removed Member From Class: ClassName=AIN01 Member=C40
Removed Member From Class: ClassName=ADC 2 Member=C43
Removed Member From Class: ClassName=ADC 2 Member=C45
Removed Member From Class: ClassName=AIN21 Member=C49
Removed Member From Class: ClassName=ESP Member=C49
Removed Member From Class: ClassName=ADC 2 Member=C52
Removed Member From Class: ClassName=Barometer Member=C52
Removed Member From Class: ClassName=ESP Member=C52
Removed Member From Class: ClassName=Squib_Managment Member=C52
Removed Member From Class: ClassName=Barometer Member=C53
Removed Member From Class: ClassName=ESP Member=C53
Removed Member From Class: ClassName=Squib_Managment Member=C53
Removed Member From Class: ClassName=ADC 2 Member=C54
Removed Member From Class: ClassName=Gyroscope Member=C54
Removed Member From Class: ClassName=ADC 2 Member=C55
Removed Member From Class: ClassName=Gyroscope Member=C55
Removed Member From Class: ClassName=Gyroscope Member=C56
Removed Member From Class: ClassName=ADC 2 Member=C57
Removed Member From Class: ClassName=Gyroscope Member=C57
Removed Member From Class: ClassName=Magnetometer Member=C58
Removed Member From Class: ClassName=ADC 2 Member=C59
Removed Member From Class: ClassName=Magnetometer Member=C59
Removed Member From Class: ClassName=AIN11 Member=C60
Removed Member From Class: ClassName=ESP Member=C60
Removed Member From Class: ClassName=PWR Member=C60
Removed Member From Class: ClassName=Squib_Managment Member=C60
Removed Member From Class: ClassName=ESP Member=C61
Removed Member From Class: ClassName=PWR Member=C61
Removed Member From Class: ClassName=Squib_Managment Member=C61
Removed Member From Class: ClassName=PWR Member=C62
Removed Member From Class: ClassName=ESP Member=C63
Removed Member From Class: ClassName=PWR Member=C63
Removed Member From Class: ClassName=Squib_Managment Member=C63
Removed Member From Class: ClassName=AIN31 Member=C64
Removed Member From Class: ClassName=ESP Member=C64
Removed Member From Class: ClassName=PWR Member=C64
Removed Member From Class: ClassName=Squib_Managment Member=C64
Removed Member From Class: ClassName=ESP Member=C65
Removed Member From Class: ClassName=ESP Member=C66
Removed Member From Class: ClassName=Squib_Managment Member=D1
Removed Member From Class: ClassName=U_ESP power Member=D1
Removed Member From Class: ClassName=ERR_IndESP Member=D2
Removed Member From Class: ClassName=ERR_IndPi Member=D10
Removed Member From Class: ClassName=Main_Ind Member=D11
Removed Member From Class: ClassName=Motor_Squib Member=J5
Removed Member From Class: ClassName=Main_Squib Member=J12
Removed Member From Class: ClassName=ADC 2 Member=J17
Removed Member From Class: ClassName=Main Member=J18
Removed Member From Class: ClassName=Main_Squib Member=Q1
Removed Member From Class: ClassName=Main_Squib Member=Q2
Removed Member From Class: ClassName=AIN02 Member=R53
Removed Member From Class: ClassName=AIN02 Member=R54
Removed Member From Class: ClassName=AIN02 Member=R55
Removed Member From Class: ClassName=Squib_Managment Member=R55
Removed Member From Class: ClassName=AIN01 Member=R56
Removed Member From Class: ClassName=Squib_Managment Member=R56
Removed Member From Class: ClassName=AIN01 Member=R57
Removed Member From Class: ClassName=Squib_Managment Member=R57
Removed Member From Class: ClassName=AIN12 Member=R65
Removed Member From Class: ClassName=AIN11 Member=R67
Removed Member From Class: ClassName=AIN11 Member=R70
Removed Member From Class: ClassName=AIN22 Member=R72
Removed Member From Class: ClassName=Squib_Managment Member=R72
Removed Member From Class: ClassName=AIN22 Member=R73
Removed Member From Class: ClassName=Squib_Managment Member=R73
Removed Member From Class: ClassName=AIN21 Member=R76
Removed Member From Class: ClassName=AIN21 Member=R78
Removed Member From Class: ClassName=AIN21 Member=R80
Removed Member From Class: ClassName=Squib_Managment Member=R80
Removed Member From Class: ClassName=AIN32 Member=R83
Removed Member From Class: ClassName=AIN31 Member=R87
Removed Member From Class: ClassName=AIN31 Member=R88
Removed Member From Class: ClassName=AIN22 Member=R89
Removed Member From Class: ClassName=ESP Member=R89
Removed Member From Class: ClassName=AIN22 Member=R90
Removed Member From Class: ClassName=ESP Member=R90
Removed Member From Class: ClassName=U_ESP power Member=R97
Removed Member From Class: ClassName=ESP Member=R98
Removed Member From Class: ClassName=U_ESP power Member=R98
Removed Member From Class: ClassName=AIN21 Member=R99
Removed Member From Class: ClassName=ESP Member=R99
Removed Member From Class: ClassName=Squib_Managment Member=R99
Removed Member From Class: ClassName=U_ESP power Member=R99
Removed Member From Class: ClassName=ESP Member=R100
Removed Member From Class: ClassName=Squib_Managment Member=R100
Removed Member From Class: ClassName=U_ESP power Member=R100
Removed Member From Class: ClassName=ESP Member=R101
Removed Member From Class: ClassName=Squib_Managment Member=R101
Removed Member From Class: ClassName=ESP Member=R102
Removed Member From Class: ClassName=U_ESP power Member=R103
Removed Member From Class: ClassName=AIN01 Member=R111
Removed Member From Class: ClassName=ESP Member=R111
Removed Member From Class: ClassName=Squib_Managment Member=R111
Removed Member From Class: ClassName=AIN01 Member=R112
Removed Member From Class: ClassName=ESP Member=R112
Removed Member From Class: ClassName=Squib_Managment Member=R112
Removed Member From Class: ClassName=AIN01 Member=R113
Removed Member From Class: ClassName=ESP Member=R113
Removed Member From Class: ClassName=Squib_Managment Member=R113
Removed Member From Class: ClassName=AIN12 Member=R114
Removed Member From Class: ClassName=ESP Member=R114
Removed Member From Class: ClassName=Squib_Managment Member=R114
Removed Member From Class: ClassName=AIN12 Member=R115
Removed Member From Class: ClassName=ESP Member=R115
Removed Member From Class: ClassName=Squib_Managment Member=R115
Removed Member From Class: ClassName=AIN12 Member=R116
Removed Member From Class: ClassName=ESP Member=R116
Removed Member From Class: ClassName=Squib_Managment Member=R116
Removed Member From Class: ClassName=AIN12 Member=R117
Removed Member From Class: ClassName=ESP Member=R117
Removed Member From Class: ClassName=Squib_Managment Member=R117
Removed Member From Class: ClassName=ESP Member=R118
Removed Member From Class: ClassName=Squib_Managment Member=R118
Removed Member From Class: ClassName=AIN11 Member=R119
Removed Member From Class: ClassName=ESP Member=R119
Removed Member From Class: ClassName=Squib_Managment Member=R119
Removed Member From Class: ClassName=ESP Member=R120
Removed Member From Class: ClassName=AIN32 Member=R121
Removed Member From Class: ClassName=ESP Member=R121
Removed Member From Class: ClassName=Squib_Managment Member=R121
Removed Member From Class: ClassName=AIN32 Member=R122
Removed Member From Class: ClassName=ESP Member=R122
Removed Member From Class: ClassName=Squib_Managment Member=R122
Removed Member From Class: ClassName=ESP Member=R123
Removed Member From Class: ClassName=AIN32 Member=R124
Removed Member From Class: ClassName=ESP Member=R124
Removed Member From Class: ClassName=Squib_Managment Member=R124
Removed Member From Class: ClassName=AIN32 Member=R125
Removed Member From Class: ClassName=ESP Member=R125
Removed Member From Class: ClassName=Squib_Managment Member=R125
Removed Member From Class: ClassName=AIN31 Member=R126
Removed Member From Class: ClassName=ESP Member=R126
Removed Member From Class: ClassName=Squib_Managment Member=R126
Removed Member From Class: ClassName=AIN21 Member=R127
Removed Member From Class: ClassName=ESP Member=R127
Removed Member From Class: ClassName=PWR Member=R128
Removed Member From Class: ClassName=PWR Member=R129
Removed Member From Class: ClassName=PWR Member=R130
Removed Member From Class: ClassName=PWR Member=R131
Removed Member From Class: ClassName=PWR Member=R132
Removed Member From Class: ClassName=PWR Member=R133
Removed Member From Class: ClassName=PWR Member=R134
Removed Member From Class: ClassName=AIN11 Member=R155
Removed Member From Class: ClassName=ESP Member=R155
Removed Member From Class: ClassName=Squib_Managment Member=R155
Removed Member From Class: ClassName=AIN11 Member=R156
Removed Member From Class: ClassName=ESP Member=R156
Removed Member From Class: ClassName=Squib_Managment Member=R156
Removed Member From Class: ClassName=ESP Member=R157
Removed Member From Class: ClassName=AIN22 Member=R158
Removed Member From Class: ClassName=ESP Member=R158
Removed Member From Class: ClassName=Squib_Managment Member=R158
Removed Member From Class: ClassName=ESP Member=T1
Removed Member From Class: ClassName=Squib_Managment Member=T1
Removed Member From Class: ClassName=ESP Member=T2
Removed Member From Class: ClassName=Squib_Managment Member=T2
Removed Member From Class: ClassName=U_ESP power Member=T2
Removed Member From Class: ClassName=Main_Squib Member=T3
Removed Member From Class: ClassName=U_ESP power Member=T3
Removed Member From Class: ClassName=Motor_Squib Member=T6
Removed Member From Class: ClassName=Main_Squib Member=T8
Removed Member From Class: ClassName=ADC 1 Member=U2
Removed Member From Class: ClassName=Gyroscope Member=U5
Removed Member From Class: ClassName=ADC 2 Member=U7
Removed Member From Class: ClassName=Barometer Member=U7
Removed Member From Class: ClassName=ESP Member=U9
Removed Member From Class: ClassName=Magnetometer Member=U9
Removed Member From Class: ClassName=PWR Member=U13
Change Component Footprint: Designator=R112 Old Footprint=0603 to 0805 SMD New Footprint=0603 Footprint
Change Component Footprint: Designator=R113 Old Footprint=0603 to 0805 SMD New Footprint=0603 Footprint
Change Component Footprint: Designator=R114 Old Footprint=0603 to 0805 SMD New Footprint=0603 Footprint
Change Component Footprint: Designator=R115 Old Footprint=0603 to 0805 SMD New Footprint=0603 Footprint
Change Component Footprint: Designator=R118 Old Footprint=0603 to 0805 SMD New Footprint=0603 Footprint
Change Component Footprint: Designator=R119 Old Footprint=0603 to 0805 SMD New Footprint=0603 Footprint
Added Member To Class: ClassName=ADC 1 Member=Component C1 (C3) Cap
Added Member To Class: ClassName=ADC 1 Member=Component C2 (C4) Cap
Added Member To Class: ClassName=ADC 2 Member=Component C11 (C3) Cap
Added Member To Class: ClassName=ADC 2 Member=Component C12 (C4) Cap
Added Member To Class: ClassName=ADC 2 Member=Component C13 (C5) Cap
Added Member To Class: ClassName=ADC 2 Member=Component C14 (C6) Cap
Added Member To Class: ClassName=ADC 2 Member=Component C15 (C7) Cap
Added Member To Class: ClassName=ADC 2 Member=Component C16 (C8) Cap
Added Member To Class: ClassName=ADC 2 Member=Component C17 (C9) Cap
Added Member To Class: ClassName=ADC 2 Member=Component C18 (C10) Cap
Added Member To Class: ClassName=AIN02 Member=Component C19 (C31) Cap
Added Member To Class: ClassName=AIN01 Member=Component C20 (C31) Cap
Added Member To Class: ClassName=AIN12 Member=Component C21 (C31) Cap
Added Member To Class: ClassName=AIN11 Member=Component C22 (C31) Cap
Added Member To Class: ClassName=AIN22 Member=Component C23 (C31) Cap
Added Member To Class: ClassName=AIN21 Member=Component C24 (C31) Cap
Added Member To Class: ClassName=AIN32 Member=Component C25 (C31) Cap
Added Member To Class: ClassName=AIN31 Member=Component C26 (C31) Cap
Added Member To Class: ClassName=Barometer Member=Component C27 (C11) Cap
Added Member To Class: ClassName=Barometer Member=Component C28 (C12) Cap
Added Member To Class: ClassName=ESP Member=Component C29 (C19) Cap
Added Member To Class: ClassName=ESP Member=Component C30 (C20) Cap
Added Member To Class: ClassName=ESP Member=Component C32 (C22) Cap
Added Member To Class: ClassName=ESP Member=Component C33 (C23) Cap
Added Member To Class: ClassName=ESP Member=Component C34 (C24) Cap
Added Member To Class: ClassName=ESP Member=Component C35 (C25) Cap
Added Member To Class: ClassName=ESP Member=Component C36 (C26) Cap
Added Member To Class: ClassName=ESP Member=Component C37 (C27) Cap
Added Member To Class: ClassName=ESP Member=Component C38 (C28) Cap
Added Member To Class: ClassName=Gyroscope Member=Component C41 (C13) Cap
Added Member To Class: ClassName=Gyroscope Member=Component C42 (C14) Cap
Added Member To Class: ClassName=Gyroscope Member=Component C43 (C15) Cap
Added Member To Class: ClassName=Gyroscope Member=Component C44 (C16) Cap
Added Member To Class: ClassName=Magnetometer Member=Component C45 (C17) Cap
Added Member To Class: ClassName=Magnetometer Member=Component C46 (C18) Cap
Added Member To Class: ClassName=PWR Member=Component C47 (C32) Cap
Added Member To Class: ClassName=PWR Member=Component C48 (C33) Cap
Added Member To Class: ClassName=PWR Member=Component C49 (C34) Cap
Added Member To Class: ClassName=PWR Member=Component C50 (C35) Cap
Added Member To Class: ClassName=PWR Member=Component C51 (C36) Cap
Added Member To Class: ClassName=U_ESP power Member=Component D2 (D5) Buck Diode
Added Member To Class: ClassName=ERR_IndPi Member=Component D4 (D1) LED_R
Added Member To Class: ClassName=ERR_IndESP Member=Component D5 (D1) LED_R
Added Member To Class: ClassName=Main_Ind Member=Component D7 (D6) LED_R
Added Member To Class: ClassName=ADC 2 Member=Component J4 (J2) Screw Terminal
Added Member To Class: ClassName=Main Member=Component J5 (J15) PiGPIOBreakout
Added Member To Class: ClassName=U_Power IO Member=Component J8 (J9) Screw Terminal
Added Member To Class: ClassName=Main_Squib Member=Component J14 (J3) Screw Terminal
Added Member To Class: ClassName=Motor_Squib Member=Component J15 (J3) Screw Terminal
Added Member To Class: ClassName=PWR Member=Component Q3 (Q4) N-Channel
Added Member To Class: ClassName=Main_Squib Member=Component Q4 (Q1) P-Channel
Added Member To Class: ClassName=Main_Squib Member=Component Q5 (Q2) P-Channel
Added Member To Class: ClassName=AIN02 Member=Component R15 (R53) Res3
Added Member To Class: ClassName=AIN02 Member=Component R16 (R54) Res3
Added Member To Class: ClassName=AIN02 Member=Component R17 (R55) Res3
Added Member To Class: ClassName=AIN01 Member=Component R18 (R51) Res3
Added Member To Class: ClassName=AIN01 Member=Component R19 (R52) Res3
Added Member To Class: ClassName=AIN01 Member=Component R20 (R53) Res3
Added Member To Class: ClassName=AIN01 Member=Component R21 (R54) Res3
Added Member To Class: ClassName=AIN01 Member=Component R22 (R55) Res3
Added Member To Class: ClassName=AIN12 Member=Component R23 (R51) Res3
Added Member To Class: ClassName=AIN12 Member=Component R24 (R52) Res3
Added Member To Class: ClassName=AIN12 Member=Component R25 (R53) Res3
Added Member To Class: ClassName=AIN12 Member=Component R26 (R54) Res3
Added Member To Class: ClassName=AIN12 Member=Component R27 (R55) Res3
Added Member To Class: ClassName=AIN11 Member=Component R28 (R51) Res3
Added Member To Class: ClassName=AIN11 Member=Component R29 (R52) Res3
Added Member To Class: ClassName=AIN11 Member=Component R30 (R53) Res3
Added Member To Class: ClassName=AIN11 Member=Component R31 (R54) Res3
Added Member To Class: ClassName=AIN11 Member=Component R32 (R55) Res3
Added Member To Class: ClassName=AIN22 Member=Component R33 (R51) Res3
Added Member To Class: ClassName=AIN22 Member=Component R34 (R52) Res3
Added Member To Class: ClassName=AIN22 Member=Component R35 (R53) Res3
Added Member To Class: ClassName=AIN22 Member=Component R36 (R54) Res3
Added Member To Class: ClassName=AIN22 Member=Component R37 (R55) Res3
Added Member To Class: ClassName=AIN21 Member=Component R38 (R51) Res3
Added Member To Class: ClassName=AIN21 Member=Component R39 (R52) Res3
Added Member To Class: ClassName=AIN21 Member=Component R40 (R53) Res3
Added Member To Class: ClassName=AIN21 Member=Component R41 (R54) Res3
Added Member To Class: ClassName=AIN21 Member=Component R42 (R55) Res3
Added Member To Class: ClassName=AIN32 Member=Component R43 (R51) Res3
Added Member To Class: ClassName=AIN32 Member=Component R44 (R52) Res3
Added Member To Class: ClassName=AIN32 Member=Component R45 (R53) Res3
Added Member To Class: ClassName=AIN32 Member=Component R46 (R54) Res3
Added Member To Class: ClassName=AIN32 Member=Component R47 (R55) Res3
Added Member To Class: ClassName=AIN31 Member=Component R48 (R51) Res3
Added Member To Class: ClassName=AIN31 Member=Component R49 (R52) Res3
Added Member To Class: ClassName=AIN31 Member=Component R50 (R53) Res3
Added Member To Class: ClassName=ESP Member=Component R58 (R20) Res3
Added Member To Class: ClassName=ESP Member=Component R59 (R21) Res3
Added Member To Class: ClassName=ESP Member=Component R60 (R22) Res3
Added Member To Class: ClassName=ESP Member=Component R61 (R23) Res3
Added Member To Class: ClassName=ESP Member=Component R62 (R24) Res3
Added Member To Class: ClassName=ESP Member=Component R63 (R25) Res3
Added Member To Class: ClassName=ESP Member=Component R64 (R26) Res3
Added Member To Class: ClassName=ESP Member=Component R65 (R27) Res3
Added Member To Class: ClassName=ESP Member=Component R66 (R28) Res3
Added Member To Class: ClassName=ESP Member=Component R67 (R29) Res3
Added Member To Class: ClassName=ESP Member=Component R68 (R30) Res3
Added Member To Class: ClassName=ESP Member=Component R69 (R31) Res3
Added Member To Class: ClassName=ESP Member=Component R70 (R32) Res3
Added Member To Class: ClassName=ESP Member=Component R71 (R33) Res3
Added Member To Class: ClassName=ESP Member=Component R74 (R36) Res3
Added Member To Class: ClassName=ESP Member=Component R75 (R37) Res3
Added Member To Class: ClassName=ESP Member=Component R76 (R38) Res3
Added Member To Class: ClassName=ESP Member=Component R77 (R39) Res3
Added Member To Class: ClassName=ESP Member=Component R78 (R40) Res3
Added Member To Class: ClassName=ESP Member=Component R79 (R41) Res3
Added Member To Class: ClassName=ESP Member=Component R81 (R43) Res3
Added Member To Class: ClassName=ESP Member=Component R82 (R44) Res3
Added Member To Class: ClassName=ESP Member=Component R83 (R45) Res3
Added Member To Class: ClassName=ESP Member=Component R84 (R46) Res3
Added Member To Class: ClassName=ESP Member=Component R85 (R47) Res3
Added Member To Class: ClassName=ESP Member=Component R86 (R48) Res3
Added Member To Class: ClassName=ESP Member=Component R87 (R49) Res3
Added Member To Class: ClassName=ESP Member=Component R88 (R50) Res3
Added Member To Class: ClassName=U_ESP power Member=Component R89 (R74) Res3
Added Member To Class: ClassName=U_ESP power Member=Component R90 (R75) Res3
Added Member To Class: ClassName=U_ESP power Member=Component R91 (R76) Res3
Added Member To Class: ClassName=U_ESP power Member=Component R92 (R77) Res3
Added Member To Class: ClassName=U_ESP power Member=Component R93 (R78) Res3
Added Member To Class: ClassName=Main Member=Component R94 (R87) Res3
Added Member To Class: ClassName=Main Member=Component R95 (R88) Res3
Added Member To Class: ClassName=Main Member=Component R96 (R89) Res3
Added Member To Class: ClassName=ESP Member=Component T3 (T5) MMBT2222ALT1
Added Member To Class: ClassName=ESP Member=Component T4 (T6) MMBT2222ALT1
Added Member To Class: ClassName=U_ESP power Member=Component T5 (T10) MMBT2222ALT1
Added Member To Class: ClassName=U_ESP power Member=Component T6 (T11) MMBT2222ALT1
Added Member To Class: ClassName=Main_Squib Member=Component T9 (T1) MMBT2222ALT1
Added Member To Class: ClassName=Main_Squib Member=Component T10 (T2) MMBT2222ALT1
Added Member To Class: ClassName=Motor_Squib Member=Component T11 (T1) MMBT2222ALT1
Added Member To Class: ClassName=ADC 1 Member=Component U1 (U2) Analog to Digital Converter
Added Member To Class: ClassName=ADC 2 Member=Component U3 (U2) Analog to Digital Converter
Added Member To Class: ClassName=Barometer Member=Component U4 (U3) BMP388
Added Member To Class: ClassName=ESP Member=Component U6 (U7) ESP32-WROOM-32D
Added Member To Class: ClassName=Gyroscope Member=Component U7 (U4) L3GD20H
Added Member To Class: ClassName=Magnetometer Member=Component U8 (U5) MLX90393
Added Member To Class: ClassName=PWR Member=Component U9 (U8) ACS70331EESATR-005B3
Added Room: Name=Accelerometer
Added Room: Name=ACT_IND
Added Room: Name=ACT_IndESP
Added Room: Name=ADC 1
Added Room: Name=ADC 2
Added Room: Name=AIN01
Added Room: Name=AIN02
Added Room: Name=AIN11
Added Room: Name=AIN12
Added Room: Name=AIN21
Added Room: Name=AIN22
Added Room: Name=AIN31
Added Room: Name=AIN32
Added Room: Name=Barometer
Added Room: Name=Buzzer
Added Room: Name=ERR_IndESP
Added Room: Name=ERR_IndPi
Added Room: Name=ESP
Added Room: Name=ESP UART Output
Added Room: Name=Gyroscope
Added Room: Name=Magnetometer
Added Room: Name=Main
Added Room: Name=Main_IND
Added Room: Name=Main_Squib
Added Room: Name=Motor_IND
Added Room: Name=Motor_Squib
Added Room: Name=PWR
Added Room: Name=Regulators
Added Room: Name=Sep_IND
Added Room: Name=Sep_Squib
Added Room: Name=SPI Output
Added Room: Name=Squib_Managment
Added Room: Name=U_ESP power
Added Room: Name=U_Power IO
Added Room: Name=UART
Added Room: Name=UART EXT
Added Room: Name=Voltage_Indicator1
Added Room: Name=Voltage_Indicator2
Added Room: Name=Voltage_Indicator3
