Removed Member From Class: ClassName=ADC 2 Member=C4
Removed Member From Class: ClassName=Accelerometer Member=C8
Removed Member From Class: ClassName=ADC 2 Member=C8
Removed Member From Class: ClassName=ADC 1 Member=C14
Removed Member From Class: ClassName=Accelerometer Member=C17
Removed Member From Class: ClassName=ADC 1 Member=C17
Removed Member From Class: ClassName=ESP Member=C23
Removed Member From Class: ClassName=ADC 1 Member=C27
Removed Member From Class: ClassName=ADC 2 Member=C27
Removed Member From Class: ClassName=AIN01 Member=C30
Removed Member From Class: ClassName=AIN02 Member=C33
Removed Member From Class: ClassName=AIN12 Member=C33
Removed Member From Class: ClassName=AIN22 Member=C33
Removed Member From Class: ClassName=ADC 2 Member=C41
Removed Member From Class: ClassName=ADC 1 Member=C43
Removed Member From Class: ClassName=ADC 2 Member=C43
Removed Member From Class: ClassName=AIN21 Member=C49
Removed Member From Class: ClassName=ESP Member=C49
Removed Member From Class: ClassName=ESP Member=C52
Removed Member From Class: ClassName=ESP Member=C53
Removed Member From Class: ClassName=Gyroscope Member=C55
Removed Member From Class: ClassName=Gyroscope Member=C57
Removed Member From Class: ClassName=Magnetometer Member=C58
Removed Member From Class: ClassName=AIN11 Member=C60
Removed Member From Class: ClassName=ESP Member=C60
Removed Member From Class: ClassName=PWR Member=C60
Removed Member From Class: ClassName=AIN32 Member=C63
Removed Member From Class: ClassName=ESP Member=C63
Removed Member From Class: ClassName=PWR Member=C63
Removed Member From Class: ClassName=AIN31 Member=C64
Removed Member From Class: ClassName=ESP Member=C64
Removed Member From Class: ClassName=PWR Member=C64
Removed Member From Class: ClassName=ERR_IndESP Member=D1
Removed Member From Class: ClassName=U_ESP power Member=D1
Removed Member From Class: ClassName=ACT_IND Member=D8
Removed Member From Class: ClassName=Main_Ind Member=D8
Removed Member From Class: ClassName=ERR_IndPi Member=D10
Removed Member From Class: ClassName=ACT_IndESP Member=D13
Removed Member From Class: ClassName=Voltage_Indicator3 Member=D13
Removed Member From Class: ClassName=ADC 1 Member=J4
Removed Member From Class: ClassName=ADC 1 Member=J5
Removed Member From Class: ClassName=ADC 2 Member=J5
Removed Member From Class: ClassName=Main_Squib Member=J5
Removed Member From Class: ClassName=Motor_Squib Member=J5
Removed Member From Class: ClassName=U_Power IO Member=J19
Removed Member From Class: ClassName=Main_Squib Member=Q3
Removed Member From Class: ClassName=Main_Squib Member=Q6
Removed Member From Class: ClassName=Sep_Squib Member=Q6
Removed Member From Class: ClassName=U_ESP power Member=Q6
Removed Member From Class: ClassName=PWR Member=Q7
Removed Member From Class: ClassName=ADC 1 Member=R9
Removed Member From Class: ClassName=Buzzer Member=R15
Removed Member From Class: ClassName=AIN02 Member=R36
Removed Member From Class: ClassName=Buzzer Member=R41
Removed Member From Class: ClassName=ESP Member=R42
Removed Member From Class: ClassName=AIN12 Member=R62
Removed Member From Class: ClassName=AIN02 Member=R63
Removed Member From Class: ClassName=AIN12 Member=R63
Removed Member From Class: ClassName=AIN11 Member=R67
Removed Member From Class: ClassName=AIN11 Member=R68
Removed Member From Class: ClassName=AIN22 Member=R71
Removed Member From Class: ClassName=AIN22 Member=R75
Removed Member From Class: ClassName=AIN02 Member=R76
Removed Member From Class: ClassName=AIN21 Member=R76
Removed Member From Class: ClassName=AIN31 Member=R76
Removed Member From Class: ClassName=AIN21 Member=R77
Removed Member From Class: ClassName=AIN32 Member=R83
Removed Member From Class: ClassName=AIN32 Member=R84
Removed Member From Class: ClassName=AIN31 Member=R88
Removed Member From Class: ClassName=U_ESP power Member=R98
Removed Member From Class: ClassName=U_ESP power Member=R99
Removed Member From Class: ClassName=AIN21 Member=R100
Removed Member From Class: ClassName=ESP Member=R100
Removed Member From Class: ClassName=U_ESP power Member=R100
Removed Member From Class: ClassName=AIN31 Member=R101
Removed Member From Class: ClassName=ESP Member=R101
Removed Member From Class: ClassName=AIN22 Member=R103
Removed Member From Class: ClassName=ESP Member=R103
Removed Member From Class: ClassName=U_ESP power Member=R103
Removed Member From Class: ClassName=ADC 1 Member=R104
Removed Member From Class: ClassName=ADC 2 Member=R104
Removed Member From Class: ClassName=ERR_IndESP Member=R105
Removed Member From Class: ClassName=AIN21 Member=R109
Removed Member From Class: ClassName=ESP Member=R109
Removed Member From Class: ClassName=Main_Ind Member=R109
Removed Member From Class: ClassName=AIN01 Member=R111
Removed Member From Class: ClassName=ESP Member=R111
Removed Member From Class: ClassName=AIN01 Member=R112
Removed Member From Class: ClassName=ESP Member=R112
Removed Member From Class: ClassName=AIN01 Member=R113
Removed Member From Class: ClassName=ESP Member=R113
Removed Member From Class: ClassName=AIN12 Member=R114
Removed Member From Class: ClassName=ESP Member=R114
Removed Member From Class: ClassName=AIN12 Member=R117
Removed Member From Class: ClassName=ESP Member=R117
Removed Member From Class: ClassName=AIN02 Member=R118
Removed Member From Class: ClassName=AIN12 Member=R118
Removed Member From Class: ClassName=ESP Member=R118
Removed Member From Class: ClassName=AIN11 Member=R119
Removed Member From Class: ClassName=ESP Member=R119
Removed Member From Class: ClassName=AIN32 Member=R121
Removed Member From Class: ClassName=ESP Member=R121
Removed Member From Class: ClassName=AIN32 Member=R122
Removed Member From Class: ClassName=ESP Member=R122
Removed Member From Class: ClassName=AIN32 Member=R125
Removed Member From Class: ClassName=ESP Member=R125
Removed Member From Class: ClassName=AIN31 Member=R126
Removed Member From Class: ClassName=ESP Member=R126
Removed Member From Class: ClassName=AIN21 Member=R127
Removed Member From Class: ClassName=ESP Member=R127
Removed Member From Class: ClassName=Sep_Squib Member=R129
Removed Member From Class: ClassName=ADC 1 Member=R130
Removed Member From Class: ClassName=ADC 2 Member=R130
Removed Member From Class: ClassName=Sep_Squib Member=R130
Removed Member From Class: ClassName=Sep_Squib Member=R131
Removed Member From Class: ClassName=AIN02 Member=R134
Removed Member From Class: ClassName=AIN31 Member=R134
Removed Member From Class: ClassName=Sep_Squib Member=R134
Removed Member From Class: ClassName=Main_Squib Member=R137
Removed Member From Class: ClassName=Sep_Squib Member=R137
Removed Member From Class: ClassName=ADC 1 Member=R138
Removed Member From Class: ClassName=ADC 2 Member=R138
Removed Member From Class: ClassName=Sep_Squib Member=R139
Removed Member From Class: ClassName=Sep_Squib Member=R140
Removed Member From Class: ClassName=ADC 1 Member=R142
Removed Member From Class: ClassName=ADC 2 Member=R142
Removed Member From Class: ClassName=ADC 1 Member=R146
Removed Member From Class: ClassName=ADC 2 Member=R146
Removed Member From Class: ClassName=Voltage_Indicator3 Member=R149
Removed Member From Class: ClassName=Voltage_Indicator3 Member=R150
Removed Member From Class: ClassName=AIN01 Member=R152
Removed Member From Class: ClassName=ESP Member=R152
Removed Member From Class: ClassName=AIN01 Member=R153
Removed Member From Class: ClassName=ESP Member=R153
Removed Member From Class: ClassName=AIN11 Member=R156
Removed Member From Class: ClassName=ESP Member=R156
Removed Member From Class: ClassName=AIN11 Member=R157
Removed Member From Class: ClassName=ESP Member=R157
Removed Member From Class: ClassName=AIN22 Member=R159
Removed Member From Class: ClassName=ESP Member=R159
Removed Member From Class: ClassName=AIN22 Member=R162
Removed Member From Class: ClassName=ESP Member=R162
Removed Member From Class: ClassName=ESP UART Output Member=R162
Removed Member From Class: ClassName=Main_Squib Member=T3
Removed Member From Class: ClassName=U_ESP power Member=T3
Removed Member From Class: ClassName=Motor_Squib Member=T6
Removed Member From Class: ClassName=Sep_Squib Member=T6
Removed Member From Class: ClassName=Sep_Squib Member=T12
Removed Member From Class: ClassName=Buzzer Member=T13
Removed Member From Class: ClassName=Buzzer Member=T14
Removed Member From Class: ClassName=ESP Member=T14
Removed Member From Class: ClassName=Voltage_Indicator3 Member=T16
Removed Member From Class: ClassName=Main_Squib Member=T17
Removed Member From Class: ClassName=PWR Member=T17
Removed Member From Class: ClassName=Accelerometer Member=U1
Removed Member From Class: ClassName=ADC 2 Member=U1
Removed Member From Class: ClassName=Barometer Member=U7
Removed Member From Class: ClassName=Magnetometer Member=U13
Removed Member From Class: ClassName=PWR Member=U13
Added Member To Class: ClassName=ADC 1 Member=Component C3 (C5) Cap
Added Member To Class: ClassName=ADC 1 Member=Component C5 (C7) Cap
Added Member To Class: ClassName=ADC 1 Member=Component C6 (C8) Cap
Added Member To Class: ClassName=ADC 1 Member=Component C7 (C9) Cap
Added Member To Class: ClassName=Accelerometer Member=Component C9 (C1) Cap
Added Member To Class: ClassName=Accelerometer Member=Component C10 (C2) Cap
Added Member To Class: ClassName=ADC 2 Member=Component C11 (C3) Cap
Added Member To Class: ClassName=ADC 2 Member=Component C12 (C4) Cap
Added Member To Class: ClassName=ADC 2 Member=Component C15 (C7) Cap
Added Member To Class: ClassName=ADC 2 Member=Component C16 (C8) Cap
Added Member To Class: ClassName=ADC 2 Member=Component C17 (C9) Cap
Added Member To Class: ClassName=AIN02 Member=Component C19 (C31) Cap
Added Member To Class: ClassName=AIN01 Member=Component C20 (C31) Cap
Added Member To Class: ClassName=AIN12 Member=Component C21 (C31) Cap
Added Member To Class: ClassName=AIN11 Member=Component C22 (C31) Cap
Added Member To Class: ClassName=AIN22 Member=Component C23 (C31) Cap
Added Member To Class: ClassName=AIN21 Member=Component C24 (C31) Cap
Added Member To Class: ClassName=AIN32 Member=Component C25 (C31) Cap
Added Member To Class: ClassName=AIN31 Member=Component C26 (C31) Cap
Added Member To Class: ClassName=ESP Member=Component C31 (C21) Cap
Added Member To Class: ClassName=ESP Member=Component C32 (C22) Cap
Added Member To Class: ClassName=ESP Member=Component C34 (C24) Cap
Added Member To Class: ClassName=ESP Member=Component C35 (C25) Cap
Added Member To Class: ClassName=ESP Member=Component C36 (C26) Cap
Added Member To Class: ClassName=ESP Member=Component C37 (C27) Cap
Added Member To Class: ClassName=ESP Member=Component C38 (C28) Cap
Added Member To Class: ClassName=Gyroscope Member=Component C42 (C14) Cap
Added Member To Class: ClassName=Gyroscope Member=Component C44 (C16) Cap
Added Member To Class: ClassName=Magnetometer Member=Component C45 (C17) Cap
Added Member To Class: ClassName=PWR Member=Component C47 (C32) Cap
Added Member To Class: ClassName=PWR Member=Component C50 (C35) Cap
Added Member To Class: ClassName=PWR Member=Component C51 (C36) Cap
Added Member To Class: ClassName=U_ESP power Member=Component D2 (D5) Buck Diode
Added Member To Class: ClassName=ACT_IndESP Member=Component D3 (D1) LED_R
Added Member To Class: ClassName=ERR_IndPi Member=Component D4 (D1) LED_R
Added Member To Class: ClassName=ERR_IndESP Member=Component D5 (D1) LED_R
Added Member To Class: ClassName=ACT_IND Member=Component D6 LED_R
Added Member To Class: ClassName=Main_Ind Member=Component D7 (D6) LED_R
Added Member To Class: ClassName=Voltage_Indicator3 Member=Component D14 (D3) LED_B
Added Member To Class: ClassName=ADC 1 Member=Component J1 Screw Terminal
Added Member To Class: ClassName=ADC 1 Member=Component J2 Screw Terminal
Added Member To Class: ClassName=ADC 2 Member=Component J3 (J1) Screw Terminal
Added Member To Class: ClassName=U_Power IO Member=Component J6 (J7) Screw Terminal
Added Member To Class: ClassName=Main_Squib Member=Component J14 (J3) Screw Terminal
Added Member To Class: ClassName=Motor_Squib Member=Component J15 (J3) Screw Terminal
Added Member To Class: ClassName=U_ESP power Member=Component Q1 (Q5) P-Channel
Added Member To Class: ClassName=PWR Member=Component Q2 (Q3) P-Channel
Added Member To Class: ClassName=Main_Squib Member=Component Q4 (Q1) P-Channel
Added Member To Class: ClassName=Main_Squib Member=Component Q5 (Q2) P-Channel
Added Member To Class: ClassName=Sep_Squib Member=Component Q9 (Q2) P-Channel
Added Member To Class: ClassName=ADC 1 Member=Component R1 Res3
Added Member To Class: ClassName=ADC 1 Member=Component R2 Res3
Added Member To Class: ClassName=ADC 1 Member=Component R3 Res3
Added Member To Class: ClassName=ADC 1 Member=Component R4 Res3
Added Member To Class: ClassName=ADC 1 Member=Component R5 Res3
Added Member To Class: ClassName=ADC 1 Member=Component R6 Res3
Added Member To Class: ClassName=ADC 2 Member=Component R7 (R1) Res3
Added Member To Class: ClassName=ADC 2 Member=Component R8 (R2) Res3
Added Member To Class: ClassName=ADC 2 Member=Component R10 (R4) Res3
Added Member To Class: ClassName=ADC 2 Member=Component R11 (R5) Res3
Added Member To Class: ClassName=ADC 2 Member=Component R12 (R6) Res3
Added Member To Class: ClassName=AIN02 Member=Component R13 (R51) Res3
Added Member To Class: ClassName=AIN02 Member=Component R14 (R52) Res3
Added Member To Class: ClassName=AIN02 Member=Component R15 (R53) Res3
Added Member To Class: ClassName=AIN02 Member=Component R16 (R54) Res3
Added Member To Class: ClassName=AIN02 Member=Component R17 (R55) Res3
Added Member To Class: ClassName=AIN01 Member=Component R18 (R51) Res3
Added Member To Class: ClassName=AIN01 Member=Component R19 (R52) Res3
Added Member To Class: ClassName=AIN01 Member=Component R20 (R53) Res3
Added Member To Class: ClassName=AIN01 Member=Component R21 (R54) Res3
Added Member To Class: ClassName=AIN01 Member=Component R22 (R55) Res3
Added Member To Class: ClassName=AIN12 Member=Component R23 (R51) Res3
Added Member To Class: ClassName=AIN12 Member=Component R24 (R52) Res3
Added Member To Class: ClassName=AIN12 Member=Component R25 (R53) Res3
Added Member To Class: ClassName=AIN12 Member=Component R26 (R54) Res3
Added Member To Class: ClassName=AIN12 Member=Component R27 (R55) Res3
Added Member To Class: ClassName=AIN11 Member=Component R28 (R51) Res3
Added Member To Class: ClassName=AIN11 Member=Component R29 (R52) Res3
Added Member To Class: ClassName=AIN11 Member=Component R30 (R53) Res3
Added Member To Class: ClassName=AIN11 Member=Component R31 (R54) Res3
Added Member To Class: ClassName=AIN11 Member=Component R32 (R55) Res3
Added Member To Class: ClassName=AIN22 Member=Component R33 (R51) Res3
Added Member To Class: ClassName=AIN22 Member=Component R34 (R52) Res3
Added Member To Class: ClassName=AIN22 Member=Component R35 (R53) Res3
Added Member To Class: ClassName=AIN22 Member=Component R36 (R54) Res3
Added Member To Class: ClassName=AIN22 Member=Component R37 (R55) Res3
Added Member To Class: ClassName=AIN21 Member=Component R38 (R51) Res3
Added Member To Class: ClassName=AIN21 Member=Component R39 (R52) Res3
Added Member To Class: ClassName=AIN21 Member=Component R40 (R53) Res3
Added Member To Class: ClassName=AIN21 Member=Component R41 (R54) Res3
Added Member To Class: ClassName=AIN21 Member=Component R42 (R55) Res3
Added Member To Class: ClassName=AIN32 Member=Component R43 (R51) Res3
Added Member To Class: ClassName=AIN32 Member=Component R44 (R52) Res3
Added Member To Class: ClassName=AIN32 Member=Component R45 (R53) Res3
Added Member To Class: ClassName=AIN32 Member=Component R46 (R54) Res3
Added Member To Class: ClassName=AIN32 Member=Component R47 (R55) Res3
Added Member To Class: ClassName=AIN31 Member=Component R48 (R51) Res3
Added Member To Class: ClassName=AIN31 Member=Component R49 (R52) Res3
Added Member To Class: ClassName=AIN31 Member=Component R50 (R53) Res3
Added Member To Class: ClassName=AIN31 Member=Component R51 (R54) Res3
Added Member To Class: ClassName=AIN31 Member=Component R52 (R55) Res3
Added Member To Class: ClassName=Buzzer Member=Component R53 (R15) Res3
Added Member To Class: ClassName=Buzzer Member=Component R54 (R16) Res3
Added Member To Class: ClassName=ESP Member=Component R55 (R17) Res3
Added Member To Class: ClassName=ESP Member=Component R56 (R18) Res3
Added Member To Class: ClassName=ESP Member=Component R57 (R19) Res3
Added Member To Class: ClassName=ESP Member=Component R58 (R20) Res3
Added Member To Class: ClassName=ESP Member=Component R59 (R21) Res3
Added Member To Class: ClassName=ESP Member=Component R60 (R22) Res3
Added Member To Class: ClassName=ESP Member=Component R61 (R23) Res3
Added Member To Class: ClassName=ESP Member=Component R64 (R26) Res3
Added Member To Class: ClassName=ESP Member=Component R65 (R27) Res3
Added Member To Class: ClassName=ESP Member=Component R66 (R28) Res3
Added Member To Class: ClassName=ESP Member=Component R69 (R31) Res3
Added Member To Class: ClassName=ESP Member=Component R70 (R32) Res3
Added Member To Class: ClassName=ESP Member=Component R72 (R34) Res3
Added Member To Class: ClassName=ESP Member=Component R73 (R35) Res3
Added Member To Class: ClassName=ESP Member=Component R74 (R36) Res3
Added Member To Class: ClassName=ESP Member=Component R78 (R40) Res3
Added Member To Class: ClassName=ESP Member=Component R79 (R41) Res3
Added Member To Class: ClassName=ESP Member=Component R80 (R42) Res3
Added Member To Class: ClassName=ESP Member=Component R81 (R43) Res3
Added Member To Class: ClassName=ESP Member=Component R82 (R44) Res3
Added Member To Class: ClassName=ESP Member=Component R85 (R47) Res3
Added Member To Class: ClassName=ESP Member=Component R86 (R48) Res3
Added Member To Class: ClassName=ESP Member=Component R87 (R49) Res3
Added Member To Class: ClassName=U_ESP power Member=Component R89 (R74) Res3
Added Member To Class: ClassName=U_ESP power Member=Component R91 (R76) Res3
Added Member To Class: ClassName=U_ESP power Member=Component R92 (R77) Res3
Added Member To Class: ClassName=U_ESP power Member=Component R93 (R78) Res3
Added Member To Class: ClassName=ERR_IndESP Member=Component R106 (R7) Res3
Added Member To Class: ClassName=Main_Ind Member=Component R108 (R80) Res3
Added Member To Class: ClassName=Sep_Squib Member=Component R143 (R9) Res3
Added Member To Class: ClassName=Sep_Squib Member=Component R144 (R10) Res3
Added Member To Class: ClassName=Sep_Squib Member=Component R145 (R11) Res3
Added Member To Class: ClassName=Sep_Squib Member=Component R146 (R12) Res3
Added Member To Class: ClassName=Sep_Squib Member=Component R147 (R13) Res3
Added Member To Class: ClassName=Sep_Squib Member=Component R148 (R14) Res3
Added Member To Class: ClassName=Voltage_Indicator3 Member=Component R153 (R56) Res3
Added Member To Class: ClassName=Voltage_Indicator3 Member=Component R154 (R57) Res3
Added Member To Class: ClassName=ESP UART Output Member=Component R160 (R73) Res3
Added Member To Class: ClassName=Buzzer Member=Component T1 (T3) MMBT2222ALT1
Added Member To Class: ClassName=Buzzer Member=Component T2 (T4) MMBT2222ALT1
Added Member To Class: ClassName=ESP Member=Component T4 (T6) MMBT2222ALT1
Added Member To Class: ClassName=U_ESP power Member=Component T5 (T10) MMBT2222ALT1
Added Member To Class: ClassName=PWR Member=Component T7 (T8) MMBT2222ALT1
Added Member To Class: ClassName=Main_Squib Member=Component T9 (T1) MMBT2222ALT1
Added Member To Class: ClassName=Main_Squib Member=Component T10 (T2) MMBT2222ALT1
Added Member To Class: ClassName=Motor_Squib Member=Component T11 (T1) MMBT2222ALT1
Added Member To Class: ClassName=Sep_Squib Member=Component T13 (T1) MMBT2222ALT1
Added Member To Class: ClassName=Sep_Squib Member=Component T14 (T2) MMBT2222ALT1
Added Member To Class: ClassName=Voltage_Indicator3 Member=Component T17 (T7) MMBT2222ALT1
Added Member To Class: ClassName=Accelerometer Member=Component U2 (U1) LIS3DSHTR
Added Member To Class: ClassName=ADC 2 Member=Component U3 (U2) Analog to Digital Converter
Added Member To Class: ClassName=Barometer Member=Component U4 (U3) BMP388
Added Member To Class: ClassName=Magnetometer Member=Component U8 (U5) MLX90393
Added Member To Class: ClassName=PWR Member=Component U9 (U8) ACS70331EESATR-005B3
Added Room: Name=Accelerometer
Added Room: Name=ACT_IND
Added Room: Name=ACT_IndESP
Added Room: Name=ADC 1
Added Room: Name=ADC 2
Added Room: Name=AIN01
Added Room: Name=AIN02
Added Room: Name=AIN11
Added Room: Name=AIN12
Added Room: Name=AIN21
Added Room: Name=AIN22
Added Room: Name=AIN31
Added Room: Name=AIN32
Added Room: Name=Barometer
Added Room: Name=Buzzer
Added Room: Name=ERR_IndESP
Added Room: Name=ERR_IndPi
Added Room: Name=ESP
Added Room: Name=ESP UART Output
Added Room: Name=Gyroscope
Added Room: Name=Magnetometer
Added Room: Name=Main
Added Room: Name=Main_IND
Added Room: Name=Main_Squib
Added Room: Name=Motor_IND
Added Room: Name=Motor_Squib
Added Room: Name=PWR
Added Room: Name=Regulators
Added Room: Name=Sep_IND
Added Room: Name=Sep_Squib
Added Room: Name=SPI Output
Added Room: Name=Squib_Managment
Added Room: Name=U_ESP power
Added Room: Name=U_Power IO
Added Room: Name=UART
Added Room: Name=UART EXT
Added Room: Name=Voltage_Indicator1
Added Room: Name=Voltage_Indicator2
Added Room: Name=Voltage_Indicator3
