Added Pin To Net: NetName=3.3V Pin=Q3_LVCS-1
Added Pin To Net: NetName=NetQ3_LVCS_2 Pin=Q3_LVCS-2
Added Pin To Net: NetName=NetQ3_LVCS_3 Pin=Q3_LVCS-3
Added Pin To Net: NetName=3.3V Pin=Q3_LVMISO-1
Added Pin To Net: NetName=NetQ3_LVMISO_2 Pin=Q3_LVMISO-2
Added Pin To Net: NetName=NetMOSI/MISO1_2 Pin=Q3_LVMISO-3
Added Pin To Net: NetName=3.3V Pin=Q3_LVMOSI-1
Added Pin To Net: NetName=NetQ3_LVMOSI_2 Pin=Q3_LVMOSI-2
Added Pin To Net: NetName=NetMOSI/MISO1_1 Pin=Q3_LVMOSI-3
Added Pin To Net: NetName=3.3V Pin=Q3_LVRX1-1
Added Pin To Net: NetName=NetQ3_LVRX1_2 Pin=Q3_LVRX1-2
Added Pin To Net: NetName=NetQ3_LVRX1_3 Pin=Q3_LVRX1-3
Added Pin To Net: NetName=3.3V Pin=Q3_LVRX2-1
Added Pin To Net: NetName=NetQ3_LVRX2_2 Pin=Q3_LVRX2-2
Added Pin To Net: NetName=NetQ3_LVRX2_3 Pin=Q3_LVRX2-3
Added Pin To Net: NetName=3.3V Pin=Q3_LVSCLK-1
Added Pin To Net: NetName=NetQ3_LVSCLK_2 Pin=Q3_LVSCLK-2
Added Pin To Net: NetName=NetQ3_LVSCLK_3 Pin=Q3_LVSCLK-3
Added Pin To Net: NetName=3.3V Pin=Q3_LVTX1-1
Added Pin To Net: NetName=NetQ3_LVTX1_2 Pin=Q3_LVTX1-2
Added Pin To Net: NetName=NetQ3_LVTX1_3 Pin=Q3_LVTX1-3
Added Pin To Net: NetName=3.3V Pin=Q3_LVTX2-1
Added Pin To Net: NetName=NetQ3_LVTX2_2 Pin=Q3_LVTX2-2
Added Pin To Net: NetName=NetQ3_LVTX2_3 Pin=Q3_LVTX2-3
Added Room: Name=ACT_IND
Added Room: Name=ACT_Ind
Added Room: Name=AIN01
Added Room: Name=AIN02
Added Room: Name=AIN11
Added Room: Name=AIN12
Added Room: Name=AIN21
Added Room: Name=AIN22
Added Room: Name=AIN31
Added Room: Name=AIN32
Added Room: Name=Bz
Added Room: Name=ERR_Ind2
Added Room: Name=ESP
Added Room: Name=LVCS
Added Room: Name=LVLESP
Added Room: Name=LVLPI/ESP
Added Room: Name=LVMISO
Added Room: Name=LVMOSI
Added Room: Name=LVRX1
Added Room: Name=LVRX2
Added Room: Name=LVSCLK
Added Room: Name=LVTX1
Added Room: Name=LVTX2
Added Room: Name=Main
Added Room: Name=Main
Added Room: Name=Main_IND
Added Room: Name=Motor
Added Room: Name=Motor_IND
Added Room: Name=PWR
Added Room: Name=Sep
Added Room: Name=Sep_IND
Added Room: Name=SPI-IO
Added Room: Name=U_Accelerometer
Added Room: Name=U_ADC1
Added Room: Name=U_ADC2
Added Room: Name=U_Barometer
Added Room: Name=U_ESP power
Added Room: Name=U_Gyroscope
Added Room: Name=U_Magnetometer
Added Room: Name=U_Power IO
Added Room: Name=U_Regulators
Added Room: Name=U_Squib_Managment
Added Room: Name=UART
Added Room: Name=Voltage_Indicator1
Added Room: Name=Voltage_Indicator2
Added Room: Name=Voltage_Indicator3
