Change Component Designator: OldDesignator=C3 NewDesignator=C17
Change Component Designator: OldDesignator=C17 NewDesignator=C3
Change Component Designator: OldDesignator=C4 NewDesignator=C19
Change Component Designator: OldDesignator=C19 NewDesignator=C4
Change Component Designator: OldDesignator=C5 NewDesignator=C18
Change Component Designator: OldDesignator=C18 NewDesignator=C5
Change Component Designator: OldDesignator=C7 NewDesignator=C20
Change Component Designator: OldDesignator=C20 NewDesignator=C7
Change Component Designator: OldDesignator=C14 NewDesignator=C21
Change Component Designator: OldDesignator=C21 NewDesignator=C14
Change Component Designator: OldDesignator=C55 NewDesignator=C52
Change Component Designator: OldDesignator=C52 NewDesignator=C55
Change Component Designator: OldDesignator=C56 NewDesignator=C53
Change Component Designator: OldDesignator=C53 NewDesignator=C56
Change Component Designator: OldDesignator=C57 NewDesignator=C54
Change Component Designator: OldDesignator=C54 NewDesignator=C57
Change Component Designator: OldDesignator=CF5 NewDesignator=CF4
Change Component Designator: OldDesignator=CF4 NewDesignator=CF8
Change Component Designator: OldDesignator=CF8 NewDesignator=CF3
Change Component Designator: OldDesignator=CF3 NewDesignator=CF7
Change Component Designator: OldDesignator=CF7 NewDesignator=CF2
Change Component Designator: OldDesignator=CF2 NewDesignator=CF6
Change Component Designator: OldDesignator=CF6 NewDesignator=CF1
Change Component Designator: OldDesignator=CF1 NewDesignator=CF5
Change Component Designator: OldDesignator=D2 NewDesignator=D9
Change Component Designator: OldDesignator=D9 NewDesignator=D1
Change Component Designator: OldDesignator=D1 NewDesignator=D3
Change Component Designator: OldDesignator=D3 NewDesignator=D2
Change Component Designator: OldDesignator=D6 NewDesignator=D4
Change Component Designator: OldDesignator=D4 NewDesignator=D5
Change Component Designator: OldDesignator=D5 NewDesignator=D6
Change Component Designator: OldDesignator=D12 NewDesignator=D11
Change Component Designator: OldDesignator=D11 NewDesignator=D8
Change Component Designator: OldDesignator=D8 NewDesignator=D12
Change Component Designator: OldDesignator=Q5 NewDesignator=Q4
Change Component Designator: OldDesignator=Q4 NewDesignator=Q6
Change Component Designator: OldDesignator=Q6 NewDesignator=Q5
Change Component Designator: OldDesignator=Q8 NewDesignator=Q9
Change Component Designator: OldDesignator=Q9 NewDesignator=Q7
Change Component Designator: OldDesignator=Q7 NewDesignator=Q8
Change Component Designator: OldDesignator=R2 NewDesignator=R29
Change Component Designator: OldDesignator=R29 NewDesignator=R1
Change Component Designator: OldDesignator=R1 NewDesignator=R3
Change Component Designator: OldDesignator=R3 NewDesignator=R2
Change Component Designator: OldDesignator=R6 NewDesignator=R4
Change Component Designator: OldDesignator=R4 NewDesignator=R5
Change Component Designator: OldDesignator=R5 NewDesignator=R6
Change Component Designator: OldDesignator=R7 NewDesignator=R17
Change Component Designator: OldDesignator=R17 NewDesignator=R7
Change Component Designator: OldDesignator=R8 NewDesignator=R18
Change Component Designator: OldDesignator=R18 NewDesignator=R8
Change Component Designator: OldDesignator=R9 NewDesignator=R20
Change Component Designator: OldDesignator=R20 NewDesignator=R9
Change Component Designator: OldDesignator=R12 NewDesignator=R11
Change Component Designator: OldDesignator=R11 NewDesignator=R10
Change Component Designator: OldDesignator=R10 NewDesignator=R12
Change Component Designator: OldDesignator=R13 NewDesignator=R22
Change Component Designator: OldDesignator=R22 NewDesignator=R13
Change Component Designator: OldDesignator=R14 NewDesignator=R24
Change Component Designator: OldDesignator=R24 NewDesignator=R14
Change Component Designator: OldDesignator=R15 NewDesignator=R23
Change Component Designator: OldDesignator=R23 NewDesignator=R15
Change Component Designator: OldDesignator=R53 NewDesignator=R52
Change Component Designator: OldDesignator=R52 NewDesignator=R27
Change Component Designator: OldDesignator=R27 NewDesignator=R53
Change Component Designator: OldDesignator=R86 NewDesignator=R60
Change Component Designator: OldDesignator=R60 NewDesignator=R86
Change Component Designator: OldDesignator=R88 NewDesignator=R62
Change Component Designator: OldDesignator=R62 NewDesignator=R88
Change Component Designator: OldDesignator=R106 NewDesignator=R100
Change Component Designator: OldDesignator=R100 NewDesignator=R120
Change Component Designator: OldDesignator=R120 NewDesignator=R95
Change Component Designator: OldDesignator=R95 NewDesignator=R112
Change Component Designator: OldDesignator=R112 NewDesignator=R92
Change Component Designator: OldDesignator=R92 NewDesignator=R110
Change Component Designator: OldDesignator=R110 NewDesignator=R89
Change Component Designator: OldDesignator=R89 NewDesignator=R106
Change Component Designator: OldDesignator=R108 NewDesignator=R102
Change Component Designator: OldDesignator=R102 NewDesignator=R121
Change Component Designator: OldDesignator=R121 NewDesignator=R97
Change Component Designator: OldDesignator=R97 NewDesignator=R119
Change Component Designator: OldDesignator=R119 NewDesignator=R93
Change Component Designator: OldDesignator=R93 NewDesignator=R111
Change Component Designator: OldDesignator=R111 NewDesignator=R91
Change Component Designator: OldDesignator=R91 NewDesignator=R108
Change Component Designator: OldDesignator=R114 NewDesignator=R116
Change Component Designator: OldDesignator=R116 NewDesignator=R117
Change Component Designator: OldDesignator=R117 NewDesignator=R114
Change Component Designator: OldDesignator=R115 NewDesignator=R113
Change Component Designator: OldDesignator=R113 NewDesignator=R118
Change Component Designator: OldDesignator=R118 NewDesignator=R115
Change Component Designator: OldDesignator=R126 NewDesignator=R122
Change Component Designator: OldDesignator=R122 NewDesignator=R125
Change Component Designator: OldDesignator=R125 NewDesignator=R126
Change Component Designator: OldDesignator=R127 NewDesignator=R123
Change Component Designator: OldDesignator=R123 NewDesignator=R124
Change Component Designator: OldDesignator=R124 NewDesignator=R127
Change Component Designator: OldDesignator=R130 NewDesignator=R128
Change Component Designator: OldDesignator=R128 NewDesignator=R132
Change Component Designator: OldDesignator=R132 NewDesignator=R130
Change Component Designator: OldDesignator=R133 NewDesignator=R129
Change Component Designator: OldDesignator=R129 NewDesignator=R131
Change Component Designator: OldDesignator=R131 NewDesignator=R133
Change Component Designator: OldDesignator=R136 NewDesignator=R134
Change Component Designator: OldDesignator=R134 NewDesignator=R135
Change Component Designator: OldDesignator=R135 NewDesignator=R136
Change Component Designator: OldDesignator=RF5 NewDesignator=RF4
Change Component Designator: OldDesignator=RF4 NewDesignator=RF8
Change Component Designator: OldDesignator=RF8 NewDesignator=RF3
Change Component Designator: OldDesignator=RF3 NewDesignator=RF7
Change Component Designator: OldDesignator=RF7 NewDesignator=RF2
Change Component Designator: OldDesignator=RF2 NewDesignator=RF6
Change Component Designator: OldDesignator=RF6 NewDesignator=RF1
Change Component Designator: OldDesignator=RF1 NewDesignator=RF5
Change Component Designator: OldDesignator=RGND9 NewDesignator=RGND7
Change Component Designator: OldDesignator=RGND7 NewDesignator=RGND15
Change Component Designator: OldDesignator=RGND15 NewDesignator=RGND5
Change Component Designator: OldDesignator=RGND5 NewDesignator=RGND13
Change Component Designator: OldDesignator=RGND13 NewDesignator=RGND3
Change Component Designator: OldDesignator=RGND3 NewDesignator=RGND11
Change Component Designator: OldDesignator=RGND11 NewDesignator=RGND1
Change Component Designator: OldDesignator=RGND1 NewDesignator=RGND9
Change Component Designator: OldDesignator=RGND10 NewDesignator=RGND8
Change Component Designator: OldDesignator=RGND8 NewDesignator=RGND16
Change Component Designator: OldDesignator=RGND16 NewDesignator=RGND6
Change Component Designator: OldDesignator=RGND6 NewDesignator=RGND14
Change Component Designator: OldDesignator=RGND14 NewDesignator=RGND4
Change Component Designator: OldDesignator=RGND4 NewDesignator=RGND12
Change Component Designator: OldDesignator=RGND12 NewDesignator=RGND2
Change Component Designator: OldDesignator=RGND2 NewDesignator=RGND10
Change Component Designator: OldDesignator=SQB3 NewDesignator=SQB1
Change Component Designator: OldDesignator=SQB1 NewDesignator=SQB2
Change Component Designator: OldDesignator=SQB2 NewDesignator=SQB3
Change Component Designator: OldDesignator=T3 NewDesignator=T2
Change Component Designator: OldDesignator=T2 NewDesignator=T1
Change Component Designator: OldDesignator=T1 NewDesignator=T3
Change Component Designator: OldDesignator=T4 NewDesignator=T6
Change Component Designator: OldDesignator=T6 NewDesignator=T4
Change Component Designator: OldDesignator=T5 NewDesignator=T7
Change Component Designator: OldDesignator=T7 NewDesignator=T5
Change Component Designator: OldDesignator=T20 NewDesignator=T17
Change Component Designator: OldDesignator=T17 NewDesignator=T19
Change Component Designator: OldDesignator=T19 NewDesignator=T20
Change Component Designator: OldDesignator=T21 NewDesignator=T16
Change Component Designator: OldDesignator=T16 NewDesignator=T18
Change Component Designator: OldDesignator=T18 NewDesignator=T21
Change Component Designator: OldDesignator=U3 NewDesignator=U7
Change Component Designator: OldDesignator=U7 NewDesignator=U3
Change Component Designator: OldDesignator=UART1 NewDesignator=UART2
Change Component Designator: OldDesignator=UART2 NewDesignator=UART1
