Change Component Designator: OldDesignator=C20_AIN01 NewDesignator=CF_AIN01
Change Component Designator: OldDesignator=C20_AIN02 NewDesignator=CF_AIN02
Change Component Designator: OldDesignator=C20_AIN11 NewDesignator=CF_AIN11
Change Component Designator: OldDesignator=C20_AIN12 NewDesignator=CF_AIN12
Change Component Designator: OldDesignator=C20_AIN21 NewDesignator=CF_AIN21
Change Component Designator: OldDesignator=C20_AIN22 NewDesignator=CF_AIN22
Change Component Designator: OldDesignator=C20_AIN31 NewDesignator=CF_AIN31
Change Component Designator: OldDesignator=C20_AIN32 NewDesignator=CF_AIN32
Change Component Designator: OldDesignator=R33_AIN01 NewDesignator=R+5_AIN01
Change Component Designator: OldDesignator=R33_AIN02 NewDesignator=R+5_AIN02
Change Component Designator: OldDesignator=R33_AIN11 NewDesignator=R+5_AIN11
Change Component Designator: OldDesignator=R33_AIN12 NewDesignator=R+5_AIN12
Change Component Designator: OldDesignator=R33_AIN21 NewDesignator=R+5_AIN21
Change Component Designator: OldDesignator=R33_AIN22 NewDesignator=R+5_AIN22
Change Component Designator: OldDesignator=R33_AIN31 NewDesignator=R+5_AIN31
Change Component Designator: OldDesignator=R33_AIN32 NewDesignator=R+5_AIN32
Change Component Designator: OldDesignator=R34_AIN01 NewDesignator=R+33_AIN01
Change Component Designator: OldDesignator=R34_AIN02 NewDesignator=R+33_AIN02
Change Component Designator: OldDesignator=R34_AIN11 NewDesignator=R+33_AIN11
Change Component Designator: OldDesignator=R34_AIN12 NewDesignator=R+33_AIN12
Change Component Designator: OldDesignator=R34_AIN21 NewDesignator=R+33_AIN21
Change Component Designator: OldDesignator=R34_AIN22 NewDesignator=R+33_AIN22
Change Component Designator: OldDesignator=R34_AIN31 NewDesignator=R+33_AIN31
Change Component Designator: OldDesignator=R34_AIN32 NewDesignator=R+33_AIN32
Change Component Designator: OldDesignator=R36_AIN01 NewDesignator=RGND_AIN01
Change Component Designator: OldDesignator=R36_AIN02 NewDesignator=RGND_AIN02
Change Component Designator: OldDesignator=R36_AIN11 NewDesignator=RGND_AIN11
Change Component Designator: OldDesignator=R36_AIN12 NewDesignator=RGND_AIN12
Change Component Designator: OldDesignator=R36_AIN21 NewDesignator=RGND_AIN21
Change Component Designator: OldDesignator=R36_AIN22 NewDesignator=RGND_AIN22
Change Component Designator: OldDesignator=R36_AIN31 NewDesignator=RGND_AIN31
Change Component Designator: OldDesignator=R36_AIN32 NewDesignator=RGND_AIN32
Change component parameters: Designator = "R?_AIN01"; Footprint = "0603 to 1210 SMD"; UniqueID = "\FTCSWPXX\DKLCGXLB\PKMFMVEP\EJTWTLWG"
Change component parameters. Clean all parameters for all variants
Change component parameters (AddParameter): Name = "LatestRevisionDate"; Value = "29-May-2009"; VariantName = "[No Variations]"
Change component parameters (AddParameter): Name = "LatestRevisionNote"; Value = "IPC-7351 Footprint Added."; VariantName = "[No Variations]"
Change component parameters (AddParameter): Name = "PackageDescription"; Value = "Chip Resistor"; VariantName = "[No Variations]"
Change component parameters (AddParameter): Name = "PackageReference"; Value = "J1-0603"; VariantName = "[No Variations]"
Change component parameters (AddParameter): Name = "Published"; Value = "8-Jun-2000"; VariantName = "[No Variations]"
Change component parameters (AddParameter): Name = "Publisher"; Value = "Altium Limited"; VariantName = "[No Variations]"
Change component parameters (AddParameter): Name = "Value"; Value = "RF"; VariantName = "[No Variations]"
Change component parameters: Designator = "R?_AIN02"; Footprint = "0603 to 1210 SMD"; UniqueID = "\FTCSWPXX\ECQSQFWL\PKMFMVEP\EJTWTLWG"
Change component parameters. Clean all parameters for all variants
Change component parameters (AddParameter): Name = "LatestRevisionDate"; Value = "29-May-2009"; VariantName = "[No Variations]"
Change component parameters (AddParameter): Name = "LatestRevisionNote"; Value = "IPC-7351 Footprint Added."; VariantName = "[No Variations]"
Change component parameters (AddParameter): Name = "PackageDescription"; Value = "Chip Resistor"; VariantName = "[No Variations]"
Change component parameters (AddParameter): Name = "PackageReference"; Value = "J1-0603"; VariantName = "[No Variations]"
Change component parameters (AddParameter): Name = "Published"; Value = "8-Jun-2000"; VariantName = "[No Variations]"
Change component parameters (AddParameter): Name = "Publisher"; Value = "Altium Limited"; VariantName = "[No Variations]"
Change component parameters (AddParameter): Name = "Value"; Value = "RF"; VariantName = "[No Variations]"
Change component parameters: Designator = "R?_AIN11"; Footprint = "0603 to 1210 SMD"; UniqueID = "\FTCSWPXX\DKLCGXLB\SVXEWXMF\EJTWTLWG"
Change component parameters. Clean all parameters for all variants
Change component parameters (AddParameter): Name = "LatestRevisionDate"; Value = "29-May-2009"; VariantName = "[No Variations]"
Change component parameters (AddParameter): Name = "LatestRevisionNote"; Value = "IPC-7351 Footprint Added."; VariantName = "[No Variations]"
Change component parameters (AddParameter): Name = "PackageDescription"; Value = "Chip Resistor"; VariantName = "[No Variations]"
Change component parameters (AddParameter): Name = "PackageReference"; Value = "J1-0603"; VariantName = "[No Variations]"
Change component parameters (AddParameter): Name = "Published"; Value = "8-Jun-2000"; VariantName = "[No Variations]"
Change component parameters (AddParameter): Name = "Publisher"; Value = "Altium Limited"; VariantName = "[No Variations]"
Change component parameters (AddParameter): Name = "Value"; Value = "RF"; VariantName = "[No Variations]"
Change component parameters: Designator = "R?_AIN12"; Footprint = "0603 to 1210 SMD"; UniqueID = "\FTCSWPXX\ECQSQFWL\SVXEWXMF\EJTWTLWG"
Change component parameters. Clean all parameters for all variants
Change component parameters (AddParameter): Name = "LatestRevisionDate"; Value = "29-May-2009"; VariantName = "[No Variations]"
Change component parameters (AddParameter): Name = "LatestRevisionNote"; Value = "IPC-7351 Footprint Added."; VariantName = "[No Variations]"
Change component parameters (AddParameter): Name = "PackageDescription"; Value = "Chip Resistor"; VariantName = "[No Variations]"
Change component parameters (AddParameter): Name = "PackageReference"; Value = "J1-0603"; VariantName = "[No Variations]"
Change component parameters (AddParameter): Name = "Published"; Value = "8-Jun-2000"; VariantName = "[No Variations]"
Change component parameters (AddParameter): Name = "Publisher"; Value = "Altium Limited"; VariantName = "[No Variations]"
Change component parameters (AddParameter): Name = "Value"; Value = "RF"; VariantName = "[No Variations]"
Change component parameters: Designator = "R?_AIN21"; Footprint = "0603 to 1210 SMD"; UniqueID = "\FTCSWPXX\DKLCGXLB\JMQOIWYS\EJTWTLWG"
Change component parameters. Clean all parameters for all variants
Change component parameters (AddParameter): Name = "LatestRevisionDate"; Value = "29-May-2009"; VariantName = "[No Variations]"
Change component parameters (AddParameter): Name = "LatestRevisionNote"; Value = "IPC-7351 Footprint Added."; VariantName = "[No Variations]"
Change component parameters (AddParameter): Name = "PackageDescription"; Value = "Chip Resistor"; VariantName = "[No Variations]"
Change component parameters (AddParameter): Name = "PackageReference"; Value = "J1-0603"; VariantName = "[No Variations]"
Change component parameters (AddParameter): Name = "Published"; Value = "8-Jun-2000"; VariantName = "[No Variations]"
Change component parameters (AddParameter): Name = "Publisher"; Value = "Altium Limited"; VariantName = "[No Variations]"
Change component parameters (AddParameter): Name = "Value"; Value = "RF"; VariantName = "[No Variations]"
Change component parameters: Designator = "R?_AIN22"; Footprint = "0603 to 1210 SMD"; UniqueID = "\FTCSWPXX\ECQSQFWL\JMQOIWYS\EJTWTLWG"
Change component parameters. Clean all parameters for all variants
Change component parameters (AddParameter): Name = "LatestRevisionDate"; Value = "29-May-2009"; VariantName = "[No Variations]"
Change component parameters (AddParameter): Name = "LatestRevisionNote"; Value = "IPC-7351 Footprint Added."; VariantName = "[No Variations]"
Change component parameters (AddParameter): Name = "PackageDescription"; Value = "Chip Resistor"; VariantName = "[No Variations]"
Change component parameters (AddParameter): Name = "PackageReference"; Value = "J1-0603"; VariantName = "[No Variations]"
Change component parameters (AddParameter): Name = "Published"; Value = "8-Jun-2000"; VariantName = "[No Variations]"
Change component parameters (AddParameter): Name = "Publisher"; Value = "Altium Limited"; VariantName = "[No Variations]"
Change component parameters (AddParameter): Name = "Value"; Value = "RF"; VariantName = "[No Variations]"
Change component parameters: Designator = "R?_AIN31"; Footprint = "0603 to 1210 SMD"; UniqueID = "\FTCSWPXX\DKLCGXLB\AGHSGCAP\EJTWTLWG"
Change component parameters. Clean all parameters for all variants
Change component parameters (AddParameter): Name = "LatestRevisionDate"; Value = "29-May-2009"; VariantName = "[No Variations]"
Change component parameters (AddParameter): Name = "LatestRevisionNote"; Value = "IPC-7351 Footprint Added."; VariantName = "[No Variations]"
Change component parameters (AddParameter): Name = "PackageDescription"; Value = "Chip Resistor"; VariantName = "[No Variations]"
Change component parameters (AddParameter): Name = "PackageReference"; Value = "J1-0603"; VariantName = "[No Variations]"
Change component parameters (AddParameter): Name = "Published"; Value = "8-Jun-2000"; VariantName = "[No Variations]"
Change component parameters (AddParameter): Name = "Publisher"; Value = "Altium Limited"; VariantName = "[No Variations]"
Change component parameters (AddParameter): Name = "Value"; Value = "RF"; VariantName = "[No Variations]"
Change component parameters: Designator = "R?_AIN32"; Footprint = "0603 to 1210 SMD"; UniqueID = "\FTCSWPXX\ECQSQFWL\AGHSGCAP\EJTWTLWG"
Change component parameters. Clean all parameters for all variants
Change component parameters (AddParameter): Name = "LatestRevisionDate"; Value = "29-May-2009"; VariantName = "[No Variations]"
Change component parameters (AddParameter): Name = "LatestRevisionNote"; Value = "IPC-7351 Footprint Added."; VariantName = "[No Variations]"
Change component parameters (AddParameter): Name = "PackageDescription"; Value = "Chip Resistor"; VariantName = "[No Variations]"
Change component parameters (AddParameter): Name = "PackageReference"; Value = "J1-0603"; VariantName = "[No Variations]"
Change component parameters (AddParameter): Name = "Published"; Value = "8-Jun-2000"; VariantName = "[No Variations]"
Change component parameters (AddParameter): Name = "Publisher"; Value = "Altium Limited"; VariantName = "[No Variations]"
Change component parameters (AddParameter): Name = "Value"; Value = "RF"; VariantName = "[No Variations]"
Change Net Name : Old Net Name=NetR33_AIN01_2 New Net Name=NetR+5_AIN01_2
Change Net Name : Old Net Name=NetR33_AIN02_2 New Net Name=NetR+5_AIN02_2
Change Net Name : Old Net Name=NetR33_AIN11_2 New Net Name=NetR+5_AIN11_2
Change Net Name : Old Net Name=NetR33_AIN12_2 New Net Name=NetR+5_AIN12_2
Change Net Name : Old Net Name=NetR33_AIN21_2 New Net Name=NetR+5_AIN21_2
Change Net Name : Old Net Name=NetR33_AIN22_2 New Net Name=NetR+5_AIN22_2
Change Net Name : Old Net Name=NetR33_AIN31_2 New Net Name=NetR+5_AIN31_2
Change Net Name : Old Net Name=NetR33_AIN32_2 New Net Name=NetR+5_AIN32_2
Added Member To Class: ClassName=PWR Member=Component 3.3V Screw Terminal
Added Member To Class: ClassName=PWR Member=Component 3.3V Screw Terminal
Added Member To Class: ClassName=PWR Member=Component 5V_Clean Screw Terminal
Added Member To Class: ClassName=PWR Member=Component 5V Screw Terminal
Change Room Name: Old Name=Main_1 New Name=Main
