Removed Member From Class: ClassName=PWR Member=C1
Removed Member From Class: ClassName=U_Regulators Member=C1
Removed Member From Class: ClassName=U_Barometer Member=C2
Removed Member From Class: ClassName=U_Gyroscope Member=C2
Removed Member From Class: ClassName=ESP Member=C3
Removed Member From Class: ClassName=PWR Member=C3
Removed Member From Class: ClassName=U_Regulators Member=C3
Removed Member From Class: ClassName=ESP Member=C4
Removed Member From Class: ClassName=PWR Member=C4
Removed Member From Class: ClassName=U_Accelerometer Member=C4
Removed Member From Class: ClassName=U_Magnetometer Member=C4
Removed Member From Class: ClassName=U_Squib_Managment Member=C4
Removed Member From Class: ClassName=ESP Member=C5
Removed Member From Class: ClassName=ESP Member=C6
Removed Member From Class: ClassName=U_Regulators Member=C6
Removed Member From Class: ClassName=ESP Member=C7
Removed Member From Class: ClassName=U_Regulators Member=C7
Removed Member From Class: ClassName=U_Barometer Member=C9
Removed Member From Class: ClassName=U_Accelerometer Member=C12
Removed Member From Class: ClassName=U_Magnetometer Member=C12
Removed Member From Class: ClassName=ESP Member=C16
Removed Member From Class: ClassName=U_Regulators Member=C16
Removed Member From Class: ClassName=ESP Member=C18
Removed Member From Class: ClassName=U_Regulators Member=C18
Removed Member From Class: ClassName=PWR Member=C23
Removed Member From Class: ClassName=U_Regulators Member=C23
Removed Member From Class: ClassName=U_Regulators Member=C31
Removed Member From Class: ClassName=U_Regulators Member=C35
Removed Member From Class: ClassName=U_Squib_Managment Member=C41
Removed Member From Class: ClassName=ESP Member=C42
Removed Member From Class: ClassName=AIN01 Member=C47
Removed Member From Class: ClassName=AIN02 Member=C47
Removed Member From Class: ClassName=AIN11 Member=C47
Removed Member From Class: ClassName=AIN12 Member=C47
Removed Member From Class: ClassName=AIN21 Member=C47
Removed Member From Class: ClassName=AIN22 Member=C47
Removed Member From Class: ClassName=AIN31 Member=C47
Removed Member From Class: ClassName=AIN32 Member=C47
Removed Member From Class: ClassName=PWR Member=C48
Removed Member From Class: ClassName=ACT_IND Member=D3
Removed Member From Class: ClassName=ERR_Ind1 Member=D3
Removed Member From Class: ClassName=ERR_Ind2 Member=D3
Removed Member From Class: ClassName=ESP Member=D3
Removed Member From Class: ClassName=Main_Ind Member=D3
Removed Member From Class: ClassName=PWR Member=D3
Removed Member From Class: ClassName=Sep_Ind Member=D3
Removed Member From Class: ClassName=U_Regulators Member=D3
Removed Member From Class: ClassName=Motor Member=Q1
Removed Member From Class: ClassName=U_ESP power Member=Q1
Removed Member From Class: ClassName=Motor Member=Q4
Removed Member From Class: ClassName=Sep Member=Q4
Removed Member From Class: ClassName=ESP Member=R3
Removed Member From Class: ClassName=Motor Member=R3
Removed Member From Class: ClassName=Sep Member=R3
Removed Member From Class: ClassName=Main Member=R4
Removed Member From Class: ClassName=AIN01 Member=R7
Removed Member From Class: ClassName=AIN02 Member=R7
Removed Member From Class: ClassName=AIN11 Member=R7
Removed Member From Class: ClassName=AIN12 Member=R7
Removed Member From Class: ClassName=AIN21 Member=R7
Removed Member From Class: ClassName=AIN22 Member=R7
Removed Member From Class: ClassName=AIN31 Member=R7
Removed Member From Class: ClassName=AIN32 Member=R7
Removed Member From Class: ClassName=Main Member=R7
Removed Member From Class: ClassName=PWR Member=R16
Removed Member From Class: ClassName=Main Member=R18
Removed Member From Class: ClassName=U_SPI Output Member=R20
Removed Member From Class: ClassName=Main Member=R22
Removed Member From Class: ClassName=Motor Member=R22
Removed Member From Class: ClassName=Sep Member=R22
Removed Member From Class: ClassName=Voltage_Indicator1 Member=R22
Removed Member From Class: ClassName=Voltage_Indicator3 Member=R22
Removed Member From Class: ClassName=PWR Member=R23
Removed Member From Class: ClassName=Main Member=R28
Removed Member From Class: ClassName=Main Member=R29
Removed Member From Class: ClassName=U_ESP power Member=R38
Removed Member From Class: ClassName=PWR Member=R41
Removed Member From Class: ClassName=U_SPI Output Member=R50
Removed Member From Class: ClassName=Main Member=R51
Removed Member From Class: ClassName=ESP Member=R52
Removed Member From Class: ClassName=Main Member=R52
Removed Member From Class: ClassName=U_SPI Output Member=R52
Removed Member From Class: ClassName=Motor Member=R56
Removed Member From Class: ClassName=Sep Member=R56
Removed Member From Class: ClassName=U_ADC1 Member=R56
Removed Member From Class: ClassName=U_ADC2 Member=R56
Removed Member From Class: ClassName=Sep Member=R57
Removed Member From Class: ClassName=U_ESP power Member=R58
Removed Member From Class: ClassName=AIN01 Member=R61
Removed Member From Class: ClassName=AIN02 Member=R61
Removed Member From Class: ClassName=AIN11 Member=R61
Removed Member From Class: ClassName=AIN12 Member=R61
Removed Member From Class: ClassName=AIN21 Member=R61
Removed Member From Class: ClassName=AIN22 Member=R61
Removed Member From Class: ClassName=AIN31 Member=R61
Removed Member From Class: ClassName=AIN32 Member=R61
Removed Member From Class: ClassName=Bz Member=R61
Removed Member From Class: ClassName=ESP Member=R61
Removed Member From Class: ClassName=Main Member=R61
Removed Member From Class: ClassName=Sep Member=R61
Removed Member From Class: ClassName=U_ADC1 Member=R61
Removed Member From Class: ClassName=U_ADC2 Member=R61
Removed Member From Class: ClassName=U_SPI Output Member=R61
Removed Member From Class: ClassName=Voltage_Indicator1 Member=R61
Removed Member From Class: ClassName=Voltage_Indicator3 Member=R61
Removed Member From Class: ClassName=ESP Member=R71
Removed Member From Class: ClassName=Motor Member=R73
Removed Member From Class: ClassName=Sep Member=R73
Removed Member From Class: ClassName=U_Squib_Managment Member=R74
Removed Member From Class: ClassName=ACT_IND Member=R76
Removed Member From Class: ClassName=AIN01 Member=R76
Removed Member From Class: ClassName=AIN02 Member=R76
Removed Member From Class: ClassName=AIN11 Member=R76
Removed Member From Class: ClassName=AIN12 Member=R76
Removed Member From Class: ClassName=AIN21 Member=R76
Removed Member From Class: ClassName=AIN22 Member=R76
Removed Member From Class: ClassName=AIN31 Member=R76
Removed Member From Class: ClassName=ERR_Ind1 Member=R76
Removed Member From Class: ClassName=ERR_Ind2 Member=R76
Removed Member From Class: ClassName=Main_Ind Member=R76
Removed Member From Class: ClassName=Main Member=R76
Removed Member From Class: ClassName=Motor_IND Member=R76
Removed Member From Class: ClassName=Sep_Ind Member=R76
Removed Member From Class: ClassName=U_ADC1 Member=R76
Removed Member From Class: ClassName=U_ADC2 Member=R76
Removed Member From Class: ClassName=AIN01 Member=R77
Removed Member From Class: ClassName=AIN02 Member=R77
Removed Member From Class: ClassName=AIN11 Member=R77
Removed Member From Class: ClassName=AIN12 Member=R77
Removed Member From Class: ClassName=AIN21 Member=R77
Removed Member From Class: ClassName=AIN22 Member=R77
Removed Member From Class: ClassName=AIN31 Member=R77
Removed Member From Class: ClassName=AIN32 Member=R77
Removed Member From Class: ClassName=ESP Member=R78
Removed Member From Class: ClassName=Main Member=R78
Removed Member From Class: ClassName=U_ADC1 Member=R78
Removed Member From Class: ClassName=U_ADC2 Member=R78
Removed Member From Class: ClassName=U_ESP power Member=R78
Removed Member From Class: ClassName=U_Regulators Member=R78
Removed Member From Class: ClassName=AIN01 Member=R79
Removed Member From Class: ClassName=AIN02 Member=R79
Removed Member From Class: ClassName=AIN11 Member=R79
Removed Member From Class: ClassName=AIN12 Member=R79
Removed Member From Class: ClassName=AIN21 Member=R79
Removed Member From Class: ClassName=AIN22 Member=R79
Removed Member From Class: ClassName=AIN31 Member=R79
Removed Member From Class: ClassName=AIN32 Member=R79
Removed Member From Class: ClassName=ESP Member=R79
Removed Member From Class: ClassName=Main Member=R79
Removed Member From Class: ClassName=AIN01 Member=R80
Removed Member From Class: ClassName=AIN02 Member=R80
Removed Member From Class: ClassName=AIN11 Member=R80
Removed Member From Class: ClassName=AIN12 Member=R80
Removed Member From Class: ClassName=AIN21 Member=R80
Removed Member From Class: ClassName=AIN22 Member=R80
Removed Member From Class: ClassName=AIN31 Member=R80
Removed Member From Class: ClassName=AIN32 Member=R80
Removed Member From Class: ClassName=U_Regulators Member=R81
Removed Member From Class: ClassName=ESP Member=R86
Removed Member From Class: ClassName=Main Member=Raspberry Pi GPIO1
Removed Member From Class: ClassName=Motor Member=SQB1
Removed Member From Class: ClassName=Sep Member=SQB1
Removed Member From Class: ClassName=Bz Member=T1
Removed Member From Class: ClassName=Motor Member=T1
Removed Member From Class: ClassName=Sep Member=T1
Removed Member From Class: ClassName=Voltage_Indicator1 Member=T1
Removed Member From Class: ClassName=Voltage_Indicator3 Member=T1
Removed Member From Class: ClassName=Bz Member=T7
Removed Member From Class: ClassName=Motor Member=T7
Removed Member From Class: ClassName=Sep Member=T7
Removed Member From Class: ClassName=U_ADC2 Member=T7
Removed Member From Class: ClassName=ESP Member=T8
Removed Member From Class: ClassName=U_ESP power Member=T12
Removed Member From Class: ClassName=U_Magnetometer Member=U4
Removed Member From Class: ClassName=ESP Member=U8
Removed Member From Class: ClassName=U_ADC1 Member=U8
Removed Member From Class: ClassName=U_ADC2 Member=U8
Removed Member From Class: ClassName=U_Barometer Member=U8
Removed Member From Class: ClassName=U_Squib_Managment Member=U8
Removed Member From Class: ClassName=ESP Member=U11
Change Component Designator: OldDesignator=1 NewDesignator=J11
Change Component Designator: OldDesignator=2 NewDesignator=J13
Change Component Designator: OldDesignator=3 NewDesignator=J10
Change Component Designator: OldDesignator=4 NewDesignator=J9
Change Component Designator: OldDesignator=5 NewDesignator=J8
Change Component Designator: OldDesignator=6 NewDesignator=J6
Change Component Designator: OldDesignator=BAT_IN1 NewDesignator=J7
Change Component Designator: OldDesignator=C1 NewDesignator=C17
Change Component Designator: OldDesignator=C2 NewDesignator=C18
Change Component Designator: OldDesignator=C3 NewDesignator=C10
Change Component Designator: OldDesignator=C4 NewDesignator=C8
Change Component Designator: OldDesignator=C5 NewDesignator=C7
Change Component Designator: OldDesignator=C6 NewDesignator=C32
Change Component Designator: OldDesignator=C7 NewDesignator=C6
Change Component Designator: OldDesignator=C8 NewDesignator=C2
Change Component Designator: OldDesignator=C9 NewDesignator=C13
Change Component Designator: OldDesignator=C10 NewDesignator=C15
Change Component Designator: OldDesignator=C11 NewDesignator=C14
Change Component Designator: OldDesignator=C12 NewDesignator=C11
Change Component Designator: OldDesignator=C13 NewDesignator=C16
Change Component Designator: OldDesignator=C14 NewDesignator=C9
Change Component Designator: OldDesignator=C15 NewDesignator=C12
Change Component Designator: OldDesignator=C16 NewDesignator=C1
Change Component Designator: OldDesignator=C17 NewDesignator=C10
Change Component Designator: OldDesignator=C18 NewDesignator=C7
Change Component Designator: OldDesignator=C19 NewDesignator=C8
Change Component Designator: OldDesignator=C20 NewDesignator=C6
Change Component Designator: OldDesignator=C21 NewDesignator=C9
Change Component Designator: OldDesignator=C22 NewDesignator=C47
Change Component Designator: OldDesignator=C23 NewDesignator=C39
Change Component Designator: OldDesignator=C24 NewDesignator=C48
Change Component Designator: OldDesignator=C25 NewDesignator=C49
Change Component Designator: OldDesignator=C26 NewDesignator=C51
Change Component Designator: OldDesignator=C27 NewDesignator=C50
Change Component Designator: OldDesignator=C28 NewDesignator=C37
Change Component Designator: OldDesignator=C29 NewDesignator=C21
Change Component Designator: OldDesignator=C30 NewDesignator=C20
Change Component Designator: OldDesignator=C31 NewDesignator=C26
Change Component Designator: OldDesignator=C32 NewDesignator=C29
Change Component Designator: OldDesignator=C33 NewDesignator=C19
Change Component Designator: OldDesignator=C34 NewDesignator=C30
Change Component Designator: OldDesignator=C35 NewDesignator=C27
Change Component Designator: OldDesignator=C36 NewDesignator=C28
Change Component Designator: OldDesignator=C37 NewDesignator=C22
Change Component Designator: OldDesignator=C38 NewDesignator=C23
Change Component Designator: OldDesignator=C39 NewDesignator=C25
Change Component Designator: OldDesignator=C40 NewDesignator=C38
Change Component Designator: OldDesignator=C41 NewDesignator=C24
Change Component Designator: OldDesignator=C42 NewDesignator=C35
Change Component Designator: OldDesignator=C43 NewDesignator=C33
Change Component Designator: OldDesignator=C44 NewDesignator=C36
Change Component Designator: OldDesignator=C45 NewDesignator=C34
Change Component Designator: OldDesignator=C46 NewDesignator=C44
Change Component Designator: OldDesignator=C47 NewDesignator=C45
Change Component Designator: OldDesignator=C48 NewDesignator=C43
Change Component Designator: OldDesignator=C49 NewDesignator=C41
Change Component Designator: OldDesignator=C50 NewDesignator=C42
Change Component Designator: OldDesignator=C51 NewDesignator=C46
Change Component Designator: OldDesignator=C52 NewDesignator=C3
Change Component Designator: OldDesignator=C53 NewDesignator=C4
Change Component Designator: OldDesignator=C54 NewDesignator=C5
Change Component Designator: OldDesignator=C55 NewDesignator=C3
Change Component Designator: OldDesignator=C56 NewDesignator=C4
Change Component Designator: OldDesignator=C57 NewDesignator=C5
Change Component Designator: OldDesignator=C58 NewDesignator=C40
Change Component Designator: OldDesignator=CF1 NewDesignator=C31
Change Component Designator: OldDesignator=CF2 NewDesignator=C31
Change Component Designator: OldDesignator=CF3 NewDesignator=C31
Change Component Designator: OldDesignator=CF4 NewDesignator=C31
Change Component Designator: OldDesignator=CF5 NewDesignator=C31
Change Component Designator: OldDesignator=CF6 NewDesignator=C31
Change Component Designator: OldDesignator=CF7 NewDesignator=C31
Change Component Designator: OldDesignator=CF8 NewDesignator=C31
Change Component Designator: OldDesignator=D1 NewDesignator=D6
Change Component Designator: OldDesignator=D2 NewDesignator=D6
Change Component Designator: OldDesignator=D3 NewDesignator=D6
Change Component Designator: OldDesignator=D4 NewDesignator=D3
Change Component Designator: OldDesignator=D5 NewDesignator=D3
Change Component Designator: OldDesignator=D6 NewDesignator=D3
Change Component Designator: OldDesignator=D7 NewDesignator=D4
Change Component Designator: OldDesignator=D8 NewDesignator=D1
Change Component Designator: OldDesignator=D9 NewDesignator=D6
Change Component Designator: OldDesignator=D10 NewDesignator=D2
Change Component Designator: OldDesignator=D11 NewDesignator=D1
Change Component Designator: OldDesignator=D12 NewDesignator=D1
Change Component Designator: OldDesignator=D13 NewDesignator=D5
Change Component Designator: OldDesignator=D14 NewDesignator=D7
Change Component Designator: OldDesignator=MOSI/MISO1 NewDesignator=J3
Change Component Designator: OldDesignator=Q1 NewDesignator=Q3
Change Component Designator: OldDesignator=Q2 NewDesignator=Q5
Change Component Designator: OldDesignator=Q3 NewDesignator=Q4
Change Component Designator: OldDesignator=Q4 NewDesignator=Q1
Change Component Designator: OldDesignator=Q5 NewDesignator=Q1
Change Component Designator: OldDesignator=Q6 NewDesignator=Q1
Change Component Designator: OldDesignator=Q7 NewDesignator=Q2
Change Component Designator: OldDesignator=Q8 NewDesignator=Q2
Change Component Designator: OldDesignator=Q9 NewDesignator=Q2
Change Component Designator: OldDesignator=R1 NewDesignator=R78
Change Component Designator: OldDesignator=R2 NewDesignator=R78
Change Component Designator: OldDesignator=R3 NewDesignator=R78
Change Component Designator: OldDesignator=R4 NewDesignator=R56
Change Component Designator: OldDesignator=R5 NewDesignator=R56
Change Component Designator: OldDesignator=R6 NewDesignator=R56
Change Component Designator: OldDesignator=R7 NewDesignator=R3
Change Component Designator: OldDesignator=R8 NewDesignator=R4
Change Component Designator: OldDesignator=R9 NewDesignator=R6
Change Component Designator: OldDesignator=R10 NewDesignator=R57
Change Component Designator: OldDesignator=R11 NewDesignator=R57
Change Component Designator: OldDesignator=R12 NewDesignator=R57
Change Component Designator: OldDesignator=R13 NewDesignator=R5
Change Component Designator: OldDesignator=R14 NewDesignator=R2
Change Component Designator: OldDesignator=R15 NewDesignator=R1
Change Component Designator: OldDesignator=R16 NewDesignator=R88
Change Component Designator: OldDesignator=R17 NewDesignator=R3
Change Component Designator: OldDesignator=R18 NewDesignator=R4
Change Component Designator: OldDesignator=R19 NewDesignator=R89
Change Component Designator: OldDesignator=R20 NewDesignator=R6
Change Component Designator: OldDesignator=R21 NewDesignator=R86
Change Component Designator: OldDesignator=R22 NewDesignator=R5
Change Component Designator: OldDesignator=R23 NewDesignator=R1
Change Component Designator: OldDesignator=R24 NewDesignator=R2
Change Component Designator: OldDesignator=R25 NewDesignator=R85
Change Component Designator: OldDesignator=R26 NewDesignator=R62
Change Component Designator: OldDesignator=R27 NewDesignator=R7
Change Component Designator: OldDesignator=R28 NewDesignator=R79
Change Component Designator: OldDesignator=R29 NewDesignator=R78
Change Component Designator: OldDesignator=R30 NewDesignator=R80
Change Component Designator: OldDesignator=R31 NewDesignator=R81
Change Component Designator: OldDesignator=R32 NewDesignator=R82
Change Component Designator: OldDesignator=R33 NewDesignator=R84
Change Component Designator: OldDesignator=R34 NewDesignator=R83
Change Component Designator: OldDesignator=R35 NewDesignator=R33
Change Component Designator: OldDesignator=R36 NewDesignator=R29
Change Component Designator: OldDesignator=R37 NewDesignator=R28
Change Component Designator: OldDesignator=R38 NewDesignator=R25
Change Component Designator: OldDesignator=R39 NewDesignator=R22
Change Component Designator: OldDesignator=R40 NewDesignator=R20
Change Component Designator: OldDesignator=R41 NewDesignator=R42
Change Component Designator: OldDesignator=R42 NewDesignator=R43
Change Component Designator: OldDesignator=R43 NewDesignator=R38
Change Component Designator: OldDesignator=R44 NewDesignator=R40
Change Component Designator: OldDesignator=R45 NewDesignator=R48
Change Component Designator: OldDesignator=R46 NewDesignator=R50
Change Component Designator: OldDesignator=R47 NewDesignator=R44
Change Component Designator: OldDesignator=R48 NewDesignator=R45
Change Component Designator: OldDesignator=R49 NewDesignator=R46
Change Component Designator: OldDesignator=R50 NewDesignator=R35
Change Component Designator: OldDesignator=R51 NewDesignator=R37
Change Component Designator: OldDesignator=R52 NewDesignator=R7
Change Component Designator: OldDesignator=R53 NewDesignator=R7
Change Component Designator: OldDesignator=R54 NewDesignator=R59
Change Component Designator: OldDesignator=R55 NewDesignator=R30
Change Component Designator: OldDesignator=R56 NewDesignator=R17
Change Component Designator: OldDesignator=R57 NewDesignator=R73
Change Component Designator: OldDesignator=R58 NewDesignator=R74
Change Component Designator: OldDesignator=R59 NewDesignator=R75
Change Component Designator: OldDesignator=R60 NewDesignator=R71
Change Component Designator: OldDesignator=R61 NewDesignator=R76
Change Component Designator: OldDesignator=R62 NewDesignator=R72
Change Component Designator: OldDesignator=R63 NewDesignator=R26
Change Component Designator: OldDesignator=R64 NewDesignator=R23
Change Component Designator: OldDesignator=R65 NewDesignator=R24
Change Component Designator: OldDesignator=R66 NewDesignator=R63
Change Component Designator: OldDesignator=R67 NewDesignator=R27
Change Component Designator: OldDesignator=R68 NewDesignator=R19
Change Component Designator: OldDesignator=R69 NewDesignator=R47
Change Component Designator: OldDesignator=R70 NewDesignator=R49
Change Component Designator: OldDesignator=R71 NewDesignator=R66
Change Component Designator: OldDesignator=R72 NewDesignator=R16
Change Component Designator: OldDesignator=R73 NewDesignator=R39
Change Component Designator: OldDesignator=R74 NewDesignator=R41
Change Component Designator: OldDesignator=R75 NewDesignator=R77
Change Component Designator: OldDesignator=R76 NewDesignator=R64
Change Component Designator: OldDesignator=R77 NewDesignator=R58
Change Component Designator: OldDesignator=R78 NewDesignator=R61
Change Component Designator: OldDesignator=R79 NewDesignator=R60
Change Component Designator: OldDesignator=R80 NewDesignator=R65
Change Component Designator: OldDesignator=R81 NewDesignator=R34
Change Component Designator: OldDesignator=R82 NewDesignator=R32
Change Component Designator: OldDesignator=R83 NewDesignator=R31
Change Component Designator: OldDesignator=R84 NewDesignator=R21
Change Component Designator: OldDesignator=R85 NewDesignator=R36
Change Component Designator: OldDesignator=R86 NewDesignator=R71
Change Component Designator: OldDesignator=R87 NewDesignator=R18
Change Component Designator: OldDesignator=R88 NewDesignator=R72
Change Component Designator: OldDesignator=R89 NewDesignator=R52
Change Component Designator: OldDesignator=R90 NewDesignator=R87
Change Component Designator: OldDesignator=R91 NewDesignator=R51
Change Component Designator: OldDesignator=R92 NewDesignator=R52
Change Component Designator: OldDesignator=R93 NewDesignator=R51
Change Component Designator: OldDesignator=R94 NewDesignator=R15
Change Component Designator: OldDesignator=R95 NewDesignator=R52
Change Component Designator: OldDesignator=R96 NewDesignator=R90
Change Component Designator: OldDesignator=R97 NewDesignator=R51
Change Component Designator: OldDesignator=R98 NewDesignator=R91
Change Component Designator: OldDesignator=R99 NewDesignator=R92
Change Component Designator: OldDesignator=R100 NewDesignator=R52
Change Component Designator: OldDesignator=R101 NewDesignator=R67
Change Component Designator: OldDesignator=R102 NewDesignator=R51
Change Component Designator: OldDesignator=R103 NewDesignator=R68
Change Component Designator: OldDesignator=R104 NewDesignator=R93
Change Component Designator: OldDesignator=R105 NewDesignator=R69
Change Component Designator: OldDesignator=R106 NewDesignator=R52
Change Component Designator: OldDesignator=R107 NewDesignator=R94
Change Component Designator: OldDesignator=R108 NewDesignator=R51
Change Component Designator: OldDesignator=R109 NewDesignator=R70
Change Component Designator: OldDesignator=R110 NewDesignator=R52
Change Component Designator: OldDesignator=R111 NewDesignator=R51
Change Component Designator: OldDesignator=R112 NewDesignator=R52
Change Component Designator: OldDesignator=R113 NewDesignator=R14
Change Component Designator: OldDesignator=R114 NewDesignator=R12
Change Component Designator: OldDesignator=R115 NewDesignator=R14
Change Component Designator: OldDesignator=R116 NewDesignator=R12
Change Component Designator: OldDesignator=R117 NewDesignator=R12
Change Component Designator: OldDesignator=R118 NewDesignator=R14
Change Component Designator: OldDesignator=R119 NewDesignator=R51
Change Component Designator: OldDesignator=R120 NewDesignator=R52
Change Component Designator: OldDesignator=R121 NewDesignator=R51
Change Component Designator: OldDesignator=R122 NewDesignator=R9
Change Component Designator: OldDesignator=R123 NewDesignator=R13
Change Component Designator: OldDesignator=R124 NewDesignator=R13
Change Component Designator: OldDesignator=R125 NewDesignator=R9
Change Component Designator: OldDesignator=R126 NewDesignator=R9
Change Component Designator: OldDesignator=R127 NewDesignator=R13
Change Component Designator: OldDesignator=R128 NewDesignator=R8
Change Component Designator: OldDesignator=R129 NewDesignator=R11
Change Component Designator: OldDesignator=R130 NewDesignator=R8
Change Component Designator: OldDesignator=R131 NewDesignator=R11
Change Component Designator: OldDesignator=R132 NewDesignator=R8
Change Component Designator: OldDesignator=R133 NewDesignator=R11
Change Component Designator: OldDesignator=R134 NewDesignator=R10
Change Component Designator: OldDesignator=R135 NewDesignator=R10
Change Component Designator: OldDesignator=R136 NewDesignator=R10
Change Component Designator: OldDesignator=R_Pi_Pwr1 NewDesignator=JP1
Change Component Designator: OldDesignator=Raspberry Pi GPIO1 NewDesignator=J14
Change Component Designator: OldDesignator=RF1 NewDesignator=R53
Change Component Designator: OldDesignator=RF2 NewDesignator=R53
Change Component Designator: OldDesignator=RF3 NewDesignator=R53
Change Component Designator: OldDesignator=RF4 NewDesignator=R53
Change Component Designator: OldDesignator=RF5 NewDesignator=R53
Change Component Designator: OldDesignator=RF6 NewDesignator=R53
Change Component Designator: OldDesignator=RF7 NewDesignator=R53
Change Component Designator: OldDesignator=RF8 NewDesignator=R53
Change Component Designator: OldDesignator=RGND1 NewDesignator=R55
Change Component Designator: OldDesignator=RGND2 NewDesignator=R54
Change Component Designator: OldDesignator=RGND3 NewDesignator=R55
Change Component Designator: OldDesignator=RGND4 NewDesignator=R54
Change Component Designator: OldDesignator=RGND5 NewDesignator=R55
Change Component Designator: OldDesignator=RGND6 NewDesignator=R54
Change Component Designator: OldDesignator=RGND7 NewDesignator=R55
Change Component Designator: OldDesignator=RGND8 NewDesignator=R54
Change Component Designator: OldDesignator=RGND9 NewDesignator=R55
Change Component Designator: OldDesignator=RGND10 NewDesignator=R54
Change Component Designator: OldDesignator=RGND11 NewDesignator=R55
Change Component Designator: OldDesignator=RGND12 NewDesignator=R54
Change Component Designator: OldDesignator=RGND13 NewDesignator=R55
Change Component Designator: OldDesignator=RGND14 NewDesignator=R54
Change Component Designator: OldDesignator=RGND15 NewDesignator=R55
Change Component Designator: OldDesignator=RGND16 NewDesignator=R54
Change Component Designator: OldDesignator=S2 NewDesignator=S3
Change Component Designator: OldDesignator=S3 NewDesignator=S2
Change Component Designator: OldDesignator=SCLK/CS1 NewDesignator=J4
Change Component Designator: OldDesignator=SQB1 NewDesignator=J2
Change Component Designator: OldDesignator=SQB2 NewDesignator=J2
Change Component Designator: OldDesignator=SQB3 NewDesignator=J2
Change Component Designator: OldDesignator=SW1 NewDesignator=J12
Change Component Designator: OldDesignator=T1 NewDesignator=T8
Change Component Designator: OldDesignator=T2 NewDesignator=T8
Change Component Designator: OldDesignator=T3 NewDesignator=T8
Change Component Designator: OldDesignator=T4 NewDesignator=T1
Change Component Designator: OldDesignator=T5 NewDesignator=J1
Change Component Designator: OldDesignator=T6 NewDesignator=T1
Change Component Designator: OldDesignator=T7 NewDesignator=J1
Change Component Designator: OldDesignator=T8 NewDesignator=T11
Change Component Designator: OldDesignator=T9 NewDesignator=T12
Change Component Designator: OldDesignator=T10 NewDesignator=T9
Change Component Designator: OldDesignator=T11 NewDesignator=T7
Change Component Designator: OldDesignator=T12 NewDesignator=T10
Change Component Designator: OldDesignator=T13 NewDesignator=T6
Change Component Designator: OldDesignator=T14 NewDesignator=T5
Change Component Designator: OldDesignator=T15 NewDesignator=T4
Change Component Designator: OldDesignator=T16 NewDesignator=T2
Change Component Designator: OldDesignator=T17 NewDesignator=T3
Change Component Designator: OldDesignator=T18 NewDesignator=T2
Change Component Designator: OldDesignator=T19 NewDesignator=T3
Change Component Designator: OldDesignator=T20 NewDesignator=T3
Change Component Designator: OldDesignator=T21 NewDesignator=T2
Change Component Designator: OldDesignator=U1 NewDesignator=U5
Change Component Designator: OldDesignator=U2 NewDesignator=U9
Change Component Designator: OldDesignator=U3 NewDesignator=U2
Change Component Designator: OldDesignator=U4 NewDesignator=U1
Change Component Designator: OldDesignator=U5 NewDesignator=U4
Change Component Designator: OldDesignator=U6 NewDesignator=U3
Change Component Designator: OldDesignator=U7 NewDesignator=U2
Change Component Designator: OldDesignator=U8 NewDesignator=U10
Change Component Designator: OldDesignator=U9 NewDesignator=U11
Change Component Designator: OldDesignator=U10 NewDesignator=U12
Change Component Designator: OldDesignator=U11 NewDesignator=U8
Change Component Designator: OldDesignator=U12 NewDesignator=U7
Change Component Designator: OldDesignator=U13 NewDesignator=U6
Change Component Designator: OldDesignator=UART1 NewDesignator=J5
Change Component Designator: OldDesignator=UART2 NewDesignator=J5
Change Net Name : Old Net Name=NetBAT_IN1_1 New Net Name=NetJ7_1
Change Net Name : Old Net Name=NetC3_U_ADC1_1 New Net Name=NetC3_1
Change Net Name : Old Net Name=NetC3_U_ADC1_2 New Net Name=NetC3_2
Change Net Name : Old Net Name=NetC3_U_ADC2_1 New Net Name=NetC3_1
Change Net Name : Old Net Name=NetC3_U_ADC2_2 New Net Name=NetC3_2
Change Net Name : Old Net Name=NetC4_U_ADC1_1 New Net Name=NetC6_1
Change Net Name : Old Net Name=NetC4_U_ADC1_2 New Net Name=NetC6_2
Change Net Name : Old Net Name=NetC4_U_ADC2_1 New Net Name=NetC6_1
Change Net Name : Old Net Name=NetC4_U_ADC2_2 New Net Name=NetC6_2
Change Net Name : Old Net Name=NetC7_U_ADC1_1 New Net Name=NetC5_1
Change Net Name : Old Net Name=NetC7_U_ADC1_2 New Net Name=NetC4_2
Change Net Name : Old Net Name=NetC7_U_ADC2_1 New Net Name=NetC5_1
Change Net Name : Old Net Name=NetC7_U_ADC2_2 New Net Name=NetC4_2
Change Net Name : Old Net Name=NetC19_2 New Net Name=NetC20_2
Change Net Name : Old Net Name=NetC24_2 New Net Name=NetC38_2
Change Net Name : Old Net Name=NetC29_1 New Net Name=NetC48_1
Change Net Name : Old Net Name=NetC34_1 New Net Name=NetC33_1
Change Net Name : Old Net Name=NetC35_1 New Net Name=NetC34_1
Change Net Name : Old Net Name=NetC38_2 New Net Name=NetC39_2
Change Net Name : Old Net Name=NetC40_2 New Net Name=NetC19_2
Change Net Name : Old Net Name=NetC41_2 New Net Name=NetC24_2
Change Net Name : Old Net Name=NetC42_2 New Net Name=NetC22_2
Change Net Name : Old Net Name=NetC43_2 New Net Name=NetC23_2
Change Net Name : Old Net Name=NetC44_2 New Net Name=NetC25_2
Change Net Name : Old Net Name=NetC45_2 New Net Name=NetC26_2
Change Net Name : Old Net Name=NetC46_2 New Net Name=NetC27_2
Change Net Name : Old Net Name=NetC47_2 New Net Name=NetC28_2
Change Net Name : Old Net Name=NetC48_2 New Net Name=NetC29_2
Change Net Name : Old Net Name=NetC49_2 New Net Name=NetC30_2
Change Net Name : Old Net Name=NetD1_ACT_IND_1 New Net Name=NetD6_1
Change Net Name : Old Net Name=NetD1_ACT_IND_2 New Net Name=NetD1_1
Change Net Name : Old Net Name=NetD1_Main_IND_1 New Net Name=NetD6_1
Change Net Name : Old Net Name=NetD1_Main_IND_2 New Net Name=NetD6_2
Change Net Name : Old Net Name=NetD1_Motor_IND_1 New Net Name=NetD6_1
Change Net Name : Old Net Name=NetD1_Motor_IND_2 New Net Name=NetD6_2
Change Net Name : Old Net Name=NetD1_Sep_IND_1 New Net Name=NetD6_1
Change Net Name : Old Net Name=NetD1_Sep_IND_2 New Net Name=NetD6_2
Change Net Name : Old Net Name=NetD2_2 New Net Name=NetD7_2
Change Net Name : Old Net Name=NetD3_ACT_Ind_1 New Net Name=NetD1_1
Change Net Name : Old Net Name=NetD3_ACT_Ind_2 New Net Name=NetD1_2
Change Net Name : Old Net Name=NetD3_ERR_Ind1_2 New Net Name=NetD1_2
Change Net Name : Old Net Name=NetD3_ERR_Ind2_1 New Net Name=NetD1_1
Change Net Name : Old Net Name=NetD3_ERR_Ind2_2 New Net Name=NetD1_2
Change Net Name : Old Net Name=NetD4_2 New Net Name=NetD2_2
Change Net Name : Old Net Name=NetD7_Voltage_Indicator1_1 New Net Name=NetD3_1
Change Net Name : Old Net Name=NetD7_Voltage_Indicator1_2 New Net Name=NetD3_2
Change Net Name : Old Net Name=NetD7_Voltage_Indicator2_1 New Net Name=NetD3_1
Change Net Name : Old Net Name=NetD7_Voltage_Indicator2_2 New Net Name=NetD3_2
Change Net Name : Old Net Name=NetD7_Voltage_Indicator3_1 New Net Name=NetD3_1
Change Net Name : Old Net Name=NetD7_Voltage_Indicator3_2 New Net Name=NetD3_2
Change Net Name : Old Net Name=NetD12_2 New Net Name=NetD4_2
Change Net Name : Old Net Name=NetMOSI/MISO1_1 New Net Name=NetJ3_1
Change Net Name : Old Net Name=NetMOSI/MISO1_2 New Net Name=NetJ3_2
Change Net Name : Old Net Name=NetQ1_Main_1 New Net Name=NetQ1_1
Change Net Name : Old Net Name=NetQ1_Main_3 New Net Name=NetJ2_1
Change Net Name : Old Net Name=NetQ1_Motor_1 New Net Name=NetQ1_1
Change Net Name : Old Net Name=NetQ1_Motor_3 New Net Name=NetJ2_1
Change Net Name : Old Net Name=NetQ1_Sep_1 New Net Name=NetQ1_1
Change Net Name : Old Net Name=NetQ1_Sep_3 New Net Name=NetJ2_1
Change Net Name : Old Net Name=NetQ2_Main_1 New Net Name=NetQ2_1
Change Net Name : Old Net Name=NetQ2_Main_3 New Net Name=NetQ2_3
Change Net Name : Old Net Name=NetQ2_Motor_1 New Net Name=NetQ2_1
Change Net Name : Old Net Name=NetQ2_Motor_3 New Net Name=NetQ2_3
Change Net Name : Old Net Name=NetQ2_Sep_1 New Net Name=NetQ2_1
Change Net Name : Old Net Name=NetQ2_Sep_3 New Net Name=NetQ2_3
Change Net Name : Old Net Name=NetQ6_1 New Net Name=NetQ5_1
Change Net Name : Old Net Name=NetR1_U_ADC1_2 New Net Name=NetR1_2
Change Net Name : Old Net Name=NetR1_U_ADC2_2 New Net Name=NetR1_2
Change Net Name : Old Net Name=NetR2_U_ADC1_1 New Net Name=NetR2_1
Change Net Name : Old Net Name=NetR2_U_ADC1_2 New Net Name=NetR2_2
Change Net Name : Old Net Name=NetR2_U_ADC2_1 New Net Name=NetR2_1
Change Net Name : Old Net Name=NetR2_U_ADC2_2 New Net Name=NetR2_2
Change Net Name : Old Net Name=NetR3_U_ADC1_2 New Net Name=NetR3_2
Change Net Name : Old Net Name=NetR3_U_ADC2_2 New Net Name=NetR3_2
Change Net Name : Old Net Name=NetR4_U_ADC1_2 New Net Name=NetR4_2
Change Net Name : Old Net Name=NetR4_U_ADC2_2 New Net Name=NetR4_2
Change Net Name : Old Net Name=NetR7_1 New Net Name=NetR79_1
Change Net Name : Old Net Name=NetR9_1 New Net Name=NetJ14_3
Change Net Name : Old Net Name=NetR9_2 New Net Name=NetR21_1
Change Net Name : Old Net Name=NetR10_1 New Net Name=NetJ14_5
Change Net Name : Old Net Name=NetR10_2 New Net Name=NetR27_1
Change Net Name : Old Net Name=NetR11_1 New Net Name=NetJ14_7
Change Net Name : Old Net Name=NetR11_2 New Net Name=NetR31_1
Change Net Name : Old Net Name=NetR12_1 New Net Name=NetR85_1
Change Net Name : Old Net Name=NetR12_2 New Net Name=NetJ14_8
Change Net Name : Old Net Name=NetR13_1 New Net Name=NetJ14_11
Change Net Name : Old Net Name=NetR13_2 New Net Name=NetR32_1
Change Net Name : Old Net Name=NetR14_1 New Net Name=NetJ14_13
Change Net Name : Old Net Name=NetR15_1 New Net Name=NetJ14_15
Change Net Name : Old Net Name=NetR16_1 New Net Name=NetJ14_19
Change Net Name : Old Net Name=NetR17_1 New Net Name=NetJ14_23
Change Net Name : Old Net Name=NetR18_1 New Net Name=NetR41_2
Change Net Name : Old Net Name=NetR18_2 New Net Name=NetJ14_24
Change Net Name : Old Net Name=NetR22_Main_1 New Net Name=NetR9_1
Change Net Name : Old Net Name=NetR22_Motor_1 New Net Name=NetR9_1
Change Net Name : Old Net Name=NetR22_Sep_1 New Net Name=NetR9_1
Change Net Name : Old Net Name=NetR25_Main_1 New Net Name=NetJ14_35
Change Net Name : Old Net Name=NetR25_Main_2 New Net Name=NetR12_2
Change Net Name : Old Net Name=NetR25_Motor_1 New Net Name=NetJ14_37
Change Net Name : Old Net Name=NetR25_Motor_2 New Net Name=NetR12_2
Change Net Name : Old Net Name=NetR25_Sep_1 New Net Name=NetJ14_36
Change Net Name : Old Net Name=NetR25_Sep_2 New Net Name=NetR12_2
Change Net Name : Old Net Name=NetR26_Main_1 New Net Name=NetR13_1
Change Net Name : Old Net Name=NetR26_Motor_1 New Net Name=NetR13_1
Change Net Name : Old Net Name=NetR26_Sep_1 New Net Name=NetR13_1
Change Net Name : Old Net Name=NetR27_Main_1 New Net Name=NetJ14_31
Change Net Name : Old Net Name=NetR27_Main_2 New Net Name=NetR14_2
Change Net Name : Old Net Name=NetR27_Motor_1 New Net Name=NetJ14_29
Change Net Name : Old Net Name=NetR27_Motor_2 New Net Name=NetR14_2
Change Net Name : Old Net Name=NetR27_Sep_1 New Net Name=NetJ14_32
Change Net Name : Old Net Name=NetR27_Sep_2 New Net Name=NetR14_2
Change Net Name : Old Net Name=NetR28_1 New Net Name=NetJ14_12
Change Net Name : Old Net Name=NetR28_2 New Net Name=NetR15_2
Change Net Name : Old Net Name=NetR29_1 New Net Name=NetR16_1
Change Net Name : Old Net Name=NetR29_2 New Net Name=NetR16_2
Change Net Name : Old Net Name=NetR31_2 New Net Name=NetR19_2
Change Net Name : Old Net Name=NetR33_2 New Net Name=NetR21_2
Change Net Name : Old Net Name=NetR35_2 New Net Name=NetR23_2
Change Net Name : Old Net Name=NetR36_2 New Net Name=NetR24_2
Change Net Name : Old Net Name=NetR37_2 New Net Name=NetR26_2
Change Net Name : Old Net Name=NetR38_1 New Net Name=NetR36_1
Change Net Name : Old Net Name=NetR38_2 New Net Name=NetR36_2
Change Net Name : Old Net Name=NetR39_2 New Net Name=NetR27_2
Change Net Name : Old Net Name=NetR41_2 New Net Name=NetR31_2
Change Net Name : Old Net Name=NetR42_2 New Net Name=NetR32_2
Change Net Name : Old Net Name=NetR43_1 New Net Name=NetR39_1
Change Net Name : Old Net Name=NetR46_1 New Net Name=NetR41_1
Change Net Name : Old Net Name=NetR57_1 New Net Name=NetR81_1
Change Net Name : Old Net Name=NetR61_AIN01_2 New Net Name=NetR51_2
Change Net Name : Old Net Name=NetR61_AIN02_2 New Net Name=NetR51_2
Change Net Name : Old Net Name=NetR61_AIN11_2 New Net Name=NetR51_2
Change Net Name : Old Net Name=NetR61_AIN12_2 New Net Name=NetR51_2
Change Net Name : Old Net Name=NetR61_AIN21_2 New Net Name=NetJ1_1
Change Net Name : Old Net Name=NetR61_AIN22_2 New Net Name=NetJ1_1
Change Net Name : Old Net Name=NetR61_AIN31_2 New Net Name=NetJ1_2
Change Net Name : Old Net Name=NetR61_AIN32_2 New Net Name=NetJ1_2
Change Net Name : Old Net Name=NetR64_Voltage_Indicator1_2 New Net Name=NetR57_2
Change Net Name : Old Net Name=NetR64_Voltage_Indicator2_2 New Net Name=NetR57_2
Change Net Name : Old Net Name=NetR64_Voltage_Indicator3_2 New Net Name=NetR57_2
Change Net Name : Old Net Name=NetR71_1 New Net Name=NetR18_1
Change Net Name : Old Net Name=NetR71_2 New Net Name=NetJ14_16
Change Net Name : Old Net Name=NetR72_1 New Net Name=NetR49_1
Change Net Name : Old Net Name=NetR72_2 New Net Name=NetJ14_22
Change Net Name : Old Net Name=NetR73_2 New Net Name=NetJ4_1
Change Net Name : Old Net Name=NetR74_2 New Net Name=NetJ4_2
Change Net Name : Old Net Name=NetR76_LVLESP_1 New Net Name=NetR71_1
Change Net Name : Old Net Name=NetR76_LVLPI/ESP_1 New Net Name=NetR71_1
Change Net Name : Old Net Name=NetR77_LVLESP_1 New Net Name=NetR72_1
Change Net Name : Old Net Name=NetR77_LVLPI/ESP_1 New Net Name=NetR72_1
Change Net Name : Old Net Name=NetR79_1 New Net Name=NetR60_1
Change Net Name : Old Net Name=NetR81_1 New Net Name=NetR63_1
Change Net Name : Old Net Name=NetR81_2 New Net Name=NetR63_2
Change Net Name : Old Net Name=NetR84_1 New Net Name=NetR65_1
Change Net Name : Old Net Name=NetR85_1 New Net Name=NetR66_1
Change Net Name : Old Net Name=NetR85_2 New Net Name=NetR66_2
Change Net Name : Old Net Name=NetR88_1 New Net Name=NetR74_1
Change Net Name : Old Net Name=NetR89_2 New Net Name=NetR75_2
Change Net Name : Old Net Name=NetR90_2 New Net Name=NetR76_2
Change Net Name : Old Net Name=NetR91_1 New Net Name=NetR77_1
Change Net Name : Old Net Name=NetR92_1 New Net Name=NetJ14_18
Change Net Name : Old Net Name=NetR92_2 New Net Name=NetR34_2
Change Net Name : Old Net Name=NetRaspberry Pi GPIO1_10 New Net Name=NetJ14_10
Added Pin To Net: NetName=NetJ5_1 Pin=J5-1
Added Pin To Net: NetName=NetJ5_1 Pin=R71-2
Added Net: Name=NetJ5_1
Added Pin To Net: NetName=NetJ5_2 Pin=J5-2
Added Pin To Net: NetName=NetJ5_2 Pin=R72-2
Added Net: Name=NetJ5_2
Change Class Name : Old Net Name=Motor New Net Name=U_ESP power
Change Class Name : Old Net Name=U_ESP power New Net Name=Voltage_Indicator2
Added Class: Name=Motor
Added Member To Class: ClassName=U_Accelerometer Member=Component C1 Cap
Added Member To Class: ClassName=U_Accelerometer Member=Component C2 Cap
Added Member To Class: ClassName=U_ADC1 Member=Component C6 Cap
Added Member To Class: ClassName=U_ADC2 Member=Component C7 Cap
Added Member To Class: ClassName=U_ADC1 Member=Component C8 Cap
Added Member To Class: ClassName=U_ADC2 Member=Component C8 Cap
Added Member To Class: ClassName=U_ADC1 Member=Component C9 Cap
Added Member To Class: ClassName=U_ADC2 Member=Component C9 Cap
Added Member To Class: ClassName=U_ADC1 Member=Component C10 Cap
Added Member To Class: ClassName=U_ADC2 Member=Component C10 Cap
Added Member To Class: ClassName=U_Barometer Member=Component C11 Cap
Added Member To Class: ClassName=U_Barometer Member=Component C12 Cap
Added Member To Class: ClassName=U_Gyroscope Member=Component C15 Cap
Added Member To Class: ClassName=U_Magnetometer Member=Component C17 Cap
Added Member To Class: ClassName=U_Magnetometer Member=Component C18 Cap
Added Member To Class: ClassName=ESP Member=Component C19 Cap
Added Member To Class: ClassName=ESP Member=Component C20 Cap
Added Member To Class: ClassName=ESP Member=Component C21 Cap
Added Member To Class: ClassName=ESP Member=Component C22 Cap
Added Member To Class: ClassName=ESP Member=Component C24 Cap
Added Member To Class: ClassName=ESP Member=Component C26 Cap
Added Member To Class: ClassName=ESP Member=Component C28 Cap
Added Member To Class: ClassName=ESP Member=Component C29 Cap
Added Member To Class: ClassName=ESP Member=Component C30 Cap
Added Member To Class: ClassName=AIN01 Member=Component C31 Cap
Added Member To Class: ClassName=AIN02 Member=Component C31 Cap
Added Member To Class: ClassName=AIN11 Member=Component C31 Cap
Added Member To Class: ClassName=AIN12 Member=Component C31 Cap
Added Member To Class: ClassName=AIN21 Member=Component C31 Cap
Added Member To Class: ClassName=AIN22 Member=Component C31 Cap
Added Member To Class: ClassName=AIN31 Member=Component C31 Cap
Added Member To Class: ClassName=AIN32 Member=Component C31 Cap
Added Member To Class: ClassName=PWR Member=Component C32 Cap
Added Member To Class: ClassName=PWR Member=Component C33 Cap
Added Member To Class: ClassName=PWR Member=Component C34 Cap
Added Member To Class: ClassName=PWR Member=Component C37 Cap
Added Member To Class: ClassName=PWR Member=Component C38 Cap
Added Member To Class: ClassName=U_Squib_Managment Member=Component C39 Cap
Added Member To Class: ClassName=U_Squib_Managment Member=Component C40 Cap
Added Member To Class: ClassName=U_Regulators Member=Component C41 Cap
Added Member To Class: ClassName=U_Regulators Member=Component C42 Cap
Added Member To Class: ClassName=U_Regulators Member=Component C44 Cap
Added Member To Class: ClassName=U_Regulators Member=Component C45 Cap
Added Member To Class: ClassName=U_Regulators Member=Component C46 Cap
Added Member To Class: ClassName=U_Regulators Member=Component C47 Cap
Added Member To Class: ClassName=U_Regulators Member=Component C48 Cap
Added Member To Class: ClassName=U_Regulators Member=Component C49 Cap
Added Member To Class: ClassName=U_Regulators Member=Component C50 Cap
Added Member To Class: ClassName=ACT_IND Member=Component D1 LED_R
Added Member To Class: ClassName=ERR_Ind1 Member=Component D1 LED_R
Added Member To Class: ClassName=ERR_Ind2 Member=Component D1 LED_R
Added Member To Class: ClassName=ESP Member=Component D2 LED_R
Added Member To Class: ClassName=PWR Member=Component D4 LED_R
Added Member To Class: ClassName=U_ESP power Member=Component D5 Buck Diode
Added Member To Class: ClassName=ACT_IND Member=Component D6 LED_R
Added Member To Class: ClassName=Main_Ind Member=Component D6 LED_R
Added Member To Class: ClassName=Sep_Ind Member=Component D6 LED_R
Added Member To Class: ClassName=U_Regulators Member=Component D7 Buck Diode
Added Member To Class: ClassName=U_ADC2 Member=Component J1 Screw Terminal
Added Member To Class: ClassName=Main Member=Component J2 Screw Terminal
Added Member To Class: ClassName=Sep Member=Component J2 Screw Terminal
Added Member To Class: ClassName=U_SPI Output Member=Component J3 Screw Terminal
Added Member To Class: ClassName=U_SPI Output Member=Component J4 Screw Terminal
Added Member To Class: ClassName=U_UART Output1 Member=Component J5 Screw Terminal
Added Member To Class: ClassName=U_UART Output2 Member=Component J5 Screw Terminal
Added Member To Class: ClassName=Main Member=Component Q1 P-Channel
Added Member To Class: ClassName=Main Member=Component Q2 P-Channel
Added Member To Class: ClassName=Sep Member=Component Q2 P-Channel
Added Member To Class: ClassName=U_ESP power Member=Component Q5 P-Channel
Added Member To Class: ClassName=U_ADC1 Member=Component R1 Res3
Added Member To Class: ClassName=U_ADC2 Member=Component R1 Res3
Added Member To Class: ClassName=U_ADC1 Member=Component R2 Res3
Added Member To Class: ClassName=U_ADC2 Member=Component R2 Res3
Added Member To Class: ClassName=U_ADC1 Member=Component R4 Res3
Added Member To Class: ClassName=U_ADC2 Member=Component R4 Res3
Added Member To Class: ClassName=U_ADC1 Member=Component R5 Res3
Added Member To Class: ClassName=U_ADC2 Member=Component R5 Res3
Added Member To Class: ClassName=U_ADC1 Member=Component R6 Res3
Added Member To Class: ClassName=U_ADC2 Member=Component R6 Res3
Added Member To Class: ClassName=ACT_IND Member=Component R7 Res3
Added Member To Class: ClassName=ERR_Ind1 Member=Component R7 Res3
Added Member To Class: ClassName=ERR_Ind2 Member=Component R7 Res3
Added Member To Class: ClassName=Main Member=Component R8 Res3
Added Member To Class: ClassName=Sep Member=Component R8 Res3
Added Member To Class: ClassName=Main Member=Component R9 Res3
Added Member To Class: ClassName=Sep Member=Component R9 Res3
Added Member To Class: ClassName=Main Member=Component R10 Res3
Added Member To Class: ClassName=Sep Member=Component R10 Res3
Added Member To Class: ClassName=Main Member=Component R11 Res3
Added Member To Class: ClassName=Sep Member=Component R11 Res3
Added Member To Class: ClassName=Main Member=Component R12 Res3
Added Member To Class: ClassName=Sep Member=Component R12 Res3
Added Member To Class: ClassName=Main Member=Component R13 Res3
Added Member To Class: ClassName=Sep Member=Component R13 Res3
Added Member To Class: ClassName=Main Member=Component R14 Res3
Added Member To Class: ClassName=Sep Member=Component R14 Res3
Added Member To Class: ClassName=Bz Member=Component R15 Res3
Added Member To Class: ClassName=Bz Member=Component R16 Res3
Added Member To Class: ClassName=ESP Member=Component R18 Res3
Added Member To Class: ClassName=ESP Member=Component R19 Res3
Added Member To Class: ClassName=ESP Member=Component R22 Res3
Added Member To Class: ClassName=ESP Member=Component R23 Res3
Added Member To Class: ClassName=ESP Member=Component R26 Res3
Added Member To Class: ClassName=ESP Member=Component R27 Res3
Added Member To Class: ClassName=ESP Member=Component R28 Res3
Added Member To Class: ClassName=ESP Member=Component R30 Res3
Added Member To Class: ClassName=ESP Member=Component R37 Res3
Added Member To Class: ClassName=ESP Member=Component R39 Res3
Added Member To Class: ClassName=ESP Member=Component R41 Res3
Added Member To Class: ClassName=ESP Member=Component R42 Res3
Added Member To Class: ClassName=ESP Member=Component R44 Res3
Added Member To Class: ClassName=ESP Member=Component R46 Res3
Added Member To Class: ClassName=ESP Member=Component R47 Res3
Added Member To Class: ClassName=ESP Member=Component R49 Res3
Added Member To Class: ClassName=ESP Member=Component R50 Res3
Added Member To Class: ClassName=AIN01 Member=Component R51 Res3
Added Member To Class: ClassName=AIN02 Member=Component R51 Res3
Added Member To Class: ClassName=AIN11 Member=Component R51 Res3
Added Member To Class: ClassName=AIN12 Member=Component R51 Res3
Added Member To Class: ClassName=AIN21 Member=Component R51 Res3
Added Member To Class: ClassName=AIN22 Member=Component R51 Res3
Added Member To Class: ClassName=AIN31 Member=Component R51 Res3
Added Member To Class: ClassName=AIN32 Member=Component R51 Res3
Added Member To Class: ClassName=AIN01 Member=Component R52 Res3
Added Member To Class: ClassName=AIN02 Member=Component R52 Res3
Added Member To Class: ClassName=AIN11 Member=Component R52 Res3
Added Member To Class: ClassName=AIN12 Member=Component R52 Res3
Added Member To Class: ClassName=AIN21 Member=Component R52 Res3
Added Member To Class: ClassName=AIN22 Member=Component R52 Res3
Added Member To Class: ClassName=AIN31 Member=Component R52 Res3
Added Member To Class: ClassName=AIN32 Member=Component R52 Res3
Added Member To Class: ClassName=AIN01 Member=Component R53 Res3
Added Member To Class: ClassName=AIN02 Member=Component R53 Res3
Added Member To Class: ClassName=AIN11 Member=Component R53 Res3
Added Member To Class: ClassName=AIN12 Member=Component R53 Res3
Added Member To Class: ClassName=AIN21 Member=Component R53 Res3
Added Member To Class: ClassName=AIN22 Member=Component R53 Res3
Added Member To Class: ClassName=AIN31 Member=Component R53 Res3
Added Member To Class: ClassName=AIN32 Member=Component R53 Res3
Added Member To Class: ClassName=AIN01 Member=Component R54 Res3
Added Member To Class: ClassName=AIN02 Member=Component R54 Res3
Added Member To Class: ClassName=AIN11 Member=Component R54 Res3
Added Member To Class: ClassName=AIN12 Member=Component R54 Res3
Added Member To Class: ClassName=AIN21 Member=Component R54 Res3
Added Member To Class: ClassName=AIN22 Member=Component R54 Res3
Added Member To Class: ClassName=AIN31 Member=Component R54 Res3
Added Member To Class: ClassName=AIN32 Member=Component R54 Res3
Added Member To Class: ClassName=AIN01 Member=Component R55 Res3
Added Member To Class: ClassName=AIN02 Member=Component R55 Res3
Added Member To Class: ClassName=AIN11 Member=Component R55 Res3
Added Member To Class: ClassName=AIN12 Member=Component R55 Res3
Added Member To Class: ClassName=AIN21 Member=Component R55 Res3
Added Member To Class: ClassName=AIN22 Member=Component R55 Res3
Added Member To Class: ClassName=AIN31 Member=Component R55 Res3
Added Member To Class: ClassName=AIN32 Member=Component R55 Res3
Added Member To Class: ClassName=Voltage_Indicator1 Member=Component R56 Res3
Added Member To Class: ClassName=Voltage_Indicator3 Member=Component R56 Res3
Added Member To Class: ClassName=Voltage_Indicator2 Member=Component R57 Res3
Added Member To Class: ClassName=Voltage_Indicator1 Member=Component R57 Res3
Added Member To Class: ClassName=Voltage_Indicator3 Member=Component R57 Res3
Added Member To Class: ClassName=PWR Member=Component R59 Res3
Added Member To Class: ClassName=PWR Member=Component R60 Res3
Added Member To Class: ClassName=PWR Member=Component R63 Res3
Added Member To Class: ClassName=PWR Member=Component R64 Res3
Added Member To Class: ClassName=PWR Member=Component R65 Res3
Added Member To Class: ClassName=PWR Member=Component R66 Res3
Added Member To Class: ClassName=U_SPI Output Member=Component R67 Res3
Added Member To Class: ClassName=U_SPI Output Member=Component R68 Res3
Added Member To Class: ClassName=U_SPI Output Member=Component R69 Res3
Added Member To Class: ClassName=U_SPI Output Member=Component R70 Res3
Added Member To Class: ClassName=U_UART Output1 Member=Component R71 Res3
Added Member To Class: ClassName=U_UART Output2 Member=Component R71 Res3
Added Member To Class: ClassName=U_UART Output1 Member=Component R72 Res3
Added Member To Class: ClassName=U_UART Output2 Member=Component R72 Res3
Added Member To Class: ClassName=U_ESP power Member=Component R74 Res3
Added Member To Class: ClassName=U_ESP power Member=Component R75 Res3
Added Member To Class: ClassName=U_Squib_Managment Member=Component R77 Res3
Added Member To Class: ClassName=ACT_IND Member=Component R78 Res3
Added Member To Class: ClassName=Main_Ind Member=Component R78 Res3
Added Member To Class: ClassName=Motor_IND Member=Component R78 Res3
Added Member To Class: ClassName=Sep_Ind Member=Component R78 Res3
Added Member To Class: ClassName=U_Regulators Member=Component R79 Res3
Added Member To Class: ClassName=U_Regulators Member=Component R80 Res3
Added Member To Class: ClassName=U_Regulators Member=Component R83 Res3
Added Member To Class: ClassName=U_Regulators Member=Component R84 Res3
Added Member To Class: ClassName=Main Member=Component R85 Res3
Added Member To Class: ClassName=Main Member=Component R86 Res3
Added Member To Class: ClassName=Main Member=Component R87 Res3
Added Member To Class: ClassName=Main Member=Component R88 Res3
Added Member To Class: ClassName=Main Member=Component R89 Res3
Added Member To Class: ClassName=Main Member=Component R90 Res3
Added Member To Class: ClassName=Main Member=Component R91 Res3
Added Member To Class: ClassName=Main Member=Component R92 Res3
Added Member To Class: ClassName=Main Member=Component R93 Res3
Added Member To Class: ClassName=Main Member=Component R94 Res3
Added Member To Class: ClassName=Main Member=Component T2 MMBT2222ALT1
Added Member To Class: ClassName=Sep Member=Component T2 MMBT2222ALT1
Added Member To Class: ClassName=Main Member=Component T3 MMBT2222ALT1
Added Member To Class: ClassName=Sep Member=Component T3 MMBT2222ALT1
Added Member To Class: ClassName=Bz Member=Component T4 MMBT2222ALT1
Added Member To Class: ClassName=Bz Member=Component T5 MMBT2222ALT1
Added Member To Class: ClassName=ESP Member=Component T6 MMBT2222ALT1
Added Member To Class: ClassName=Voltage_Indicator1 Member=Component T8 MMBT2222ALT1
Added Member To Class: ClassName=Voltage_Indicator3 Member=Component T8 MMBT2222ALT1
Added Member To Class: ClassName=U_ESP power Member=Component T11 MMBT2222ALT1
Added Member To Class: ClassName=U_ESP power Member=Component T12 MMBT2222ALT1
Added Member To Class: ClassName=U_ADC1 Member=Component U2 Analog to Digital Converter
Added Member To Class: ClassName=U_ADC2 Member=Component U2 Analog to Digital Converter
Added Member To Class: ClassName=U_Barometer Member=Component U3 BMP388
Added Member To Class: ClassName=U_Magnetometer Member=Component U5 MLX90393
Added Member To Class: ClassName=ESP Member=Component U6 NCP1117DT33T5GOSCT-ND
Added Member To Class: ClassName=ESP Member=Component U7 ESP32-WROOM-32D
Added Member To Class: ClassName=U_Squib_Managment Member=Component U9 ACS711KEXLT-15AB-T
Added Room: Name=ACT_IND
Added Room: Name=ACT_Ind
Added Room: Name=AIN01
Added Room: Name=AIN02
Added Room: Name=AIN11
Added Room: Name=AIN12
Added Room: Name=AIN21
Added Room: Name=AIN22
Added Room: Name=AIN31
Added Room: Name=AIN32
Added Room: Name=Bz
Added Room: Name=ERR_Ind2
Added Room: Name=ESP
Added Room: Name=Main
Added Room: Name=Main
Added Room: Name=Main_IND
Added Room: Name=Motor
Added Room: Name=Motor_IND
Added Room: Name=PWR
Added Room: Name=Sep
Added Room: Name=Sep_IND
Added Room: Name=U_Accelerometer
Added Room: Name=U_ADC1
Added Room: Name=U_ADC2
Added Room: Name=U_Barometer
Added Room: Name=U_ESP power
Added Room: Name=U_Gyroscope
Added Room: Name=U_Magnetometer
Added Room: Name=U_Power IO
Added Room: Name=U_Regulators
Added Room: Name=U_SPI Output
Added Room: Name=U_Squib_Managment
Added Room: Name=U_UART Output1
Added Room: Name=U_UART Output2
Added Room: Name=UART
Added Room: Name=Voltage_Indicator1
Added Room: Name=Voltage_Indicator2
Added Room: Name=Voltage_Indicator3
