Removed Member From Class: ClassName=U_ADC1 Member=C2
Removed Member From Class: ClassName=U_ADC2 Member=C2
Removed Member From Class: ClassName=ESP Member=C6
Removed Member From Class: ClassName=U_Magnetometer Member=C6
Removed Member From Class: ClassName=ESP Member=C8
Removed Member From Class: ClassName=ESP Member=C9
Removed Member From Class: ClassName=U_Accelerometer Member=C12
Removed Member From Class: ClassName=U_ADC1 Member=C12
Removed Member From Class: ClassName=U_ADC2 Member=C12
Removed Member From Class: ClassName=U_Gyroscope Member=C12
Removed Member From Class: ClassName=U_Magnetometer Member=C12
Removed Member From Class: ClassName=U_Barometer Member=C14
Removed Member From Class: ClassName=U_ADC1 Member=C16
Removed Member From Class: ClassName=U_ADC2 Member=C16
Removed Member From Class: ClassName=U_Accelerometer Member=C18
Removed Member From Class: ClassName=PWR Member=C19
Removed Member From Class: ClassName=U_Regulators Member=C19
Removed Member From Class: ClassName=PWR Member=C23
Removed Member From Class: ClassName=U_Squib_Managment Member=C23
Removed Member From Class: ClassName=U_Squib_Managment Member=C25
Removed Member From Class: ClassName=AIN01 Member=C26
Removed Member From Class: ClassName=AIN02 Member=C26
Removed Member From Class: ClassName=AIN11 Member=C26
Removed Member From Class: ClassName=AIN12 Member=C26
Removed Member From Class: ClassName=AIN21 Member=C26
Removed Member From Class: ClassName=AIN22 Member=C26
Removed Member From Class: ClassName=AIN31 Member=C26
Removed Member From Class: ClassName=AIN32 Member=C26
Removed Member From Class: ClassName=PWR Member=C29
Removed Member From Class: ClassName=U_ADC1 Member=C29
Removed Member From Class: ClassName=PWR Member=C30
Removed Member From Class: ClassName=U_Regulators Member=C34
Removed Member From Class: ClassName=U_Regulators Member=C35
Removed Member From Class: ClassName=U_Regulators Member=C36
Removed Member From Class: ClassName=ESP Member=C37
Removed Member From Class: ClassName=ESP Member=C39
Removed Member From Class: ClassName=ESP Member=C47
Removed Member From Class: ClassName=PWR Member=C47
Removed Member From Class: ClassName=ESP Member=C49
Removed Member From Class: ClassName=ESP Member=C50
Removed Member From Class: ClassName=ESP Member=C51
Removed Member From Class: ClassName=ACT_IND Member=D3
Removed Member From Class: ClassName=ERR_Ind1 Member=D3
Removed Member From Class: ClassName=ERR_Ind2 Member=D3
Removed Member From Class: ClassName=ESP Member=D3
Removed Member From Class: ClassName=Main_Ind Member=D3
Removed Member From Class: ClassName=Motor_IND Member=D3
Removed Member From Class: ClassName=PWR Member=D3
Removed Member From Class: ClassName=Sep_Ind Member=D3
Removed Member From Class: ClassName=U_ESP power Member=D3
Removed Member From Class: ClassName=U_Regulators Member=D3
Removed Member From Class: ClassName=ACT_IND Member=D6
Removed Member From Class: ClassName=Bz Member=J1
Removed Member From Class: ClassName=ESP Member=J1
Removed Member From Class: ClassName=Main Member=J2
Removed Member From Class: ClassName=Motor Member=J2
Removed Member From Class: ClassName=PWR Member=Q1
Removed Member From Class: ClassName=Main Member=Q4
Removed Member From Class: ClassName=Motor Member=Q4
Removed Member From Class: ClassName=Sep Member=Q4
Removed Member From Class: ClassName=U_ESP power Member=Q4
Removed Member From Class: ClassName=Main Member=Q5
Removed Member From Class: ClassName=Motor Member=Q5
Removed Member From Class: ClassName=Sep Member=Q5
Removed Member From Class: ClassName=ESP Member=R3
Removed Member From Class: ClassName=Sep Member=R3
Removed Member From Class: ClassName=U_ESP power Member=R3
Removed Member From Class: ClassName=Voltage_Indicator2 Member=R3
Removed Member From Class: ClassName=Voltage_Indicator3 Member=R3
Removed Member From Class: ClassName=ESP Member=R4
Removed Member From Class: ClassName=Main Member=R4
Removed Member From Class: ClassName=Motor Member=R4
Removed Member From Class: ClassName=Sep Member=R4
Removed Member From Class: ClassName=Main Member=R6
Removed Member From Class: ClassName=Motor Member=R6
Removed Member From Class: ClassName=Sep Member=R6
Removed Member From Class: ClassName=AIN01 Member=R7
Removed Member From Class: ClassName=AIN02 Member=R7
Removed Member From Class: ClassName=AIN11 Member=R7
Removed Member From Class: ClassName=AIN12 Member=R7
Removed Member From Class: ClassName=AIN21 Member=R7
Removed Member From Class: ClassName=AIN22 Member=R7
Removed Member From Class: ClassName=AIN31 Member=R7
Removed Member From Class: ClassName=AIN32 Member=R7
Removed Member From Class: ClassName=ESP Member=R7
Removed Member From Class: ClassName=U_SPI Output Member=R7
Removed Member From Class: ClassName=ESP Member=R16
Removed Member From Class: ClassName=Main Member=R16
Removed Member From Class: ClassName=PWR Member=R16
Removed Member From Class: ClassName=U_UART Output1 Member=R16
Removed Member From Class: ClassName=U_UART Output2 Member=R16
Removed Member From Class: ClassName=Main Member=R18
Removed Member From Class: ClassName=PWR Member=R23
Removed Member From Class: ClassName=PWR Member=R24
Removed Member From Class: ClassName=U_Regulators Member=R24
Removed Member From Class: ClassName=PWR Member=R26
Removed Member From Class: ClassName=AIN01 Member=R28
Removed Member From Class: ClassName=AIN02 Member=R28
Removed Member From Class: ClassName=AIN11 Member=R28
Removed Member From Class: ClassName=AIN12 Member=R28
Removed Member From Class: ClassName=AIN21 Member=R28
Removed Member From Class: ClassName=AIN22 Member=R28
Removed Member From Class: ClassName=AIN31 Member=R28
Removed Member From Class: ClassName=AIN32 Member=R28
Removed Member From Class: ClassName=AIN01 Member=R30
Removed Member From Class: ClassName=AIN02 Member=R30
Removed Member From Class: ClassName=AIN11 Member=R30
Removed Member From Class: ClassName=AIN12 Member=R30
Removed Member From Class: ClassName=AIN21 Member=R30
Removed Member From Class: ClassName=AIN22 Member=R30
Removed Member From Class: ClassName=AIN31 Member=R30
Removed Member From Class: ClassName=AIN32 Member=R30
Removed Member From Class: ClassName=U_Regulators Member=R31
Removed Member From Class: ClassName=U_Regulators Member=R32
Removed Member From Class: ClassName=Main Member=R36
Removed Member From Class: ClassName=U_ESP power Member=R41
Removed Member From Class: ClassName=U_SPI Output Member=R47
Removed Member From Class: ClassName=U_SPI Output Member=R49
Removed Member From Class: ClassName=Main Member=R51
Removed Member From Class: ClassName=Main Member=R51
Removed Member From Class: ClassName=Main Member=R52
Removed Member From Class: ClassName=Main Member=R52
Removed Member From Class: ClassName=ESP Member=R56
Removed Member From Class: ClassName=Main Member=R56
Removed Member From Class: ClassName=Sep Member=R56
Removed Member From Class: ClassName=U_ADC1 Member=R56
Removed Member From Class: ClassName=U_ADC2 Member=R56
Removed Member From Class: ClassName=Main Member=R57
Removed Member From Class: ClassName=Main Member=R57
Removed Member From Class: ClassName=Sep Member=R57
Removed Member From Class: ClassName=U_ESP power Member=R57
Removed Member From Class: ClassName=U_Squib_Managment Member=R58
Removed Member From Class: ClassName=AIN01 Member=R59
Removed Member From Class: ClassName=AIN02 Member=R59
Removed Member From Class: ClassName=AIN11 Member=R59
Removed Member From Class: ClassName=AIN12 Member=R59
Removed Member From Class: ClassName=AIN21 Member=R59
Removed Member From Class: ClassName=AIN22 Member=R59
Removed Member From Class: ClassName=AIN31 Member=R59
Removed Member From Class: ClassName=AIN32 Member=R59
Removed Member From Class: ClassName=ACT_IND Member=R61
Removed Member From Class: ClassName=ERR_Ind1 Member=R61
Removed Member From Class: ClassName=ERR_Ind2 Member=R61
Removed Member From Class: ClassName=ESP Member=R61
Removed Member From Class: ClassName=Main_Ind Member=R61
Removed Member From Class: ClassName=Motor_IND Member=R61
Removed Member From Class: ClassName=Sep_Ind Member=R61
Removed Member From Class: ClassName=U_ADC1 Member=R61
Removed Member From Class: ClassName=U_ADC2 Member=R61
Removed Member From Class: ClassName=Main Member=R63
Removed Member From Class: ClassName=U_UART Output1 Member=R63
Removed Member From Class: ClassName=U_UART Output2 Member=R63
Removed Member From Class: ClassName=PWR Member=R71
Removed Member From Class: ClassName=U_Regulators Member=R71
Removed Member From Class: ClassName=Main Member=R73
Removed Member From Class: ClassName=Motor Member=R73
Removed Member From Class: ClassName=Sep Member=R73
Removed Member From Class: ClassName=Voltage_Indicator2 Member=R73
Removed Member From Class: ClassName=Voltage_Indicator3 Member=R73
Removed Member From Class: ClassName=PWR Member=R74
Removed Member From Class: ClassName=PWR Member=R77
Removed Member From Class: ClassName=U_ESP power Member=R77
Removed Member From Class: ClassName=ACT_IND Member=R78
Removed Member From Class: ClassName=Bz Member=R78
Removed Member From Class: ClassName=ESP Member=R78
Removed Member From Class: ClassName=Main Member=R78
Removed Member From Class: ClassName=Main Member=R78
Removed Member From Class: ClassName=Motor Member=R78
Removed Member From Class: ClassName=PWR Member=R78
Removed Member From Class: ClassName=Sep Member=R78
Removed Member From Class: ClassName=U_ADC1 Member=R78
Removed Member From Class: ClassName=U_ADC2 Member=R78
Removed Member From Class: ClassName=ESP Member=R79
Removed Member From Class: ClassName=ESP Member=R80
Removed Member From Class: ClassName=ESP Member=R81
Removed Member From Class: ClassName=ESP Member=R83
Removed Member From Class: ClassName=ESP Member=R84
Removed Member From Class: ClassName=ESP Member=R86
Removed Member From Class: ClassName=U_Regulators Member=R86
Removed Member From Class: ClassName=Main Member=R87
Removed Member From Class: ClassName=ESP Member=R89
Removed Member From Class: ClassName=U_SPI Output Member=R89
Removed Member From Class: ClassName=Bz Member=T1
Removed Member From Class: ClassName=U_ADC1 Member=T7
Removed Member From Class: ClassName=U_ADC2 Member=T7
Removed Member From Class: ClassName=U_ESP power Member=T7
Removed Member From Class: ClassName=Voltage_Indicator2 Member=T7
Removed Member From Class: ClassName=Voltage_Indicator3 Member=T7
Removed Member From Class: ClassName=Main Member=T8
Removed Member From Class: ClassName=Main Member=T8
Removed Member From Class: ClassName=Sep Member=T8
Removed Member From Class: ClassName=PWR Member=T12
Removed Member From Class: ClassName=ESP Member=U3
Removed Member From Class: ClassName=U_Accelerometer Member=U4
Removed Member From Class: ClassName=U_Magnetometer Member=U4
Removed Member From Class: ClassName=U_Regulators Member=U8
Removed Member From Class: ClassName=ESP Member=U11
Removed Member From Class: ClassName=U_ADC1 Member=U11
Removed Member From Class: ClassName=U_ADC2 Member=U11
Removed Member From Class: ClassName=U_Barometer Member=U11
Removed Member From Class: ClassName=U_Squib_Managment Member=U11
Change Class Name : Old Net Name=Motor New Net Name=Voltage_Indicator1
Added Class: Name=Motor
Added Member To Class: ClassName=U_Accelerometer Member=Component C1 Cap
Added Member To Class: ClassName=U_Accelerometer Member=Component C2 Cap
Added Member To Class: ClassName=U_ADC1 Member=Component C3 Cap
Added Member To Class: ClassName=U_ADC2 Member=Component C3 Cap
Added Member To Class: ClassName=U_ADC1 Member=Component C5 Cap
Added Member To Class: ClassName=U_ADC2 Member=Component C5 Cap
Added Member To Class: ClassName=U_ADC1 Member=Component C9 Cap
Added Member To Class: ClassName=U_ADC2 Member=Component C9 Cap
Added Member To Class: ClassName=U_Barometer Member=Component C12 Cap
Added Member To Class: ClassName=U_Gyroscope Member=Component C15 Cap
Added Member To Class: ClassName=U_Magnetometer Member=Component C17 Cap
Added Member To Class: ClassName=U_Magnetometer Member=Component C18 Cap
Added Member To Class: ClassName=ESP Member=Component C22 Cap
Added Member To Class: ClassName=ESP Member=Component C23 Cap
Added Member To Class: ClassName=ESP Member=Component C24 Cap
Added Member To Class: ClassName=ESP Member=Component C25 Cap
Added Member To Class: ClassName=ESP Member=Component C26 Cap
Added Member To Class: ClassName=ESP Member=Component C27 Cap
Added Member To Class: ClassName=ESP Member=Component C28 Cap
Added Member To Class: ClassName=ESP Member=Component C30 Cap
Added Member To Class: ClassName=AIN01 Member=Component C31 Cap
Added Member To Class: ClassName=AIN02 Member=Component C31 Cap
Added Member To Class: ClassName=AIN11 Member=Component C31 Cap
Added Member To Class: ClassName=AIN12 Member=Component C31 Cap
Added Member To Class: ClassName=AIN21 Member=Component C31 Cap
Added Member To Class: ClassName=AIN22 Member=Component C31 Cap
Added Member To Class: ClassName=AIN31 Member=Component C31 Cap
Added Member To Class: ClassName=AIN32 Member=Component C31 Cap
Added Member To Class: ClassName=PWR Member=Component C32 Cap
Added Member To Class: ClassName=PWR Member=Component C33 Cap
Added Member To Class: ClassName=PWR Member=Component C34 Cap
Added Member To Class: ClassName=PWR Member=Component C36 Cap
Added Member To Class: ClassName=PWR Member=Component C38 Cap
Added Member To Class: ClassName=U_Squib_Managment Member=Component C39 Cap
Added Member To Class: ClassName=U_Squib_Managment Member=Component C40 Cap
Added Member To Class: ClassName=U_Regulators Member=Component C43 Cap
Added Member To Class: ClassName=U_Regulators Member=Component C46 Cap
Added Member To Class: ClassName=U_Regulators Member=Component C47 Cap
Added Member To Class: ClassName=U_Regulators Member=Component C49 Cap
Added Member To Class: ClassName=U_Regulators Member=Component C50 Cap
Added Member To Class: ClassName=ACT_IND Member=Component D1 LED_R
Added Member To Class: ClassName=ERR_Ind1 Member=Component D1 LED_R
Added Member To Class: ClassName=ERR_Ind2 Member=Component D1 LED_R
Added Member To Class: ClassName=ESP Member=Component D2 LED_R
Added Member To Class: ClassName=Voltage_Indicator1 Member=Component D3 LED_B
Added Member To Class: ClassName=PWR Member=Component D4 LED_R
Added Member To Class: ClassName=U_ESP power Member=Component D5 Buck Diode
Added Member To Class: ClassName=Main_Ind Member=Component D6 LED_R
Added Member To Class: ClassName=Motor_IND Member=Component D6 LED_R
Added Member To Class: ClassName=Sep_Ind Member=Component D6 LED_R
Added Member To Class: ClassName=U_Regulators Member=Component D7 Buck Diode
Added Member To Class: ClassName=Main Member=Component J14 PiGPIOBreakout
Added Member To Class: ClassName=Main Member=Component Q1 P-Channel
Added Member To Class: ClassName=Sep Member=Component Q1 P-Channel
Added Member To Class: ClassName=Main Member=Component Q2 P-Channel
Added Member To Class: ClassName=Sep Member=Component Q2 P-Channel
Added Member To Class: ClassName=PWR Member=Component Q3 P-Channel
Added Member To Class: ClassName=U_ESP power Member=Component Q5 P-Channel
Added Member To Class: ClassName=U_ADC1 Member=Component R1 Res3
Added Member To Class: ClassName=U_ADC2 Member=Component R1 Res3
Added Member To Class: ClassName=U_ADC1 Member=Component R2 Res3
Added Member To Class: ClassName=U_ADC2 Member=Component R2 Res3
Added Member To Class: ClassName=U_ADC1 Member=Component R4 Res3
Added Member To Class: ClassName=U_ADC2 Member=Component R4 Res3
Added Member To Class: ClassName=U_ADC1 Member=Component R5 Res3
Added Member To Class: ClassName=U_ADC2 Member=Component R5 Res3
Added Member To Class: ClassName=U_ADC1 Member=Component R6 Res3
Added Member To Class: ClassName=U_ADC2 Member=Component R6 Res3
Added Member To Class: ClassName=ACT_IND Member=Component R7 Res3
Added Member To Class: ClassName=ERR_Ind1 Member=Component R7 Res3
Added Member To Class: ClassName=ERR_Ind2 Member=Component R7 Res3
Added Member To Class: ClassName=Main Member=Component R8 Res3
Added Member To Class: ClassName=Sep Member=Component R8 Res3
Added Member To Class: ClassName=Main Member=Component R9 Res3
Added Member To Class: ClassName=Sep Member=Component R9 Res3
Added Member To Class: ClassName=Main Member=Component R10 Res3
Added Member To Class: ClassName=Sep Member=Component R10 Res3
Added Member To Class: ClassName=Main Member=Component R11 Res3
Added Member To Class: ClassName=Sep Member=Component R11 Res3
Added Member To Class: ClassName=Main Member=Component R12 Res3
Added Member To Class: ClassName=Sep Member=Component R12 Res3
Added Member To Class: ClassName=Main Member=Component R13 Res3
Added Member To Class: ClassName=Sep Member=Component R13 Res3
Added Member To Class: ClassName=Main Member=Component R14 Res3
Added Member To Class: ClassName=Sep Member=Component R14 Res3
Added Member To Class: ClassName=Bz Member=Component R15 Res3
Added Member To Class: ClassName=ESP Member=Component R17 Res3
Added Member To Class: ClassName=ESP Member=Component R18 Res3
Added Member To Class: ClassName=ESP Member=Component R19 Res3
Added Member To Class: ClassName=ESP Member=Component R21 Res3
Added Member To Class: ClassName=ESP Member=Component R23 Res3
Added Member To Class: ClassName=ESP Member=Component R24 Res3
Added Member To Class: ClassName=ESP Member=Component R26 Res3
Added Member To Class: ClassName=ESP Member=Component R27 Res3
Added Member To Class: ClassName=ESP Member=Component R30 Res3
Added Member To Class: ClassName=ESP Member=Component R31 Res3
Added Member To Class: ClassName=ESP Member=Component R33 Res3
Added Member To Class: ClassName=ESP Member=Component R34 Res3
Added Member To Class: ClassName=ESP Member=Component R37 Res3
Added Member To Class: ClassName=ESP Member=Component R39 Res3
Added Member To Class: ClassName=ESP Member=Component R41 Res3
Added Member To Class: ClassName=ESP Member=Component R47 Res3
Added Member To Class: ClassName=ESP Member=Component R49 Res3
Added Member To Class: ClassName=AIN01 Member=Component R51 Res3
Added Member To Class: ClassName=AIN02 Member=Component R51 Res3
Added Member To Class: ClassName=AIN11 Member=Component R51 Res3
Added Member To Class: ClassName=AIN12 Member=Component R51 Res3
Added Member To Class: ClassName=AIN21 Member=Component R51 Res3
Added Member To Class: ClassName=AIN22 Member=Component R51 Res3
Added Member To Class: ClassName=AIN31 Member=Component R51 Res3
Added Member To Class: ClassName=AIN32 Member=Component R51 Res3
Added Member To Class: ClassName=AIN01 Member=Component R52 Res3
Added Member To Class: ClassName=AIN02 Member=Component R52 Res3
Added Member To Class: ClassName=AIN11 Member=Component R52 Res3
Added Member To Class: ClassName=AIN12 Member=Component R52 Res3
Added Member To Class: ClassName=AIN21 Member=Component R52 Res3
Added Member To Class: ClassName=AIN22 Member=Component R52 Res3
Added Member To Class: ClassName=AIN31 Member=Component R52 Res3
Added Member To Class: ClassName=AIN32 Member=Component R52 Res3
Added Member To Class: ClassName=AIN01 Member=Component R53 Res3
Added Member To Class: ClassName=AIN02 Member=Component R53 Res3
Added Member To Class: ClassName=AIN11 Member=Component R53 Res3
Added Member To Class: ClassName=AIN12 Member=Component R53 Res3
Added Member To Class: ClassName=AIN21 Member=Component R53 Res3
Added Member To Class: ClassName=AIN22 Member=Component R53 Res3
Added Member To Class: ClassName=AIN31 Member=Component R53 Res3
Added Member To Class: ClassName=AIN32 Member=Component R53 Res3
Added Member To Class: ClassName=AIN01 Member=Component R54 Res3
Added Member To Class: ClassName=AIN02 Member=Component R54 Res3
Added Member To Class: ClassName=AIN11 Member=Component R54 Res3
Added Member To Class: ClassName=AIN12 Member=Component R54 Res3
Added Member To Class: ClassName=AIN21 Member=Component R54 Res3
Added Member To Class: ClassName=AIN22 Member=Component R54 Res3
Added Member To Class: ClassName=AIN31 Member=Component R54 Res3
Added Member To Class: ClassName=AIN32 Member=Component R54 Res3
Added Member To Class: ClassName=AIN01 Member=Component R55 Res3
Added Member To Class: ClassName=AIN02 Member=Component R55 Res3
Added Member To Class: ClassName=AIN11 Member=Component R55 Res3
Added Member To Class: ClassName=AIN12 Member=Component R55 Res3
Added Member To Class: ClassName=AIN21 Member=Component R55 Res3
Added Member To Class: ClassName=AIN22 Member=Component R55 Res3
Added Member To Class: ClassName=AIN31 Member=Component R55 Res3
Added Member To Class: ClassName=AIN32 Member=Component R55 Res3
Added Member To Class: ClassName=Voltage_Indicator2 Member=Component R56 Res3
Added Member To Class: ClassName=Voltage_Indicator3 Member=Component R56 Res3
Added Member To Class: ClassName=Voltage_Indicator2 Member=Component R57 Res3
Added Member To Class: ClassName=Voltage_Indicator3 Member=Component R57 Res3
Added Member To Class: ClassName=PWR Member=Component R58 Res3
Added Member To Class: ClassName=PWR Member=Component R59 Res3
Added Member To Class: ClassName=PWR Member=Component R60 Res3
Added Member To Class: ClassName=PWR Member=Component R62 Res3
Added Member To Class: ClassName=PWR Member=Component R64 Res3
Added Member To Class: ClassName=PWR Member=Component R65 Res3
Added Member To Class: ClassName=PWR Member=Component R66 Res3
Added Member To Class: ClassName=U_SPI Output Member=Component R67 Res3
Added Member To Class: ClassName=U_SPI Output Member=Component R68 Res3
Added Member To Class: ClassName=U_SPI Output Member=Component R69 Res3
Added Member To Class: ClassName=U_SPI Output Member=Component R70 Res3
Added Member To Class: ClassName=U_UART Output1 Member=Component R71 Res3
Added Member To Class: ClassName=U_UART Output2 Member=Component R71 Res3
Added Member To Class: ClassName=U_UART Output1 Member=Component R72 Res3
Added Member To Class: ClassName=U_UART Output2 Member=Component R72 Res3
Added Member To Class: ClassName=U_ESP power Member=Component R74 Res3
Added Member To Class: ClassName=U_ESP power Member=Component R75 Res3
Added Member To Class: ClassName=U_Squib_Managment Member=Component R77 Res3
Added Member To Class: ClassName=Main_Ind Member=Component R78 Res3
Added Member To Class: ClassName=Motor_IND Member=Component R78 Res3
Added Member To Class: ClassName=Sep_Ind Member=Component R78 Res3
Added Member To Class: ClassName=U_Regulators Member=Component R79 Res3
Added Member To Class: ClassName=U_Regulators Member=Component R80 Res3
Added Member To Class: ClassName=U_Regulators Member=Component R82 Res3
Added Member To Class: ClassName=U_Regulators Member=Component R83 Res3
Added Member To Class: ClassName=U_Regulators Member=Component R84 Res3
Added Member To Class: ClassName=Main Member=Component R85 Res3
Added Member To Class: ClassName=Main Member=Component R86 Res3
Added Member To Class: ClassName=Main Member=Component R88 Res3
Added Member To Class: ClassName=Main Member=Component R89 Res3
Added Member To Class: ClassName=Main Member=Component R90 Res3
Added Member To Class: ClassName=Main Member=Component R91 Res3
Added Member To Class: ClassName=Main Member=Component R92 Res3
Added Member To Class: ClassName=Main Member=Component R93 Res3
Added Member To Class: ClassName=Main Member=Component R94 Res3
Added Member To Class: ClassName=U_ADC1 Member=Component T1 Screw Terminal
Added Member To Class: ClassName=U_ADC2 Member=Component T1 Screw Terminal
Added Member To Class: ClassName=Main Member=Component T2 MMBT2222ALT1
Added Member To Class: ClassName=Sep Member=Component T2 MMBT2222ALT1
Added Member To Class: ClassName=Main Member=Component T3 MMBT2222ALT1
Added Member To Class: ClassName=Sep Member=Component T3 MMBT2222ALT1
Added Member To Class: ClassName=Bz Member=Component T4 MMBT2222ALT1
Added Member To Class: ClassName=Bz Member=Component T5 MMBT2222ALT1
Added Member To Class: ClassName=ESP Member=Component T6 MMBT2222ALT1
Added Member To Class: ClassName=Voltage_Indicator2 Member=Component T8 MMBT2222ALT1
Added Member To Class: ClassName=Voltage_Indicator3 Member=Component T8 MMBT2222ALT1
Added Member To Class: ClassName=PWR Member=Component T9 MMBT2222ALT1
Added Member To Class: ClassName=U_ESP power Member=Component T11 MMBT2222ALT1
Added Member To Class: ClassName=U_Accelerometer Member=Component U1 LIS3DSHTR
Added Member To Class: ClassName=U_ADC1 Member=Component U2 Analog to Digital Converter
Added Member To Class: ClassName=U_ADC2 Member=Component U2 Analog to Digital Converter
Added Member To Class: ClassName=U_Barometer Member=Component U3 BMP388
Added Member To Class: ClassName=U_Magnetometer Member=Component U5 MLX90393
Added Member To Class: ClassName=ESP Member=Component U6 NCP1117DT33T5GOSCT-ND
Added Member To Class: ClassName=ESP Member=Component U7 ESP32-WROOM-32D
Added Member To Class: ClassName=U_Squib_Managment Member=Component U9 ACS711KEXLT-15AB-T
Added Member To Class: ClassName=U_Regulators Member=Component U10 Linear Regulator
Added Room: Name=ACT_IND
Added Room: Name=ACT_Ind
Added Room: Name=AIN01
Added Room: Name=AIN02
Added Room: Name=AIN11
Added Room: Name=AIN12
Added Room: Name=AIN21
Added Room: Name=AIN22
Added Room: Name=AIN31
Added Room: Name=AIN32
Added Room: Name=Bz
Added Room: Name=ERR_Ind2
Added Room: Name=ESP
Added Room: Name=Main
Added Room: Name=Main
Added Room: Name=Main_IND
Added Room: Name=Motor
Added Room: Name=Motor_IND
Added Room: Name=PWR
Added Room: Name=Sep
Added Room: Name=Sep_IND
Added Room: Name=U_Accelerometer
Added Room: Name=U_ADC1
Added Room: Name=U_ADC2
Added Room: Name=U_Barometer
Added Room: Name=U_ESP power
Added Room: Name=U_Gyroscope
Added Room: Name=U_Magnetometer
Added Room: Name=U_Power IO
Added Room: Name=U_Regulators
Added Room: Name=U_SPI Output
Added Room: Name=U_Squib_Managment
Added Room: Name=U_UART Output1
Added Room: Name=U_UART Output2
Added Room: Name=UART
Added Room: Name=Voltage_Indicator1
Added Room: Name=Voltage_Indicator2
Added Room: Name=Voltage_Indicator3
