Removed Pin From Net: NetName=5V Pin=1-1
Removed Pin From Net: NetName=GND Pin=1-2
Removed Pin From Net: NetName=3.3V Pin=2-1
Removed Pin From Net: NetName=GND Pin=2-2
Removed Pin From Net: NetName=5V Pin=3-1
Removed Pin From Net: NetName=GND Pin=3-2
Removed Pin From Net: NetName=3.3V Pin=4-1
Removed Pin From Net: NetName=GND Pin=4-2
Removed Pin From Net: NetName=5V_Clean Pin=5-1
Removed Pin From Net: NetName=GND Pin=5-2
Removed Pin From Net: NetName=3.3V Pin=6-1
Removed Pin From Net: NetName=GND Pin=6-2
Removed Pin From Net: NetName=5V_Clean Pin=7-1
Removed Pin From Net: NetName=GND Pin=7-2
Removed Pin From Net: NetName=GND Pin=BAT_IN1-2
Removed Pin From Net: NetName=GND Pin=R7-1
Removed Pin From Net: NetName=GND Pin=R8-1
Removed Pin From Net: NetName=GND Pin=R56-1
Removed Pin From Net: NetName=GND Pin=R57-1
Removed Pin From Net: NetName=3.3V Pin=R63_U_Blue_LED1-2
Removed Pin From Net: NetName=3.3V Pin=R63_U_Blue_LED2-2
Removed Pin From Net: NetName=3.3V Pin=R63_U_Blue_LED3-2
Removed Pin From Net: NetName=NetQ1_Main_1 Pin=R64_U_Blue_LED1-1
Removed Pin From Net: NetName=NetQ1_Motor_1 Pin=R64_U_Blue_LED2-1
Removed Pin From Net: NetName=NetQ1_Sep_1 Pin=R64_U_Blue_LED3-1
Removed Pin From Net: NetName=VBAT Pin=SW1-1
Removed Pin From Net: NetName=GND Pin=T8_U_Blue_LED1-2
Removed Pin From Net: NetName=GND Pin=T8_U_Blue_LED2-2
Removed Pin From Net: NetName=GND Pin=T8_U_Blue_LED3-2
Removed Pin From Net: NetName=NetQ1_Main_3 Pin=U12-3
Removed Pin From Net: NetName=NetQ3_LVRX1_D Pin=UART1_LVLESP-1
Removed Pin From Net: NetName=NetQ3_LVTX1_D Pin=UART1_LVLESP-2
Change Component Footprint: Designator=R61_AIN01 Old Footprint=0603 to 0805 SMD - duplicate New Footprint=J1-0603
Change Component Footprint: Designator=R61_AIN02 Old Footprint=0603 to 0805 SMD - duplicate New Footprint=J1-0603
Change Component Footprint: Designator=R61_AIN11 Old Footprint=0603 to 0805 SMD - duplicate New Footprint=J1-0603
Change Component Footprint: Designator=R61_AIN12 Old Footprint=0603 to 0805 SMD - duplicate New Footprint=J1-0603
Change Component Footprint: Designator=R61_AIN21 Old Footprint=0603 to 0805 SMD - duplicate New Footprint=J1-0603
Change Component Footprint: Designator=R61_AIN22 Old Footprint=0603 to 0805 SMD - duplicate New Footprint=J1-0603
Change Component Footprint: Designator=R61_AIN31 Old Footprint=0603 to 0805 SMD - duplicate New Footprint=J1-0603
Change Component Footprint: Designator=R61_AIN32 Old Footprint=0603 to 0805 SMD - duplicate New Footprint=J1-0603
Change Component Footprint: Designator=R62_AIN01 Old Footprint=0603 to 0805 SMD - duplicate New Footprint=J1-0603
Change Component Footprint: Designator=R62_AIN02 Old Footprint=0603 to 0805 SMD - duplicate New Footprint=J1-0603
Change Component Footprint: Designator=R62_AIN11 Old Footprint=0603 to 0805 SMD - duplicate New Footprint=J1-0603
Change Component Footprint: Designator=R62_AIN12 Old Footprint=0603 to 0805 SMD - duplicate New Footprint=J1-0603
Change Component Footprint: Designator=R62_AIN21 Old Footprint=0603 to 0805 SMD - duplicate New Footprint=J1-0603
Change Component Footprint: Designator=R62_AIN22 Old Footprint=0603 to 0805 SMD - duplicate New Footprint=J1-0603
Change Component Footprint: Designator=R62_AIN31 Old Footprint=0603 to 0805 SMD - duplicate New Footprint=J1-0603
Change Component Footprint: Designator=R62_AIN32 Old Footprint=0603 to 0805 SMD - duplicate New Footprint=J1-0603
Change Component Footprint: Designator=R87 Old Footprint=0603 to 0805 SMD - duplicate New Footprint=J1-0603
Change Component Footprint: Designator=R88 Old Footprint=0603 to 0805 SMD - duplicate New Footprint=J1-0603
Change Component Footprint: Designator=R89 Old Footprint=0603 to 0805 SMD - duplicate New Footprint=J1-0603
Change Component Footprint: Designator=R90 Old Footprint=0603 to 0805 SMD - duplicate New Footprint=J1-0603
Change Component Footprint: Designator=RF1_AIN01 Old Footprint=0603 to 0805 SMD - duplicate New Footprint=J1-0603
Change Component Footprint: Designator=RF1_AIN02 Old Footprint=0603 to 0805 SMD - duplicate New Footprint=J1-0603
Change Component Footprint: Designator=RF1_AIN11 Old Footprint=0603 to 0805 SMD - duplicate New Footprint=J1-0603
Change Component Footprint: Designator=RF1_AIN12 Old Footprint=0603 to 0805 SMD - duplicate New Footprint=J1-0603
Change Component Footprint: Designator=RF1_AIN21 Old Footprint=0603 to 0805 SMD - duplicate New Footprint=J1-0603
Change Component Footprint: Designator=RF1_AIN22 Old Footprint=0603 to 0805 SMD - duplicate New Footprint=J1-0603
Change Component Footprint: Designator=RF1_AIN31 Old Footprint=0603 to 0805 SMD - duplicate New Footprint=J1-0603
Change Component Footprint: Designator=RF1_AIN32 Old Footprint=0603 to 0805 SMD - duplicate New Footprint=J1-0603
Change Component Footprint: Designator=RGND1_AIN01 Old Footprint=0603 to 0805 SMD - duplicate New Footprint=J1-0603
Change Component Footprint: Designator=RGND1_AIN02 Old Footprint=0603 to 0805 SMD - duplicate New Footprint=J1-0603
Change Component Footprint: Designator=RGND1_AIN11 Old Footprint=0603 to 0805 SMD - duplicate New Footprint=J1-0603
Change Component Footprint: Designator=RGND1_AIN12 Old Footprint=0603 to 0805 SMD - duplicate New Footprint=J1-0603
Change Component Footprint: Designator=RGND1_AIN21 Old Footprint=0603 to 0805 SMD - duplicate New Footprint=J1-0603
Change Component Footprint: Designator=RGND1_AIN22 Old Footprint=0603 to 0805 SMD - duplicate New Footprint=J1-0603
Change Component Footprint: Designator=RGND1_AIN31 Old Footprint=0603 to 0805 SMD - duplicate New Footprint=J1-0603
Change Component Footprint: Designator=RGND1_AIN32 Old Footprint=0603 to 0805 SMD - duplicate New Footprint=J1-0603
Change Component Footprint: Designator=RGND2_AIN01 Old Footprint=0603 to 0805 SMD - duplicate New Footprint=J1-0603
Change Component Footprint: Designator=RGND2_AIN02 Old Footprint=0603 to 0805 SMD - duplicate New Footprint=J1-0603
Change Component Footprint: Designator=RGND2_AIN11 Old Footprint=0603 to 0805 SMD - duplicate New Footprint=J1-0603
Change Component Footprint: Designator=RGND2_AIN12 Old Footprint=0603 to 0805 SMD - duplicate New Footprint=J1-0603
Change Component Footprint: Designator=RGND2_AIN21 Old Footprint=0603 to 0805 SMD - duplicate New Footprint=J1-0603
Change Component Footprint: Designator=RGND2_AIN22 Old Footprint=0603 to 0805 SMD - duplicate New Footprint=J1-0603
Change Component Footprint: Designator=RGND2_AIN31 Old Footprint=0603 to 0805 SMD - duplicate New Footprint=J1-0603
Change Component Footprint: Designator=RGND2_AIN32 Old Footprint=0603 to 0805 SMD - duplicate New Footprint=J1-0603
Change Component Footprint: Designator=L1 Old Footprint=INDUCTOR New Footprint=*INDM1200X1200X1000N
Added Component: Designator=?(Screw Terminal)
Add component. Clean all parameters for all variants
Add component (AddParameter): Name = "Supplier 1"; Value = "Digi-Key"; VariantName = "[No Variations]"
Add component (AddParameter): Name = "Supplier Part Number 1"; Value = "A112762-ND"; VariantName = "[No Variations]"
Added Component: Designator=?(Screw Terminal)
Add component. Clean all parameters for all variants
Add component (AddParameter): Name = "Supplier 1"; Value = "Digi-Key"; VariantName = "[No Variations]"
Add component (AddParameter): Name = "Supplier Part Number 1"; Value = "A112762-ND"; VariantName = "[No Variations]"
Added Component: Designator=?(Screw Terminal)
Add component. Clean all parameters for all variants
Add component (AddParameter): Name = "Supplier 1"; Value = "Digi-Key"; VariantName = "[No Variations]"
Add component (AddParameter): Name = "Supplier Part Number 1"; Value = "A112762-ND"; VariantName = "[No Variations]"
Added Component: Designator=?(Screw Terminal)
Add component. Clean all parameters for all variants
Add component (AddParameter): Name = "Supplier 1"; Value = "Digi-Key"; VariantName = "[No Variations]"
Add component (AddParameter): Name = "Supplier Part Number 1"; Value = "A112762-ND"; VariantName = "[No Variations]"
Added Component: Designator=?(Screw Terminal)
Add component. Clean all parameters for all variants
Add component (AddParameter): Name = "Supplier 1"; Value = "Digi-Key"; VariantName = "[No Variations]"
Add component (AddParameter): Name = "Supplier Part Number 1"; Value = "A112762-ND"; VariantName = "[No Variations]"
Added Component: Designator=?(Screw Terminal)
Add component. Clean all parameters for all variants
Add component (AddParameter): Name = "Supplier 1"; Value = "Digi-Key"; VariantName = "[No Variations]"
Add component (AddParameter): Name = "Supplier Part Number 1"; Value = "A112762-ND"; VariantName = "[No Variations]"
Added Component: Designator=?(Screw Terminal)
Add component. Clean all parameters for all variants
Add component (AddParameter): Name = "Supplier 1"; Value = "Digi-Key"; VariantName = "[No Variations]"
Add component (AddParameter): Name = "Supplier Part Number 1"; Value = "A112762-ND"; VariantName = "[No Variations]"
Added Component: Designator=BAT_IN?(Screw Terminal)
Add component. Clean all parameters for all variants
Add component (AddParameter): Name = "Supplier 1"; Value = "Digi-Key"; VariantName = "[No Variations]"
Add component (AddParameter): Name = "Supplier Part Number 1"; Value = "A112762-ND"; VariantName = "[No Variations]"
Added Component: Designator=D3_ACT_Ind1(0402 footprint)
Add component. Clean all parameters for all variants
Add component (AddParameter): Name = "Supplier 1"; Value = "Digi-Key"; VariantName = "[No Variations]"
Add component (AddParameter): Name = "Supplier Part Number 1"; Value = "754-2123-1-ND"; VariantName = "[No Variations]"
Added Component: Designator=D3_ACT_Ind2(0402 footprint)
Add component. Clean all parameters for all variants
Add component (AddParameter): Name = "Supplier 1"; Value = "Digi-Key"; VariantName = "[No Variations]"
Add component (AddParameter): Name = "Supplier Part Number 1"; Value = "754-2123-1-ND"; VariantName = "[No Variations]"
Added Component: Designator=D3_ERR_Ind1(0402 footprint)
Add component. Clean all parameters for all variants
Add component (AddParameter): Name = "Supplier 1"; Value = "Digi-Key"; VariantName = "[No Variations]"
Add component (AddParameter): Name = "Supplier Part Number 1"; Value = "754-2123-1-ND"; VariantName = "[No Variations]"
Added Component: Designator=D3_ERR_Ind2(0402 footprint)
Add component. Clean all parameters for all variants
Add component (AddParameter): Name = "Supplier 1"; Value = "Digi-Key"; VariantName = "[No Variations]"
Add component (AddParameter): Name = "Supplier Part Number 1"; Value = "754-2123-1-ND"; VariantName = "[No Variations]"
Added Component: Designator=D7_Voltage_Indicator1(0402 footprint)
Add component. Clean all parameters for all variants
Add component (AddParameter): Name = "Supplier 1"; Value = "Digi-Key"; VariantName = "[No Variations]"
Add component (AddParameter): Name = "Supplier Part Number 1"; Value = "754-2122-1-ND"; VariantName = "[No Variations]"
Added Component: Designator=D7_Voltage_Indicator2(0402 footprint)
Add component. Clean all parameters for all variants
Add component (AddParameter): Name = "Supplier 1"; Value = "Digi-Key"; VariantName = "[No Variations]"
Add component (AddParameter): Name = "Supplier Part Number 1"; Value = "754-2122-1-ND"; VariantName = "[No Variations]"
Added Component: Designator=D7_Voltage_Indicator3(0402 footprint)
Add component. Clean all parameters for all variants
Add component (AddParameter): Name = "Supplier 1"; Value = "Digi-Key"; VariantName = "[No Variations]"
Add component (AddParameter): Name = "Supplier Part Number 1"; Value = "754-2122-1-ND"; VariantName = "[No Variations]"
Added Component: Designator=R19_ACT_Ind1(J1-0603)
Add component. Clean all parameters for all variants
Add component (AddParameter): Name = "LatestRevisionDate"; Value = "29-May-2009"; VariantName = "[No Variations]"
Add component (AddParameter): Name = "LatestRevisionNote"; Value = "IPC-7351 Footprint Added."; VariantName = "[No Variations]"
Add component (AddParameter): Name = "PackageDescription"; Value = "Chip Resistor"; VariantName = "[No Variations]"
Add component (AddParameter): Name = "PackageReference"; Value = "J1-0603"; VariantName = "[No Variations]"
Add component (AddParameter): Name = "Published"; Value = "8-Jun-2000"; VariantName = "[No Variations]"
Add component (AddParameter): Name = "Publisher"; Value = "Altium Limited"; VariantName = "[No Variations]"
Add component (AddParameter): Name = "Value"; Value = "1K"; VariantName = "[No Variations]"
Added Component: Designator=R19_ACT_Ind2(J1-0603)
Add component. Clean all parameters for all variants
Add component (AddParameter): Name = "LatestRevisionDate"; Value = "29-May-2009"; VariantName = "[No Variations]"
Add component (AddParameter): Name = "LatestRevisionNote"; Value = "IPC-7351 Footprint Added."; VariantName = "[No Variations]"
Add component (AddParameter): Name = "PackageDescription"; Value = "Chip Resistor"; VariantName = "[No Variations]"
Add component (AddParameter): Name = "PackageReference"; Value = "J1-0603"; VariantName = "[No Variations]"
Add component (AddParameter): Name = "Published"; Value = "8-Jun-2000"; VariantName = "[No Variations]"
Add component (AddParameter): Name = "Publisher"; Value = "Altium Limited"; VariantName = "[No Variations]"
Add component (AddParameter): Name = "Value"; Value = "1K"; VariantName = "[No Variations]"
Added Component: Designator=R19_ERR_Ind1(J1-0603)
Add component. Clean all parameters for all variants
Add component (AddParameter): Name = "LatestRevisionDate"; Value = "29-May-2009"; VariantName = "[No Variations]"
Add component (AddParameter): Name = "LatestRevisionNote"; Value = "IPC-7351 Footprint Added."; VariantName = "[No Variations]"
Add component (AddParameter): Name = "PackageDescription"; Value = "Chip Resistor"; VariantName = "[No Variations]"
Add component (AddParameter): Name = "PackageReference"; Value = "J1-0603"; VariantName = "[No Variations]"
Add component (AddParameter): Name = "Published"; Value = "8-Jun-2000"; VariantName = "[No Variations]"
Add component (AddParameter): Name = "Publisher"; Value = "Altium Limited"; VariantName = "[No Variations]"
Add component (AddParameter): Name = "Value"; Value = "1K"; VariantName = "[No Variations]"
Added Component: Designator=R19_ERR_Ind2(J1-0603)
Add component. Clean all parameters for all variants
Add component (AddParameter): Name = "LatestRevisionDate"; Value = "29-May-2009"; VariantName = "[No Variations]"
Add component (AddParameter): Name = "LatestRevisionNote"; Value = "IPC-7351 Footprint Added."; VariantName = "[No Variations]"
Add component (AddParameter): Name = "PackageDescription"; Value = "Chip Resistor"; VariantName = "[No Variations]"
Add component (AddParameter): Name = "PackageReference"; Value = "J1-0603"; VariantName = "[No Variations]"
Add component (AddParameter): Name = "Published"; Value = "8-Jun-2000"; VariantName = "[No Variations]"
Add component (AddParameter): Name = "Publisher"; Value = "Altium Limited"; VariantName = "[No Variations]"
Add component (AddParameter): Name = "Value"; Value = "1K"; VariantName = "[No Variations]"
Added Component: Designator=R63_Voltage_Indicator1(J1-0603)
Add component. Clean all parameters for all variants
Add component (AddParameter): Name = "LatestRevisionDate"; Value = "29-May-2009"; VariantName = "[No Variations]"
Add component (AddParameter): Name = "LatestRevisionNote"; Value = "IPC-7351 Footprint Added."; VariantName = "[No Variations]"
Add component (AddParameter): Name = "PackageDescription"; Value = "Chip Resistor"; VariantName = "[No Variations]"
Add component (AddParameter): Name = "PackageReference"; Value = "J1-0603"; VariantName = "[No Variations]"
Add component (AddParameter): Name = "Published"; Value = "8-Jun-2000"; VariantName = "[No Variations]"
Add component (AddParameter): Name = "Publisher"; Value = "Altium Limited"; VariantName = "[No Variations]"
Add component (AddParameter): Name = "Value"; Value = "1K"; VariantName = "[No Variations]"
Added Component: Designator=R63_Voltage_Indicator2(J1-0603)
Add component. Clean all parameters for all variants
Add component (AddParameter): Name = "LatestRevisionDate"; Value = "29-May-2009"; VariantName = "[No Variations]"
Add component (AddParameter): Name = "LatestRevisionNote"; Value = "IPC-7351 Footprint Added."; VariantName = "[No Variations]"
Add component (AddParameter): Name = "PackageDescription"; Value = "Chip Resistor"; VariantName = "[No Variations]"
Add component (AddParameter): Name = "PackageReference"; Value = "J1-0603"; VariantName = "[No Variations]"
Add component (AddParameter): Name = "Published"; Value = "8-Jun-2000"; VariantName = "[No Variations]"
Add component (AddParameter): Name = "Publisher"; Value = "Altium Limited"; VariantName = "[No Variations]"
Add component (AddParameter): Name = "Value"; Value = "1K"; VariantName = "[No Variations]"
Added Component: Designator=R63_Voltage_Indicator3(J1-0603)
Add component. Clean all parameters for all variants
Add component (AddParameter): Name = "LatestRevisionDate"; Value = "29-May-2009"; VariantName = "[No Variations]"
Add component (AddParameter): Name = "LatestRevisionNote"; Value = "IPC-7351 Footprint Added."; VariantName = "[No Variations]"
Add component (AddParameter): Name = "PackageDescription"; Value = "Chip Resistor"; VariantName = "[No Variations]"
Add component (AddParameter): Name = "PackageReference"; Value = "J1-0603"; VariantName = "[No Variations]"
Add component (AddParameter): Name = "Published"; Value = "8-Jun-2000"; VariantName = "[No Variations]"
Add component (AddParameter): Name = "Publisher"; Value = "Altium Limited"; VariantName = "[No Variations]"
Add component (AddParameter): Name = "Value"; Value = "1K"; VariantName = "[No Variations]"
Added Component: Designator=R64_Voltage_Indicator1(J1-0603)
Add component. Clean all parameters for all variants
Add component (AddParameter): Name = "LatestRevisionDate"; Value = "29-May-2009"; VariantName = "[No Variations]"
Add component (AddParameter): Name = "LatestRevisionNote"; Value = "IPC-7351 Footprint Added."; VariantName = "[No Variations]"
Add component (AddParameter): Name = "PackageDescription"; Value = "Chip Resistor"; VariantName = "[No Variations]"
Add component (AddParameter): Name = "PackageReference"; Value = "J1-0603"; VariantName = "[No Variations]"
Add component (AddParameter): Name = "Published"; Value = "8-Jun-2000"; VariantName = "[No Variations]"
Add component (AddParameter): Name = "Publisher"; Value = "Altium Limited"; VariantName = "[No Variations]"
Add component (AddParameter): Name = "Value"; Value = "1K"; VariantName = "[No Variations]"
Added Component: Designator=R64_Voltage_Indicator2(J1-0603)
Add component. Clean all parameters for all variants
Add component (AddParameter): Name = "LatestRevisionDate"; Value = "29-May-2009"; VariantName = "[No Variations]"
Add component (AddParameter): Name = "LatestRevisionNote"; Value = "IPC-7351 Footprint Added."; VariantName = "[No Variations]"
Add component (AddParameter): Name = "PackageDescription"; Value = "Chip Resistor"; VariantName = "[No Variations]"
Add component (AddParameter): Name = "PackageReference"; Value = "J1-0603"; VariantName = "[No Variations]"
Add component (AddParameter): Name = "Published"; Value = "8-Jun-2000"; VariantName = "[No Variations]"
Add component (AddParameter): Name = "Publisher"; Value = "Altium Limited"; VariantName = "[No Variations]"
Add component (AddParameter): Name = "Value"; Value = "1K"; VariantName = "[No Variations]"
Added Component: Designator=R64_Voltage_Indicator3(J1-0603)
Add component. Clean all parameters for all variants
Add component (AddParameter): Name = "LatestRevisionDate"; Value = "29-May-2009"; VariantName = "[No Variations]"
Add component (AddParameter): Name = "LatestRevisionNote"; Value = "IPC-7351 Footprint Added."; VariantName = "[No Variations]"
Add component (AddParameter): Name = "PackageDescription"; Value = "Chip Resistor"; VariantName = "[No Variations]"
Add component (AddParameter): Name = "PackageReference"; Value = "J1-0603"; VariantName = "[No Variations]"
Add component (AddParameter): Name = "Published"; Value = "8-Jun-2000"; VariantName = "[No Variations]"
Add component (AddParameter): Name = "Publisher"; Value = "Altium Limited"; VariantName = "[No Variations]"
Add component (AddParameter): Name = "Value"; Value = "1K"; VariantName = "[No Variations]"
Added Component: Designator=R?_LVCS(J1-0603)
Add component. Clean all parameters for all variants
Add component (AddParameter): Name = "LatestRevisionDate"; Value = "29-May-2009"; VariantName = "[No Variations]"
Add component (AddParameter): Name = "LatestRevisionNote"; Value = "IPC-7351 Footprint Added."; VariantName = "[No Variations]"
Add component (AddParameter): Name = "PackageDescription"; Value = "Chip Resistor"; VariantName = "[No Variations]"
Add component (AddParameter): Name = "PackageReference"; Value = "J1-0603"; VariantName = "[No Variations]"
Add component (AddParameter): Name = "Published"; Value = "8-Jun-2000"; VariantName = "[No Variations]"
Add component (AddParameter): Name = "Publisher"; Value = "Altium Limited"; VariantName = "[No Variations]"
Add component (AddParameter): Name = "Value"; Value = "1K"; VariantName = "[No Variations]"
Added Component: Designator=R?_LVMISO(J1-0603)
Add component. Clean all parameters for all variants
Add component (AddParameter): Name = "LatestRevisionDate"; Value = "29-May-2009"; VariantName = "[No Variations]"
Add component (AddParameter): Name = "LatestRevisionNote"; Value = "IPC-7351 Footprint Added."; VariantName = "[No Variations]"
Add component (AddParameter): Name = "PackageDescription"; Value = "Chip Resistor"; VariantName = "[No Variations]"
Add component (AddParameter): Name = "PackageReference"; Value = "J1-0603"; VariantName = "[No Variations]"
Add component (AddParameter): Name = "Published"; Value = "8-Jun-2000"; VariantName = "[No Variations]"
Add component (AddParameter): Name = "Publisher"; Value = "Altium Limited"; VariantName = "[No Variations]"
Add component (AddParameter): Name = "Value"; Value = "1K"; VariantName = "[No Variations]"
Added Component: Designator=R?_LVMOSI(J1-0603)
Add component. Clean all parameters for all variants
Add component (AddParameter): Name = "LatestRevisionDate"; Value = "29-May-2009"; VariantName = "[No Variations]"
Add component (AddParameter): Name = "LatestRevisionNote"; Value = "IPC-7351 Footprint Added."; VariantName = "[No Variations]"
Add component (AddParameter): Name = "PackageDescription"; Value = "Chip Resistor"; VariantName = "[No Variations]"
Add component (AddParameter): Name = "PackageReference"; Value = "J1-0603"; VariantName = "[No Variations]"
Add component (AddParameter): Name = "Published"; Value = "8-Jun-2000"; VariantName = "[No Variations]"
Add component (AddParameter): Name = "Publisher"; Value = "Altium Limited"; VariantName = "[No Variations]"
Add component (AddParameter): Name = "Value"; Value = "1K"; VariantName = "[No Variations]"
Added Component: Designator=R?_LVRX1(J1-0603)
Add component. Clean all parameters for all variants
Add component (AddParameter): Name = "LatestRevisionDate"; Value = "29-May-2009"; VariantName = "[No Variations]"
Add component (AddParameter): Name = "LatestRevisionNote"; Value = "IPC-7351 Footprint Added."; VariantName = "[No Variations]"
Add component (AddParameter): Name = "PackageDescription"; Value = "Chip Resistor"; VariantName = "[No Variations]"
Add component (AddParameter): Name = "PackageReference"; Value = "J1-0603"; VariantName = "[No Variations]"
Add component (AddParameter): Name = "Published"; Value = "8-Jun-2000"; VariantName = "[No Variations]"
Add component (AddParameter): Name = "Publisher"; Value = "Altium Limited"; VariantName = "[No Variations]"
Add component (AddParameter): Name = "Value"; Value = "1K"; VariantName = "[No Variations]"
Added Component: Designator=R?_LVRX2(J1-0603)
Add component. Clean all parameters for all variants
Add component (AddParameter): Name = "LatestRevisionDate"; Value = "29-May-2009"; VariantName = "[No Variations]"
Add component (AddParameter): Name = "LatestRevisionNote"; Value = "IPC-7351 Footprint Added."; VariantName = "[No Variations]"
Add component (AddParameter): Name = "PackageDescription"; Value = "Chip Resistor"; VariantName = "[No Variations]"
Add component (AddParameter): Name = "PackageReference"; Value = "J1-0603"; VariantName = "[No Variations]"
Add component (AddParameter): Name = "Published"; Value = "8-Jun-2000"; VariantName = "[No Variations]"
Add component (AddParameter): Name = "Publisher"; Value = "Altium Limited"; VariantName = "[No Variations]"
Add component (AddParameter): Name = "Value"; Value = "1K"; VariantName = "[No Variations]"
Added Component: Designator=R?_LVSCLK(J1-0603)
Add component. Clean all parameters for all variants
Add component (AddParameter): Name = "LatestRevisionDate"; Value = "29-May-2009"; VariantName = "[No Variations]"
Add component (AddParameter): Name = "LatestRevisionNote"; Value = "IPC-7351 Footprint Added."; VariantName = "[No Variations]"
Add component (AddParameter): Name = "PackageDescription"; Value = "Chip Resistor"; VariantName = "[No Variations]"
Add component (AddParameter): Name = "PackageReference"; Value = "J1-0603"; VariantName = "[No Variations]"
Add component (AddParameter): Name = "Published"; Value = "8-Jun-2000"; VariantName = "[No Variations]"
Add component (AddParameter): Name = "Publisher"; Value = "Altium Limited"; VariantName = "[No Variations]"
Add component (AddParameter): Name = "Value"; Value = "1K"; VariantName = "[No Variations]"
Added Component: Designator=R?_LVTX1(J1-0603)
Add component. Clean all parameters for all variants
Add component (AddParameter): Name = "LatestRevisionDate"; Value = "29-May-2009"; VariantName = "[No Variations]"
Add component (AddParameter): Name = "LatestRevisionNote"; Value = "IPC-7351 Footprint Added."; VariantName = "[No Variations]"
Add component (AddParameter): Name = "PackageDescription"; Value = "Chip Resistor"; VariantName = "[No Variations]"
Add component (AddParameter): Name = "PackageReference"; Value = "J1-0603"; VariantName = "[No Variations]"
Add component (AddParameter): Name = "Published"; Value = "8-Jun-2000"; VariantName = "[No Variations]"
Add component (AddParameter): Name = "Publisher"; Value = "Altium Limited"; VariantName = "[No Variations]"
Add component (AddParameter): Name = "Value"; Value = "1K"; VariantName = "[No Variations]"
Added Component: Designator=R?_LVTX2(J1-0603)
Add component. Clean all parameters for all variants
Add component (AddParameter): Name = "LatestRevisionDate"; Value = "29-May-2009"; VariantName = "[No Variations]"
Add component (AddParameter): Name = "LatestRevisionNote"; Value = "IPC-7351 Footprint Added."; VariantName = "[No Variations]"
Add component (AddParameter): Name = "PackageDescription"; Value = "Chip Resistor"; VariantName = "[No Variations]"
Add component (AddParameter): Name = "PackageReference"; Value = "J1-0603"; VariantName = "[No Variations]"
Add component (AddParameter): Name = "Published"; Value = "8-Jun-2000"; VariantName = "[No Variations]"
Add component (AddParameter): Name = "Publisher"; Value = "Altium Limited"; VariantName = "[No Variations]"
Add component (AddParameter): Name = "Value"; Value = "1K"; VariantName = "[No Variations]"
Added Component: Designator=SW?(Screw Terminal)
Add component. Clean all parameters for all variants
Add component (AddParameter): Name = "Supplier 1"; Value = "Digi-Key"; VariantName = "[No Variations]"
Add component (AddParameter): Name = "Supplier Part Number 1"; Value = "A112762-ND"; VariantName = "[No Variations]"
Added Component: Designator=T8_Voltage_Indicator1(BJT)
Add component. Clean all parameters for all variants
Add component (AddParameter): Name = "Availability"; Value = "Unavailable"; VariantName = "[No Variations]"
Add component (AddParameter): Name = "MF"; Value = "ON Semiconductor"; VariantName = "[No Variations]"
Add component (AddParameter): Name = "MP"; Value = "MMBT2222ALT1"; VariantName = "[No Variations]"
Add component (AddParameter): Name = "Package"; Value = "SOT-23 Motorola"; VariantName = "[No Variations]"
Add component (AddParameter): Name = "Price"; Value = "None"; VariantName = "[No Variations]"
Add component (AddParameter): Name = "SnapEDA_Link"; Value = "https://www.snapeda.com/parts/MMBT2222ALT1/ON%20Semiconductor/view-part/?ref=snap"; VariantName = "[No Variations]"
Add component (AddParameter): Name = "Supplier 1"; Value = "Digi-Key"; VariantName = "[No Variations]"
Add component (AddParameter): Name = "Supplier Part Number 1"; Value = "MMBT2222ATPMSCT-ND"; VariantName = "[No Variations]"
Add component (AddParameter): Name = "Value"; Value = ""; VariantName = "[No Variations]"
Added Component: Designator=T8_Voltage_Indicator2(BJT)
Add component. Clean all parameters for all variants
Add component (AddParameter): Name = "Availability"; Value = "Unavailable"; VariantName = "[No Variations]"
Add component (AddParameter): Name = "MF"; Value = "ON Semiconductor"; VariantName = "[No Variations]"
Add component (AddParameter): Name = "MP"; Value = "MMBT2222ALT1"; VariantName = "[No Variations]"
Add component (AddParameter): Name = "Package"; Value = "SOT-23 Motorola"; VariantName = "[No Variations]"
Add component (AddParameter): Name = "Price"; Value = "None"; VariantName = "[No Variations]"
Add component (AddParameter): Name = "SnapEDA_Link"; Value = "https://www.snapeda.com/parts/MMBT2222ALT1/ON%20Semiconductor/view-part/?ref=snap"; VariantName = "[No Variations]"
Add component (AddParameter): Name = "Supplier 1"; Value = "Digi-Key"; VariantName = "[No Variations]"
Add component (AddParameter): Name = "Supplier Part Number 1"; Value = "MMBT2222ATPMSCT-ND"; VariantName = "[No Variations]"
Add component (AddParameter): Name = "Value"; Value = ""; VariantName = "[No Variations]"
Added Component: Designator=T8_Voltage_Indicator3(BJT)
Add component. Clean all parameters for all variants
Add component (AddParameter): Name = "Availability"; Value = "Unavailable"; VariantName = "[No Variations]"
Add component (AddParameter): Name = "MF"; Value = "ON Semiconductor"; VariantName = "[No Variations]"
Add component (AddParameter): Name = "MP"; Value = "MMBT2222ALT1"; VariantName = "[No Variations]"
Add component (AddParameter): Name = "Package"; Value = "SOT-23 Motorola"; VariantName = "[No Variations]"
Add component (AddParameter): Name = "Price"; Value = "None"; VariantName = "[No Variations]"
Add component (AddParameter): Name = "SnapEDA_Link"; Value = "https://www.snapeda.com/parts/MMBT2222ALT1/ON%20Semiconductor/view-part/?ref=snap"; VariantName = "[No Variations]"
Add component (AddParameter): Name = "Supplier 1"; Value = "Digi-Key"; VariantName = "[No Variations]"
Add component (AddParameter): Name = "Supplier Part Number 1"; Value = "MMBT2222ATPMSCT-ND"; VariantName = "[No Variations]"
Add component (AddParameter): Name = "Value"; Value = ""; VariantName = "[No Variations]"
Added Pin To Net: NetName=3.3V Pin=?-1
Added Pin To Net: NetName=3.3V Pin=?-1
Added Pin To Net: NetName=3.3V Pin=?-1
Added Pin To Net: NetName=5V_Clean Pin=?-1
Added Pin To Net: NetName=5V_Clean Pin=?-1
Added Pin To Net: NetName=5V Pin=?-1
Added Pin To Net: NetName=5V Pin=?-1
Added Pin To Net: NetName=GND Pin=?-2
Added Pin To Net: NetName=GND Pin=?-2
Added Pin To Net: NetName=GND Pin=?-2
Added Pin To Net: NetName=GND Pin=?-2
Added Pin To Net: NetName=GND Pin=?-2
Added Pin To Net: NetName=GND Pin=?-2
Added Pin To Net: NetName=GND Pin=?-2
Added Pin To Net: NetName=GND Pin=BAT_IN?-2
Added Pin To Net: NetName=GND Pin=D3_ACT_Ind1-2
Added Pin To Net: NetName=GND Pin=D3_ACT_Ind2-2
Added Pin To Net: NetName=GND Pin=D3_ERR_Ind1-2
Added Pin To Net: NetName=GND Pin=D3_ERR_Ind2-2
Added Pin To Net: NetName=3.3V Pin=R63_Voltage_Indicator1-2
Added Pin To Net: NetName=3.3V Pin=R63_Voltage_Indicator2-2
Added Pin To Net: NetName=3.3V Pin=R63_Voltage_Indicator3-2
Added Pin To Net: NetName=NetQ1_Main_1 Pin=R64_Voltage_Indicator1-1
Added Pin To Net: NetName=NetQ1_Motor_1 Pin=R64_Voltage_Indicator2-1
Added Pin To Net: NetName=NetQ1_Sep_1 Pin=R64_Voltage_Indicator3-1
Added Pin To Net: NetName=NetQ3_LVCS_D Pin=R?_LVCS-1
Added Pin To Net: NetName=NetQ3_LVCS_S Pin=R?_LVCS-2
Added Pin To Net: NetName=NetMOSI/MISO1_2 Pin=R?_LVMISO-1
Added Pin To Net: NetName=NetQ3_LVMISO_S Pin=R?_LVMISO-2
Added Pin To Net: NetName=NetMOSI/MISO1_1 Pin=R?_LVMOSI-1
Added Pin To Net: NetName=NetQ3_LVMOSI_S Pin=R?_LVMOSI-2
Added Pin To Net: NetName=NetQ3_LVRX1_D Pin=R?_LVRX1-1
Added Pin To Net: NetName=NetQ3_LVRX1_S Pin=R?_LVRX1-2
Added Pin To Net: NetName=NetQ3_LVRX2_D Pin=R?_LVRX2-1
Added Pin To Net: NetName=NetQ3_LVRX2_S Pin=R?_LVRX2-2
Added Pin To Net: NetName=NetQ3_LVSCLK_D Pin=R?_LVSCLK-1
Added Pin To Net: NetName=NetQ3_LVSCLK_S Pin=R?_LVSCLK-2
Added Pin To Net: NetName=NetQ3_LVTX1_D Pin=R?_LVTX1-1
Added Pin To Net: NetName=NetQ3_LVTX1_S Pin=R?_LVTX1-2
Added Pin To Net: NetName=NetQ3_LVTX2_D Pin=R?_LVTX2-1
Added Pin To Net: NetName=NetQ3_LVTX2_S Pin=R?_LVTX2-2
Added Pin To Net: NetName=VBAT Pin=SW?-1
Added Pin To Net: NetName=GND Pin=T8_Voltage_Indicator1-2
Added Pin To Net: NetName=GND Pin=T8_Voltage_Indicator2-2
Added Pin To Net: NetName=GND Pin=T8_Voltage_Indicator3-2
Added Pin To Net: NetName=NetQ3_LVTX1_D Pin=UART1_LVLESP-1
Added Pin To Net: NetName=NetQ3_LVRX1_D Pin=UART1_LVLESP-2
Change Net Name : Old Net Name=NetC33_2 New Net Name=VBAT_Switched
Change Net Name : Old Net Name=NetQ1_Main_3 New Net Name=SQB_PWR
Added Pin To Net: NetName=NetBAT_IN?_1 Pin=BAT_IN?-1
Added Pin To Net: NetName=NetBAT_IN?_1 Pin=SW?-2
Added Net: Name=NetBAT_IN?_1
Added Pin To Net: NetName=NetD3_ACT_Ind1_1 Pin=D3_ACT_Ind1-1
Added Pin To Net: NetName=NetD3_ACT_Ind1_1 Pin=R19_ACT_Ind1-1
Added Net: Name=NetD3_ACT_Ind1_1
Added Pin To Net: NetName=NetD3_ACT_Ind2_1 Pin=D3_ACT_Ind2-1
Added Pin To Net: NetName=NetD3_ACT_Ind2_1 Pin=R19_ACT_Ind2-1
Added Net: Name=NetD3_ACT_Ind2_1
Added Pin To Net: NetName=NetD3_ERR_Ind1_1 Pin=D3_ERR_Ind1-1
Added Pin To Net: NetName=NetD3_ERR_Ind1_1 Pin=R19_ERR_Ind1-1
Added Net: Name=NetD3_ERR_Ind1_1
Added Pin To Net: NetName=NetD3_ERR_Ind2_1 Pin=D3_ERR_Ind2-1
Added Pin To Net: NetName=NetD3_ERR_Ind2_1 Pin=R19_ERR_Ind2-1
Added Net: Name=NetD3_ERR_Ind2_1
Added Pin To Net: NetName=NetD7_Voltage_Indicator1_1 Pin=D7_Voltage_Indicator1-1
Added Pin To Net: NetName=NetD7_Voltage_Indicator1_1 Pin=R63_Voltage_Indicator1-1
Added Net: Name=NetD7_Voltage_Indicator1_1
Added Pin To Net: NetName=NetD7_Voltage_Indicator1_2 Pin=D7_Voltage_Indicator1-2
Added Pin To Net: NetName=NetD7_Voltage_Indicator1_2 Pin=T8_Voltage_Indicator1-3
Added Net: Name=NetD7_Voltage_Indicator1_2
Added Pin To Net: NetName=NetD7_Voltage_Indicator2_1 Pin=D7_Voltage_Indicator2-1
Added Pin To Net: NetName=NetD7_Voltage_Indicator2_1 Pin=R63_Voltage_Indicator2-1
Added Net: Name=NetD7_Voltage_Indicator2_1
Added Pin To Net: NetName=NetD7_Voltage_Indicator2_2 Pin=D7_Voltage_Indicator2-2
Added Pin To Net: NetName=NetD7_Voltage_Indicator2_2 Pin=T8_Voltage_Indicator2-3
Added Net: Name=NetD7_Voltage_Indicator2_2
Added Pin To Net: NetName=NetD7_Voltage_Indicator3_1 Pin=D7_Voltage_Indicator3-1
Added Pin To Net: NetName=NetD7_Voltage_Indicator3_1 Pin=R63_Voltage_Indicator3-1
Added Net: Name=NetD7_Voltage_Indicator3_1
Added Pin To Net: NetName=NetD7_Voltage_Indicator3_2 Pin=D7_Voltage_Indicator3-2
Added Pin To Net: NetName=NetD7_Voltage_Indicator3_2 Pin=T8_Voltage_Indicator3-3
Added Net: Name=NetD7_Voltage_Indicator3_2
Added Pin To Net: NetName=NetR19_ACT_Ind1_2 Pin=R19_ACT_Ind1-2
Added Pin To Net: NetName=NetR19_ACT_Ind1_2 Pin=Raspberry Pi GPIO1-22
Added Net: Name=NetR19_ACT_Ind1_2
Added Pin To Net: NetName=NetR19_ACT_Ind2_2 Pin=R19_ACT_Ind2-2
Added Pin To Net: NetName=NetR19_ACT_Ind2_2 Pin=U7-36
Added Net: Name=NetR19_ACT_Ind2_2
Added Pin To Net: NetName=NetR19_ERR_Ind1_2 Pin=R19_ERR_Ind1-2
Added Pin To Net: NetName=NetR19_ERR_Ind1_2 Pin=Raspberry Pi GPIO1-26
Added Net: Name=NetR19_ERR_Ind1_2
Added Pin To Net: NetName=NetR19_ERR_Ind2_2 Pin=R19_ERR_Ind2-2
Added Pin To Net: NetName=NetR19_ERR_Ind2_2 Pin=U7-37
Added Net: Name=NetR19_ERR_Ind2_2
Added Pin To Net: NetName=NetR64_Voltage_Indicator1_2 Pin=R64_Voltage_Indicator1-2
Added Pin To Net: NetName=NetR64_Voltage_Indicator1_2 Pin=T8_Voltage_Indicator1-1
Added Net: Name=NetR64_Voltage_Indicator1_2
Added Pin To Net: NetName=NetR64_Voltage_Indicator2_2 Pin=R64_Voltage_Indicator2-2
Added Pin To Net: NetName=NetR64_Voltage_Indicator2_2 Pin=T8_Voltage_Indicator2-1
Added Net: Name=NetR64_Voltage_Indicator2_2
Added Pin To Net: NetName=NetR64_Voltage_Indicator3_2 Pin=R64_Voltage_Indicator3-2
Added Pin To Net: NetName=NetR64_Voltage_Indicator3_2 Pin=T8_Voltage_Indicator3-1
Added Net: Name=NetR64_Voltage_Indicator3_2
Added Pin To Net: NetName=SQB_PWR- Pin=U12-3
Added Net: Name=SQB_PWR-
Added Member To Class: ClassName=U_Power IO Member=Component ? Screw Terminal
Added Member To Class: ClassName=U_Power IO Member=Component ? Screw Terminal
Added Member To Class: ClassName=U_Power IO Member=Component ? Screw Terminal
Added Member To Class: ClassName=U_Power IO Member=Component ? Screw Terminal
Added Member To Class: ClassName=U_Power IO Member=Component ? Screw Terminal
Added Member To Class: ClassName=U_Power IO Member=Component ? Screw Terminal
Added Member To Class: ClassName=U_Power IO Member=Component ? Screw Terminal
Added Member To Class: ClassName=U_Power IO Member=Component BAT_IN? Screw Terminal
Added Member To Class: ClassName=ACT_Ind1 Member=Component D3_ACT_Ind1 (D3) LED_R
Added Member To Class: ClassName=ACT_Ind2 Member=Component D3_ACT_Ind2 (D3) LED_R
Added Member To Class: ClassName=ERR_Ind1 Member=Component D3_ERR_Ind1 (D3) LED_R
Added Member To Class: ClassName=ERR_Ind2 Member=Component D3_ERR_Ind2 (D3) LED_R
Added Member To Class: ClassName=Voltage_Indicator1 Member=Component D7_Voltage_Indicator1 (D7) LED_B
Added Member To Class: ClassName=Voltage_Indicator2 Member=Component D7_Voltage_Indicator2 (D7) LED_B
Added Member To Class: ClassName=Voltage_Indicator3 Member=Component D7_Voltage_Indicator3 (D7) LED_B
Added Member To Class: ClassName=ACT_Ind1 Member=Component R19_ACT_Ind1 (R19) Res3
Added Member To Class: ClassName=ACT_Ind2 Member=Component R19_ACT_Ind2 (R19) Res3
Added Member To Class: ClassName=ERR_Ind1 Member=Component R19_ERR_Ind1 (R19) Res3
Added Member To Class: ClassName=ERR_Ind2 Member=Component R19_ERR_Ind2 (R19) Res3
Added Member To Class: ClassName=Voltage_Indicator1 Member=Component R63_Voltage_Indicator1 (R63) Res3
Added Member To Class: ClassName=Voltage_Indicator2 Member=Component R63_Voltage_Indicator2 (R63) Res3
Added Member To Class: ClassName=Voltage_Indicator3 Member=Component R63_Voltage_Indicator3 (R63) Res3
Added Member To Class: ClassName=Voltage_Indicator1 Member=Component R64_Voltage_Indicator1 (R64) Res3
Added Member To Class: ClassName=Voltage_Indicator2 Member=Component R64_Voltage_Indicator2 (R64) Res3
Added Member To Class: ClassName=Voltage_Indicator3 Member=Component R64_Voltage_Indicator3 (R64) Res3
Added Member To Class: ClassName=LVCS Member=Component R?_LVCS (R?) Res3
Added Member To Class: ClassName=LVMISO Member=Component R?_LVMISO (R?) Res3
Added Member To Class: ClassName=LVMOSI Member=Component R?_LVMOSI (R?) Res3
Added Member To Class: ClassName=LVRX1 Member=Component R?_LVRX1 (R?) Res3
Added Member To Class: ClassName=LVRX2 Member=Component R?_LVRX2 (R?) Res3
Added Member To Class: ClassName=LVSCLK Member=Component R?_LVSCLK (R?) Res3
Added Member To Class: ClassName=LVTX1 Member=Component R?_LVTX1 (R?) Res3
Added Member To Class: ClassName=LVTX2 Member=Component R?_LVTX2 (R?) Res3
Added Member To Class: ClassName=U_Power IO Member=Component SW? Screw Terminal
Added Member To Class: ClassName=Voltage_Indicator1 Member=Component T8_Voltage_Indicator1 (T8) MMBT2222ALT1
Added Member To Class: ClassName=Voltage_Indicator2 Member=Component T8_Voltage_Indicator2 (T8) MMBT2222ALT1
Added Member To Class: ClassName=Voltage_Indicator3 Member=Component T8_Voltage_Indicator3 (T8) MMBT2222ALT1
Added Room: Name=ACT_Ind1
Added Room: Name=ACT_Ind2
Added Room: Name=AIN01
Added Room: Name=AIN02
Added Room: Name=AIN11
Added Room: Name=AIN12
Added Room: Name=AIN21
Added Room: Name=AIN22
Added Room: Name=AIN31
Added Room: Name=AIN32
Added Room: Name=Bz
Added Room: Name=ERR_Ind1
Added Room: Name=ERR_Ind2
Added Room: Name=ESP
Added Room: Name=LVCS
Added Room: Name=LVLESP
Added Room: Name=LVLPI/ESP
Added Room: Name=LVMISO
Added Room: Name=LVMOSI
Added Room: Name=LVRX1
Added Room: Name=LVRX2
Added Room: Name=LVSCLK
Added Room: Name=LVTX1
Added Room: Name=LVTX2
Added Room: Name=Main
Added Room: Name=Main
Added Room: Name=Main_Ind
Added Room: Name=Motor
Added Room: Name=Motor_Ind
Added Room: Name=PWR
Added Room: Name=Sep
Added Room: Name=Sep_Ind
Added Room: Name=SPI-IO
Added Room: Name=U_Accelerometer
Added Room: Name=U_ADC1
Added Room: Name=U_ADC2
Added Room: Name=U_Barometer
Added Room: Name=U_ESP power
Added Room: Name=U_Gyroscope
Added Room: Name=U_Magnetometer
Added Room: Name=U_Power IO
Added Room: Name=U_Squib_Managment
Added Room: Name=UART
Added Room: Name=Voltage_Indicator1
Added Room: Name=Voltage_Indicator2
Added Room: Name=Voltage_Indicator3
