Removed Member From Class: ClassName=PWR Member=C67
Removed Member From Class: ClassName=Main Member=R163
Removed Member From Class: ClassName=Main Member=R164
Removed Member From Class: ClassName=Main Member=R165
Removed Member From Class: ClassName=Squib_Managment Member=U14
Added Member To Class: ClassName=PWR Member=Component C47 (C32) Cap
Added Member To Class: ClassName=PWR Member=Component C52 (C37) Cap
Added Member To Class: ClassName=Regulators Member=Component C60 (C47) Cap
Added Member To Class: ClassName=Main Member=Component R97 (R90) Res3
Added Member To Class: ClassName=Main Member=Component R98 (R91) Res3
Added Member To Class: ClassName=Main Member=Component R99 (R92) Res3
Added Member To Class: ClassName=Squib_Managment Member=Component U13 (U9) ACS711KEXLT-15AB-T
Added Room: Name=Accelerometer
Added Room: Name=ACT_IND
Added Room: Name=ACT_IndESP
Added Room: Name=ADC 1
Added Room: Name=ADC 2
Added Room: Name=AIN01
Added Room: Name=AIN02
Added Room: Name=AIN11
Added Room: Name=AIN12
Added Room: Name=AIN21
Added Room: Name=AIN22
Added Room: Name=AIN31
Added Room: Name=AIN32
Added Room: Name=Barometer
Added Room: Name=Buzzer
Added Room: Name=ERR_IndESP
Added Room: Name=ERR_IndPi
Added Room: Name=ESP
Added Room: Name=ESP UART Output
Added Room: Name=Gyroscope
Added Room: Name=Magnetometer
Added Room: Name=Main
Added Room: Name=Main_IND
Added Room: Name=Main_Squib
Added Room: Name=Motor_IND
Added Room: Name=Motor_Squib
Added Room: Name=PWR
Added Room: Name=Regulators
Added Room: Name=Sep_IND
Added Room: Name=Sep_Squib
Added Room: Name=SPI Output
Added Room: Name=Squib_Managment
Added Room: Name=U_EEPROM
Added Room: Name=U_ESP power
Added Room: Name=U_Power IO
Added Room: Name=UART
Added Room: Name=UART EXT
Added Room: Name=Voltage_Indicator1
Added Room: Name=Voltage_Indicator2
Added Room: Name=Voltage_Indicator3
