Removed Pin From Net: NetName=NetQ3_LVTX2_S Pin=S1-2
Added Component: Designator=C12(0805 Footprint)
Add component. Clean all parameters for all variants
Add component (AddParameter): Name = "Value"; Value = "10uF"; VariantName = "[No Variations]"
Added Component: Designator=C23(0603 to 1210 SMD)
Add component. Clean all parameters for all variants
Add component (AddParameter): Name = "LatestRevisionDate"; Value = "17-Jul-2002"; VariantName = "[No Variations]"
Add component (AddParameter): Name = "LatestRevisionNote"; Value = "Re-released for DXP Platform."; VariantName = "[No Variations]"
Add component (AddParameter): Name = "PackageDescription"; Value = "Radial Cap, Thru-Hole; 2 Leads; 0.3 in Pin Spacing"; VariantName = "[No Variations]"
Add component (AddParameter): Name = "PackageReference"; Value = "RAD-0.3"; VariantName = "[No Variations]"
Add component (AddParameter): Name = "Published"; Value = "8-Jun-2000"; VariantName = "[No Variations]"
Add component (AddParameter): Name = "Publisher"; Value = "Altium Limited"; VariantName = "[No Variations]"
Add component (AddParameter): Name = "Value"; Value = "10uF"; VariantName = "[No Variations]"
Added Component: Designator=R54(J1-0603)
Add component. Clean all parameters for all variants
Add component (AddParameter): Name = "LatestRevisionDate"; Value = "29-May-2009"; VariantName = "[No Variations]"
Add component (AddParameter): Name = "LatestRevisionNote"; Value = "IPC-7351 Footprint Added."; VariantName = "[No Variations]"
Add component (AddParameter): Name = "PackageDescription"; Value = "Chip Resistor"; VariantName = "[No Variations]"
Add component (AddParameter): Name = "PackageReference"; Value = "J1-0603"; VariantName = "[No Variations]"
Add component (AddParameter): Name = "Published"; Value = "8-Jun-2000"; VariantName = "[No Variations]"
Add component (AddParameter): Name = "Publisher"; Value = "Altium Limited"; VariantName = "[No Variations]"
Add component (AddParameter): Name = "Value"; Value = "100k"; VariantName = "[No Variations]"
Added Component: Designator=R57(J1-0603)
Add component. Clean all parameters for all variants
Add component (AddParameter): Name = "LatestRevisionDate"; Value = "29-May-2009"; VariantName = "[No Variations]"
Add component (AddParameter): Name = "LatestRevisionNote"; Value = "IPC-7351 Footprint Added."; VariantName = "[No Variations]"
Add component (AddParameter): Name = "PackageDescription"; Value = "Chip Resistor"; VariantName = "[No Variations]"
Add component (AddParameter): Name = "PackageReference"; Value = "J1-0603"; VariantName = "[No Variations]"
Add component (AddParameter): Name = "Published"; Value = "8-Jun-2000"; VariantName = "[No Variations]"
Add component (AddParameter): Name = "Publisher"; Value = "Altium Limited"; VariantName = "[No Variations]"
Add component (AddParameter): Name = "Value"; Value = "100k"; VariantName = "[No Variations]"
Added Component: Designator=U1(LGA16R50P5X3_300X300X100N)
Add component. Clean all parameters for all variants
Add component (AddParameter): Name = "Availability"; Value = "Unavailable"; VariantName = "[No Variations]"
Add component (AddParameter): Name = "MF"; Value = "STMicroelectronics"; VariantName = "[No Variations]"
Add component (AddParameter): Name = "MP"; Value = "LIS3DSHTR"; VariantName = "[No Variations]"
Add component (AddParameter): Name = "Package"; Value = "LGA-16 STMicroelectronics"; VariantName = "[No Variations]"
Add component (AddParameter): Name = "Price"; Value = "None"; VariantName = "[No Variations]"
Add component (AddParameter): Name = "SnapEDA_Link"; Value = "https://www.snapeda.com/parts/LIS3DSHTR/STMicroelectronics/view-part/?ref=snap"; VariantName = "[No Variations]"
Add component (AddParameter): Name = "Value"; Value = ""; VariantName = "[No Variations]"
Added Component: Designator=U3(PQFN50P200X200X80-10N)
Add component. Clean all parameters for all variants
Add component (AddParameter): Name = "Availability"; Value = "Unavailable"; VariantName = "[No Variations]"
Add component (AddParameter): Name = "MF"; Value = "Bosch Sensortec"; VariantName = "[No Variations]"
Add component (AddParameter): Name = "MP"; Value = "BMP388"; VariantName = "[No Variations]"
Add component (AddParameter): Name = "Package"; Value = "WFLGA-10 Bosch Tools"; VariantName = "[No Variations]"
Add component (AddParameter): Name = "Price"; Value = "None"; VariantName = "[No Variations]"
Add component (AddParameter): Name = "SnapEDA_Link"; Value = "https://www.snapeda.com/parts/BMP388/Bosch%20Sensortec/view-part/?ref=snap"; VariantName = "[No Variations]"
Add component (AddParameter): Name = "Value"; Value = ""; VariantName = "[No Variations]"
Added Component: Designator=U4(L3GD20HTR)
Add component. Clean all parameters for all variants
Add component (AddParameter): Name = "Availability"; Value = "Unavailable"; VariantName = "[No Variations]"
Add component (AddParameter): Name = "MF"; Value = "STMicroelectronics"; VariantName = "[No Variations]"
Add component (AddParameter): Name = "MP"; Value = "L3GD20HTR"; VariantName = "[No Variations]"
Add component (AddParameter): Name = "Package"; Value = "LGA-16 STMicroelectronics"; VariantName = "[No Variations]"
Add component (AddParameter): Name = "Price"; Value = "None"; VariantName = "[No Variations]"
Add component (AddParameter): Name = "SnapEDA_Link"; Value = "https://www.snapeda.com/parts/L3GD20HTR/STMicroelectronics/view-part/?ref=snap"; VariantName = "[No Variations]"
Add component (AddParameter): Name = "Supplier 1"; Value = "Digi-Key"; VariantName = "[No Variations]"
Add component (AddParameter): Name = "Supplier Part Number 1"; Value = "497-13931-1-ND"; VariantName = "[No Variations]"
Add component (AddParameter): Name = "Value"; Value = ""; VariantName = "[No Variations]"
Added Component: Designator=U5(QFN)
Add component. Clean all parameters for all variants
Added Pin To Net: NetName=NetC12_1 Pin=C12-1
Added Pin To Net: NetName=GND Pin=C12-2
Added Pin To Net: NetName=GND Pin=C23-1
Added Pin To Net: NetName=NetC34_1 Pin=R54-1
Added Pin To Net: NetName=GND Pin=R57-1
Added Pin To Net: NetName=NetQ3_LVTX2_S Pin=S1-1
Added Pin To Net: NetName=3.3V Pin=U1-1
Added Pin To Net: NetName=NetQ3_LVSCLK_S Pin=U1-4
Added Pin To Net: NetName=GND Pin=U1-5
Added Pin To Net: NetName=NetQ3_LVMISO_S Pin=U1-6
Added Pin To Net: NetName=NetQ3_LVMOSI_S Pin=U1-7
Added Pin To Net: NetName=NetU1_8 Pin=U1-8
Added Pin To Net: NetName=GND Pin=U1-10
Added Pin To Net: NetName=GND Pin=U1-12
Added Pin To Net: NetName=GND Pin=U1-13
Added Pin To Net: NetName=3.3V Pin=U1-14
Added Pin To Net: NetName=GND Pin=U1-15
Added Pin To Net: NetName=GND Pin=U1-16
Added Pin To Net: NetName=3.3V Pin=U3-1
Added Pin To Net: NetName=NetQ3_LVSCLK_S Pin=U3-2
Added Pin To Net: NetName=GND Pin=U3-3
Added Pin To Net: NetName=NetQ3_LVMISO_S Pin=U3-4
Added Pin To Net: NetName=NetQ3_LVMOSI_S Pin=U3-5
Added Pin To Net: NetName=NetU3_6 Pin=U3-6
Added Pin To Net: NetName=GND Pin=U3-8
Added Pin To Net: NetName=GND Pin=U3-9
Added Pin To Net: NetName=3.3V Pin=U3-10
Added Pin To Net: NetName=3.3V Pin=U4-1
Added Pin To Net: NetName=NetQ3_LVSCLK_S Pin=U4-2
Added Pin To Net: NetName=NetQ3_LVMISO_S Pin=U4-3
Added Pin To Net: NetName=NetQ3_LVMOSI_S Pin=U4-4
Added Pin To Net: NetName=NetU4_5 Pin=U4-5
Added Pin To Net: NetName=GND Pin=U4-8
Added Pin To Net: NetName=GND Pin=U4-9
Added Pin To Net: NetName=GND Pin=U4-10
Added Pin To Net: NetName=GND Pin=U4-11
Added Pin To Net: NetName=GND Pin=U4-12
Added Pin To Net: NetName=GND Pin=U4-13
Added Pin To Net: NetName=NetC12_1 Pin=U4-14
Added Pin To Net: NetName=3.3V Pin=U4-15
Added Pin To Net: NetName=3.3V Pin=U4-16
Added Pin To Net: NetName=NetU5_2 Pin=U5-2
Added Pin To Net: NetName=NetQ3_LVSCLK_S Pin=U5-3
Added Pin To Net: NetName=NetQ3_LVMISO_S Pin=U5-5
Added Pin To Net: NetName=NetQ3_LVMOSI_S Pin=U5-6
Added Pin To Net: NetName=3.3V Pin=U5-8
Added Pin To Net: NetName=GND Pin=U5-11
Added Pin To Net: NetName=GND Pin=U5-12
Added Pin To Net: NetName=GND Pin=U5-13
Added Pin To Net: NetName=3.3V Pin=U5-15
Added Pin To Net: NetName=NetS1_2 Pin=S1-2
Added Pin To Net: NetName=NetS1_2 Pin=S3-1
Added Pin To Net: NetName=NetS1_2 Pin=U7-35
Added Net: Name=NetS1_2
Added Member To Class: ClassName=PWR Member=Component 3.3V Screw Terminal
Added Member To Class: ClassName=PWR Member=Component 3.3V Screw Terminal
Added Member To Class: ClassName=PWR Member=Component 5V_Clean Screw Terminal
Added Member To Class: ClassName=PWR Member=Component 5V Screw Terminal
Added Member To Class: ClassName=U_Gyroscope Member=Component C12 Cap
Added Member To Class: ClassName=PWR Member=Component C23 Cap
Added Member To Class: ClassName=PWR Member=Component R54 Res3
Added Member To Class: ClassName=PWR Member=Component R57 Res3
Added Member To Class: ClassName=U_ADC2 Member=Component T1_U_ADC2 (T1) Screw Terminal
Added Member To Class: ClassName=U_Accelerometer Member=Component U1 LIS3DSHTR
Added Member To Class: ClassName=U_Barometer Member=Component U3 BMP388
Added Member To Class: ClassName=U_Gyroscope Member=Component U4 L3GD20H
Added Member To Class: ClassName=U_Magnetometer Member=Component U5 MLX90393
Added Room: Name=AIN01
Added Room: Name=AIN02
Added Room: Name=AIN11
Added Room: Name=AIN12
Added Room: Name=AIN21
Added Room: Name=AIN22
Added Room: Name=AIN31
Added Room: Name=AIN32
Added Room: Name=Bz
Added Room: Name=ESP
Added Room: Name=LVLESP
Added Room: Name=LVLPI/ESP
Added Room: Name=LVMISO
Added Room: Name=LVMOSI
Added Room: Name=LVSCLK
Added Room: Name=Main
Added Room: Name=Main
Added Room: Name=Main_Ind
Added Room: Name=Motor
Added Room: Name=Motor_Ind
Added Room: Name=PWR
Added Room: Name=Sep
Added Room: Name=Sep_Ind
Added Room: Name=SPI-IO
Added Room: Name=U_Accelerometer
Added Room: Name=U_ADC1
Added Room: Name=U_ADC2
Added Room: Name=U_Barometer
Added Room: Name=U_Blue_LED1
Added Room: Name=U_Blue_LED2
Added Room: Name=U_Blue_LED3
Added Room: Name=U_Gyroscope
Added Room: Name=U_Magnetometer
Added Room: Name=UART
