Change Component Footprint: Designator=CF_AIN01 Old Footprint=0603 to 1210 SMD New Footprint=0603 to 0805 SMD - duplicate
Change Component Footprint: Designator=CF_AIN02 Old Footprint=0603 to 1210 SMD New Footprint=0603 to 0805 SMD - duplicate
Change Component Footprint: Designator=CF_AIN11 Old Footprint=0603 to 1210 SMD New Footprint=0603 to 0805 SMD - duplicate
Change Component Footprint: Designator=CF_AIN12 Old Footprint=0603 to 1210 SMD New Footprint=0603 to 0805 SMD - duplicate
Change Component Footprint: Designator=CF_AIN21 Old Footprint=0603 to 1210 SMD New Footprint=0603 to 0805 SMD - duplicate
Change Component Footprint: Designator=CF_AIN22 Old Footprint=0603 to 1210 SMD New Footprint=0603 to 0805 SMD - duplicate
Change Component Footprint: Designator=CF_AIN31 Old Footprint=0603 to 1210 SMD New Footprint=0603 to 0805 SMD - duplicate
Change Component Footprint: Designator=CF_AIN32 Old Footprint=0603 to 1210 SMD New Footprint=0603 to 0805 SMD - duplicate
Added Member To Class: ClassName=PWR Member=Component 3.3V Screw Terminal
Added Member To Class: ClassName=PWR Member=Component 3.3V Screw Terminal
Added Member To Class: ClassName=PWR Member=Component 5V_Clean Screw Terminal
Added Member To Class: ClassName=PWR Member=Component 5V Screw Terminal
Added Room: Name=AIN01
Added Room: Name=AIN02
Added Room: Name=AIN11
Added Room: Name=AIN12
Added Room: Name=AIN21
Added Room: Name=AIN22
Added Room: Name=AIN31
Added Room: Name=AIN32
Added Room: Name=Bz
Added Room: Name=ESP
Added Room: Name=LVLESP
Added Room: Name=LVLPI/ESP
Added Room: Name=LVMISO
Added Room: Name=LVMOSI
Added Room: Name=LVSCLK
Added Room: Name=Main
Added Room: Name=Main
Added Room: Name=Main_Ind
Added Room: Name=Motor
Added Room: Name=Motor_Ind
Added Room: Name=Sep
Added Room: Name=Sep_Ind
Added Room: Name=SPI-IO
Added Room: Name=U_Accelerometer
Added Room: Name=U_ADC1
Added Room: Name=U_ADC2
Added Room: Name=U_Barometer
Added Room: Name=U_Blue_LED1
Added Room: Name=U_Blue_LED2
Added Room: Name=U_Blue_LED3
Added Room: Name=U_Gyroscope
Added Room: Name=UART
