Change Component Physical Designator: Old Designator=C?_ADC 1 New Designator=C?
Change Component Physical Designator: Old Designator=C?_ADC 1 New Designator=C?
Change Component Physical Designator: Old Designator=C?_ADC 1 New Designator=C?
Change Component Physical Designator: Old Designator=C?_ADC 1 New Designator=C?
Change Component Physical Designator: Old Designator=C?_ADC 1 New Designator=C?
Change Component Physical Designator: Old Designator=C?_ADC 1 New Designator=C?
Change Component Physical Designator: Old Designator=C?_ADC 1 New Designator=C?
Change Component Physical Designator: Old Designator=C?_ADC 1 New Designator=C?
Change Component Physical Designator: Old Designator=C?_ADC 2 New Designator=C?
Change Component Physical Designator: Old Designator=C?_ADC 2 New Designator=C?
Change Component Physical Designator: Old Designator=C?_ADC 2 New Designator=C?
Change Component Physical Designator: Old Designator=C?_ADC 2 New Designator=C?
Change Component Physical Designator: Old Designator=C?_ADC 2 New Designator=C?
Change Component Physical Designator: Old Designator=C?_ADC 2 New Designator=C?
Change Component Physical Designator: Old Designator=C?_ADC 2 New Designator=C?
Change Component Physical Designator: Old Designator=C?_ADC 2 New Designator=C?
Change Component Physical Designator: Old Designator=C?_AIN01 New Designator=C?
Change Component Physical Designator: Old Designator=C?_AIN02 New Designator=C?
Change Component Physical Designator: Old Designator=C?_AIN11 New Designator=C?
Change Component Physical Designator: Old Designator=C?_AIN12 New Designator=C?
Change Component Physical Designator: Old Designator=C?_AIN21 New Designator=C?
Change Component Physical Designator: Old Designator=C?_AIN22 New Designator=C?
Change Component Physical Designator: Old Designator=C?_AIN31 New Designator=C?
Change Component Physical Designator: Old Designator=C?_AIN32 New Designator=C?
Change Component Physical Designator: Old Designator=D?_ACT_IND New Designator=D?
Change Component Physical Designator: Old Designator=D?_ACT_IndESP New Designator=D?
Change Component Physical Designator: Old Designator=D?_ERR_IndESP New Designator=D?
Change Component Physical Designator: Old Designator=D?_ERR_IndPi New Designator=D?
Change Component Physical Designator: Old Designator=D?_Main_IND New Designator=D?
Change Component Physical Designator: Old Designator=D?_Motor_IND New Designator=D?
Change Component Physical Designator: Old Designator=D?_Sep_IND New Designator=D?
Change Component Physical Designator: Old Designator=D?_Voltage_Indicator1 New Designator=D?
Change Component Physical Designator: Old Designator=D?_Voltage_Indicator2 New Designator=D?
Change Component Physical Designator: Old Designator=D?_Voltage_Indicator3 New Designator=D?
Change Component Physical Designator: Old Designator=J?_ADC 1 New Designator=J?
Change Component Physical Designator: Old Designator=J?_ADC 1 New Designator=J?
Change Component Physical Designator: Old Designator=J?_ADC 2 New Designator=J?
Change Component Physical Designator: Old Designator=J?_ADC 2 New Designator=J?
Change Component Physical Designator: Old Designator=J?_ESP UART Output New Designator=J?
Change Component Physical Designator: Old Designator=J?_Main_Squib New Designator=J?
Change Component Physical Designator: Old Designator=J?_Motor_Squib New Designator=J?
Change Component Physical Designator: Old Designator=J?_Sep_Squib New Designator=J?
Change Component Physical Designator: Old Designator=J?_UART EXT New Designator=J?
Change Component Physical Designator: Old Designator=Q?_Main_Squib New Designator=Q?
Change Component Physical Designator: Old Designator=Q?_Main_Squib New Designator=Q?
Change Component Physical Designator: Old Designator=Q?_Motor_Squib New Designator=Q?
Change Component Physical Designator: Old Designator=Q?_Motor_Squib New Designator=Q?
Change Component Physical Designator: Old Designator=Q?_Sep_Squib New Designator=Q?
Change Component Physical Designator: Old Designator=Q?_Sep_Squib New Designator=Q?
Change Component Physical Designator: Old Designator=R?_ACT_IND New Designator=R?
Change Component Physical Designator: Old Designator=R?_ACT_IndESP New Designator=R?
Change Component Physical Designator: Old Designator=R?_ADC 1 New Designator=R?
Change Component Physical Designator: Old Designator=R?_ADC 1 New Designator=R?
Change Component Physical Designator: Old Designator=R?_ADC 1 New Designator=R?
Change Component Physical Designator: Old Designator=R?_ADC 1 New Designator=R?
Change Component Physical Designator: Old Designator=R?_ADC 1 New Designator=R?
Change Component Physical Designator: Old Designator=R?_ADC 1 New Designator=R?
Change Component Physical Designator: Old Designator=R?_ADC 2 New Designator=R?
Change Component Physical Designator: Old Designator=R?_ADC 2 New Designator=R?
Change Component Physical Designator: Old Designator=R?_ADC 2 New Designator=R?
Change Component Physical Designator: Old Designator=R?_ADC 2 New Designator=R?
Change Component Physical Designator: Old Designator=R?_ADC 2 New Designator=R?
Change Component Physical Designator: Old Designator=R?_ADC 2 New Designator=R?
Change Component Physical Designator: Old Designator=R?_AIN01 New Designator=R?
Change Component Physical Designator: Old Designator=R?_AIN01 New Designator=R?
Change Component Physical Designator: Old Designator=R?_AIN01 New Designator=R?
Change Component Physical Designator: Old Designator=R?_AIN01 New Designator=R?
Change Component Physical Designator: Old Designator=R?_AIN01 New Designator=R?
Change Component Physical Designator: Old Designator=R?_AIN02 New Designator=R?
Change Component Physical Designator: Old Designator=R?_AIN02 New Designator=R?
Change Component Physical Designator: Old Designator=R?_AIN02 New Designator=R?
Change Component Physical Designator: Old Designator=R?_AIN02 New Designator=R?
Change Component Physical Designator: Old Designator=R?_AIN02 New Designator=R?
Change Component Physical Designator: Old Designator=R?_AIN11 New Designator=R?
Change Component Physical Designator: Old Designator=R?_AIN11 New Designator=R?
Change Component Physical Designator: Old Designator=R?_AIN11 New Designator=R?
Change Component Physical Designator: Old Designator=R?_AIN11 New Designator=R?
Change Component Physical Designator: Old Designator=R?_AIN11 New Designator=R?
Change Component Physical Designator: Old Designator=R?_AIN12 New Designator=R?
Change Component Physical Designator: Old Designator=R?_AIN12 New Designator=R?
Change Component Physical Designator: Old Designator=R?_AIN12 New Designator=R?
Change Component Physical Designator: Old Designator=R?_AIN12 New Designator=R?
Change Component Physical Designator: Old Designator=R?_AIN12 New Designator=R?
Change Component Physical Designator: Old Designator=R?_AIN21 New Designator=R?
Change Component Physical Designator: Old Designator=R?_AIN21 New Designator=R?
Change Component Physical Designator: Old Designator=R?_AIN21 New Designator=R?
Change Component Physical Designator: Old Designator=R?_AIN21 New Designator=R?
Change Component Physical Designator: Old Designator=R?_AIN21 New Designator=R?
Change Component Physical Designator: Old Designator=R?_AIN22 New Designator=R?
Change Component Physical Designator: Old Designator=R?_AIN22 New Designator=R?
Change Component Physical Designator: Old Designator=R?_AIN22 New Designator=R?
Change Component Physical Designator: Old Designator=R?_AIN22 New Designator=R?
Change Component Physical Designator: Old Designator=R?_AIN22 New Designator=R?
Change Component Physical Designator: Old Designator=R?_AIN31 New Designator=R?
Change Component Physical Designator: Old Designator=R?_AIN31 New Designator=R?
Change Component Physical Designator: Old Designator=R?_AIN31 New Designator=R?
Change Component Physical Designator: Old Designator=R?_AIN31 New Designator=R?
Change Component Physical Designator: Old Designator=R?_AIN31 New Designator=R?
Change Component Physical Designator: Old Designator=R?_AIN32 New Designator=R?
Change Component Physical Designator: Old Designator=R?_AIN32 New Designator=R?
Change Component Physical Designator: Old Designator=R?_AIN32 New Designator=R?
Change Component Physical Designator: Old Designator=R?_AIN32 New Designator=R?
Change Component Physical Designator: Old Designator=R?_AIN32 New Designator=R?
Change Component Physical Designator: Old Designator=R?_ERR_IndESP New Designator=R?
Change Component Physical Designator: Old Designator=R?_ERR_IndPi New Designator=R?
Change Component Physical Designator: Old Designator=R?_ESP UART Output New Designator=R?
Change Component Physical Designator: Old Designator=R?_ESP UART Output New Designator=R?
Change Component Physical Designator: Old Designator=R?_Main_IND New Designator=R?
Change Component Physical Designator: Old Designator=R?_Main_Squib New Designator=R?
Change Component Physical Designator: Old Designator=R?_Main_Squib New Designator=R?
Change Component Physical Designator: Old Designator=R?_Main_Squib New Designator=R?
Change Component Physical Designator: Old Designator=R?_Main_Squib New Designator=R?
Change Component Physical Designator: Old Designator=R?_Main_Squib New Designator=R?
Change Component Physical Designator: Old Designator=R?_Main_Squib New Designator=R?
Change Component Physical Designator: Old Designator=R?_Main_Squib New Designator=R?
Change Component Physical Designator: Old Designator=R?_Motor_IND New Designator=R?
Change Component Physical Designator: Old Designator=R?_Motor_Squib New Designator=R?
Change Component Physical Designator: Old Designator=R?_Motor_Squib New Designator=R?
Change Component Physical Designator: Old Designator=R?_Motor_Squib New Designator=R?
Change Component Physical Designator: Old Designator=R?_Motor_Squib New Designator=R?
Change Component Physical Designator: Old Designator=R?_Motor_Squib New Designator=R?
Change Component Physical Designator: Old Designator=R?_Motor_Squib New Designator=R?
Change Component Physical Designator: Old Designator=R?_Motor_Squib New Designator=R?
Change Component Physical Designator: Old Designator=R?_Sep_IND New Designator=R?
Change Component Physical Designator: Old Designator=R?_Sep_Squib New Designator=R?
Change Component Physical Designator: Old Designator=R?_Sep_Squib New Designator=R?
Change Component Physical Designator: Old Designator=R?_Sep_Squib New Designator=R?
Change Component Physical Designator: Old Designator=R?_Sep_Squib New Designator=R?
Change Component Physical Designator: Old Designator=R?_Sep_Squib New Designator=R?
Change Component Physical Designator: Old Designator=R?_Sep_Squib New Designator=R?
Change Component Physical Designator: Old Designator=R?_Sep_Squib New Designator=R?
Change Component Physical Designator: Old Designator=R?_UART EXT New Designator=R?
Change Component Physical Designator: Old Designator=R?_UART EXT New Designator=R?
Change Component Physical Designator: Old Designator=R?_Voltage_Indicator1 New Designator=R?
Change Component Physical Designator: Old Designator=R?_Voltage_Indicator1 New Designator=R?
Change Component Physical Designator: Old Designator=R?_Voltage_Indicator2 New Designator=R?
Change Component Physical Designator: Old Designator=R?_Voltage_Indicator2 New Designator=R?
Change Component Physical Designator: Old Designator=R?_Voltage_Indicator3 New Designator=R?
Change Component Physical Designator: Old Designator=R?_Voltage_Indicator3 New Designator=R?
Change Component Physical Designator: Old Designator=T?_Main_Squib New Designator=T?
Change Component Physical Designator: Old Designator=T?_Main_Squib New Designator=T?
Change Component Physical Designator: Old Designator=T?_Motor_Squib New Designator=T?
Change Component Physical Designator: Old Designator=T?_Motor_Squib New Designator=T?
Change Component Physical Designator: Old Designator=T?_Sep_Squib New Designator=T?
Change Component Physical Designator: Old Designator=T?_Sep_Squib New Designator=T?
Change Component Physical Designator: Old Designator=T?_Voltage_Indicator1 New Designator=T?
Change Component Physical Designator: Old Designator=T?_Voltage_Indicator2 New Designator=T?
Change Component Physical Designator: Old Designator=T?_Voltage_Indicator3 New Designator=T?
Change Component Physical Designator: Old Designator=U?_ADC 1 New Designator=U?
Change Component Physical Designator: Old Designator=U?_ADC 2 New Designator=U?
