Change Component Physical Designator: Old Designator=C1 New Designator=C9
Change Component Physical Designator: Old Designator=C2 New Designator=C10
Change Component Physical Designator: Old Designator=C3_ADC 1 New Designator=C1
Change Component Physical Designator: Old Designator=C3_ADC 2 New Designator=C11
Change Component Physical Designator: Old Designator=C4_ADC 1 New Designator=C2
Change Component Physical Designator: Old Designator=C4_ADC 2 New Designator=C12
Change Component Physical Designator: Old Designator=C5_ADC 1 New Designator=C3
Change Component Physical Designator: Old Designator=C5_ADC 2 New Designator=C13
Change Component Physical Designator: Old Designator=C6_ADC 1 New Designator=C4
Change Component Physical Designator: Old Designator=C6_ADC 2 New Designator=C14
Change Component Physical Designator: Old Designator=C7_ADC 1 New Designator=C5
Change Component Physical Designator: Old Designator=C7_ADC 2 New Designator=C15
Change Component Physical Designator: Old Designator=C8_ADC 1 New Designator=C6
Change Component Physical Designator: Old Designator=C8_ADC 2 New Designator=C16
Change Component Physical Designator: Old Designator=C9_ADC 1 New Designator=C7
Change Component Physical Designator: Old Designator=C9_ADC 2 New Designator=C17
Change Component Physical Designator: Old Designator=C10_ADC 1 New Designator=C8
Change Component Physical Designator: Old Designator=C10_ADC 2 New Designator=C18
Change Component Physical Designator: Old Designator=C11 New Designator=C27
Change Component Physical Designator: Old Designator=C12 New Designator=C28
Change Component Physical Designator: Old Designator=C13 New Designator=C41
Change Component Physical Designator: Old Designator=C14 New Designator=C42
Change Component Physical Designator: Old Designator=C15 New Designator=C43
Change Component Physical Designator: Old Designator=C16 New Designator=C44
Change Component Physical Designator: Old Designator=C17 New Designator=C45
Change Component Physical Designator: Old Designator=C18 New Designator=C46
Change Component Physical Designator: Old Designator=C31_AIN01 New Designator=C20
Change Component Physical Designator: Old Designator=C31_AIN02 New Designator=C19
Change Component Physical Designator: Old Designator=C31_AIN11 New Designator=C22
Change Component Physical Designator: Old Designator=C31_AIN12 New Designator=C21
Change Component Physical Designator: Old Designator=C31_AIN21 New Designator=C24
Change Component Physical Designator: Old Designator=C31_AIN22 New Designator=C23
Change Component Physical Designator: Old Designator=C31_AIN31 New Designator=C26
Change Component Physical Designator: Old Designator=C31_AIN32 New Designator=C25
Change Component Physical Designator: Old Designator=C32 New Designator=C47
Change Component Physical Designator: Old Designator=C33 New Designator=C48
Change Component Physical Designator: Old Designator=C34 New Designator=C49
Change Component Physical Designator: Old Designator=C35 New Designator=C50
Change Component Physical Designator: Old Designator=C36 New Designator=C51
Change Component Physical Designator: Old Designator=C37 New Designator=C52
Change Component Physical Designator: Old Designator=C38 New Designator=C53
Change Component Physical Designator: Old Designator=C39 New Designator=C65
Change Component Physical Designator: Old Designator=C40 New Designator=C66
Change Component Physical Designator: Old Designator=C41 New Designator=C54
Change Component Physical Designator: Old Designator=C42 New Designator=C55
Change Component Physical Designator: Old Designator=C43 New Designator=C56
Change Component Physical Designator: Old Designator=C44 New Designator=C57
Change Component Physical Designator: Old Designator=C45 New Designator=C58
Change Component Physical Designator: Old Designator=C46 New Designator=C59
Change Component Physical Designator: Old Designator=C47 New Designator=C60
Change Component Physical Designator: Old Designator=C48 New Designator=C61
Change Component Physical Designator: Old Designator=C49 New Designator=C62
Change Component Physical Designator: Old Designator=C50 New Designator=C63
Change Component Physical Designator: Old Designator=C51 New Designator=C64
Change Component Physical Designator: Old Designator=C52 New Designator=C67
Change Component Physical Designator: Old Designator=C53 New Designator=C29
Change Component Physical Designator: Old Designator=C54 New Designator=C30
Change Component Physical Designator: Old Designator=C55 New Designator=C31
Change Component Physical Designator: Old Designator=C56 New Designator=C32
Change Component Physical Designator: Old Designator=C57 New Designator=C33
Change Component Physical Designator: Old Designator=C58 New Designator=C34
Change Component Physical Designator: Old Designator=C59 New Designator=C35
Change Component Physical Designator: Old Designator=C60 New Designator=C36
Change Component Physical Designator: Old Designator=C61 New Designator=C37
Change Component Physical Designator: Old Designator=C62 New Designator=C38
Change Component Physical Designator: Old Designator=C63 New Designator=C39
Change Component Physical Designator: Old Designator=C64 New Designator=C40
Change Component Physical Designator: Old Designator=D1_ACT_IndESP New Designator=D3
Change Component Physical Designator: Old Designator=D1_ERR_IndESP New Designator=D5
Change Component Physical Designator: Old Designator=D1_ERR_IndPi New Designator=D4
Change Component Physical Designator: Old Designator=D3_Voltage_Indicator1 New Designator=D12
Change Component Physical Designator: Old Designator=D3_Voltage_Indicator2 New Designator=D13
Change Component Physical Designator: Old Designator=D3_Voltage_Indicator3 New Designator=D14
Change Component Physical Designator: Old Designator=D4 New Designator=D10
Change Component Physical Designator: Old Designator=D5 New Designator=D2
Change Component Physical Designator: Old Designator=D6_ACT_IND New Designator=D6
Change Component Physical Designator: Old Designator=D6_Main_IND New Designator=D7
Change Component Physical Designator: Old Designator=D6_Motor_IND New Designator=D8
Change Component Physical Designator: Old Designator=D6_Sep_IND New Designator=D9
Change Component Physical Designator: Old Designator=D7 New Designator=D11
Change Component Physical Designator: Old Designator=D8 New Designator=D1
Change Component Physical Designator: Old Designator=J1_ADC 1 New Designator=J1
Change Component Physical Designator: Old Designator=J1_ADC 2 New Designator=J3
Change Component Physical Designator: Old Designator=J2_ADC 1 New Designator=J2
Change Component Physical Designator: Old Designator=J2_ADC 2 New Designator=J4
Change Component Physical Designator: Old Designator=J3_Main_Squib New Designator=J14
Change Component Physical Designator: Old Designator=J3_Motor_Squib New Designator=J15
Change Component Physical Designator: Old Designator=J3_Sep_Squib New Designator=J16
Change Component Physical Designator: Old Designator=J4 New Designator=J17
Change Component Physical Designator: Old Designator=J5 New Designator=J18
Change Component Physical Designator: Old Designator=J6_ESP UART Output New Designator=J19
Change Component Physical Designator: Old Designator=J6_UART EXT New Designator=J20
Change Component Physical Designator: Old Designator=J7 New Designator=J6
Change Component Physical Designator: Old Designator=J8 New Designator=J7
Change Component Physical Designator: Old Designator=J9 New Designator=J8
Change Component Physical Designator: Old Designator=J10 New Designator=J9
Change Component Physical Designator: Old Designator=J11 New Designator=J10
Change Component Physical Designator: Old Designator=J12 New Designator=J11
Change Component Physical Designator: Old Designator=J13 New Designator=J12
Change Component Physical Designator: Old Designator=J14 New Designator=J13
Change Component Physical Designator: Old Designator=J15 New Designator=J5
Change Component Physical Designator: Old Designator=Q1_Main_Squib New Designator=Q4
Change Component Physical Designator: Old Designator=Q1_Motor_Squib New Designator=Q6
Change Component Physical Designator: Old Designator=Q1_Sep_Squib New Designator=Q8
Change Component Physical Designator: Old Designator=Q2_Main_Squib New Designator=Q5
Change Component Physical Designator: Old Designator=Q2_Motor_Squib New Designator=Q7
Change Component Physical Designator: Old Designator=Q2_Sep_Squib New Designator=Q9
Change Component Physical Designator: Old Designator=Q3 New Designator=Q2
Change Component Physical Designator: Old Designator=Q4 New Designator=Q3
Change Component Physical Designator: Old Designator=Q5 New Designator=Q1
Change Component Physical Designator: Old Designator=R1_ADC 1 New Designator=R1
Change Component Physical Designator: Old Designator=R1_ADC 2 New Designator=R7
Change Component Physical Designator: Old Designator=R2_ADC 1 New Designator=R2
Change Component Physical Designator: Old Designator=R2_ADC 2 New Designator=R8
Change Component Physical Designator: Old Designator=R3_ADC 1 New Designator=R3
Change Component Physical Designator: Old Designator=R3_ADC 2 New Designator=R9
Change Component Physical Designator: Old Designator=R4_ADC 1 New Designator=R4
Change Component Physical Designator: Old Designator=R4_ADC 2 New Designator=R10
Change Component Physical Designator: Old Designator=R5_ADC 1 New Designator=R5
Change Component Physical Designator: Old Designator=R5_ADC 2 New Designator=R11
Change Component Physical Designator: Old Designator=R6_ADC 1 New Designator=R6
Change Component Physical Designator: Old Designator=R6_ADC 2 New Designator=R12
Change Component Physical Designator: Old Designator=R7_ACT_IndESP New Designator=R104
Change Component Physical Designator: Old Designator=R7_ERR_IndESP New Designator=R106
Change Component Physical Designator: Old Designator=R7_ERR_IndPi New Designator=R105
Change Component Physical Designator: Old Designator=R8_Main_Squib New Designator=R128
Change Component Physical Designator: Old Designator=R8_Motor_Squib New Designator=R135
Change Component Physical Designator: Old Designator=R8_Sep_Squib New Designator=R142
Change Component Physical Designator: Old Designator=R9_Main_Squib New Designator=R129
Change Component Physical Designator: Old Designator=R9_Motor_Squib New Designator=R136
Change Component Physical Designator: Old Designator=R9_Sep_Squib New Designator=R143
Change Component Physical Designator: Old Designator=R10_Main_Squib New Designator=R130
Change Component Physical Designator: Old Designator=R10_Motor_Squib New Designator=R137
Change Component Physical Designator: Old Designator=R10_Sep_Squib New Designator=R144
Change Component Physical Designator: Old Designator=R11_Main_Squib New Designator=R131
Change Component Physical Designator: Old Designator=R11_Motor_Squib New Designator=R138
Change Component Physical Designator: Old Designator=R11_Sep_Squib New Designator=R145
Change Component Physical Designator: Old Designator=R12_Main_Squib New Designator=R132
Change Component Physical Designator: Old Designator=R12_Motor_Squib New Designator=R139
Change Component Physical Designator: Old Designator=R12_Sep_Squib New Designator=R146
Change Component Physical Designator: Old Designator=R13_Main_Squib New Designator=R133
Change Component Physical Designator: Old Designator=R13_Motor_Squib New Designator=R140
Change Component Physical Designator: Old Designator=R13_Sep_Squib New Designator=R147
Change Component Physical Designator: Old Designator=R14_Main_Squib New Designator=R134
Change Component Physical Designator: Old Designator=R14_Motor_Squib New Designator=R141
Change Component Physical Designator: Old Designator=R14_Sep_Squib New Designator=R148
Change Component Physical Designator: Old Designator=R15 New Designator=R53
Change Component Physical Designator: Old Designator=R16 New Designator=R54
Change Component Physical Designator: Old Designator=R51_AIN01 New Designator=R18
Change Component Physical Designator: Old Designator=R51_AIN02 New Designator=R13
Change Component Physical Designator: Old Designator=R51_AIN11 New Designator=R28
Change Component Physical Designator: Old Designator=R51_AIN12 New Designator=R23
Change Component Physical Designator: Old Designator=R51_AIN21 New Designator=R38
Change Component Physical Designator: Old Designator=R51_AIN22 New Designator=R33
Change Component Physical Designator: Old Designator=R51_AIN31 New Designator=R48
Change Component Physical Designator: Old Designator=R51_AIN32 New Designator=R43
Change Component Physical Designator: Old Designator=R52_AIN01 New Designator=R19
Change Component Physical Designator: Old Designator=R52_AIN02 New Designator=R14
Change Component Physical Designator: Old Designator=R52_AIN11 New Designator=R29
Change Component Physical Designator: Old Designator=R52_AIN12 New Designator=R24
Change Component Physical Designator: Old Designator=R52_AIN21 New Designator=R39
Change Component Physical Designator: Old Designator=R52_AIN22 New Designator=R34
Change Component Physical Designator: Old Designator=R52_AIN31 New Designator=R49
Change Component Physical Designator: Old Designator=R52_AIN32 New Designator=R44
Change Component Physical Designator: Old Designator=R53_AIN01 New Designator=R20
Change Component Physical Designator: Old Designator=R53_AIN02 New Designator=R15
Change Component Physical Designator: Old Designator=R53_AIN11 New Designator=R30
Change Component Physical Designator: Old Designator=R53_AIN12 New Designator=R25
Change Component Physical Designator: Old Designator=R53_AIN21 New Designator=R40
Change Component Physical Designator: Old Designator=R53_AIN22 New Designator=R35
Change Component Physical Designator: Old Designator=R53_AIN31 New Designator=R50
Change Component Physical Designator: Old Designator=R53_AIN32 New Designator=R45
Change Component Physical Designator: Old Designator=R54_AIN01 New Designator=R21
Change Component Physical Designator: Old Designator=R54_AIN02 New Designator=R16
Change Component Physical Designator: Old Designator=R54_AIN11 New Designator=R31
Change Component Physical Designator: Old Designator=R54_AIN12 New Designator=R26
Change Component Physical Designator: Old Designator=R54_AIN21 New Designator=R41
Change Component Physical Designator: Old Designator=R54_AIN22 New Designator=R36
Change Component Physical Designator: Old Designator=R54_AIN31 New Designator=R51
Change Component Physical Designator: Old Designator=R54_AIN32 New Designator=R46
Change Component Physical Designator: Old Designator=R55_AIN01 New Designator=R22
Change Component Physical Designator: Old Designator=R55_AIN02 New Designator=R17
Change Component Physical Designator: Old Designator=R55_AIN11 New Designator=R32
Change Component Physical Designator: Old Designator=R55_AIN12 New Designator=R27
Change Component Physical Designator: Old Designator=R55_AIN21 New Designator=R42
Change Component Physical Designator: Old Designator=R55_AIN22 New Designator=R37
Change Component Physical Designator: Old Designator=R55_AIN31 New Designator=R52
Change Component Physical Designator: Old Designator=R55_AIN32 New Designator=R47
Change Component Physical Designator: Old Designator=R56_Voltage_Indicator1 New Designator=R149
Change Component Physical Designator: Old Designator=R56_Voltage_Indicator2 New Designator=R151
Change Component Physical Designator: Old Designator=R56_Voltage_Indicator3 New Designator=R153
Change Component Physical Designator: Old Designator=R57_Voltage_Indicator1 New Designator=R150
Change Component Physical Designator: Old Designator=R57_Voltage_Indicator2 New Designator=R152
Change Component Physical Designator: Old Designator=R57_Voltage_Indicator3 New Designator=R154
Change Component Physical Designator: Old Designator=R58 New Designator=R111
Change Component Physical Designator: Old Designator=R59 New Designator=R112
Change Component Physical Designator: Old Designator=R60 New Designator=R113
Change Component Physical Designator: Old Designator=R61 New Designator=R114
Change Component Physical Designator: Old Designator=R62 New Designator=R115
Change Component Physical Designator: Old Designator=R63 New Designator=R116
Change Component Physical Designator: Old Designator=R64 New Designator=R117
Change Component Physical Designator: Old Designator=R65 New Designator=R118
Change Component Physical Designator: Old Designator=R66 New Designator=R119
Change Component Physical Designator: Old Designator=R67 New Designator=R120
Change Component Physical Designator: Old Designator=R68 New Designator=R155
Change Component Physical Designator: Old Designator=R69 New Designator=R156
Change Component Physical Designator: Old Designator=R70 New Designator=R157
Change Component Physical Designator: Old Designator=R71 New Designator=R158
Change Component Physical Designator: Old Designator=R72_ESP UART Output New Designator=R159
Change Component Physical Designator: Old Designator=R72_UART EXT New Designator=R161
Change Component Physical Designator: Old Designator=R73_ESP UART Output New Designator=R160
Change Component Physical Designator: Old Designator=R73_UART EXT New Designator=R162
Change Component Physical Designator: Old Designator=R74 New Designator=R89
Change Component Physical Designator: Old Designator=R75 New Designator=R90
Change Component Physical Designator: Old Designator=R76 New Designator=R91
Change Component Physical Designator: Old Designator=R77 New Designator=R92
Change Component Physical Designator: Old Designator=R78 New Designator=R93
Change Component Physical Designator: Old Designator=R79 New Designator=R127
Change Component Physical Designator: Old Designator=R80_ACT_IND New Designator=R107
Change Component Physical Designator: Old Designator=R80_Main_IND New Designator=R108
Change Component Physical Designator: Old Designator=R80_Motor_IND New Designator=R109
Change Component Physical Designator: Old Designator=R80_Sep_IND New Designator=R110
Change Component Physical Designator: Old Designator=R81 New Designator=R121
Change Component Physical Designator: Old Designator=R82 New Designator=R122
Change Component Physical Designator: Old Designator=R83 New Designator=R123
Change Component Physical Designator: Old Designator=R84 New Designator=R124
Change Component Physical Designator: Old Designator=R85 New Designator=R125
Change Component Physical Designator: Old Designator=R86 New Designator=R126
Change Component Physical Designator: Old Designator=R87 New Designator=R94
Change Component Physical Designator: Old Designator=R88 New Designator=R95
Change Component Physical Designator: Old Designator=R89 New Designator=R96
Change Component Physical Designator: Old Designator=R90 New Designator=R97
Change Component Physical Designator: Old Designator=R91 New Designator=R98
Change Component Physical Designator: Old Designator=R92 New Designator=R99
Change Component Physical Designator: Old Designator=R93 New Designator=R100
Change Component Physical Designator: Old Designator=R94 New Designator=R101
Change Component Physical Designator: Old Designator=R95 New Designator=R102
Change Component Physical Designator: Old Designator=R96 New Designator=R103
Change Component Physical Designator: Old Designator=R97 New Designator=R163
Change Component Physical Designator: Old Designator=R98 New Designator=R164
Change Component Physical Designator: Old Designator=R99 New Designator=R165
Change Component Physical Designator: Old Designator=R100 New Designator=R55
Change Component Physical Designator: Old Designator=R101 New Designator=R56
Change Component Physical Designator: Old Designator=R102 New Designator=R57
Change Component Physical Designator: Old Designator=R103 New Designator=R58
Change Component Physical Designator: Old Designator=R104 New Designator=R59
Change Component Physical Designator: Old Designator=R105 New Designator=R60
Change Component Physical Designator: Old Designator=R106 New Designator=R61
Change Component Physical Designator: Old Designator=R107 New Designator=R62
Change Component Physical Designator: Old Designator=R108 New Designator=R63
Change Component Physical Designator: Old Designator=R109 New Designator=R64
Change Component Physical Designator: Old Designator=R110 New Designator=R65
Change Component Physical Designator: Old Designator=R111 New Designator=R66
Change Component Physical Designator: Old Designator=R112 New Designator=R67
Change Component Physical Designator: Old Designator=R113 New Designator=R68
Change Component Physical Designator: Old Designator=R114 New Designator=R69
Change Component Physical Designator: Old Designator=R115 New Designator=R70
Change Component Physical Designator: Old Designator=R116 New Designator=R71
Change Component Physical Designator: Old Designator=R117 New Designator=R72
Change Component Physical Designator: Old Designator=R118 New Designator=R73
Change Component Physical Designator: Old Designator=R119 New Designator=R74
Change Component Physical Designator: Old Designator=R120 New Designator=R75
Change Component Physical Designator: Old Designator=R121 New Designator=R76
Change Component Physical Designator: Old Designator=R122 New Designator=R77
Change Component Physical Designator: Old Designator=R123 New Designator=R78
Change Component Physical Designator: Old Designator=R124 New Designator=R79
Change Component Physical Designator: Old Designator=R125 New Designator=R80
Change Component Physical Designator: Old Designator=R126 New Designator=R81
Change Component Physical Designator: Old Designator=R127 New Designator=R82
Change Component Physical Designator: Old Designator=R128 New Designator=R83
Change Component Physical Designator: Old Designator=R129 New Designator=R84
Change Component Physical Designator: Old Designator=R130 New Designator=R85
Change Component Physical Designator: Old Designator=R131 New Designator=R86
Change Component Physical Designator: Old Designator=R132 New Designator=R87
Change Component Physical Designator: Old Designator=R133 New Designator=R88
Change Component Physical Designator: Old Designator=T1_Main_Squib New Designator=T9
Change Component Physical Designator: Old Designator=T1_Motor_Squib New Designator=T11
Change Component Physical Designator: Old Designator=T1_Sep_Squib New Designator=T13
Change Component Physical Designator: Old Designator=T2_Main_Squib New Designator=T10
Change Component Physical Designator: Old Designator=T2_Motor_Squib New Designator=T12
Change Component Physical Designator: Old Designator=T2_Sep_Squib New Designator=T14
Change Component Physical Designator: Old Designator=T3 New Designator=T1
Change Component Physical Designator: Old Designator=T4 New Designator=T2
Change Component Physical Designator: Old Designator=T7_Voltage_Indicator1 New Designator=T15
Change Component Physical Designator: Old Designator=T7_Voltage_Indicator2 New Designator=T16
Change Component Physical Designator: Old Designator=T7_Voltage_Indicator3 New Designator=T17
Change Component Physical Designator: Old Designator=T8 New Designator=T7
Change Component Physical Designator: Old Designator=T9 New Designator=T8
Change Component Physical Designator: Old Designator=T10 New Designator=T5
Change Component Physical Designator: Old Designator=T11 New Designator=T6
Change Component Physical Designator: Old Designator=T12 New Designator=T3
Change Component Physical Designator: Old Designator=T13 New Designator=T4
Change Component Physical Designator: Old Designator=U1 New Designator=U2
Change Component Physical Designator: Old Designator=U2_ADC 1 New Designator=U1
Change Component Physical Designator: Old Designator=U2_ADC 2 New Designator=U3
Change Component Physical Designator: Old Designator=U3 New Designator=U4
Change Component Physical Designator: Old Designator=U4 New Designator=U7
Change Component Physical Designator: Old Designator=U5 New Designator=U8
Change Component Physical Designator: Old Designator=U8 New Designator=U9
Change Component Physical Designator: Old Designator=U9 New Designator=U13
Change Component Physical Designator: Old Designator=U13 New Designator=U14
Change Component Physical Designator: Old Designator=U14 New Designator=U5
Change Component Physical Designator: Old Designator=U15 New Designator=U6
