Change Component Physical Designator: Old Designator=C3_U_ADC1 New Designator=C3
Change Component Physical Designator: Old Designator=C3_U_ADC2 New Designator=C3
Change Component Physical Designator: Old Designator=C4_U_ADC1 New Designator=C4
Change Component Physical Designator: Old Designator=C4_U_ADC2 New Designator=C4
Change Component Physical Designator: Old Designator=C5_U_ADC1 New Designator=C5
Change Component Physical Designator: Old Designator=C5_U_ADC2 New Designator=C5
Change Component Physical Designator: Old Designator=C7_U_ADC1 New Designator=C7
Change Component Physical Designator: Old Designator=C7_U_ADC2 New Designator=C7
Change Component Physical Designator: Old Designator=C14_U_ADC1 New Designator=C14
Change Component Physical Designator: Old Designator=C14_U_ADC2 New Designator=C14
Change Component Physical Designator: Old Designator=C55_U_ADC1 New Designator=C55
Change Component Physical Designator: Old Designator=C55_U_ADC2 New Designator=C55
Change Component Physical Designator: Old Designator=C56_U_ADC1 New Designator=C56
Change Component Physical Designator: Old Designator=C56_U_ADC2 New Designator=C56
Change Component Physical Designator: Old Designator=C57_U_ADC1 New Designator=C57
Change Component Physical Designator: Old Designator=C57_U_ADC2 New Designator=C57
Change Component Physical Designator: Old Designator=CF5_AIN01 New Designator=CF5
Change Component Physical Designator: Old Designator=CF5_AIN02 New Designator=CF5
Change Component Physical Designator: Old Designator=CF5_AIN11 New Designator=CF5
Change Component Physical Designator: Old Designator=CF5_AIN12 New Designator=CF5
Change Component Physical Designator: Old Designator=CF5_AIN21 New Designator=CF5
Change Component Physical Designator: Old Designator=CF5_AIN22 New Designator=CF5
Change Component Physical Designator: Old Designator=CF5_AIN31 New Designator=CF5
Change Component Physical Designator: Old Designator=CF5_AIN32 New Designator=CF5
Change Component Physical Designator: Old Designator=D2_ACT_IND New Designator=D2
Change Component Physical Designator: Old Designator=D2_Main_IND New Designator=D2
Change Component Physical Designator: Old Designator=D2_Motor_IND New Designator=D2
Change Component Physical Designator: Old Designator=D2_Sep_IND New Designator=D2
Change Component Physical Designator: Old Designator=D6_Voltage_Indicator1 New Designator=D6
Change Component Physical Designator: Old Designator=D6_Voltage_Indicator2 New Designator=D6
Change Component Physical Designator: Old Designator=D6_Voltage_Indicator3 New Designator=D6
Change Component Physical Designator: Old Designator=D12_ACT_Ind New Designator=D12
Change Component Physical Designator: Old Designator=D12_ERR_Ind1 New Designator=D12
Change Component Physical Designator: Old Designator=D12_ERR_Ind2 New Designator=D12
Change Component Physical Designator: Old Designator=Q5_Main New Designator=Q5
Change Component Physical Designator: Old Designator=Q5_Motor New Designator=Q5
Change Component Physical Designator: Old Designator=Q5_Sep New Designator=Q5
Change Component Physical Designator: Old Designator=Q8_Main New Designator=Q8
Change Component Physical Designator: Old Designator=Q8_Motor New Designator=Q8
Change Component Physical Designator: Old Designator=Q8_Sep New Designator=Q8
Change Component Physical Designator: Old Designator=R2_ACT_IND New Designator=R2
Change Component Physical Designator: Old Designator=R2_Main_IND New Designator=R2
Change Component Physical Designator: Old Designator=R2_Motor_IND New Designator=R2
Change Component Physical Designator: Old Designator=R2_Sep_IND New Designator=R2
Change Component Physical Designator: Old Designator=R6_Voltage_Indicator1 New Designator=R6
Change Component Physical Designator: Old Designator=R6_Voltage_Indicator2 New Designator=R6
Change Component Physical Designator: Old Designator=R6_Voltage_Indicator3 New Designator=R6
Change Component Physical Designator: Old Designator=R7_U_ADC1 New Designator=R7
Change Component Physical Designator: Old Designator=R7_U_ADC2 New Designator=R7
Change Component Physical Designator: Old Designator=R8_U_ADC1 New Designator=R8
Change Component Physical Designator: Old Designator=R8_U_ADC2 New Designator=R8
Change Component Physical Designator: Old Designator=R9_U_ADC1 New Designator=R9
Change Component Physical Designator: Old Designator=R9_U_ADC2 New Designator=R9
Change Component Physical Designator: Old Designator=R12_Voltage_Indicator1 New Designator=R12
Change Component Physical Designator: Old Designator=R12_Voltage_Indicator2 New Designator=R12
Change Component Physical Designator: Old Designator=R12_Voltage_Indicator3 New Designator=R12
Change Component Physical Designator: Old Designator=R13_U_ADC1 New Designator=R13
Change Component Physical Designator: Old Designator=R13_U_ADC2 New Designator=R13
Change Component Physical Designator: Old Designator=R14_U_ADC1 New Designator=R14
Change Component Physical Designator: Old Designator=R14_U_ADC2 New Designator=R14
Change Component Physical Designator: Old Designator=R15_U_ADC1 New Designator=R15
Change Component Physical Designator: Old Designator=R15_U_ADC2 New Designator=R15
Change Component Physical Designator: Old Designator=R53_ACT_Ind New Designator=R53
Change Component Physical Designator: Old Designator=R53_ERR_Ind1 New Designator=R53
Change Component Physical Designator: Old Designator=R53_ERR_Ind2 New Designator=R53
Change Component Physical Designator: Old Designator=R86_LVLESP New Designator=R86
Change Component Physical Designator: Old Designator=R86_LVLPI/ESP New Designator=R86
Change Component Physical Designator: Old Designator=R88_LVLESP New Designator=R88
Change Component Physical Designator: Old Designator=R88_LVLPI/ESP New Designator=R88
Change Component Physical Designator: Old Designator=R106_AIN01 New Designator=R106
Change Component Physical Designator: Old Designator=R106_AIN02 New Designator=R106
Change Component Physical Designator: Old Designator=R106_AIN11 New Designator=R106
Change Component Physical Designator: Old Designator=R106_AIN12 New Designator=R106
Change Component Physical Designator: Old Designator=R106_AIN21 New Designator=R106
Change Component Physical Designator: Old Designator=R106_AIN22 New Designator=R106
Change Component Physical Designator: Old Designator=R106_AIN31 New Designator=R106
Change Component Physical Designator: Old Designator=R106_AIN32 New Designator=R106
Change Component Physical Designator: Old Designator=R108_AIN01 New Designator=R108
Change Component Physical Designator: Old Designator=R108_AIN02 New Designator=R108
Change Component Physical Designator: Old Designator=R108_AIN11 New Designator=R108
Change Component Physical Designator: Old Designator=R108_AIN12 New Designator=R108
Change Component Physical Designator: Old Designator=R108_AIN21 New Designator=R108
Change Component Physical Designator: Old Designator=R108_AIN22 New Designator=R108
Change Component Physical Designator: Old Designator=R108_AIN31 New Designator=R108
Change Component Physical Designator: Old Designator=R108_AIN32 New Designator=R108
Change Component Physical Designator: Old Designator=R114_Main New Designator=R114
Change Component Physical Designator: Old Designator=R114_Motor New Designator=R114
Change Component Physical Designator: Old Designator=R114_Sep New Designator=R114
Change Component Physical Designator: Old Designator=R115_Main New Designator=R115
Change Component Physical Designator: Old Designator=R115_Motor New Designator=R115
Change Component Physical Designator: Old Designator=R115_Sep New Designator=R115
Change Component Physical Designator: Old Designator=R126_Main New Designator=R126
Change Component Physical Designator: Old Designator=R126_Motor New Designator=R126
Change Component Physical Designator: Old Designator=R126_Sep New Designator=R126
Change Component Physical Designator: Old Designator=R127_Main New Designator=R127
Change Component Physical Designator: Old Designator=R127_Motor New Designator=R127
Change Component Physical Designator: Old Designator=R127_Sep New Designator=R127
Change Component Physical Designator: Old Designator=R130_Main New Designator=R130
Change Component Physical Designator: Old Designator=R130_Motor New Designator=R130
Change Component Physical Designator: Old Designator=R130_Sep New Designator=R130
Change Component Physical Designator: Old Designator=R133_Main New Designator=R133
Change Component Physical Designator: Old Designator=R133_Motor New Designator=R133
Change Component Physical Designator: Old Designator=R133_Sep New Designator=R133
Change Component Physical Designator: Old Designator=R136_Main New Designator=R136
Change Component Physical Designator: Old Designator=R136_Motor New Designator=R136
Change Component Physical Designator: Old Designator=R136_Sep New Designator=R136
Change Component Physical Designator: Old Designator=RF5_AIN01 New Designator=RF5
Change Component Physical Designator: Old Designator=RF5_AIN02 New Designator=RF5
Change Component Physical Designator: Old Designator=RF5_AIN11 New Designator=RF5
Change Component Physical Designator: Old Designator=RF5_AIN12 New Designator=RF5
Change Component Physical Designator: Old Designator=RF5_AIN21 New Designator=RF5
Change Component Physical Designator: Old Designator=RF5_AIN22 New Designator=RF5
Change Component Physical Designator: Old Designator=RF5_AIN31 New Designator=RF5
Change Component Physical Designator: Old Designator=RF5_AIN32 New Designator=RF5
Change Component Physical Designator: Old Designator=RGND9_AIN01 New Designator=RGND9
Change Component Physical Designator: Old Designator=RGND9_AIN02 New Designator=RGND9
Change Component Physical Designator: Old Designator=RGND9_AIN11 New Designator=RGND9
Change Component Physical Designator: Old Designator=RGND9_AIN12 New Designator=RGND9
Change Component Physical Designator: Old Designator=RGND9_AIN21 New Designator=RGND9
Change Component Physical Designator: Old Designator=RGND9_AIN22 New Designator=RGND9
Change Component Physical Designator: Old Designator=RGND9_AIN31 New Designator=RGND9
Change Component Physical Designator: Old Designator=RGND9_AIN32 New Designator=RGND9
Change Component Physical Designator: Old Designator=RGND10_AIN01 New Designator=RGND10
Change Component Physical Designator: Old Designator=RGND10_AIN02 New Designator=RGND10
Change Component Physical Designator: Old Designator=RGND10_AIN11 New Designator=RGND10
Change Component Physical Designator: Old Designator=RGND10_AIN12 New Designator=RGND10
Change Component Physical Designator: Old Designator=RGND10_AIN21 New Designator=RGND10
Change Component Physical Designator: Old Designator=RGND10_AIN22 New Designator=RGND10
Change Component Physical Designator: Old Designator=RGND10_AIN31 New Designator=RGND10
Change Component Physical Designator: Old Designator=RGND10_AIN32 New Designator=RGND10
Change Component Physical Designator: Old Designator=SQB3_Main New Designator=SQB3
Change Component Physical Designator: Old Designator=SQB3_Motor New Designator=SQB3
Change Component Physical Designator: Old Designator=SQB3_Sep New Designator=SQB3
Change Component Physical Designator: Old Designator=T3_Voltage_Indicator1 New Designator=T3
Change Component Physical Designator: Old Designator=T3_Voltage_Indicator2 New Designator=T3
Change Component Physical Designator: Old Designator=T3_Voltage_Indicator3 New Designator=T3
Change Component Physical Designator: Old Designator=T4_U_ADC1 New Designator=T4
Change Component Physical Designator: Old Designator=T4_U_ADC2 New Designator=T4
Change Component Physical Designator: Old Designator=T5_U_ADC1 New Designator=T5
Change Component Physical Designator: Old Designator=T5_U_ADC2 New Designator=T5
Change Component Physical Designator: Old Designator=T20_Main New Designator=T20
Change Component Physical Designator: Old Designator=T20_Motor New Designator=T20
Change Component Physical Designator: Old Designator=T20_Sep New Designator=T20
Change Component Physical Designator: Old Designator=T21_Main New Designator=T21
Change Component Physical Designator: Old Designator=T21_Motor New Designator=T21
Change Component Physical Designator: Old Designator=T21_Sep New Designator=T21
Change Component Physical Designator: Old Designator=U3_U_ADC1 New Designator=U3
Change Component Physical Designator: Old Designator=U3_U_ADC2 New Designator=U3
Change Component Physical Designator: Old Designator=UART1_LVLESP New Designator=UART1
Change Component Physical Designator: Old Designator=UART1_LVLPI/ESP New Designator=UART1
