Change Component Physical Designator: Old Designator=C1 New Designator=C9
Change Component Physical Designator: Old Designator=C2 New Designator=C10
Change Component Physical Designator: Old Designator=C3 New Designator=C1
Change Component Physical Designator: Old Designator=C3 New Designator=C11
Change Component Physical Designator: Old Designator=C4 New Designator=C2
Change Component Physical Designator: Old Designator=C4 New Designator=C12
Change Component Physical Designator: Old Designator=C5 New Designator=C3
Change Component Physical Designator: Old Designator=C5 New Designator=C13
Change Component Physical Designator: Old Designator=C6 New Designator=C4
Change Component Physical Designator: Old Designator=C6 New Designator=C14
Change Component Physical Designator: Old Designator=C7 New Designator=C5
Change Component Physical Designator: Old Designator=C7 New Designator=C15
Change Component Physical Designator: Old Designator=C8 New Designator=C6
Change Component Physical Designator: Old Designator=C8 New Designator=C16
Change Component Physical Designator: Old Designator=C9 New Designator=C7
Change Component Physical Designator: Old Designator=C9 New Designator=C17
Change Component Physical Designator: Old Designator=C10 New Designator=C8
Change Component Physical Designator: Old Designator=C10 New Designator=C18
Change Component Physical Designator: Old Designator=C11 New Designator=C27
Change Component Physical Designator: Old Designator=C12 New Designator=C28
Change Component Physical Designator: Old Designator=C13 New Designator=C41
Change Component Physical Designator: Old Designator=C14 New Designator=C42
Change Component Physical Designator: Old Designator=C15 New Designator=C43
Change Component Physical Designator: Old Designator=C16 New Designator=C44
Change Component Physical Designator: Old Designator=C17 New Designator=C45
Change Component Physical Designator: Old Designator=C18 New Designator=C46
Change Component Physical Designator: Old Designator=C19 New Designator=C29
Change Component Physical Designator: Old Designator=C20 New Designator=C30
Change Component Physical Designator: Old Designator=C21 New Designator=C31
Change Component Physical Designator: Old Designator=C22 New Designator=C32
Change Component Physical Designator: Old Designator=C23 New Designator=C33
Change Component Physical Designator: Old Designator=C24 New Designator=C34
Change Component Physical Designator: Old Designator=C25 New Designator=C35
Change Component Physical Designator: Old Designator=C26 New Designator=C36
Change Component Physical Designator: Old Designator=C27 New Designator=C37
Change Component Physical Designator: Old Designator=C28 New Designator=C38
Change Component Physical Designator: Old Designator=C29 New Designator=C39
Change Component Physical Designator: Old Designator=C30 New Designator=C40
Change Component Physical Designator: Old Designator=C31 New Designator=C19
Change Component Physical Designator: Old Designator=C31 New Designator=C20
Change Component Physical Designator: Old Designator=C31 New Designator=C21
Change Component Physical Designator: Old Designator=C31 New Designator=C22
Change Component Physical Designator: Old Designator=C31 New Designator=C23
Change Component Physical Designator: Old Designator=C31 New Designator=C24
Change Component Physical Designator: Old Designator=C31 New Designator=C25
Change Component Physical Designator: Old Designator=C31 New Designator=C26
Change Component Physical Designator: Old Designator=C32 New Designator=C47
Change Component Physical Designator: Old Designator=C33 New Designator=C48
Change Component Physical Designator: Old Designator=C34 New Designator=C49
Change Component Physical Designator: Old Designator=C35 New Designator=C50
Change Component Physical Designator: Old Designator=C36 New Designator=C51
Change Component Physical Designator: Old Designator=C37 New Designator=C52
Change Component Physical Designator: Old Designator=C38 New Designator=C53
Change Component Physical Designator: Old Designator=C39 New Designator=C65
Change Component Physical Designator: Old Designator=C40 New Designator=C66
Change Component Physical Designator: Old Designator=C41 New Designator=C54
Change Component Physical Designator: Old Designator=C42 New Designator=C55
Change Component Physical Designator: Old Designator=C43 New Designator=C56
Change Component Physical Designator: Old Designator=C44 New Designator=C57
Change Component Physical Designator: Old Designator=C45 New Designator=C58
Change Component Physical Designator: Old Designator=C46 New Designator=C59
Change Component Physical Designator: Old Designator=C47 New Designator=C60
Change Component Physical Designator: Old Designator=C48 New Designator=C61
Change Component Physical Designator: Old Designator=C49 New Designator=C62
Change Component Physical Designator: Old Designator=C50 New Designator=C63
Change Component Physical Designator: Old Designator=C51 New Designator=C64
Change Component Physical Designator: Old Designator=D1 New Designator=D3
Change Component Physical Designator: Old Designator=D1 New Designator=D4
Change Component Physical Designator: Old Designator=D1 New Designator=D5
Change Component Physical Designator: Old Designator=D2 New Designator=D1
Change Component Physical Designator: Old Designator=D3 New Designator=D12
Change Component Physical Designator: Old Designator=D3 New Designator=D13
Change Component Physical Designator: Old Designator=D3 New Designator=D14
Change Component Physical Designator: Old Designator=D4 New Designator=D10
Change Component Physical Designator: Old Designator=D5 New Designator=D2
Change Component Physical Designator: Old Designator=D6 New Designator=D7
Change Component Physical Designator: Old Designator=D6 New Designator=D8
Change Component Physical Designator: Old Designator=D6 New Designator=D9
Change Component Physical Designator: Old Designator=D7 New Designator=D11
Change Component Physical Designator: Old Designator=J1 New Designator=J3
Change Component Physical Designator: Old Designator=J2 New Designator=J4
Change Component Physical Designator: Old Designator=J3 New Designator=J14
Change Component Physical Designator: Old Designator=J3 New Designator=J15
Change Component Physical Designator: Old Designator=J3 New Designator=J16
Change Component Physical Designator: Old Designator=J4 New Designator=J17
Change Component Physical Designator: Old Designator=J5 New Designator=J18
Change Component Physical Designator: Old Designator=J6 New Designator=J19
Change Component Physical Designator: Old Designator=J6 New Designator=J20
Change Component Physical Designator: Old Designator=J7 New Designator=J6
Change Component Physical Designator: Old Designator=J8 New Designator=J7
Change Component Physical Designator: Old Designator=J9 New Designator=J8
Change Component Physical Designator: Old Designator=J10 New Designator=J9
Change Component Physical Designator: Old Designator=J11 New Designator=J10
Change Component Physical Designator: Old Designator=J12 New Designator=J11
Change Component Physical Designator: Old Designator=J13 New Designator=J12
Change Component Physical Designator: Old Designator=J14 New Designator=J13
Change Component Physical Designator: Old Designator=J15 New Designator=J5
Change Component Physical Designator: Old Designator=Q1 New Designator=Q4
Change Component Physical Designator: Old Designator=Q1 New Designator=Q6
Change Component Physical Designator: Old Designator=Q1 New Designator=Q8
Change Component Physical Designator: Old Designator=Q2 New Designator=Q5
Change Component Physical Designator: Old Designator=Q2 New Designator=Q7
Change Component Physical Designator: Old Designator=Q2 New Designator=Q9
Change Component Physical Designator: Old Designator=Q3 New Designator=Q2
Change Component Physical Designator: Old Designator=Q4 New Designator=Q3
Change Component Physical Designator: Old Designator=Q5 New Designator=Q1
Change Component Physical Designator: Old Designator=R1 New Designator=R7
Change Component Physical Designator: Old Designator=R2 New Designator=R8
Change Component Physical Designator: Old Designator=R3 New Designator=R9
Change Component Physical Designator: Old Designator=R4 New Designator=R10
Change Component Physical Designator: Old Designator=R5 New Designator=R11
Change Component Physical Designator: Old Designator=R6 New Designator=R12
Change Component Physical Designator: Old Designator=R7 New Designator=R104
Change Component Physical Designator: Old Designator=R7 New Designator=R105
Change Component Physical Designator: Old Designator=R7 New Designator=R106
Change Component Physical Designator: Old Designator=R8 New Designator=R128
Change Component Physical Designator: Old Designator=R8 New Designator=R135
Change Component Physical Designator: Old Designator=R8 New Designator=R142
Change Component Physical Designator: Old Designator=R9 New Designator=R129
Change Component Physical Designator: Old Designator=R9 New Designator=R136
Change Component Physical Designator: Old Designator=R9 New Designator=R143
Change Component Physical Designator: Old Designator=R10 New Designator=R130
Change Component Physical Designator: Old Designator=R10 New Designator=R137
Change Component Physical Designator: Old Designator=R10 New Designator=R144
Change Component Physical Designator: Old Designator=R11 New Designator=R131
Change Component Physical Designator: Old Designator=R11 New Designator=R138
Change Component Physical Designator: Old Designator=R11 New Designator=R145
Change Component Physical Designator: Old Designator=R12 New Designator=R132
Change Component Physical Designator: Old Designator=R12 New Designator=R139
Change Component Physical Designator: Old Designator=R12 New Designator=R146
Change Component Physical Designator: Old Designator=R13 New Designator=R133
Change Component Physical Designator: Old Designator=R13 New Designator=R140
Change Component Physical Designator: Old Designator=R13 New Designator=R147
Change Component Physical Designator: Old Designator=R14 New Designator=R134
Change Component Physical Designator: Old Designator=R14 New Designator=R141
Change Component Physical Designator: Old Designator=R14 New Designator=R148
Change Component Physical Designator: Old Designator=R15 New Designator=R53
Change Component Physical Designator: Old Designator=R16 New Designator=R54
Change Component Physical Designator: Old Designator=R17 New Designator=R55
Change Component Physical Designator: Old Designator=R18 New Designator=R56
Change Component Physical Designator: Old Designator=R19 New Designator=R57
Change Component Physical Designator: Old Designator=R20 New Designator=R58
Change Component Physical Designator: Old Designator=R21 New Designator=R59
Change Component Physical Designator: Old Designator=R22 New Designator=R60
Change Component Physical Designator: Old Designator=R23 New Designator=R61
Change Component Physical Designator: Old Designator=R24 New Designator=R62
Change Component Physical Designator: Old Designator=R25 New Designator=R63
Change Component Physical Designator: Old Designator=R26 New Designator=R64
Change Component Physical Designator: Old Designator=R27 New Designator=R65
Change Component Physical Designator: Old Designator=R28 New Designator=R66
Change Component Physical Designator: Old Designator=R29 New Designator=R67
Change Component Physical Designator: Old Designator=R30 New Designator=R68
Change Component Physical Designator: Old Designator=R31 New Designator=R69
Change Component Physical Designator: Old Designator=R32 New Designator=R70
Change Component Physical Designator: Old Designator=R33 New Designator=R71
Change Component Physical Designator: Old Designator=R34 New Designator=R72
Change Component Physical Designator: Old Designator=R35 New Designator=R73
Change Component Physical Designator: Old Designator=R36 New Designator=R74
Change Component Physical Designator: Old Designator=R37 New Designator=R75
Change Component Physical Designator: Old Designator=R38 New Designator=R76
Change Component Physical Designator: Old Designator=R39 New Designator=R77
Change Component Physical Designator: Old Designator=R40 New Designator=R78
Change Component Physical Designator: Old Designator=R41 New Designator=R79
Change Component Physical Designator: Old Designator=R42 New Designator=R80
Change Component Physical Designator: Old Designator=R43 New Designator=R81
Change Component Physical Designator: Old Designator=R44 New Designator=R82
Change Component Physical Designator: Old Designator=R45 New Designator=R83
Change Component Physical Designator: Old Designator=R46 New Designator=R84
Change Component Physical Designator: Old Designator=R47 New Designator=R85
Change Component Physical Designator: Old Designator=R48 New Designator=R86
Change Component Physical Designator: Old Designator=R49 New Designator=R87
Change Component Physical Designator: Old Designator=R50 New Designator=R88
Change Component Physical Designator: Old Designator=R51 New Designator=R13
Change Component Physical Designator: Old Designator=R51 New Designator=R18
Change Component Physical Designator: Old Designator=R51 New Designator=R23
Change Component Physical Designator: Old Designator=R51 New Designator=R28
Change Component Physical Designator: Old Designator=R51 New Designator=R33
Change Component Physical Designator: Old Designator=R51 New Designator=R38
Change Component Physical Designator: Old Designator=R51 New Designator=R43
Change Component Physical Designator: Old Designator=R51 New Designator=R48
Change Component Physical Designator: Old Designator=R52 New Designator=R14
Change Component Physical Designator: Old Designator=R52 New Designator=R19
Change Component Physical Designator: Old Designator=R52 New Designator=R24
Change Component Physical Designator: Old Designator=R52 New Designator=R29
Change Component Physical Designator: Old Designator=R52 New Designator=R34
Change Component Physical Designator: Old Designator=R52 New Designator=R39
Change Component Physical Designator: Old Designator=R52 New Designator=R44
Change Component Physical Designator: Old Designator=R52 New Designator=R49
Change Component Physical Designator: Old Designator=R53 New Designator=R15
Change Component Physical Designator: Old Designator=R53 New Designator=R20
Change Component Physical Designator: Old Designator=R53 New Designator=R25
Change Component Physical Designator: Old Designator=R53 New Designator=R30
Change Component Physical Designator: Old Designator=R53 New Designator=R35
Change Component Physical Designator: Old Designator=R53 New Designator=R40
Change Component Physical Designator: Old Designator=R53 New Designator=R45
Change Component Physical Designator: Old Designator=R53 New Designator=R50
Change Component Physical Designator: Old Designator=R54 New Designator=R16
Change Component Physical Designator: Old Designator=R54 New Designator=R21
Change Component Physical Designator: Old Designator=R54 New Designator=R26
Change Component Physical Designator: Old Designator=R54 New Designator=R31
Change Component Physical Designator: Old Designator=R54 New Designator=R36
Change Component Physical Designator: Old Designator=R54 New Designator=R41
Change Component Physical Designator: Old Designator=R54 New Designator=R46
Change Component Physical Designator: Old Designator=R54 New Designator=R51
Change Component Physical Designator: Old Designator=R55 New Designator=R17
Change Component Physical Designator: Old Designator=R55 New Designator=R22
Change Component Physical Designator: Old Designator=R55 New Designator=R27
Change Component Physical Designator: Old Designator=R55 New Designator=R32
Change Component Physical Designator: Old Designator=R55 New Designator=R37
Change Component Physical Designator: Old Designator=R55 New Designator=R42
Change Component Physical Designator: Old Designator=R55 New Designator=R47
Change Component Physical Designator: Old Designator=R55 New Designator=R52
Change Component Physical Designator: Old Designator=R56 New Designator=R149
Change Component Physical Designator: Old Designator=R56 New Designator=R151
Change Component Physical Designator: Old Designator=R56 New Designator=R153
Change Component Physical Designator: Old Designator=R57 New Designator=R150
Change Component Physical Designator: Old Designator=R57 New Designator=R152
Change Component Physical Designator: Old Designator=R57 New Designator=R154
Change Component Physical Designator: Old Designator=R58 New Designator=R111
Change Component Physical Designator: Old Designator=R59 New Designator=R112
Change Component Physical Designator: Old Designator=R60 New Designator=R113
Change Component Physical Designator: Old Designator=R61 New Designator=R114
Change Component Physical Designator: Old Designator=R62 New Designator=R115
Change Component Physical Designator: Old Designator=R63 New Designator=R116
Change Component Physical Designator: Old Designator=R64 New Designator=R117
Change Component Physical Designator: Old Designator=R65 New Designator=R118
Change Component Physical Designator: Old Designator=R66 New Designator=R119
Change Component Physical Designator: Old Designator=R67 New Designator=R120
Change Component Physical Designator: Old Designator=R68 New Designator=R155
Change Component Physical Designator: Old Designator=R69 New Designator=R156
Change Component Physical Designator: Old Designator=R70 New Designator=R157
Change Component Physical Designator: Old Designator=R71 New Designator=R158
Change Component Physical Designator: Old Designator=R72 New Designator=R159
Change Component Physical Designator: Old Designator=R72 New Designator=R161
Change Component Physical Designator: Old Designator=R73 New Designator=R160
Change Component Physical Designator: Old Designator=R73 New Designator=R162
Change Component Physical Designator: Old Designator=R74 New Designator=R89
Change Component Physical Designator: Old Designator=R75 New Designator=R90
Change Component Physical Designator: Old Designator=R76 New Designator=R91
Change Component Physical Designator: Old Designator=R77 New Designator=R92
Change Component Physical Designator: Old Designator=R78 New Designator=R93
Change Component Physical Designator: Old Designator=R79 New Designator=R127
Change Component Physical Designator: Old Designator=R80 New Designator=R107
Change Component Physical Designator: Old Designator=R80 New Designator=R108
Change Component Physical Designator: Old Designator=R80 New Designator=R109
Change Component Physical Designator: Old Designator=R80 New Designator=R110
Change Component Physical Designator: Old Designator=R81 New Designator=R121
Change Component Physical Designator: Old Designator=R82 New Designator=R122
Change Component Physical Designator: Old Designator=R83 New Designator=R123
Change Component Physical Designator: Old Designator=R84 New Designator=R124
Change Component Physical Designator: Old Designator=R85 New Designator=R125
Change Component Physical Designator: Old Designator=R86 New Designator=R126
Change Component Physical Designator: Old Designator=R87 New Designator=R94
Change Component Physical Designator: Old Designator=R88 New Designator=R95
Change Component Physical Designator: Old Designator=R89 New Designator=R96
Change Component Physical Designator: Old Designator=R90 New Designator=R97
Change Component Physical Designator: Old Designator=R91 New Designator=R98
Change Component Physical Designator: Old Designator=R92 New Designator=R99
Change Component Physical Designator: Old Designator=R93 New Designator=R100
Change Component Physical Designator: Old Designator=R94 New Designator=R101
Change Component Physical Designator: Old Designator=R95 New Designator=R102
Change Component Physical Designator: Old Designator=R96 New Designator=R103
Change Component Physical Designator: Old Designator=T1 New Designator=T9
Change Component Physical Designator: Old Designator=T1 New Designator=T11
Change Component Physical Designator: Old Designator=T1 New Designator=T13
Change Component Physical Designator: Old Designator=T2 New Designator=T10
Change Component Physical Designator: Old Designator=T2 New Designator=T12
Change Component Physical Designator: Old Designator=T2 New Designator=T14
Change Component Physical Designator: Old Designator=T3 New Designator=T1
Change Component Physical Designator: Old Designator=T4 New Designator=T2
Change Component Physical Designator: Old Designator=T5 New Designator=T3
Change Component Physical Designator: Old Designator=T6 New Designator=T4
Change Component Physical Designator: Old Designator=T7 New Designator=T15
Change Component Physical Designator: Old Designator=T7 New Designator=T16
Change Component Physical Designator: Old Designator=T7 New Designator=T17
Change Component Physical Designator: Old Designator=T8 New Designator=T7
Change Component Physical Designator: Old Designator=T9 New Designator=T8
Change Component Physical Designator: Old Designator=T10 New Designator=T5
Change Component Physical Designator: Old Designator=T11 New Designator=T6
Change Component Physical Designator: Old Designator=U1 New Designator=U2
Change Component Physical Designator: Old Designator=U2 New Designator=U1
Change Component Physical Designator: Old Designator=U2 New Designator=U3
Change Component Physical Designator: Old Designator=U3 New Designator=U4
Change Component Physical Designator: Old Designator=U4 New Designator=U7
Change Component Physical Designator: Old Designator=U5 New Designator=U8
Change Component Physical Designator: Old Designator=U6 New Designator=U5
Change Component Physical Designator: Old Designator=U7 New Designator=U6
Change Component Physical Designator: Old Designator=U8 New Designator=U9
Change Component Physical Designator: Old Designator=U9 New Designator=U13
