Replace Part BAT_IN Screw Terminal in C:\Users\Kace\Desktop\Pi Zero Avionics Rev3\Power Managment.SchDoc with Screw Terminal from AvionicsParts.SchLib
Replace Part C? Cap in C:\Users\Kace\Desktop\Pi Zero Avionics Rev3\Power Managment.SchDoc with Cap from Miscellaneous Devices.IntLib
Replace Part C? Cap in C:\Users\Kace\Desktop\Pi Zero Avionics Rev3\Power Managment.SchDoc with Cap from Miscellaneous Devices.IntLib
Replace Part C? Cap in C:\Users\Kace\Desktop\Pi Zero Avionics Rev3\Power Managment.SchDoc with Cap from Miscellaneous Devices.IntLib
Replace Part C? Cap in C:\Users\Kace\Desktop\Pi Zero Avionics Rev3\Power Managment.SchDoc with Cap from Miscellaneous Devices.IntLib
Replace Part C? Cap in C:\Users\Kace\Desktop\Pi Zero Avionics Rev3\Power Managment.SchDoc with Cap from Miscellaneous Devices.IntLib
Replace Part C? Cap in C:\Users\Kace\Desktop\Pi Zero Avionics Rev3\Power Managment.SchDoc with Cap from Miscellaneous Devices.IntLib
Replace Part C? Cap in C:\Users\Kace\Desktop\Pi Zero Avionics Rev3\Power Managment.SchDoc with Cap from Miscellaneous Devices.IntLib
Replace Part C? Cap in C:\Users\Kace\Desktop\Pi Zero Avionics Rev3\Power Managment.SchDoc with Cap from Miscellaneous Devices.IntLib
Replace Part C? Cap in C:\Users\Kace\Desktop\Pi Zero Avionics Rev3\Power Managment.SchDoc with Cap from Miscellaneous Devices.IntLib
Replace Part C? Cap in C:\Users\Kace\Desktop\Pi Zero Avionics Rev3\Power Managment.SchDoc with Cap from Miscellaneous Devices.IntLib
Replace Part C? Cap in C:\Users\Kace\Desktop\Pi Zero Avionics Rev3\Power Managment.SchDoc with Cap from Miscellaneous Devices.IntLib
Replace Part C? Cap in C:\Users\Kace\Desktop\Pi Zero Avionics Rev3\Power Managment.SchDoc with Cap from Miscellaneous Devices.IntLib
Replace Part C? Cap in C:\Users\Kace\Desktop\Pi Zero Avionics Rev3\Power Managment.SchDoc with Cap from Miscellaneous Devices.IntLib
Replace Part C? Cap in C:\Users\Kace\Desktop\Pi Zero Avionics Rev3\Power Managment.SchDoc with Cap from Miscellaneous Devices.IntLib
Replace Part D? Diode 1N914 in C:\Users\Kace\Desktop\Pi Zero Avionics Rev3\Power Managment.SchDoc with Diode 1N914 from Miscellaneous Devices.IntLib
Replace Part L? Inductor in C:\Users\Kace\Desktop\Pi Zero Avionics Rev3\Power Managment.SchDoc with Inductor from Miscellaneous Devices.IntLib
Replace Part Q? N-Channel in C:\Users\Kace\Desktop\Pi Zero Avionics Rev3\Power Managment.SchDoc with N-Channel from AvionicsParts.SchLib
Replace Part Q? P-Channel in C:\Users\Kace\Desktop\Pi Zero Avionics Rev3\Power Managment.SchDoc with P-Channel from AvionicsParts.SchLib
Replace Part R? Res3 in C:\Users\Kace\Desktop\Pi Zero Avionics Rev3\Power Managment.SchDoc with Res3 from Miscellaneous Devices.IntLib
Replace Part R? Res3 in C:\Users\Kace\Desktop\Pi Zero Avionics Rev3\Power Managment.SchDoc with Res3 from Miscellaneous Devices.IntLib
Replace Part R? Res3 in C:\Users\Kace\Desktop\Pi Zero Avionics Rev3\Power Managment.SchDoc with Res3 from Miscellaneous Devices.IntLib
Replace Part R? Res3 in C:\Users\Kace\Desktop\Pi Zero Avionics Rev3\Power Managment.SchDoc with Res3 from Miscellaneous Devices.IntLib
Replace Part R? Res3 in C:\Users\Kace\Desktop\Pi Zero Avionics Rev3\Power Managment.SchDoc with Res3 from Miscellaneous Devices.IntLib
Replace Part R? Res3 in C:\Users\Kace\Desktop\Pi Zero Avionics Rev3\Power Managment.SchDoc with Res3 from Miscellaneous Devices.IntLib
Replace Part R? Res3 in C:\Users\Kace\Desktop\Pi Zero Avionics Rev3\Power Managment.SchDoc with Res3 from Miscellaneous Devices.IntLib
Replace Part R? Res3 in C:\Users\Kace\Desktop\Pi Zero Avionics Rev3\Power Managment.SchDoc with Res3 from Miscellaneous Devices.IntLib
Replace Part R? Res3 in C:\Users\Kace\Desktop\Pi Zero Avionics Rev3\Power Managment.SchDoc with Res3 from Miscellaneous Devices.IntLib
Replace Part R? Res3 in C:\Users\Kace\Desktop\Pi Zero Avionics Rev3\Power Managment.SchDoc with Res3 from Miscellaneous Devices.IntLib
Replace Part R? Res3 in C:\Users\Kace\Desktop\Pi Zero Avionics Rev3\Power Managment.SchDoc with Res3 from Miscellaneous Devices.IntLib
Replace Part R? Res3 in C:\Users\Kace\Desktop\Pi Zero Avionics Rev3\Power Managment.SchDoc with Res3 from Miscellaneous Devices.IntLib
Replace Part R? Res3 in C:\Users\Kace\Desktop\Pi Zero Avionics Rev3\Power Managment.SchDoc with Res3 from Miscellaneous Devices.IntLib
Replace Part R? Res3 in C:\Users\Kace\Desktop\Pi Zero Avionics Rev3\Power Managment.SchDoc with Res3 from Miscellaneous Devices.IntLib
Replace Part S? Pushbutton NO in C:\Users\Kace\Desktop\Pi Zero Avionics Rev3\Power Managment.SchDoc with Pushbutton NO from AvionicsParts.SchLib
Replace Part SW Screw Terminal in C:\Users\Kace\Desktop\Pi Zero Avionics Rev3\Power Managment.SchDoc with Screw Terminal from AvionicsParts.SchLib
Replace Part SW_Bypass Jumper Header in C:\Users\Kace\Desktop\Pi Zero Avionics Rev3\Power Managment.SchDoc with Jumper Header from AvionicsParts.SchLib
Replace Part SW_Bypass? Jumper Header in C:\Users\Kace\Desktop\Pi Zero Avionics Rev3\Power Managment.SchDoc with Jumper Header from AvionicsParts.SchLib
Replace Part T? BJT NPN in C:\Users\Kace\Desktop\Pi Zero Avionics Rev3\Power Managment.SchDoc with BJT NPN from AvionicsParts.SchLib
Replace Part T? BJT NPN in C:\Users\Kace\Desktop\Pi Zero Avionics Rev3\Power Managment.SchDoc with BJT NPN from AvionicsParts.SchLib
Replace Part U? Switching Regulator ADJ in C:\Users\Kace\Desktop\Pi Zero Avionics Rev3\Power Managment.SchDoc with Switching Regulator ADJ from AvionicsParts.SchLib
Replace Part U? Linear Regulator in C:\Users\Kace\Desktop\Pi Zero Avionics Rev3\Power Managment.SchDoc with Linear Regulator from AvionicsParts.SchLib
Replace Part U? Linear Regulator in C:\Users\Kace\Desktop\Pi Zero Avionics Rev3\Power Managment.SchDoc with Linear Regulator from AvionicsParts.SchLib
