Change Component Designator: Old Designator=C24 New Designator=C37
Change Component Designator: Old Designator=C33 New Designator=C31
Change Component Designator: Old Designator=C34 New Designator=C32
Change Component Designator: Old Designator=C35 New Designator=C33
Change Component Designator: Old Designator=C36 New Designator=C34
Change Component Designator: Old Designator=C37 New Designator=C35
Change Component Designator: Old Designator=C? New Designator=C36
Change Component Designator: Old Designator=D12 New Designator=D4
Change Component Designator: Old Designator=Q4 New Designator=Q3
Change Component Designator: Old Designator=Q5 New Designator=Q4
Change Component Designator: Old Designator=R78 New Designator=R55
Change Component Designator: Old Designator=R79 New Designator=R57
Change Component Designator: Old Designator=R80 New Designator=R58
Change Component Designator: Old Designator=R81 New Designator=R60
Change Component Designator: Old Designator=R82 New Designator=R61
Change Component Designator: Old Designator=R83 New Designator=R56
Change Component Designator: Old Designator=R84 New Designator=R62
Change Component Designator: Old Designator=R85 New Designator=R63
Change Component Designator: Old Designator=R86 New Designator=R59
Change Component Designator: Old Designator=R_Pi_Pwr New Designator=R_Pi_Pwr1
Change Component Designator: Old Designator=T11 New Designator=T10
Change Component Designator: Old Designator=T12 New Designator=T11
