Replace Part 1 Screw Terminal in C:\Users\Kace\Desktop\Pi Zero Avionics Rev3\Power Managment.SchDoc with Screw Terminal from AvionicsParts.SchLib
Replace Part 2 Screw Terminal in C:\Users\Kace\Desktop\Pi Zero Avionics Rev3\Power Managment.SchDoc with Screw Terminal from AvionicsParts.SchLib
Replace Part 3 Screw Terminal in C:\Users\Kace\Desktop\Pi Zero Avionics Rev3\Power Managment.SchDoc with Screw Terminal from AvionicsParts.SchLib
Replace Part 4 Screw Terminal in C:\Users\Kace\Desktop\Pi Zero Avionics Rev3\Power Managment.SchDoc with Screw Terminal from AvionicsParts.SchLib
Replace Part 5 Screw Terminal in C:\Users\Kace\Desktop\Pi Zero Avionics Rev3\Power Managment.SchDoc with Screw Terminal from AvionicsParts.SchLib
Replace Part 6 Screw Terminal in C:\Users\Kace\Desktop\Pi Zero Avionics Rev3\Power Managment.SchDoc with Screw Terminal from AvionicsParts.SchLib
Replace Part 7 Screw Terminal in C:\Users\Kace\Desktop\Pi Zero Avionics Rev3\Power Managment.SchDoc with Screw Terminal from AvionicsParts.SchLib
Replace Part BAT_IN1 Screw Terminal in C:\Users\Kace\Desktop\Pi Zero Avionics Rev3\Power Managment.SchDoc with Screw Terminal from AvionicsParts.SchLib
Replace Part C21 Cap in C:\Users\Kace\Desktop\Pi Zero Avionics Rev3\Power Managment.SchDoc with Cap from Miscellaneous Devices.IntLib
Replace Part C22 Cap in C:\Users\Kace\Desktop\Pi Zero Avionics Rev3\Power Managment.SchDoc with Cap from Miscellaneous Devices.IntLib
Replace Part C23 Cap in C:\Users\Kace\Desktop\Pi Zero Avionics Rev3\Power Managment.SchDoc with Cap from Miscellaneous Devices.IntLib
Replace Part C24 Cap in C:\Users\Kace\Desktop\Pi Zero Avionics Rev3\Power Managment.SchDoc with Cap from Miscellaneous Devices.IntLib
Replace Part C25 Cap in C:\Users\Kace\Desktop\Pi Zero Avionics Rev3\Power Managment.SchDoc with Cap from Miscellaneous Devices.IntLib
Replace Part C26 Cap in C:\Users\Kace\Desktop\Pi Zero Avionics Rev3\Power Managment.SchDoc with Cap from Miscellaneous Devices.IntLib
Replace Part C27 Cap in C:\Users\Kace\Desktop\Pi Zero Avionics Rev3\Power Managment.SchDoc with Cap from Miscellaneous Devices.IntLib
Replace Part C28 Cap in C:\Users\Kace\Desktop\Pi Zero Avionics Rev3\Power Managment.SchDoc with Cap from Miscellaneous Devices.IntLib
Replace Part C29 Cap in C:\Users\Kace\Desktop\Pi Zero Avionics Rev3\Power Managment.SchDoc with Cap from Miscellaneous Devices.IntLib
Replace Part C30 Cap in C:\Users\Kace\Desktop\Pi Zero Avionics Rev3\Power Managment.SchDoc with Cap from Miscellaneous Devices.IntLib
Replace Part C31 Cap in C:\Users\Kace\Desktop\Pi Zero Avionics Rev3\Power Managment.SchDoc with Cap from Miscellaneous Devices.IntLib
Replace Part C32 Cap in C:\Users\Kace\Desktop\Pi Zero Avionics Rev3\Power Managment.SchDoc with Cap from Miscellaneous Devices.IntLib
Replace Part C33 Cap in C:\Users\Kace\Desktop\Pi Zero Avionics Rev3\Power Managment.SchDoc with Cap from Miscellaneous Devices.IntLib
Replace Part C34 Cap in C:\Users\Kace\Desktop\Pi Zero Avionics Rev3\Power Managment.SchDoc with Cap from Miscellaneous Devices.IntLib
Replace Part C35 Cap in C:\Users\Kace\Desktop\Pi Zero Avionics Rev3\Power Managment.SchDoc with Cap from Miscellaneous Devices.IntLib
Replace Part C36 Cap in C:\Users\Kace\Desktop\Pi Zero Avionics Rev3\Power Managment.SchDoc with Cap from Miscellaneous Devices.IntLib
Replace Part C37 Cap in C:\Users\Kace\Desktop\Pi Zero Avionics Rev3\Power Managment.SchDoc with Cap from Miscellaneous Devices.IntLib
Replace Part D6 Buck Diode in C:\Users\Kace\Desktop\Pi Zero Avionics Rev3\Power Managment.SchDoc with Buck Diode from AvionicsParts.SchLib
Replace Part L1 Buck Inductor in C:\Users\Kace\Desktop\Pi Zero Avionics Rev3\Power Managment.SchDoc with Buck Inductor from AvionicsParts.SchLib
Replace Part Q4 P-Channel in C:\Users\Kace\Desktop\Pi Zero Avionics Rev3\Power Managment.SchDoc with P-Channel from AvionicsParts.SchLib
Replace Part Q5 N-Channel in C:\Users\Kace\Desktop\Pi Zero Avionics Rev3\Power Managment.SchDoc with N-Channel from AvionicsParts.SchLib
Replace Part R42 Res3 in C:\Users\Kace\Desktop\Pi Zero Avionics Rev3\Power Managment.SchDoc with Res3 from Miscellaneous Devices.IntLib
Replace Part R43 Res3 in C:\Users\Kace\Desktop\Pi Zero Avionics Rev3\Power Managment.SchDoc with Res3 from Miscellaneous Devices.IntLib
Replace Part R44 Res3 in C:\Users\Kace\Desktop\Pi Zero Avionics Rev3\Power Managment.SchDoc with Res3 from Miscellaneous Devices.IntLib
Replace Part R45 Res3 in C:\Users\Kace\Desktop\Pi Zero Avionics Rev3\Power Managment.SchDoc with Res3 from Miscellaneous Devices.IntLib
Replace Part R46 Res3 in C:\Users\Kace\Desktop\Pi Zero Avionics Rev3\Power Managment.SchDoc with Res3 from Miscellaneous Devices.IntLib
Replace Part R47 Res3 in C:\Users\Kace\Desktop\Pi Zero Avionics Rev3\Power Managment.SchDoc with Res3 from Miscellaneous Devices.IntLib
Replace Part R48 Res3 in C:\Users\Kace\Desktop\Pi Zero Avionics Rev3\Power Managment.SchDoc with Res3 from Miscellaneous Devices.IntLib
Replace Part R49 Res3 in C:\Users\Kace\Desktop\Pi Zero Avionics Rev3\Power Managment.SchDoc with Res3 from Miscellaneous Devices.IntLib
Replace Part R50 Res3 in C:\Users\Kace\Desktop\Pi Zero Avionics Rev3\Power Managment.SchDoc with Res3 from Miscellaneous Devices.IntLib
Replace Part R51 Res3 in C:\Users\Kace\Desktop\Pi Zero Avionics Rev3\Power Managment.SchDoc with Res3 from Miscellaneous Devices.IntLib
Replace Part R52 Res3 in C:\Users\Kace\Desktop\Pi Zero Avionics Rev3\Power Managment.SchDoc with Res3 from Miscellaneous Devices.IntLib
Replace Part R53 Res3 in C:\Users\Kace\Desktop\Pi Zero Avionics Rev3\Power Managment.SchDoc with Res3 from Miscellaneous Devices.IntLib
Replace Part R54 Res3 in C:\Users\Kace\Desktop\Pi Zero Avionics Rev3\Power Managment.SchDoc with Res3 from Miscellaneous Devices.IntLib
Replace Part R55 Res3 in C:\Users\Kace\Desktop\Pi Zero Avionics Rev3\Power Managment.SchDoc with Res3 from Miscellaneous Devices.IntLib
Replace Part S4 Pushbutton NO in C:\Users\Kace\Desktop\Pi Zero Avionics Rev3\Power Managment.SchDoc with Pushbutton NO from AvionicsParts.SchLib
Replace Part SW1 Screw Terminal in C:\Users\Kace\Desktop\Pi Zero Avionics Rev3\Power Managment.SchDoc with Screw Terminal from AvionicsParts.SchLib
Replace Part T10 BJT NPN in C:\Users\Kace\Desktop\Pi Zero Avionics Rev3\Power Managment.SchDoc with BJT NPN from AvionicsParts.SchLib
Replace Part T11 BJT NPN in C:\Users\Kace\Desktop\Pi Zero Avionics Rev3\Power Managment.SchDoc with BJT NPN from AvionicsParts.SchLib
Replace Part U8 2.5A Current Sensor in C:\Users\Kace\Desktop\Pi Zero Avionics Rev3\Power Managment.SchDoc with 2.5A Current Sensor from AvionicsParts.SchLib
Replace Part U9 Linear Regulator in C:\Users\Kace\Desktop\Pi Zero Avionics Rev3\Power Managment.SchDoc with Linear Regulator from AvionicsParts.SchLib
Replace Part U10 Switching Regulator ADJ in C:\Users\Kace\Desktop\Pi Zero Avionics Rev3\Power Managment.SchDoc with Switching Regulator ADJ from AvionicsParts.SchLib
Replace Part U11 Linear Regulator in C:\Users\Kace\Desktop\Pi Zero Avionics Rev3\Power Managment.SchDoc with Linear Regulator from AvionicsParts.SchLib
