Change Component Designator: Old Designator=3.3V New Designator=2
Change Component Designator: Old Designator=3.3V New Designator=4
Change Component Designator: Old Designator=3.3V New Designator=6
Change Component Designator: Old Designator=5V New Designator=1
Change Component Designator: Old Designator=5V New Designator=3
Change Component Designator: Old Designator=5V_Clean New Designator=5
Change Component Designator: Old Designator=5V_Clean New Designator=7
Change Component Designator: Old Designator=C24 New Designator=C25
Change Component Designator: Old Designator=C25 New Designator=C26
Change Component Designator: Old Designator=C26 New Designator=C27
Change Component Designator: Old Designator=C27 New Designator=C28
Change Component Designator: Old Designator=C28 New Designator=C29
Change Component Designator: Old Designator=C30 New Designator=C31
Change Component Designator: Old Designator=C31 New Designator=C32
Change Component Designator: Old Designator=C? New Designator=C24
Change Component Designator: Old Designator=C? New Designator=C30
Change Component Designator: Old Designator=R46 New Designator=R42
Change Component Designator: Old Designator=R47 New Designator=R43
Change Component Designator: Old Designator=R48 New Designator=R44
Change Component Designator: Old Designator=R49 New Designator=R45
Change Component Designator: Old Designator=R50 New Designator=R46
Change Component Designator: Old Designator=R51 New Designator=R47
Change Component Designator: Old Designator=R52 New Designator=R48
Change Component Designator: Old Designator=R53 New Designator=R49
Change Component Designator: Old Designator=R54 New Designator=R50
Change Component Designator: Old Designator=R55 New Designator=R51
Change Component Designator: Old Designator=R56 New Designator=R52
Change Component Designator: Old Designator=R57 New Designator=R53
Change Component Designator: Old Designator=R58 New Designator=R54
Change Component Designator: Old Designator=R59 New Designator=R55
Change Component Designator: Old Designator=U8 New Designator=U9
Change Component Designator: Old Designator=U9 New Designator=U10
Change Component Designator: Old Designator=U10 New Designator=U11
Change Component Designator: Old Designator=U? New Designator=U8
